aliases.get_target:
aliases.has_target:
aliases.list_aliases:
aliases.rm_alias:
aliases.set_target:
autoruns.list:
buildout.bootstrap:
buildout.buildout:
buildout.run_buildout:
buildout.upgrade_bootstrap:
chocolatey.bootstrap:
chocolatey.install:
chocolatey.install_cygwin:
chocolatey.install_gem:
chocolatey.install_missing:
chocolatey.install_python:
chocolatey.install_webpi:
chocolatey.install_windowsfeatures:
chocolatey.list:
chocolatey.list_webpi:
chocolatey.list_windowsfeatures:
chocolatey.uninstall:
chocolatey.update:
chocolatey.version:
cloud.action:
cloud.create:
cloud.destroy:
cloud.full_query:
cloud.list_images:
cloud.list_locations:
cloud.list_sizes:
cloud.profile:
cloud.query:
cloud.select_query:
cmd.exec_code:
cmd.has_exec:
cmd.retcode:
cmd.run:
cmd.run_all:
cmd.run_stderr:
cmd.run_stdout:
cmd.script:
cmd.script_retcode:
cmd.which:
cmd.which_bin:
composer.install:
config.backup_mode:
config.dot_vals:
config.gather_bootstrap_script:
config.get:
config.manage_mode:
config.merge:
config.option:
config.valid_fileproto:
cp.cache_dir:
cp.cache_file:
cp.cache_files:
cp.cache_local_file:
cp.cache_master:
cp.get_dir:
cp.get_file:
cp.get_file_str:
cp.get_template:
cp.get_url:
cp.hash_file:
cp.is_cached:
cp.list_master:
cp.list_master_dirs:
cp.list_master_symlinks:
cp.list_minion:
cp.list_states:
cp.push:
cp.recv:
cron.list_tab:
cron.ls:
cron.raw_cron:
cron.rm:
cron.rm_env:
cron.rm_job:
cron.set_env:
cron.set_job:
cron.set_special:
cron.write_cron_file:
cron.write_cron_file_verbose:
daemontools.available:
daemontools.full_restart:
daemontools.get_all:
daemontools.missing:
daemontools.reload:
daemontools.restart:
daemontools.start:
daemontools.status:
daemontools.stop:
daemontools.term:
data.cas:
data.clear:
data.dump:
data.getval:
data.getvals:
data.load:
data.update:
defaults.get:
disk.usage:
django.collectstatic:
django.command:
django.createsuperuser:
django.loaddata:
django.syncdb:
dnsutil.A:
dnsutil.MX:
dnsutil.NS:
dnsutil.SPF:
dnsutil.check_ip:
dnsutil.hosts_append:
dnsutil.hosts_remove:
dnsutil.parse_hosts:
dnsutil.parse_zone:
event.fire:
event.fire_master:
file.append:
file.check_file_meta:
file.check_hash:
file.check_managed:
file.check_perms:
file.chgrp:
file.chown:
file.comment:
file.contains:
file.contains_glob:
file.contains_regex:
file.contains_regex_multiline:
file.directory_exists:
file.file_exists:
file.find:
file.get_attributes:
file.get_diff:
file.get_gid:
file.get_group:
file.get_hash:
file.get_managed:
file.get_mode:
file.get_sum:
file.get_uid:
file.get_user:
file.gid_to_group:
file.group_to_gid:
file.makedirs:
file.makedirs_perms:
file.manage_file:
file.mkdir:
file.patch:
file.psed:
file.remove:
file.sed:
file.sed_contains:
file.set_attributes:
file.set_mode:
file.source_list:
file.stats:
file.touch:
file.uid_to_user:
file.uncomment:
file.user_to_uid:
firewall.disable:
firewall.get_config:
gem.install:
gem.list:
gem.sources_add:
gem.sources_list:
gem.sources_remove:
gem.uninstall:
gem.update:
gem.update_system:
grains.append:
grains.delval:
grains.filter_by:
grains.get:
grains.get_or_set_hash:
grains.has_value:
grains.item:
grains.items:
grains.ls:
grains.remove:
grains.setval:
group.add:
group.delete:
group.getent:
group.info:
hg.archive:
hg.clone:
hg.describe:
hg.pull:
hg.revision:
hg.update:
hosts.add_host:
hosts.get_alias:
hosts.get_ip:
hosts.has_pair:
hosts.list_hosts:
hosts.rm_host:
hosts.set_host:
img.bootstrap:
img.mnt_image:
img.mount_image:
img.umount_image:
incron.list_tab:
incron.ls:
incron.raw_incron:
incron.raw_system_incron:
incron.rm:
incron.rm_job:
incron.set_job:
incron.write_cron_file_verbose:
incron.write_incron_file:
ip.disable:
ip.enable:
ip.get_all_interfaces:
ip.get_default_gateway:
ip.get_interface:
ip.get_subnet_length:
ip.is_disabled:
ip.is_enabled:
ip.raw_interface_configs:
ip.set_dhcp_all:
ip.set_dhcp_dns:
ip.set_dhcp_ip:
ip.set_static_dns:
ip.set_static_ip:
key.finger:
match.compound:
match.data:
match.glob:
match.grain:
match.grain_pcre:
match.ipcidr:
match.list:
match.pcre:
match.pillar:
mine.delete:
mine.flush:
mine.get:
mine.send:
mine.update:
modjk.bulk_activate:
modjk.bulk_disable:
modjk.bulk_recover:
modjk.bulk_stop:
modjk.dump_config:
modjk.get_running:
modjk.lb_edit:
modjk.list_configured_members:
modjk.recover_all:
modjk.reset_stats:
modjk.version:
modjk.worker_activate:
modjk.worker_disable:
modjk.worker_edit:
modjk.worker_recover:
modjk.worker_status:
modjk.worker_stop:
modjk.workers:
mount.active:
mount.fstab:
mount.is_fuse_exec:
mount.mount:
mount.remount:
mount.rm_fstab:
mount.set_fstab:
mount.swapoff:
mount.swapon:
mount.swaps:
mount.umount:
network.dig:
network.hw_addr:
network.hwaddr:
network.in_subnet:
network.interfaces:
network.ip_addrs:
network.ip_addrs6:
network.ipaddrs:
network.ipaddrs6:
network.netstat:
network.nslookup:
network.ping:
network.subnets:
network.traceroute:
ntp.get_servers:
ntp.set_servers:
openstack_config.delete:
openstack_config.get:
openstack_config.set:
pillar.data:
pillar.ext:
pillar.get:
pillar.item:
pillar.items:
pillar.raw:
pip.freeze:
pip.install:
pip.list:
pip.uninstall:
pip.version:
pkg.LooseVersion:
pkg.available_version:
pkg.get_repo_data:
pkg.install:
pkg.latest_version:
pkg.list_available:
pkg.list_pkgs:
pkg.list_upgrades:
pkg.purge:
pkg.refresh_db:
pkg.remove:
pkg.upgrade:
pkg.upgrade_available:
pkg.version:
pkg_resource.add_pkg:
pkg_resource.check_extra_requirements:
pkg_resource.pack_sources:
pkg_resource.parse_targets:
pkg_resource.sort_pkglist:
pkg_resource.stringify:
pkg_resource.version:
pkg_resource.version_clean:
ps.boot_time:
ps.cached_physical_memory:
ps.cpu_percent:
ps.cpu_times:
ps.disk_io_counters:
ps.disk_partition_usage:
ps.disk_partitions:
ps.disk_usage:
ps.get_pid_list:
ps.get_users:
ps.kill_pid:
ps.network_io_counters:
ps.num_cpus:
ps.pgrep:
ps.physical_memory_buffers:
ps.physical_memory_usage:
ps.pkill:
ps.top:
ps.total_physical_memory:
ps.virtual_memory_usage:
publish.full_data:
publish.publish:
publish.runner:
rbenv.default:
rbenv.do:
rbenv.do_with_ruby:
rbenv.install:
rbenv.install_ruby:
rbenv.is_installed:
rbenv.list:
rbenv.rehash:
rbenv.uninstall_ruby:
rbenv.update:
rbenv.versions:
rdp.disable:
rdp.enable:
rdp.status:
reg.Registry:
reg.create_key:
reg.delete_key:
reg.read_key:
reg.set_key:
ret.get_fun:
ret.get_jid:
ret.get_jids:
ret.get_minions:
rsync.config:
rsync.rsync:
rsync.version:
rvm.do:
rvm.gemset_copy:
rvm.gemset_create:
rvm.gemset_delete:
rvm.gemset_empty:
rvm.gemset_list:
rvm.gemset_list_all:
rvm.get:
rvm.install:
rvm.install_ruby:
rvm.is_installed:
rvm.list:
rvm.reinstall_ruby:
rvm.rubygems:
rvm.set_default:
rvm.wrapper:
s3.delete:
s3.get:
s3.head:
s3.put:
saltutil.cmd:
saltutil.cmd_iter:
saltutil.find_job:
saltutil.is_running:
saltutil.kill_job:
saltutil.refresh_modules:
saltutil.refresh_pillar:
saltutil.regen_keys:
saltutil.revoke_auth:
saltutil.running:
saltutil.signal_job:
saltutil.sync_all:
saltutil.sync_grains:
saltutil.sync_modules:
saltutil.sync_outputters:
saltutil.sync_renderers:
saltutil.sync_returners:
saltutil.sync_states:
saltutil.term_job:
saltutil.update:
seed.apply:
service.available:
service.disable:
service.disabled:
service.enable:
service.enabled:
service.get_all:
service.get_disabled:
service.get_enabled:
service.get_service_name:
service.getsid:
service.has_powershell:
service.missing:
service.restart:
service.start:
service.status:
service.stop:
shadow.info:
shadow.set_password:
state.clear_cache:
state.high:
state.highstate:
state.low:
state.pkg:
state.running:
state.show_highstate:
state.show_low_sls:
state.show_lowstate:
state.show_sls:
state.show_top:
state.single:
state.sls:
state.template:
state.template_str:
state.top:
status.procs:
supervisord.add:
supervisord.custom:
supervisord.options:
supervisord.remove:
supervisord.reread:
supervisord.restart:
supervisord.start:
supervisord.status:
supervisord.status_raw:
supervisord.stop:
supervisord.update:
sys.argspec:
sys.doc:
sys.list_functions:
sys.list_modules:
sys.reload_modules:
system.get_computer_desc:
system.get_computer_description:
system.get_computer_name:
system.get_pending_computer_name:
system.get_system_date:
system.get_system_time:
system.halt:
system.init:
system.join_domain:
system.poweroff:
system.reboot:
system.set_computer_desc:
system.set_computer_description:
system.set_computer_name:
system.set_system_date:
system.set_system_time:
system.shutdown:
system.shutdown_hard:
system.start_time_service:
system.stop_time_service:
test.arg:
test.arg_repr:
test.arg_type:
test.collatz:
test.conf_test:
test.cross_test:
test.echo:
test.fib:
test.get_opts:
test.kwarg:
test.not_loaded:
test.opts_pkg:
test.outputter:
test.ping:
test.provider:
test.providers:
test.rand_sleep:
test.retcode:
test.sleep:
test.tty:
test.version:
test.versions_information:
test.versions_report:
timezone.get_hwclock:
timezone.get_offset:
timezone.get_zone:
timezone.get_zonecode:
timezone.set_hwclock:
timezone.set_zone:
timezone.zone_compare:
user.add:
user.addgroup:
user.chfullname:
user.chgroups:
user.chhome:
user.chprofile:
user.delete:
user.getent:
user.info:
user.list_groups:
user.list_users:
user.removegroup:
user.setpassword:
virtualenv.create:
virtualenv.get_site_packages:
win_dns_client.add_dns:
win_dns_client.dns_dhcp:
win_dns_client.get_dns_config:
win_dns_client.get_dns_servers:
win_dns_client.rm_dns:
win_path.add:
win_path.exists:
win_path.get_path:
win_path.rehash:
win_path.remove:
win_servermanager.install:
win_servermanager.list_available:
win_servermanager.list_installed:
win_servermanager.remove:
winrepo.genrepo:
winrepo.update_git_repos:
