SNMPv2-MIB::sysDescr.0 = STRING: NetApp Release 8.1.1 7-Mode: Mon Jul 30 12:49:46 PDT 2012
SNMPv2-MIB::sysObjectID.0 = OID: SNMPv2-SMI::enterprises.789.2.3
DISMAN-EVENT-MIB::sysUpTimeInstance = Timeticks: (2340805746) 270 days, 22:14:17.46
SNMPv2-MIB::sysContact.0 = STRING: 
SNMPv2-MIB::sysName.0 = STRING: stor02c2
SNMPv2-MIB::sysLocation.0 = STRING: Beijing
SNMPv2-MIB::sysServices.0 = INTEGER: 72
IF-MIB::ifNumber.0 = INTEGER: 9
IF-MIB::ifIndex.1 = INTEGER: 1
IF-MIB::ifIndex.2 = INTEGER: 2
IF-MIB::ifIndex.3 = INTEGER: 3
IF-MIB::ifIndex.4 = INTEGER: 4
IF-MIB::ifIndex.5 = INTEGER: 5
IF-MIB::ifIndex.6 = INTEGER: 6
IF-MIB::ifIndex.7 = INTEGER: 7
IF-MIB::ifIndex.8 = INTEGER: 8
IF-MIB::ifIndex.9 = INTEGER: 9
IF-MIB::ifDescr.1 = STRING: e0a
IF-MIB::ifDescr.2 = STRING: e0b
IF-MIB::ifDescr.3 = STRING: e1a
IF-MIB::ifDescr.4 = STRING: e1b
IF-MIB::ifDescr.5 = STRING: MGMT_PORT_ONLY e0M
IF-MIB::ifDescr.6 = STRING: lo
IF-MIB::ifDescr.7 = STRING: vh
IF-MIB::ifDescr.8 = STRING: losk
IF-MIB::ifDescr.9 = STRING: vif1
IF-MIB::ifType.1 = INTEGER: ethernetCsmacd(6)
IF-MIB::ifType.2 = INTEGER: ethernetCsmacd(6)
IF-MIB::ifType.3 = INTEGER: ethernetCsmacd(6)
IF-MIB::ifType.4 = INTEGER: ethernetCsmacd(6)
IF-MIB::ifType.5 = INTEGER: ethernetCsmacd(6)
IF-MIB::ifType.6 = INTEGER: softwareLoopback(24)
IF-MIB::ifType.7 = INTEGER: softwareLoopback(24)
IF-MIB::ifType.8 = INTEGER: other(1)
IF-MIB::ifType.9 = INTEGER: ethernetCsmacd(6)
IF-MIB::ifMtu.1 = INTEGER: 1500
IF-MIB::ifMtu.2 = INTEGER: 1500
IF-MIB::ifMtu.3 = INTEGER: 1500
IF-MIB::ifMtu.4 = INTEGER: 1500
IF-MIB::ifMtu.5 = INTEGER: 1500
IF-MIB::ifMtu.6 = INTEGER: 8160
IF-MIB::ifMtu.7 = INTEGER: 9188
IF-MIB::ifMtu.8 = INTEGER: 9188
IF-MIB::ifMtu.9 = INTEGER: 1500
IF-MIB::ifSpeed.1 = Gauge32: 10000000
IF-MIB::ifSpeed.2 = Gauge32: 10000000
IF-MIB::ifSpeed.3 = Gauge32: 1410065408
IF-MIB::ifSpeed.4 = Gauge32: 1410065408
IF-MIB::ifSpeed.5 = Gauge32: 100000000
IF-MIB::ifSpeed.6 = Gauge32: 0
IF-MIB::ifSpeed.7 = Gauge32: 0
IF-MIB::ifSpeed.8 = Gauge32: 0
IF-MIB::ifSpeed.9 = Gauge32: 2820130816
IF-MIB::ifPhysAddress.1 = STRING: 0:a0:98:3d:92:d4
IF-MIB::ifPhysAddress.2 = STRING: 0:a0:98:3d:92:d5
IF-MIB::ifPhysAddress.3 = STRING: 2:a0:98:3d:92:d4
IF-MIB::ifPhysAddress.4 = STRING: 2:a0:98:3d:92:d4
IF-MIB::ifPhysAddress.5 = STRING: 0:a0:98:3d:92:d8
IF-MIB::ifPhysAddress.6 = STRING: 0:0:0:0
IF-MIB::ifPhysAddress.7 = STRING: 0:0:0:0
IF-MIB::ifPhysAddress.8 = STRING: 0:0:0:0
IF-MIB::ifPhysAddress.9 = STRING: 2:a0:98:3d:92:d4
IF-MIB::ifAdminStatus.1 = INTEGER: up(1)
IF-MIB::ifAdminStatus.2 = INTEGER: down(2)
IF-MIB::ifAdminStatus.3 = INTEGER: down(2)
IF-MIB::ifAdminStatus.4 = INTEGER: down(2)
IF-MIB::ifAdminStatus.5 = INTEGER: down(2)
IF-MIB::ifAdminStatus.6 = INTEGER: up(1)
IF-MIB::ifAdminStatus.7 = INTEGER: down(2)
IF-MIB::ifAdminStatus.8 = INTEGER: up(1)
IF-MIB::ifAdminStatus.9 = INTEGER: up(1)
IF-MIB::ifOperStatus.1 = INTEGER: down(2)
IF-MIB::ifOperStatus.2 = INTEGER: down(2)
IF-MIB::ifOperStatus.3 = INTEGER: down(2)
IF-MIB::ifOperStatus.4 = INTEGER: down(2)
IF-MIB::ifOperStatus.5 = INTEGER: down(2)
IF-MIB::ifOperStatus.6 = INTEGER: up(1)
IF-MIB::ifOperStatus.7 = INTEGER: down(2)
IF-MIB::ifOperStatus.8 = INTEGER: up(1)
IF-MIB::ifOperStatus.9 = INTEGER: up(1)
IF-MIB::ifLastChange.1 = Timeticks: (0) 0:00:00.00
IF-MIB::ifLastChange.2 = Timeticks: (0) 0:00:00.00
IF-MIB::ifLastChange.3 = Timeticks: (0) 0:00:00.00
IF-MIB::ifLastChange.4 = Timeticks: (0) 0:00:00.00
IF-MIB::ifLastChange.5 = Timeticks: (0) 0:00:00.00
IF-MIB::ifLastChange.6 = Timeticks: (0) 0:00:00.00
IF-MIB::ifLastChange.7 = Timeticks: (0) 0:00:00.00
IF-MIB::ifLastChange.8 = Timeticks: (0) 0:00:00.00
IF-MIB::ifLastChange.9 = Timeticks: (0) 0:00:00.00
IF-MIB::ifInOctets.1 = Counter32: 0
IF-MIB::ifInOctets.2 = Counter32: 0
IF-MIB::ifInOctets.3 = Counter32: 3475970957
IF-MIB::ifInOctets.4 = Counter32: 2404631276
IF-MIB::ifInOctets.5 = Counter32: 0
IF-MIB::ifInOctets.6 = Counter32: 2010644
IF-MIB::ifInOctets.7 = Counter32: 0
IF-MIB::ifInOctets.8 = Counter32: 0
IF-MIB::ifInOctets.9 = Counter32: 1585634937
IF-MIB::ifInUcastPkts.1 = Counter32: 0
IF-MIB::ifInUcastPkts.2 = Counter32: 0
IF-MIB::ifInUcastPkts.3 = Counter32: 2214365987
IF-MIB::ifInUcastPkts.4 = Counter32: 3026359498
IF-MIB::ifInUcastPkts.5 = Counter32: 0
IF-MIB::ifInUcastPkts.6 = Counter32: 20882
IF-MIB::ifInUcastPkts.7 = Counter32: 0
IF-MIB::ifInUcastPkts.8 = Counter32: 0
IF-MIB::ifInUcastPkts.9 = Counter32: 936188448
IF-MIB::ifInNUcastPkts.1 = Counter32: 0
IF-MIB::ifInNUcastPkts.2 = Counter32: 0
IF-MIB::ifInNUcastPkts.3 = Counter32: 0
IF-MIB::ifInNUcastPkts.4 = Counter32: 0
IF-MIB::ifInNUcastPkts.5 = Counter32: 0
IF-MIB::ifInNUcastPkts.6 = Counter32: 0
IF-MIB::ifInNUcastPkts.7 = Counter32: 0
IF-MIB::ifInNUcastPkts.8 = Counter32: 0
IF-MIB::ifInNUcastPkts.9 = Counter32: 9569741
IF-MIB::ifInDiscards.1 = Counter32: 0
IF-MIB::ifInDiscards.2 = Counter32: 0
IF-MIB::ifInDiscards.3 = Counter32: 0
IF-MIB::ifInDiscards.4 = Counter32: 0
IF-MIB::ifInDiscards.5 = Counter32: 0
IF-MIB::ifInDiscards.6 = Counter32: 0
IF-MIB::ifInDiscards.7 = Counter32: 0
IF-MIB::ifInDiscards.8 = Counter32: 0
IF-MIB::ifInDiscards.9 = Counter32: 0
IF-MIB::ifInErrors.1 = Counter32: 0
IF-MIB::ifInErrors.2 = Counter32: 0
IF-MIB::ifInErrors.3 = Counter32: 0
IF-MIB::ifInErrors.4 = Counter32: 0
IF-MIB::ifInErrors.5 = Counter32: 0
IF-MIB::ifInErrors.6 = Counter32: 0
IF-MIB::ifInErrors.7 = Counter32: 0
IF-MIB::ifInErrors.8 = Counter32: 0
IF-MIB::ifInErrors.9 = Counter32: 92
IF-MIB::ifInUnknownProtos.1 = Counter32: 0
IF-MIB::ifInUnknownProtos.2 = Counter32: 0
IF-MIB::ifInUnknownProtos.3 = Counter32: 4
IF-MIB::ifInUnknownProtos.4 = Counter32: 0
IF-MIB::ifInUnknownProtos.5 = Counter32: 0
IF-MIB::ifInUnknownProtos.6 = Counter32: 0
IF-MIB::ifInUnknownProtos.7 = Counter32: 0
IF-MIB::ifInUnknownProtos.8 = Counter32: 0
IF-MIB::ifInUnknownProtos.9 = Counter32: 0
IF-MIB::ifOutOctets.1 = Counter32: 0
IF-MIB::ifOutOctets.2 = Counter32: 0
IF-MIB::ifOutOctets.3 = Counter32: 608221947
IF-MIB::ifOutOctets.4 = Counter32: 2457373055
IF-MIB::ifOutOctets.5 = Counter32: 0
IF-MIB::ifOutOctets.6 = Counter32: 2010644
IF-MIB::ifOutOctets.7 = Counter32: 0
IF-MIB::ifOutOctets.8 = Counter32: 3250696488
IF-MIB::ifOutOctets.9 = Counter32: 3065595002
IF-MIB::ifOutUcastPkts.1 = Counter32: 0
IF-MIB::ifOutUcastPkts.2 = Counter32: 0
IF-MIB::ifOutUcastPkts.3 = Counter32: 2421853194
IF-MIB::ifOutUcastPkts.4 = Counter32: 1893452221
IF-MIB::ifOutUcastPkts.5 = Counter32: 0
IF-MIB::ifOutUcastPkts.6 = Counter32: 20882
IF-MIB::ifOutUcastPkts.7 = Counter32: 0
IF-MIB::ifOutUcastPkts.8 = Counter32: 12595470
IF-MIB::ifOutUcastPkts.9 = Counter32: 20338119
IF-MIB::ifOutNUcastPkts.1 = Counter32: 0
IF-MIB::ifOutNUcastPkts.2 = Counter32: 0
IF-MIB::ifOutNUcastPkts.3 = Counter32: 23405043
IF-MIB::ifOutNUcastPkts.4 = Counter32: 23404903
IF-MIB::ifOutNUcastPkts.5 = Counter32: 0
IF-MIB::ifOutNUcastPkts.6 = Counter32: 0
IF-MIB::ifOutNUcastPkts.7 = Counter32: 0
IF-MIB::ifOutNUcastPkts.8 = Counter32: 0
IF-MIB::ifOutNUcastPkts.9 = Counter32: 46809946
IF-MIB::ifOutDiscards.1 = Counter32: 32600
IF-MIB::ifOutDiscards.2 = Counter32: 0
IF-MIB::ifOutDiscards.3 = Counter32: 3
IF-MIB::ifOutDiscards.4 = Counter32: 2
IF-MIB::ifOutDiscards.5 = Counter32: 0
IF-MIB::ifOutDiscards.6 = Counter32: 0
IF-MIB::ifOutDiscards.7 = Counter32: 0
IF-MIB::ifOutDiscards.8 = Counter32: 0
IF-MIB::ifOutDiscards.9 = Counter32: 0
IF-MIB::ifOutErrors.1 = Counter32: 0
IF-MIB::ifOutErrors.2 = Counter32: 0
IF-MIB::ifOutErrors.3 = Counter32: 0
IF-MIB::ifOutErrors.4 = Counter32: 0
IF-MIB::ifOutErrors.5 = Counter32: 0
IF-MIB::ifOutErrors.6 = Counter32: 0
IF-MIB::ifOutErrors.7 = Counter32: 0
IF-MIB::ifOutErrors.8 = Counter32: 0
IF-MIB::ifOutErrors.9 = Counter32: 0
IF-MIB::ifOutQLen.1 = Gauge32: 131071
IF-MIB::ifOutQLen.2 = Gauge32: 131071
IF-MIB::ifOutQLen.3 = Gauge32: 1923
IF-MIB::ifOutQLen.4 = Gauge32: 3766
IF-MIB::ifOutQLen.5 = Gauge32: 0
IF-MIB::ifOutQLen.6 = Gauge32: 0
IF-MIB::ifOutQLen.7 = Gauge32: 0
IF-MIB::ifOutQLen.8 = Gauge32: 0
IF-MIB::ifOutQLen.9 = Gauge32: 0
RFC1213-MIB::atIfIndex.1.1.192.168.1.255 = INTEGER: 1
RFC1213-MIB::atIfIndex.1.1.192.168.11.6 = INTEGER: 9
RFC1213-MIB::atIfIndex.1.1.192.168.11.9 = INTEGER: 9
RFC1213-MIB::atIfIndex.1.1.192.168.11.10 = INTEGER: 9
RFC1213-MIB::atIfIndex.1.1.192.168.11.25 = INTEGER: 9
RFC1213-MIB::atIfIndex.1.1.192.168.11.27 = INTEGER: 9
RFC1213-MIB::atIfIndex.1.1.192.168.11.32 = INTEGER: 9
RFC1213-MIB::atIfIndex.1.1.192.168.11.253 = INTEGER: 9
RFC1213-MIB::atIfIndex.1.1.192.168.11.254 = INTEGER: 9
RFC1213-MIB::atIfIndex.1.1.192.168.11.255 = INTEGER: 9
RFC1213-MIB::atPhysAddress.1.1.192.168.1.255 = Hex-STRING: FF FF FF FF FF FF 
RFC1213-MIB::atPhysAddress.1.1.192.168.11.6 = Hex-STRING: 8E 35 C9 33 04 FF 
RFC1213-MIB::atPhysAddress.1.1.192.168.11.9 = Hex-STRING: D4 AE 52 6F 9B 99 
RFC1213-MIB::atPhysAddress.1.1.192.168.11.10 = Hex-STRING: 36 85 E4 8B 49 1D 
RFC1213-MIB::atPhysAddress.1.1.192.168.11.25 = Hex-STRING: 90 E2 BA 54 08 EC 
RFC1213-MIB::atPhysAddress.1.1.192.168.11.27 = Hex-STRING: 90 E2 BA 20 D8 34 
RFC1213-MIB::atPhysAddress.1.1.192.168.11.32 = Hex-STRING: 02 A0 98 3D 92 D4 
RFC1213-MIB::atPhysAddress.1.1.192.168.11.253 = Hex-STRING: E8 E7 32 5B A1 DC 
RFC1213-MIB::atPhysAddress.1.1.192.168.11.254 = Hex-STRING: E8 E7 32 0E 66 29 
RFC1213-MIB::atPhysAddress.1.1.192.168.11.255 = Hex-STRING: FF FF FF FF FF FF 
RFC1213-MIB::atNetAddress.1.1.192.168.1.255 = Network Address: C0:A8:01:FF
RFC1213-MIB::atNetAddress.1.1.192.168.11.6 = Network Address: C0:A8:0B:06
RFC1213-MIB::atNetAddress.1.1.192.168.11.9 = Network Address: C0:A8:0B:09
RFC1213-MIB::atNetAddress.1.1.192.168.11.10 = Network Address: C0:A8:0B:0A
RFC1213-MIB::atNetAddress.1.1.192.168.11.25 = Network Address: C0:A8:0B:19
RFC1213-MIB::atNetAddress.1.1.192.168.11.27 = Network Address: C0:A8:0B:1B
RFC1213-MIB::atNetAddress.1.1.192.168.11.32 = Network Address: C0:A8:0B:20
RFC1213-MIB::atNetAddress.1.1.192.168.11.253 = Network Address: C0:A8:0B:FD
RFC1213-MIB::atNetAddress.1.1.192.168.11.254 = Network Address: C0:A8:0B:FE
RFC1213-MIB::atNetAddress.1.1.192.168.11.255 = Network Address: C0:A8:0B:FF
IP-MIB::ipForwarding.0 = INTEGER: notForwarding(2)
IP-MIB::ipDefaultTTL.0 = INTEGER: 64
IP-MIB::ipInReceives.0 = Counter32: 979324374
IP-MIB::ipInHdrErrors.0 = Counter32: 0
IP-MIB::ipInAddrErrors.0 = Counter32: 218841
IP-MIB::ipForwDatagrams.0 = Counter32: 0
IP-MIB::ipInUnknownProtos.0 = Counter32: 286352
IP-MIB::ipInDiscards.0 = Counter32: 0
IP-MIB::ipInDelivers.0 = Counter32: 979324380
IP-MIB::ipOutRequests.0 = Counter32: 57692231
IP-MIB::ipOutDiscards.0 = Counter32: 0
IP-MIB::ipOutNoRoutes.0 = Counter32: 218841
IP-MIB::ipReasmTimeout.0 = INTEGER: 45 seconds
IP-MIB::ipReasmReqds.0 = Counter32: 0
IP-MIB::ipReasmOKs.0 = Counter32: 0
IP-MIB::ipReasmFails.0 = Counter32: 0
IP-MIB::ipFragOKs.0 = Counter32: 128547
IP-MIB::ipFragFails.0 = Counter32: 0
IP-MIB::ipFragCreates.0 = Counter32: 184286
IP-MIB::ipAdEntAddr.127.0.0.1 = IpAddress: 127.0.0.1
IP-MIB::ipAdEntAddr.127.0.20.1 = IpAddress: 127.0.20.1
IP-MIB::ipAdEntAddr.192.168.1.111 = IpAddress: 192.168.1.111
IP-MIB::ipAdEntAddr.192.168.11.32 = IpAddress: 192.168.11.32
IP-MIB::ipAdEntIfIndex.127.0.0.1 = INTEGER: 6
IP-MIB::ipAdEntIfIndex.127.0.20.1 = INTEGER: 8
IP-MIB::ipAdEntIfIndex.192.168.1.111 = INTEGER: 1
IP-MIB::ipAdEntIfIndex.192.168.11.32 = INTEGER: 9
IP-MIB::ipAdEntNetMask.127.0.0.1 = IpAddress: 255.0.0.0
IP-MIB::ipAdEntNetMask.127.0.20.1 = IpAddress: 255.0.0.0
IP-MIB::ipAdEntNetMask.192.168.1.111 = IpAddress: 255.255.255.0
IP-MIB::ipAdEntNetMask.192.168.11.32 = IpAddress: 255.255.255.0
IP-MIB::ipAdEntBcastAddr.127.0.0.1 = INTEGER: 1
IP-MIB::ipAdEntBcastAddr.127.0.20.1 = INTEGER: 1
IP-MIB::ipAdEntBcastAddr.192.168.1.111 = INTEGER: 1
IP-MIB::ipAdEntBcastAddr.192.168.11.32 = INTEGER: 0
IP-MIB::ipAdEntReasmMaxSize.127.0.0.1 = INTEGER: 0
IP-MIB::ipAdEntReasmMaxSize.127.0.20.1 = INTEGER: 0
IP-MIB::ipAdEntReasmMaxSize.192.168.1.111 = INTEGER: 0
IP-MIB::ipAdEntReasmMaxSize.192.168.11.32 = INTEGER: 0
RFC1213-MIB::ipRouteDest.0.0.0.0 = IpAddress: 0.0.0.0
RFC1213-MIB::ipRouteDest.127.0.0.0 = IpAddress: 127.0.0.0
RFC1213-MIB::ipRouteDest.127.0.0.1 = IpAddress: 127.0.0.1
RFC1213-MIB::ipRouteDest.127.0.10.1 = IpAddress: 127.0.10.1
RFC1213-MIB::ipRouteDest.127.0.20.1 = IpAddress: 127.0.20.1
RFC1213-MIB::ipRouteDest.192.168.1.0 = IpAddress: 192.168.1.0
RFC1213-MIB::ipRouteDest.192.168.1.255 = IpAddress: 192.168.1.255
RFC1213-MIB::ipRouteDest.192.168.11.0 = IpAddress: 192.168.11.0
RFC1213-MIB::ipRouteDest.192.168.11.6 = IpAddress: 192.168.11.6
RFC1213-MIB::ipRouteDest.192.168.11.9 = IpAddress: 192.168.11.9
RFC1213-MIB::ipRouteDest.192.168.11.10 = IpAddress: 192.168.11.10
RFC1213-MIB::ipRouteDest.192.168.11.25 = IpAddress: 192.168.11.25
RFC1213-MIB::ipRouteDest.192.168.11.26 = IpAddress: 192.168.11.26
RFC1213-MIB::ipRouteDest.192.168.11.27 = IpAddress: 192.168.11.27
RFC1213-MIB::ipRouteDest.192.168.11.32 = IpAddress: 192.168.11.32
RFC1213-MIB::ipRouteDest.192.168.11.253 = IpAddress: 192.168.11.253
RFC1213-MIB::ipRouteDest.192.168.11.254 = IpAddress: 192.168.11.254
RFC1213-MIB::ipRouteDest.192.168.11.255 = IpAddress: 192.168.11.255
RFC1213-MIB::ipRouteIfIndex.0.0.0.0 = INTEGER: 12
RFC1213-MIB::ipRouteIfIndex.127.0.0.0 = INTEGER: 9
RFC1213-MIB::ipRouteIfIndex.127.0.0.1 = INTEGER: 9
RFC1213-MIB::ipRouteIfIndex.127.0.10.1 = INTEGER: 11
RFC1213-MIB::ipRouteIfIndex.127.0.20.1 = INTEGER: 11
RFC1213-MIB::ipRouteIfIndex.192.168.1.0 = INTEGER: 1
RFC1213-MIB::ipRouteIfIndex.192.168.1.255 = INTEGER: 1
RFC1213-MIB::ipRouteIfIndex.192.168.11.0 = INTEGER: 12
RFC1213-MIB::ipRouteIfIndex.192.168.11.6 = INTEGER: 12
RFC1213-MIB::ipRouteIfIndex.192.168.11.9 = INTEGER: 12
RFC1213-MIB::ipRouteIfIndex.192.168.11.10 = INTEGER: 12
RFC1213-MIB::ipRouteIfIndex.192.168.11.25 = INTEGER: 12
RFC1213-MIB::ipRouteIfIndex.192.168.11.26 = INTEGER: 12
RFC1213-MIB::ipRouteIfIndex.192.168.11.27 = INTEGER: 12
RFC1213-MIB::ipRouteIfIndex.192.168.11.32 = INTEGER: 9
RFC1213-MIB::ipRouteIfIndex.192.168.11.253 = INTEGER: 12
RFC1213-MIB::ipRouteIfIndex.192.168.11.254 = INTEGER: 12
RFC1213-MIB::ipRouteIfIndex.192.168.11.255 = INTEGER: 12
RFC1213-MIB::ipRouteMetric1.0.0.0.0 = INTEGER: 1
RFC1213-MIB::ipRouteMetric1.127.0.0.0 = INTEGER: 1
RFC1213-MIB::ipRouteMetric1.127.0.0.1 = INTEGER: 0
RFC1213-MIB::ipRouteMetric1.127.0.10.1 = INTEGER: 0
RFC1213-MIB::ipRouteMetric1.127.0.20.1 = INTEGER: 0
RFC1213-MIB::ipRouteMetric1.192.168.1.0 = INTEGER: 0
RFC1213-MIB::ipRouteMetric1.192.168.1.255 = INTEGER: 0
RFC1213-MIB::ipRouteMetric1.192.168.11.0 = INTEGER: 0
RFC1213-MIB::ipRouteMetric1.192.168.11.6 = INTEGER: 0
RFC1213-MIB::ipRouteMetric1.192.168.11.9 = INTEGER: 0
RFC1213-MIB::ipRouteMetric1.192.168.11.10 = INTEGER: 0
RFC1213-MIB::ipRouteMetric1.192.168.11.25 = INTEGER: 0
RFC1213-MIB::ipRouteMetric1.192.168.11.26 = INTEGER: 0
RFC1213-MIB::ipRouteMetric1.192.168.11.27 = INTEGER: 0
RFC1213-MIB::ipRouteMetric1.192.168.11.32 = INTEGER: 0
RFC1213-MIB::ipRouteMetric1.192.168.11.253 = INTEGER: 0
RFC1213-MIB::ipRouteMetric1.192.168.11.254 = INTEGER: 0
RFC1213-MIB::ipRouteMetric1.192.168.11.255 = INTEGER: 0
RFC1213-MIB::ipRouteMetric2.0.0.0.0 = INTEGER: -1
RFC1213-MIB::ipRouteMetric2.127.0.0.0 = INTEGER: -1
RFC1213-MIB::ipRouteMetric2.127.0.0.1 = INTEGER: -1
RFC1213-MIB::ipRouteMetric2.127.0.10.1 = INTEGER: -1
RFC1213-MIB::ipRouteMetric2.127.0.20.1 = INTEGER: -1
RFC1213-MIB::ipRouteMetric2.192.168.1.0 = INTEGER: -1
RFC1213-MIB::ipRouteMetric2.192.168.1.255 = INTEGER: -1
RFC1213-MIB::ipRouteMetric2.192.168.11.0 = INTEGER: -1
RFC1213-MIB::ipRouteMetric2.192.168.11.6 = INTEGER: -1
RFC1213-MIB::ipRouteMetric2.192.168.11.9 = INTEGER: -1
RFC1213-MIB::ipRouteMetric2.192.168.11.10 = INTEGER: -1
RFC1213-MIB::ipRouteMetric2.192.168.11.25 = INTEGER: -1
RFC1213-MIB::ipRouteMetric2.192.168.11.26 = INTEGER: -1
RFC1213-MIB::ipRouteMetric2.192.168.11.27 = INTEGER: -1
RFC1213-MIB::ipRouteMetric2.192.168.11.32 = INTEGER: -1
RFC1213-MIB::ipRouteMetric2.192.168.11.253 = INTEGER: -1
RFC1213-MIB::ipRouteMetric2.192.168.11.254 = INTEGER: -1
RFC1213-MIB::ipRouteMetric2.192.168.11.255 = INTEGER: -1
RFC1213-MIB::ipRouteMetric3.0.0.0.0 = INTEGER: -1
RFC1213-MIB::ipRouteMetric3.127.0.0.0 = INTEGER: -1
RFC1213-MIB::ipRouteMetric3.127.0.0.1 = INTEGER: -1
RFC1213-MIB::ipRouteMetric3.127.0.10.1 = INTEGER: -1
RFC1213-MIB::ipRouteMetric3.127.0.20.1 = INTEGER: -1
RFC1213-MIB::ipRouteMetric3.192.168.1.0 = INTEGER: -1
RFC1213-MIB::ipRouteMetric3.192.168.1.255 = INTEGER: -1
RFC1213-MIB::ipRouteMetric3.192.168.11.0 = INTEGER: -1
RFC1213-MIB::ipRouteMetric3.192.168.11.6 = INTEGER: -1
RFC1213-MIB::ipRouteMetric3.192.168.11.9 = INTEGER: -1
RFC1213-MIB::ipRouteMetric3.192.168.11.10 = INTEGER: -1
RFC1213-MIB::ipRouteMetric3.192.168.11.25 = INTEGER: -1
RFC1213-MIB::ipRouteMetric3.192.168.11.26 = INTEGER: -1
RFC1213-MIB::ipRouteMetric3.192.168.11.27 = INTEGER: -1
RFC1213-MIB::ipRouteMetric3.192.168.11.32 = INTEGER: -1
RFC1213-MIB::ipRouteMetric3.192.168.11.253 = INTEGER: -1
RFC1213-MIB::ipRouteMetric3.192.168.11.254 = INTEGER: -1
RFC1213-MIB::ipRouteMetric3.192.168.11.255 = INTEGER: -1
RFC1213-MIB::ipRouteMetric4.0.0.0.0 = INTEGER: -1
RFC1213-MIB::ipRouteMetric4.127.0.0.0 = INTEGER: -1
RFC1213-MIB::ipRouteMetric4.127.0.0.1 = INTEGER: -1
RFC1213-MIB::ipRouteMetric4.127.0.10.1 = INTEGER: -1
RFC1213-MIB::ipRouteMetric4.127.0.20.1 = INTEGER: -1
RFC1213-MIB::ipRouteMetric4.192.168.1.0 = INTEGER: -1
RFC1213-MIB::ipRouteMetric4.192.168.1.255 = INTEGER: -1
RFC1213-MIB::ipRouteMetric4.192.168.11.0 = INTEGER: -1
RFC1213-MIB::ipRouteMetric4.192.168.11.6 = INTEGER: -1
RFC1213-MIB::ipRouteMetric4.192.168.11.9 = INTEGER: -1
RFC1213-MIB::ipRouteMetric4.192.168.11.10 = INTEGER: -1
RFC1213-MIB::ipRouteMetric4.192.168.11.25 = INTEGER: -1
RFC1213-MIB::ipRouteMetric4.192.168.11.26 = INTEGER: -1
RFC1213-MIB::ipRouteMetric4.192.168.11.27 = INTEGER: -1
RFC1213-MIB::ipRouteMetric4.192.168.11.32 = INTEGER: -1
RFC1213-MIB::ipRouteMetric4.192.168.11.253 = INTEGER: -1
RFC1213-MIB::ipRouteMetric4.192.168.11.254 = INTEGER: -1
RFC1213-MIB::ipRouteMetric4.192.168.11.255 = INTEGER: -1
RFC1213-MIB::ipRouteNextHop.0.0.0.0 = IpAddress: 192.168.11.254
RFC1213-MIB::ipRouteNextHop.127.0.0.0 = IpAddress: 127.0.0.1
RFC1213-MIB::ipRouteNextHop.127.0.0.1 = IpAddress: 127.0.0.1
RFC1213-MIB::ipRouteNextHop.127.0.10.1 = IpAddress: 127.0.20.1
RFC1213-MIB::ipRouteNextHop.127.0.20.1 = IpAddress: 127.0.20.1
RFC1213-MIB::ipRouteNextHop.192.168.1.0 = IpAddress: 192.168.1.111
RFC1213-MIB::ipRouteNextHop.192.168.1.255 = IpAddress: 192.168.1.111
RFC1213-MIB::ipRouteNextHop.192.168.11.0 = IpAddress: 192.168.11.32
RFC1213-MIB::ipRouteNextHop.192.168.11.6 = IpAddress: 192.168.11.32
RFC1213-MIB::ipRouteNextHop.192.168.11.9 = IpAddress: 192.168.11.32
RFC1213-MIB::ipRouteNextHop.192.168.11.10 = IpAddress: 192.168.11.32
RFC1213-MIB::ipRouteNextHop.192.168.11.25 = IpAddress: 192.168.11.32
RFC1213-MIB::ipRouteNextHop.192.168.11.26 = IpAddress: 192.168.11.32
RFC1213-MIB::ipRouteNextHop.192.168.11.27 = IpAddress: 192.168.11.32
RFC1213-MIB::ipRouteNextHop.192.168.11.32 = IpAddress: 127.0.0.1
RFC1213-MIB::ipRouteNextHop.192.168.11.253 = IpAddress: 192.168.11.32
RFC1213-MIB::ipRouteNextHop.192.168.11.254 = IpAddress: 192.168.11.32
RFC1213-MIB::ipRouteNextHop.192.168.11.255 = IpAddress: 192.168.11.32
RFC1213-MIB::ipRouteType.0.0.0.0 = INTEGER: indirect(4)
RFC1213-MIB::ipRouteType.127.0.0.0 = INTEGER: indirect(4)
RFC1213-MIB::ipRouteType.127.0.0.1 = INTEGER: direct(3)
RFC1213-MIB::ipRouteType.127.0.10.1 = INTEGER: direct(3)
RFC1213-MIB::ipRouteType.127.0.20.1 = INTEGER: direct(3)
RFC1213-MIB::ipRouteType.192.168.1.0 = INTEGER: direct(3)
RFC1213-MIB::ipRouteType.192.168.1.255 = INTEGER: direct(3)
RFC1213-MIB::ipRouteType.192.168.11.0 = INTEGER: direct(3)
RFC1213-MIB::ipRouteType.192.168.11.6 = INTEGER: direct(3)
RFC1213-MIB::ipRouteType.192.168.11.9 = INTEGER: direct(3)
RFC1213-MIB::ipRouteType.192.168.11.10 = INTEGER: direct(3)
RFC1213-MIB::ipRouteType.192.168.11.25 = INTEGER: direct(3)
RFC1213-MIB::ipRouteType.192.168.11.26 = INTEGER: direct(3)
RFC1213-MIB::ipRouteType.192.168.11.27 = INTEGER: direct(3)
RFC1213-MIB::ipRouteType.192.168.11.32 = INTEGER: direct(3)
RFC1213-MIB::ipRouteType.192.168.11.253 = INTEGER: direct(3)
RFC1213-MIB::ipRouteType.192.168.11.254 = INTEGER: direct(3)
RFC1213-MIB::ipRouteType.192.168.11.255 = INTEGER: direct(3)
RFC1213-MIB::ipRouteProto.0.0.0.0 = INTEGER: local(2)
RFC1213-MIB::ipRouteProto.127.0.0.0 = INTEGER: local(2)
RFC1213-MIB::ipRouteProto.127.0.0.1 = INTEGER: local(2)
RFC1213-MIB::ipRouteProto.127.0.10.1 = INTEGER: local(2)
RFC1213-MIB::ipRouteProto.127.0.20.1 = INTEGER: local(2)
RFC1213-MIB::ipRouteProto.192.168.1.0 = INTEGER: local(2)
RFC1213-MIB::ipRouteProto.192.168.1.255 = INTEGER: local(2)
RFC1213-MIB::ipRouteProto.192.168.11.0 = INTEGER: local(2)
RFC1213-MIB::ipRouteProto.192.168.11.6 = INTEGER: local(2)
RFC1213-MIB::ipRouteProto.192.168.11.9 = INTEGER: local(2)
RFC1213-MIB::ipRouteProto.192.168.11.10 = INTEGER: local(2)
RFC1213-MIB::ipRouteProto.192.168.11.25 = INTEGER: local(2)
RFC1213-MIB::ipRouteProto.192.168.11.26 = INTEGER: local(2)
RFC1213-MIB::ipRouteProto.192.168.11.27 = INTEGER: local(2)
RFC1213-MIB::ipRouteProto.192.168.11.32 = INTEGER: local(2)
RFC1213-MIB::ipRouteProto.192.168.11.253 = INTEGER: local(2)
RFC1213-MIB::ipRouteProto.192.168.11.254 = INTEGER: local(2)
RFC1213-MIB::ipRouteProto.192.168.11.255 = INTEGER: local(2)
RFC1213-MIB::ipRouteAge.0.0.0.0 = INTEGER: 0
RFC1213-MIB::ipRouteAge.127.0.0.0 = INTEGER: 0
RFC1213-MIB::ipRouteAge.127.0.0.1 = INTEGER: 0
RFC1213-MIB::ipRouteAge.127.0.10.1 = INTEGER: 0
RFC1213-MIB::ipRouteAge.127.0.20.1 = INTEGER: 0
RFC1213-MIB::ipRouteAge.192.168.1.0 = INTEGER: 0
RFC1213-MIB::ipRouteAge.192.168.1.255 = INTEGER: 0
RFC1213-MIB::ipRouteAge.192.168.11.0 = INTEGER: 0
RFC1213-MIB::ipRouteAge.192.168.11.6 = INTEGER: 0
RFC1213-MIB::ipRouteAge.192.168.11.9 = INTEGER: 0
RFC1213-MIB::ipRouteAge.192.168.11.10 = INTEGER: 0
RFC1213-MIB::ipRouteAge.192.168.11.25 = INTEGER: 0
RFC1213-MIB::ipRouteAge.192.168.11.26 = INTEGER: 0
RFC1213-MIB::ipRouteAge.192.168.11.27 = INTEGER: 0
RFC1213-MIB::ipRouteAge.192.168.11.32 = INTEGER: 0
RFC1213-MIB::ipRouteAge.192.168.11.253 = INTEGER: 0
RFC1213-MIB::ipRouteAge.192.168.11.254 = INTEGER: 0
RFC1213-MIB::ipRouteAge.192.168.11.255 = INTEGER: 0
RFC1213-MIB::ipRouteMask.0.0.0.0 = IpAddress: 0.0.0.0
RFC1213-MIB::ipRouteMask.127.0.0.0 = IpAddress: 255.0.0.0
RFC1213-MIB::ipRouteMask.127.0.0.1 = IpAddress: 255.255.255.255
RFC1213-MIB::ipRouteMask.127.0.10.1 = IpAddress: 255.255.255.255
RFC1213-MIB::ipRouteMask.127.0.20.1 = IpAddress: 255.255.255.255
RFC1213-MIB::ipRouteMask.192.168.1.0 = IpAddress: 255.255.255.0
RFC1213-MIB::ipRouteMask.192.168.1.255 = IpAddress: 255.255.255.255
RFC1213-MIB::ipRouteMask.192.168.11.0 = IpAddress: 255.255.255.0
RFC1213-MIB::ipRouteMask.192.168.11.6 = IpAddress: 255.255.255.255
RFC1213-MIB::ipRouteMask.192.168.11.9 = IpAddress: 255.255.255.255
RFC1213-MIB::ipRouteMask.192.168.11.10 = IpAddress: 255.255.255.255
RFC1213-MIB::ipRouteMask.192.168.11.25 = IpAddress: 255.255.255.255
RFC1213-MIB::ipRouteMask.192.168.11.26 = IpAddress: 255.255.255.255
RFC1213-MIB::ipRouteMask.192.168.11.27 = IpAddress: 255.255.255.255
RFC1213-MIB::ipRouteMask.192.168.11.32 = IpAddress: 255.255.255.255
RFC1213-MIB::ipRouteMask.192.168.11.253 = IpAddress: 255.255.255.255
RFC1213-MIB::ipRouteMask.192.168.11.254 = IpAddress: 255.255.255.255
RFC1213-MIB::ipRouteMask.192.168.11.255 = IpAddress: 255.255.255.255
RFC1213-MIB::ipRouteMetric5.0.0.0.0 = INTEGER: -1
RFC1213-MIB::ipRouteMetric5.127.0.0.0 = INTEGER: -1
RFC1213-MIB::ipRouteMetric5.127.0.0.1 = INTEGER: -1
RFC1213-MIB::ipRouteMetric5.127.0.10.1 = INTEGER: -1
RFC1213-MIB::ipRouteMetric5.127.0.20.1 = INTEGER: -1
RFC1213-MIB::ipRouteMetric5.192.168.1.0 = INTEGER: -1
RFC1213-MIB::ipRouteMetric5.192.168.1.255 = INTEGER: -1
RFC1213-MIB::ipRouteMetric5.192.168.11.0 = INTEGER: -1
RFC1213-MIB::ipRouteMetric5.192.168.11.6 = INTEGER: -1
RFC1213-MIB::ipRouteMetric5.192.168.11.9 = INTEGER: -1
RFC1213-MIB::ipRouteMetric5.192.168.11.10 = INTEGER: -1
RFC1213-MIB::ipRouteMetric5.192.168.11.25 = INTEGER: -1
RFC1213-MIB::ipRouteMetric5.192.168.11.26 = INTEGER: -1
RFC1213-MIB::ipRouteMetric5.192.168.11.27 = INTEGER: -1
RFC1213-MIB::ipRouteMetric5.192.168.11.32 = INTEGER: -1
RFC1213-MIB::ipRouteMetric5.192.168.11.253 = INTEGER: -1
RFC1213-MIB::ipRouteMetric5.192.168.11.254 = INTEGER: -1
RFC1213-MIB::ipRouteMetric5.192.168.11.255 = INTEGER: -1
RFC1213-MIB::ipRouteInfo.0.0.0.0 = OID: SNMPv2-SMI::zeroDotZero
RFC1213-MIB::ipRouteInfo.127.0.0.0 = OID: SNMPv2-SMI::zeroDotZero
RFC1213-MIB::ipRouteInfo.127.0.0.1 = OID: SNMPv2-SMI::zeroDotZero
RFC1213-MIB::ipRouteInfo.127.0.10.1 = OID: SNMPv2-SMI::zeroDotZero
RFC1213-MIB::ipRouteInfo.127.0.20.1 = OID: SNMPv2-SMI::zeroDotZero
RFC1213-MIB::ipRouteInfo.192.168.1.0 = OID: SNMPv2-SMI::zeroDotZero
RFC1213-MIB::ipRouteInfo.192.168.1.255 = OID: SNMPv2-SMI::zeroDotZero
RFC1213-MIB::ipRouteInfo.192.168.11.0 = OID: SNMPv2-SMI::zeroDotZero
RFC1213-MIB::ipRouteInfo.192.168.11.6 = OID: SNMPv2-SMI::zeroDotZero
RFC1213-MIB::ipRouteInfo.192.168.11.9 = OID: SNMPv2-SMI::zeroDotZero
RFC1213-MIB::ipRouteInfo.192.168.11.10 = OID: SNMPv2-SMI::zeroDotZero
RFC1213-MIB::ipRouteInfo.192.168.11.25 = OID: SNMPv2-SMI::zeroDotZero
RFC1213-MIB::ipRouteInfo.192.168.11.26 = OID: SNMPv2-SMI::zeroDotZero
RFC1213-MIB::ipRouteInfo.192.168.11.27 = OID: SNMPv2-SMI::zeroDotZero
RFC1213-MIB::ipRouteInfo.192.168.11.32 = OID: SNMPv2-SMI::zeroDotZero
RFC1213-MIB::ipRouteInfo.192.168.11.253 = OID: SNMPv2-SMI::zeroDotZero
RFC1213-MIB::ipRouteInfo.192.168.11.254 = OID: SNMPv2-SMI::zeroDotZero
RFC1213-MIB::ipRouteInfo.192.168.11.255 = OID: SNMPv2-SMI::zeroDotZero
IP-MIB::ipNetToMediaIfIndex.1.192.168.1.111 = INTEGER: 1
IP-MIB::ipNetToMediaIfIndex.6.127.0.0.1 = INTEGER: 6
IP-MIB::ipNetToMediaIfIndex.8.127.0.20.1 = INTEGER: 8
IP-MIB::ipNetToMediaIfIndex.9.192.168.11.32 = INTEGER: 9
IP-MIB::ipNetToMediaPhysAddress.1.192.168.1.111 = STRING: 0:a0:98:3d:92:d4
IP-MIB::ipNetToMediaPhysAddress.6.127.0.0.1 = STRING: 0:0:0:0
IP-MIB::ipNetToMediaPhysAddress.8.127.0.20.1 = STRING: 0:0:0:0
IP-MIB::ipNetToMediaPhysAddress.9.192.168.11.32 = STRING: 2:a0:98:3d:92:d4
IP-MIB::ipNetToMediaNetAddress.1.192.168.1.111 = IpAddress: 192.168.1.111
IP-MIB::ipNetToMediaNetAddress.6.127.0.0.1 = IpAddress: 127.0.0.1
IP-MIB::ipNetToMediaNetAddress.8.127.0.20.1 = IpAddress: 127.0.20.1
IP-MIB::ipNetToMediaNetAddress.9.192.168.11.32 = IpAddress: 192.168.11.32
IP-MIB::ipNetToMediaType.1.192.168.1.111 = INTEGER: static(4)
IP-MIB::ipNetToMediaType.6.127.0.0.1 = INTEGER: static(4)
IP-MIB::ipNetToMediaType.8.127.0.20.1 = INTEGER: static(4)
IP-MIB::ipNetToMediaType.9.192.168.11.32 = INTEGER: static(4)
IP-MIB::ipRoutingDiscards.0 = Counter32: 0
IP-MIB::icmpInMsgs.0 = Counter32: 2077347
IP-MIB::icmpInErrors.0 = Counter32: 0
IP-MIB::icmpInDestUnreachs.0 = Counter32: 287554
IP-MIB::icmpInTimeExcds.0 = Counter32: 3
IP-MIB::icmpInParmProbs.0 = Counter32: 0
IP-MIB::icmpInSrcQuenchs.0 = Counter32: 0
IP-MIB::icmpInRedirects.0 = Counter32: 0
IP-MIB::icmpInEchos.0 = Counter32: 1789785
IP-MIB::icmpInEchoReps.0 = Counter32: 4
IP-MIB::icmpInTimestamps.0 = Counter32: 1
IP-MIB::icmpInTimestampReps.0 = Counter32: 0
IP-MIB::icmpInAddrMasks.0 = Counter32: 0
IP-MIB::icmpInAddrMaskReps.0 = Counter32: 0
IP-MIB::icmpOutMsgs.0 = Counter32: 1789786
IP-MIB::icmpOutErrors.0 = Counter32: 0
IP-MIB::icmpOutDestUnreachs.0 = Counter32: 0
IP-MIB::icmpOutTimeExcds.0 = Counter32: 0
IP-MIB::icmpOutParmProbs.0 = Counter32: 0
IP-MIB::icmpOutSrcQuenchs.0 = Counter32: 0
IP-MIB::icmpOutRedirects.0 = Counter32: 0
IP-MIB::icmpOutEchos.0 = Counter32: 0
IP-MIB::icmpOutEchoReps.0 = Counter32: 1789785
IP-MIB::icmpOutTimestamps.0 = Counter32: 0
IP-MIB::icmpOutTimestampReps.0 = Counter32: 1
IP-MIB::icmpOutAddrMasks.0 = Counter32: 0
IP-MIB::icmpOutAddrMaskReps.0 = Counter32: 0
TCP-MIB::tcpRtoAlgorithm.0 = INTEGER: vanj(4)
TCP-MIB::tcpRtoMin.0 = INTEGER: 500 milliseconds
TCP-MIB::tcpRtoMax.0 = INTEGER: 64000 milliseconds
TCP-MIB::tcpMaxConn.0 = INTEGER: -1
TCP-MIB::tcpActiveOpens.0 = Counter32: 2074519
TCP-MIB::tcpPassiveOpens.0 = Counter32: 189342
TCP-MIB::tcpAttemptFails.0 = Counter32: 92
TCP-MIB::tcpEstabResets.0 = Counter32: 1381
TCP-MIB::tcpCurrEstab.0 = Gauge32: 22
TCP-MIB::tcpInSegs.0 = Counter32: 945879494
TCP-MIB::tcpOutSegs.0 = Counter32: 25094311
TCP-MIB::tcpRetransSegs.0 = Counter32: 4579365
TCP-MIB::tcpConnState.0.0.0.0.22.0.0.0.0.0 = INTEGER: listen(2)
TCP-MIB::tcpConnState.0.0.0.0.23.0.0.0.0.0 = INTEGER: listen(2)
TCP-MIB::tcpConnState.0.0.0.0.111.0.0.0.0.0 = INTEGER: listen(2)
TCP-MIB::tcpConnState.0.0.0.0.139.0.0.0.0.0 = INTEGER: listen(2)
TCP-MIB::tcpConnState.0.0.0.0.443.0.0.0.0.0 = INTEGER: listen(2)
TCP-MIB::tcpConnState.0.0.0.0.445.0.0.0.0.0 = INTEGER: listen(2)
TCP-MIB::tcpConnState.0.0.0.0.514.0.0.0.0.0 = INTEGER: listen(2)
TCP-MIB::tcpConnState.0.0.0.0.951.0.0.0.0.0 = INTEGER: listen(2)
TCP-MIB::tcpConnState.0.0.0.0.2049.0.0.0.0.0 = INTEGER: listen(2)
TCP-MIB::tcpConnState.0.0.0.0.3260.0.0.0.0.0 = INTEGER: listen(2)
TCP-MIB::tcpConnState.0.0.0.0.4045.0.0.0.0.0 = INTEGER: listen(2)
TCP-MIB::tcpConnState.0.0.0.0.4046.0.0.0.0.0 = INTEGER: listen(2)
TCP-MIB::tcpConnState.0.0.0.0.4047.0.0.0.0.0 = INTEGER: listen(2)
TCP-MIB::tcpConnState.0.0.0.0.8023.0.0.0.0.0 = INTEGER: listen(2)
TCP-MIB::tcpConnState.0.0.0.0.8514.0.0.0.0.0 = INTEGER: listen(2)
TCP-MIB::tcpConnState.0.0.0.0.10567.0.0.0.0.0 = INTEGER: listen(2)
TCP-MIB::tcpConnState.0.0.0.0.10568.0.0.0.0.0 = INTEGER: listen(2)
TCP-MIB::tcpConnState.0.0.0.0.10569.0.0.0.0.0 = INTEGER: listen(2)
TCP-MIB::tcpConnState.127.0.20.1.5939.0.0.0.0.0 = INTEGER: listen(2)
TCP-MIB::tcpConnState.127.0.20.1.29467.127.0.10.1.7951 = INTEGER: established(5)
TCP-MIB::tcpConnState.192.168.11.32.2049.192.168.12.204.874 = INTEGER: established(5)
TCP-MIB::tcpConnState.192.168.11.32.2049.192.168.12.205.1003 = INTEGER: established(5)
TCP-MIB::tcpConnState.192.168.11.32.2049.192.168.12.206.924 = INTEGER: established(5)
TCP-MIB::tcpConnState.192.168.11.32.2049.192.168.14.12.694 = INTEGER: established(5)
TCP-MIB::tcpConnState.192.168.11.32.2049.192.168.14.13.1022 = INTEGER: established(5)
TCP-MIB::tcpConnState.192.168.11.32.2049.192.168.14.14.671 = INTEGER: established(5)
TCP-MIB::tcpConnState.192.168.11.32.2049.192.168.14.15.1011 = INTEGER: established(5)
TCP-MIB::tcpConnState.192.168.11.32.3260.192.168.11.25.43966 = INTEGER: established(5)
TCP-MIB::tcpConnState.192.168.11.32.3260.192.168.11.26.42324 = INTEGER: established(5)
TCP-MIB::tcpConnState.192.168.11.32.3260.192.168.11.27.37314 = INTEGER: established(5)
TCP-MIB::tcpConnState.192.168.11.32.3260.192.168.14.221.47865 = INTEGER: established(5)
TCP-MIB::tcpConnState.192.168.11.32.3260.192.168.14.222.47340 = INTEGER: established(5)
TCP-MIB::tcpConnState.192.168.11.32.3260.192.168.14.223.54061 = INTEGER: established(5)
TCP-MIB::tcpConnState.192.168.11.32.3260.192.168.14.224.34380 = INTEGER: established(5)
TCP-MIB::tcpConnState.192.168.11.32.3260.192.168.14.225.36163 = INTEGER: established(5)
TCP-MIB::tcpConnState.192.168.11.32.3260.192.168.14.231.34542 = INTEGER: established(5)
TCP-MIB::tcpConnState.192.168.11.32.3260.192.168.14.232.59005 = INTEGER: established(5)
TCP-MIB::tcpConnState.192.168.11.32.3260.192.168.14.233.51404 = INTEGER: established(5)
TCP-MIB::tcpConnState.192.168.11.32.3260.192.168.14.234.54003 = INTEGER: established(5)
TCP-MIB::tcpConnState.192.168.11.32.3260.192.168.14.235.43999 = INTEGER: established(5)
TCP-MIB::tcpConnState.192.168.11.32.3260.192.168.14.236.51523 = INTEGER: established(5)
TCP-MIB::tcpConnLocalAddress.0.0.0.0.22.0.0.0.0.0 = IpAddress: 0.0.0.0
TCP-MIB::tcpConnLocalAddress.0.0.0.0.23.0.0.0.0.0 = IpAddress: 0.0.0.0
TCP-MIB::tcpConnLocalAddress.0.0.0.0.111.0.0.0.0.0 = IpAddress: 0.0.0.0
TCP-MIB::tcpConnLocalAddress.0.0.0.0.139.0.0.0.0.0 = IpAddress: 0.0.0.0
TCP-MIB::tcpConnLocalAddress.0.0.0.0.443.0.0.0.0.0 = IpAddress: 0.0.0.0
TCP-MIB::tcpConnLocalAddress.0.0.0.0.445.0.0.0.0.0 = IpAddress: 0.0.0.0
TCP-MIB::tcpConnLocalAddress.0.0.0.0.514.0.0.0.0.0 = IpAddress: 0.0.0.0
TCP-MIB::tcpConnLocalAddress.0.0.0.0.951.0.0.0.0.0 = IpAddress: 0.0.0.0
TCP-MIB::tcpConnLocalAddress.0.0.0.0.2049.0.0.0.0.0 = IpAddress: 0.0.0.0
TCP-MIB::tcpConnLocalAddress.0.0.0.0.3260.0.0.0.0.0 = IpAddress: 0.0.0.0
TCP-MIB::tcpConnLocalAddress.0.0.0.0.4045.0.0.0.0.0 = IpAddress: 0.0.0.0
TCP-MIB::tcpConnLocalAddress.0.0.0.0.4046.0.0.0.0.0 = IpAddress: 0.0.0.0
TCP-MIB::tcpConnLocalAddress.0.0.0.0.4047.0.0.0.0.0 = IpAddress: 0.0.0.0
TCP-MIB::tcpConnLocalAddress.0.0.0.0.8023.0.0.0.0.0 = IpAddress: 0.0.0.0
TCP-MIB::tcpConnLocalAddress.0.0.0.0.8514.0.0.0.0.0 = IpAddress: 0.0.0.0
TCP-MIB::tcpConnLocalAddress.0.0.0.0.10567.0.0.0.0.0 = IpAddress: 0.0.0.0
TCP-MIB::tcpConnLocalAddress.0.0.0.0.10568.0.0.0.0.0 = IpAddress: 0.0.0.0
TCP-MIB::tcpConnLocalAddress.0.0.0.0.10569.0.0.0.0.0 = IpAddress: 0.0.0.0
TCP-MIB::tcpConnLocalAddress.127.0.20.1.5939.0.0.0.0.0 = IpAddress: 127.0.20.1
TCP-MIB::tcpConnLocalAddress.127.0.20.1.29467.127.0.10.1.7951 = IpAddress: 127.0.20.1
TCP-MIB::tcpConnLocalAddress.192.168.11.32.2049.192.168.12.204.874 = IpAddress: 192.168.11.32
TCP-MIB::tcpConnLocalAddress.192.168.11.32.2049.192.168.12.205.1003 = IpAddress: 192.168.11.32
TCP-MIB::tcpConnLocalAddress.192.168.11.32.2049.192.168.12.206.924 = IpAddress: 192.168.11.32
TCP-MIB::tcpConnLocalAddress.192.168.11.32.2049.192.168.14.12.694 = IpAddress: 192.168.11.32
TCP-MIB::tcpConnLocalAddress.192.168.11.32.2049.192.168.14.13.1022 = IpAddress: 192.168.11.32
TCP-MIB::tcpConnLocalAddress.192.168.11.32.2049.192.168.14.14.671 = IpAddress: 192.168.11.32
TCP-MIB::tcpConnLocalAddress.192.168.11.32.2049.192.168.14.15.1011 = IpAddress: 192.168.11.32
TCP-MIB::tcpConnLocalAddress.192.168.11.32.3260.192.168.11.25.43966 = IpAddress: 192.168.11.32
TCP-MIB::tcpConnLocalAddress.192.168.11.32.3260.192.168.11.26.42324 = IpAddress: 192.168.11.32
TCP-MIB::tcpConnLocalAddress.192.168.11.32.3260.192.168.11.27.37314 = IpAddress: 192.168.11.32
TCP-MIB::tcpConnLocalAddress.192.168.11.32.3260.192.168.14.221.47865 = IpAddress: 192.168.11.32
TCP-MIB::tcpConnLocalAddress.192.168.11.32.3260.192.168.14.222.47340 = IpAddress: 192.168.11.32
TCP-MIB::tcpConnLocalAddress.192.168.11.32.3260.192.168.14.223.54061 = IpAddress: 192.168.11.32
TCP-MIB::tcpConnLocalAddress.192.168.11.32.3260.192.168.14.224.34380 = IpAddress: 192.168.11.32
TCP-MIB::tcpConnLocalAddress.192.168.11.32.3260.192.168.14.225.36163 = IpAddress: 192.168.11.32
TCP-MIB::tcpConnLocalAddress.192.168.11.32.3260.192.168.14.231.34542 = IpAddress: 192.168.11.32
TCP-MIB::tcpConnLocalAddress.192.168.11.32.3260.192.168.14.232.59005 = IpAddress: 192.168.11.32
TCP-MIB::tcpConnLocalAddress.192.168.11.32.3260.192.168.14.233.51404 = IpAddress: 192.168.11.32
TCP-MIB::tcpConnLocalAddress.192.168.11.32.3260.192.168.14.234.54003 = IpAddress: 192.168.11.32
TCP-MIB::tcpConnLocalAddress.192.168.11.32.3260.192.168.14.235.43999 = IpAddress: 192.168.11.32
TCP-MIB::tcpConnLocalAddress.192.168.11.32.3260.192.168.14.236.51523 = IpAddress: 192.168.11.32
TCP-MIB::tcpConnLocalPort.0.0.0.0.22.0.0.0.0.0 = INTEGER: 22
TCP-MIB::tcpConnLocalPort.0.0.0.0.23.0.0.0.0.0 = INTEGER: 23
TCP-MIB::tcpConnLocalPort.0.0.0.0.111.0.0.0.0.0 = INTEGER: 111
TCP-MIB::tcpConnLocalPort.0.0.0.0.139.0.0.0.0.0 = INTEGER: 139
TCP-MIB::tcpConnLocalPort.0.0.0.0.443.0.0.0.0.0 = INTEGER: 443
TCP-MIB::tcpConnLocalPort.0.0.0.0.445.0.0.0.0.0 = INTEGER: 445
TCP-MIB::tcpConnLocalPort.0.0.0.0.514.0.0.0.0.0 = INTEGER: 514
TCP-MIB::tcpConnLocalPort.0.0.0.0.951.0.0.0.0.0 = INTEGER: 951
TCP-MIB::tcpConnLocalPort.0.0.0.0.2049.0.0.0.0.0 = INTEGER: 2049
TCP-MIB::tcpConnLocalPort.0.0.0.0.3260.0.0.0.0.0 = INTEGER: 3260
TCP-MIB::tcpConnLocalPort.0.0.0.0.4045.0.0.0.0.0 = INTEGER: 4045
TCP-MIB::tcpConnLocalPort.0.0.0.0.4046.0.0.0.0.0 = INTEGER: 4046
TCP-MIB::tcpConnLocalPort.0.0.0.0.4047.0.0.0.0.0 = INTEGER: 4047
TCP-MIB::tcpConnLocalPort.0.0.0.0.8023.0.0.0.0.0 = INTEGER: 8023
TCP-MIB::tcpConnLocalPort.0.0.0.0.8514.0.0.0.0.0 = INTEGER: 8514
TCP-MIB::tcpConnLocalPort.0.0.0.0.10567.0.0.0.0.0 = INTEGER: 10567
TCP-MIB::tcpConnLocalPort.0.0.0.0.10568.0.0.0.0.0 = INTEGER: 10568
TCP-MIB::tcpConnLocalPort.0.0.0.0.10569.0.0.0.0.0 = INTEGER: 10569
TCP-MIB::tcpConnLocalPort.127.0.20.1.5939.0.0.0.0.0 = INTEGER: 5939
TCP-MIB::tcpConnLocalPort.127.0.20.1.29467.127.0.10.1.7951 = INTEGER: 29467
TCP-MIB::tcpConnLocalPort.192.168.11.32.2049.192.168.12.204.874 = INTEGER: 2049
TCP-MIB::tcpConnLocalPort.192.168.11.32.2049.192.168.12.205.1003 = INTEGER: 2049
TCP-MIB::tcpConnLocalPort.192.168.11.32.2049.192.168.12.206.924 = INTEGER: 2049
TCP-MIB::tcpConnLocalPort.192.168.11.32.2049.192.168.14.12.694 = INTEGER: 2049
TCP-MIB::tcpConnLocalPort.192.168.11.32.2049.192.168.14.13.1022 = INTEGER: 2049
TCP-MIB::tcpConnLocalPort.192.168.11.32.2049.192.168.14.14.671 = INTEGER: 2049
TCP-MIB::tcpConnLocalPort.192.168.11.32.2049.192.168.14.15.1011 = INTEGER: 2049
TCP-MIB::tcpConnLocalPort.192.168.11.32.3260.192.168.11.25.43966 = INTEGER: 3260
TCP-MIB::tcpConnLocalPort.192.168.11.32.3260.192.168.11.26.42324 = INTEGER: 3260
TCP-MIB::tcpConnLocalPort.192.168.11.32.3260.192.168.11.27.37314 = INTEGER: 3260
TCP-MIB::tcpConnLocalPort.192.168.11.32.3260.192.168.14.221.47865 = INTEGER: 3260
TCP-MIB::tcpConnLocalPort.192.168.11.32.3260.192.168.14.222.47340 = INTEGER: 3260
TCP-MIB::tcpConnLocalPort.192.168.11.32.3260.192.168.14.223.54061 = INTEGER: 3260
TCP-MIB::tcpConnLocalPort.192.168.11.32.3260.192.168.14.224.34380 = INTEGER: 3260
TCP-MIB::tcpConnLocalPort.192.168.11.32.3260.192.168.14.225.36163 = INTEGER: 3260
TCP-MIB::tcpConnLocalPort.192.168.11.32.3260.192.168.14.231.34542 = INTEGER: 3260
TCP-MIB::tcpConnLocalPort.192.168.11.32.3260.192.168.14.232.59005 = INTEGER: 3260
TCP-MIB::tcpConnLocalPort.192.168.11.32.3260.192.168.14.233.51404 = INTEGER: 3260
TCP-MIB::tcpConnLocalPort.192.168.11.32.3260.192.168.14.234.54003 = INTEGER: 3260
TCP-MIB::tcpConnLocalPort.192.168.11.32.3260.192.168.14.235.43999 = INTEGER: 3260
TCP-MIB::tcpConnLocalPort.192.168.11.32.3260.192.168.14.236.51523 = INTEGER: 3260
TCP-MIB::tcpConnRemAddress.0.0.0.0.22.0.0.0.0.0 = IpAddress: 0.0.0.0
TCP-MIB::tcpConnRemAddress.0.0.0.0.23.0.0.0.0.0 = IpAddress: 0.0.0.0
TCP-MIB::tcpConnRemAddress.0.0.0.0.111.0.0.0.0.0 = IpAddress: 0.0.0.0
TCP-MIB::tcpConnRemAddress.0.0.0.0.139.0.0.0.0.0 = IpAddress: 0.0.0.0
TCP-MIB::tcpConnRemAddress.0.0.0.0.443.0.0.0.0.0 = IpAddress: 0.0.0.0
TCP-MIB::tcpConnRemAddress.0.0.0.0.445.0.0.0.0.0 = IpAddress: 0.0.0.0
TCP-MIB::tcpConnRemAddress.0.0.0.0.514.0.0.0.0.0 = IpAddress: 0.0.0.0
TCP-MIB::tcpConnRemAddress.0.0.0.0.951.0.0.0.0.0 = IpAddress: 0.0.0.0
TCP-MIB::tcpConnRemAddress.0.0.0.0.2049.0.0.0.0.0 = IpAddress: 0.0.0.0
TCP-MIB::tcpConnRemAddress.0.0.0.0.3260.0.0.0.0.0 = IpAddress: 0.0.0.0
TCP-MIB::tcpConnRemAddress.0.0.0.0.4045.0.0.0.0.0 = IpAddress: 0.0.0.0
TCP-MIB::tcpConnRemAddress.0.0.0.0.4046.0.0.0.0.0 = IpAddress: 0.0.0.0
TCP-MIB::tcpConnRemAddress.0.0.0.0.4047.0.0.0.0.0 = IpAddress: 0.0.0.0
TCP-MIB::tcpConnRemAddress.0.0.0.0.8023.0.0.0.0.0 = IpAddress: 0.0.0.0
TCP-MIB::tcpConnRemAddress.0.0.0.0.8514.0.0.0.0.0 = IpAddress: 0.0.0.0
TCP-MIB::tcpConnRemAddress.0.0.0.0.10567.0.0.0.0.0 = IpAddress: 0.0.0.0
TCP-MIB::tcpConnRemAddress.0.0.0.0.10568.0.0.0.0.0 = IpAddress: 0.0.0.0
TCP-MIB::tcpConnRemAddress.0.0.0.0.10569.0.0.0.0.0 = IpAddress: 0.0.0.0
TCP-MIB::tcpConnRemAddress.127.0.20.1.5939.0.0.0.0.0 = IpAddress: 0.0.0.0
TCP-MIB::tcpConnRemAddress.127.0.20.1.29467.127.0.10.1.7951 = IpAddress: 127.0.10.1
TCP-MIB::tcpConnRemAddress.192.168.11.32.2049.192.168.12.204.874 = IpAddress: 192.168.12.204
TCP-MIB::tcpConnRemAddress.192.168.11.32.2049.192.168.12.205.1003 = IpAddress: 192.168.12.205
TCP-MIB::tcpConnRemAddress.192.168.11.32.2049.192.168.12.206.924 = IpAddress: 192.168.12.206
TCP-MIB::tcpConnRemAddress.192.168.11.32.2049.192.168.14.12.694 = IpAddress: 192.168.14.12
TCP-MIB::tcpConnRemAddress.192.168.11.32.2049.192.168.14.13.1022 = IpAddress: 192.168.14.13
TCP-MIB::tcpConnRemAddress.192.168.11.32.2049.192.168.14.14.671 = IpAddress: 192.168.14.14
TCP-MIB::tcpConnRemAddress.192.168.11.32.2049.192.168.14.15.1011 = IpAddress: 192.168.14.15
TCP-MIB::tcpConnRemAddress.192.168.11.32.3260.192.168.11.25.43966 = IpAddress: 192.168.11.25
TCP-MIB::tcpConnRemAddress.192.168.11.32.3260.192.168.11.26.42324 = IpAddress: 192.168.11.26
TCP-MIB::tcpConnRemAddress.192.168.11.32.3260.192.168.11.27.37314 = IpAddress: 192.168.11.27
TCP-MIB::tcpConnRemAddress.192.168.11.32.3260.192.168.14.221.47865 = IpAddress: 192.168.14.221
TCP-MIB::tcpConnRemAddress.192.168.11.32.3260.192.168.14.222.47340 = IpAddress: 192.168.14.222
TCP-MIB::tcpConnRemAddress.192.168.11.32.3260.192.168.14.223.54061 = IpAddress: 192.168.14.223
TCP-MIB::tcpConnRemAddress.192.168.11.32.3260.192.168.14.224.34380 = IpAddress: 192.168.14.224
TCP-MIB::tcpConnRemAddress.192.168.11.32.3260.192.168.14.225.36163 = IpAddress: 192.168.14.225
TCP-MIB::tcpConnRemAddress.192.168.11.32.3260.192.168.14.231.34542 = IpAddress: 192.168.14.231
TCP-MIB::tcpConnRemAddress.192.168.11.32.3260.192.168.14.232.59005 = IpAddress: 192.168.14.232
TCP-MIB::tcpConnRemAddress.192.168.11.32.3260.192.168.14.233.51404 = IpAddress: 192.168.14.233
TCP-MIB::tcpConnRemAddress.192.168.11.32.3260.192.168.14.234.54003 = IpAddress: 192.168.14.234
TCP-MIB::tcpConnRemAddress.192.168.11.32.3260.192.168.14.235.43999 = IpAddress: 192.168.14.235
TCP-MIB::tcpConnRemAddress.192.168.11.32.3260.192.168.14.236.51523 = IpAddress: 192.168.14.236
TCP-MIB::tcpConnRemPort.0.0.0.0.22.0.0.0.0.0 = INTEGER: 0
TCP-MIB::tcpConnRemPort.0.0.0.0.23.0.0.0.0.0 = INTEGER: 0
TCP-MIB::tcpConnRemPort.0.0.0.0.111.0.0.0.0.0 = INTEGER: 0
TCP-MIB::tcpConnRemPort.0.0.0.0.139.0.0.0.0.0 = INTEGER: 0
TCP-MIB::tcpConnRemPort.0.0.0.0.443.0.0.0.0.0 = INTEGER: 0
TCP-MIB::tcpConnRemPort.0.0.0.0.445.0.0.0.0.0 = INTEGER: 0
TCP-MIB::tcpConnRemPort.0.0.0.0.514.0.0.0.0.0 = INTEGER: 0
TCP-MIB::tcpConnRemPort.0.0.0.0.951.0.0.0.0.0 = INTEGER: 0
TCP-MIB::tcpConnRemPort.0.0.0.0.2049.0.0.0.0.0 = INTEGER: 0
TCP-MIB::tcpConnRemPort.0.0.0.0.3260.0.0.0.0.0 = INTEGER: 0
TCP-MIB::tcpConnRemPort.0.0.0.0.4045.0.0.0.0.0 = INTEGER: 0
TCP-MIB::tcpConnRemPort.0.0.0.0.4046.0.0.0.0.0 = INTEGER: 0
TCP-MIB::tcpConnRemPort.0.0.0.0.4047.0.0.0.0.0 = INTEGER: 0
TCP-MIB::tcpConnRemPort.0.0.0.0.8023.0.0.0.0.0 = INTEGER: 0
TCP-MIB::tcpConnRemPort.0.0.0.0.8514.0.0.0.0.0 = INTEGER: 0
TCP-MIB::tcpConnRemPort.0.0.0.0.10567.0.0.0.0.0 = INTEGER: 0
TCP-MIB::tcpConnRemPort.0.0.0.0.10568.0.0.0.0.0 = INTEGER: 0
TCP-MIB::tcpConnRemPort.0.0.0.0.10569.0.0.0.0.0 = INTEGER: 0
TCP-MIB::tcpConnRemPort.127.0.20.1.5939.0.0.0.0.0 = INTEGER: 0
TCP-MIB::tcpConnRemPort.127.0.20.1.29467.127.0.10.1.7951 = INTEGER: 7951
TCP-MIB::tcpConnRemPort.192.168.11.32.2049.192.168.12.204.874 = INTEGER: 874
TCP-MIB::tcpConnRemPort.192.168.11.32.2049.192.168.12.205.1003 = INTEGER: 1003
TCP-MIB::tcpConnRemPort.192.168.11.32.2049.192.168.12.206.924 = INTEGER: 924
TCP-MIB::tcpConnRemPort.192.168.11.32.2049.192.168.14.12.694 = INTEGER: 694
TCP-MIB::tcpConnRemPort.192.168.11.32.2049.192.168.14.13.1022 = INTEGER: 1022
TCP-MIB::tcpConnRemPort.192.168.11.32.2049.192.168.14.14.671 = INTEGER: 671
TCP-MIB::tcpConnRemPort.192.168.11.32.2049.192.168.14.15.1011 = INTEGER: 1011
TCP-MIB::tcpConnRemPort.192.168.11.32.3260.192.168.11.25.43966 = INTEGER: 43966
TCP-MIB::tcpConnRemPort.192.168.11.32.3260.192.168.11.26.42324 = INTEGER: 42324
TCP-MIB::tcpConnRemPort.192.168.11.32.3260.192.168.11.27.37314 = INTEGER: 37314
TCP-MIB::tcpConnRemPort.192.168.11.32.3260.192.168.14.221.47865 = INTEGER: 47865
TCP-MIB::tcpConnRemPort.192.168.11.32.3260.192.168.14.222.47340 = INTEGER: 47340
TCP-MIB::tcpConnRemPort.192.168.11.32.3260.192.168.14.223.54061 = INTEGER: 54061
TCP-MIB::tcpConnRemPort.192.168.11.32.3260.192.168.14.224.34380 = INTEGER: 34380
TCP-MIB::tcpConnRemPort.192.168.11.32.3260.192.168.14.225.36163 = INTEGER: 36163
TCP-MIB::tcpConnRemPort.192.168.11.32.3260.192.168.14.231.34542 = INTEGER: 34542
TCP-MIB::tcpConnRemPort.192.168.11.32.3260.192.168.14.232.59005 = INTEGER: 59005
TCP-MIB::tcpConnRemPort.192.168.11.32.3260.192.168.14.233.51404 = INTEGER: 51404
TCP-MIB::tcpConnRemPort.192.168.11.32.3260.192.168.14.234.54003 = INTEGER: 54003
TCP-MIB::tcpConnRemPort.192.168.11.32.3260.192.168.14.235.43999 = INTEGER: 43999
TCP-MIB::tcpConnRemPort.192.168.11.32.3260.192.168.14.236.51523 = INTEGER: 51523
TCP-MIB::tcpInErrs.0 = Counter32: 0
TCP-MIB::tcpOutRsts.0 = Counter32: 4331675
TCP-MIB::tcpHCInSegs.0 = Counter64: 22420715976
TCP-MIB::tcpHCOutSegs.0 = Counter64: 12909996199
TCP-MIB::tcpConnectionLocalAddressType.ipv4.127.0.20.1.29467.1.127.0.10.1.7951 = INTEGER: ipv4(1)
TCP-MIB::tcpConnectionLocalAddressType.ipv4.192.168.11.32.2049.1.192.168.12.204.874 = INTEGER: ipv4(1)
TCP-MIB::tcpConnectionLocalAddressType.ipv4.192.168.11.32.2049.1.192.168.12.205.1003 = INTEGER: ipv4(1)
TCP-MIB::tcpConnectionLocalAddressType.ipv4.192.168.11.32.2049.1.192.168.12.206.924 = INTEGER: ipv4(1)
TCP-MIB::tcpConnectionLocalAddressType.ipv4.192.168.11.32.2049.1.192.168.14.12.694 = INTEGER: ipv4(1)
TCP-MIB::tcpConnectionLocalAddressType.ipv4.192.168.11.32.2049.1.192.168.14.13.1022 = INTEGER: ipv4(1)
TCP-MIB::tcpConnectionLocalAddressType.ipv4.192.168.11.32.2049.1.192.168.14.14.671 = INTEGER: ipv4(1)
TCP-MIB::tcpConnectionLocalAddressType.ipv4.192.168.11.32.2049.1.192.168.14.15.1011 = INTEGER: ipv4(1)
TCP-MIB::tcpConnectionLocalAddressType.ipv4.192.168.11.32.3260.1.192.168.11.25.43966 = INTEGER: ipv4(1)
TCP-MIB::tcpConnectionLocalAddressType.ipv4.192.168.11.32.3260.1.192.168.11.26.42324 = INTEGER: ipv4(1)
TCP-MIB::tcpConnectionLocalAddressType.ipv4.192.168.11.32.3260.1.192.168.11.27.37314 = INTEGER: ipv4(1)
TCP-MIB::tcpConnectionLocalAddressType.ipv4.192.168.11.32.3260.1.192.168.14.221.47865 = INTEGER: ipv4(1)
TCP-MIB::tcpConnectionLocalAddressType.ipv4.192.168.11.32.3260.1.192.168.14.222.47340 = INTEGER: ipv4(1)
TCP-MIB::tcpConnectionLocalAddressType.ipv4.192.168.11.32.3260.1.192.168.14.223.54061 = INTEGER: ipv4(1)
TCP-MIB::tcpConnectionLocalAddressType.ipv4.192.168.11.32.3260.1.192.168.14.224.34380 = INTEGER: ipv4(1)
TCP-MIB::tcpConnectionLocalAddressType.ipv4.192.168.11.32.3260.1.192.168.14.225.36163 = INTEGER: ipv4(1)
TCP-MIB::tcpConnectionLocalAddressType.ipv4.192.168.11.32.3260.1.192.168.14.231.34542 = INTEGER: ipv4(1)
TCP-MIB::tcpConnectionLocalAddressType.ipv4.192.168.11.32.3260.1.192.168.14.232.59005 = INTEGER: ipv4(1)
TCP-MIB::tcpConnectionLocalAddressType.ipv4.192.168.11.32.3260.1.192.168.14.233.51404 = INTEGER: ipv4(1)
TCP-MIB::tcpConnectionLocalAddressType.ipv4.192.168.11.32.3260.1.192.168.14.234.54003 = INTEGER: ipv4(1)
TCP-MIB::tcpConnectionLocalAddressType.ipv4.192.168.11.32.3260.1.192.168.14.235.43999 = INTEGER: ipv4(1)
TCP-MIB::tcpConnectionLocalAddressType.ipv4.192.168.11.32.3260.1.192.168.14.236.51523 = INTEGER: ipv4(1)
TCP-MIB::tcpConnectionLocalAddress.ipv4.127.0.20.1.29467.1.127.0.10.1.7951 = Hex-STRING: 7F 00 14 01 
TCP-MIB::tcpConnectionLocalAddress.ipv4.192.168.11.32.2049.1.192.168.12.204.874 = Hex-STRING: C0 A8 0B 20 
TCP-MIB::tcpConnectionLocalAddress.ipv4.192.168.11.32.2049.1.192.168.12.205.1003 = Hex-STRING: C0 A8 0B 20 
TCP-MIB::tcpConnectionLocalAddress.ipv4.192.168.11.32.2049.1.192.168.12.206.924 = Hex-STRING: C0 A8 0B 20 
TCP-MIB::tcpConnectionLocalAddress.ipv4.192.168.11.32.2049.1.192.168.14.12.694 = Hex-STRING: C0 A8 0B 20 
TCP-MIB::tcpConnectionLocalAddress.ipv4.192.168.11.32.2049.1.192.168.14.13.1022 = Hex-STRING: C0 A8 0B 20 
TCP-MIB::tcpConnectionLocalAddress.ipv4.192.168.11.32.2049.1.192.168.14.14.671 = Hex-STRING: C0 A8 0B 20 
TCP-MIB::tcpConnectionLocalAddress.ipv4.192.168.11.32.2049.1.192.168.14.15.1011 = Hex-STRING: C0 A8 0B 20 
TCP-MIB::tcpConnectionLocalAddress.ipv4.192.168.11.32.3260.1.192.168.11.25.43966 = Hex-STRING: C0 A8 0B 20 
TCP-MIB::tcpConnectionLocalAddress.ipv4.192.168.11.32.3260.1.192.168.11.26.42324 = Hex-STRING: C0 A8 0B 20 
TCP-MIB::tcpConnectionLocalAddress.ipv4.192.168.11.32.3260.1.192.168.11.27.37314 = Hex-STRING: C0 A8 0B 20 
TCP-MIB::tcpConnectionLocalAddress.ipv4.192.168.11.32.3260.1.192.168.14.221.47865 = Hex-STRING: C0 A8 0B 20 
TCP-MIB::tcpConnectionLocalAddress.ipv4.192.168.11.32.3260.1.192.168.14.222.47340 = Hex-STRING: C0 A8 0B 20 
TCP-MIB::tcpConnectionLocalAddress.ipv4.192.168.11.32.3260.1.192.168.14.223.54061 = Hex-STRING: C0 A8 0B 20 
TCP-MIB::tcpConnectionLocalAddress.ipv4.192.168.11.32.3260.1.192.168.14.224.34380 = Hex-STRING: C0 A8 0B 20 
TCP-MIB::tcpConnectionLocalAddress.ipv4.192.168.11.32.3260.1.192.168.14.225.36163 = Hex-STRING: C0 A8 0B 20 
TCP-MIB::tcpConnectionLocalAddress.ipv4.192.168.11.32.3260.1.192.168.14.231.34542 = Hex-STRING: C0 A8 0B 20 
TCP-MIB::tcpConnectionLocalAddress.ipv4.192.168.11.32.3260.1.192.168.14.232.59005 = Hex-STRING: C0 A8 0B 20 
TCP-MIB::tcpConnectionLocalAddress.ipv4.192.168.11.32.3260.1.192.168.14.233.51404 = Hex-STRING: C0 A8 0B 20 
TCP-MIB::tcpConnectionLocalAddress.ipv4.192.168.11.32.3260.1.192.168.14.234.54003 = Hex-STRING: C0 A8 0B 20 
TCP-MIB::tcpConnectionLocalAddress.ipv4.192.168.11.32.3260.1.192.168.14.235.43999 = Hex-STRING: C0 A8 0B 20 
TCP-MIB::tcpConnectionLocalAddress.ipv4.192.168.11.32.3260.1.192.168.14.236.51523 = Hex-STRING: C0 A8 0B 20 
TCP-MIB::tcpConnectionLocalPort.ipv4.127.0.20.1.29467.1.127.0.10.1.7951 = Wrong Type (should be Gauge32 or Unsigned32): INTEGER: 29467
TCP-MIB::tcpConnectionLocalPort.ipv4.192.168.11.32.2049.1.192.168.12.204.874 = Wrong Type (should be Gauge32 or Unsigned32): INTEGER: 2049
TCP-MIB::tcpConnectionLocalPort.ipv4.192.168.11.32.2049.1.192.168.12.205.1003 = Wrong Type (should be Gauge32 or Unsigned32): INTEGER: 2049
TCP-MIB::tcpConnectionLocalPort.ipv4.192.168.11.32.2049.1.192.168.12.206.924 = Wrong Type (should be Gauge32 or Unsigned32): INTEGER: 2049
TCP-MIB::tcpConnectionLocalPort.ipv4.192.168.11.32.2049.1.192.168.14.12.694 = Wrong Type (should be Gauge32 or Unsigned32): INTEGER: 2049
TCP-MIB::tcpConnectionLocalPort.ipv4.192.168.11.32.2049.1.192.168.14.13.1022 = Wrong Type (should be Gauge32 or Unsigned32): INTEGER: 2049
TCP-MIB::tcpConnectionLocalPort.ipv4.192.168.11.32.2049.1.192.168.14.14.671 = Wrong Type (should be Gauge32 or Unsigned32): INTEGER: 2049
TCP-MIB::tcpConnectionLocalPort.ipv4.192.168.11.32.2049.1.192.168.14.15.1011 = Wrong Type (should be Gauge32 or Unsigned32): INTEGER: 2049
TCP-MIB::tcpConnectionLocalPort.ipv4.192.168.11.32.3260.1.192.168.11.25.43966 = Wrong Type (should be Gauge32 or Unsigned32): INTEGER: 3260
TCP-MIB::tcpConnectionLocalPort.ipv4.192.168.11.32.3260.1.192.168.11.26.42324 = Wrong Type (should be Gauge32 or Unsigned32): INTEGER: 3260
TCP-MIB::tcpConnectionLocalPort.ipv4.192.168.11.32.3260.1.192.168.11.27.37314 = Wrong Type (should be Gauge32 or Unsigned32): INTEGER: 3260
TCP-MIB::tcpConnectionLocalPort.ipv4.192.168.11.32.3260.1.192.168.14.221.47865 = Wrong Type (should be Gauge32 or Unsigned32): INTEGER: 3260
TCP-MIB::tcpConnectionLocalPort.ipv4.192.168.11.32.3260.1.192.168.14.222.47340 = Wrong Type (should be Gauge32 or Unsigned32): INTEGER: 3260
TCP-MIB::tcpConnectionLocalPort.ipv4.192.168.11.32.3260.1.192.168.14.223.54061 = Wrong Type (should be Gauge32 or Unsigned32): INTEGER: 3260
TCP-MIB::tcpConnectionLocalPort.ipv4.192.168.11.32.3260.1.192.168.14.224.34380 = Wrong Type (should be Gauge32 or Unsigned32): INTEGER: 3260
TCP-MIB::tcpConnectionLocalPort.ipv4.192.168.11.32.3260.1.192.168.14.225.36163 = Wrong Type (should be Gauge32 or Unsigned32): INTEGER: 3260
TCP-MIB::tcpConnectionLocalPort.ipv4.192.168.11.32.3260.1.192.168.14.231.34542 = Wrong Type (should be Gauge32 or Unsigned32): INTEGER: 3260
TCP-MIB::tcpConnectionLocalPort.ipv4.192.168.11.32.3260.1.192.168.14.232.59005 = Wrong Type (should be Gauge32 or Unsigned32): INTEGER: 3260
TCP-MIB::tcpConnectionLocalPort.ipv4.192.168.11.32.3260.1.192.168.14.233.51404 = Wrong Type (should be Gauge32 or Unsigned32): INTEGER: 3260
TCP-MIB::tcpConnectionLocalPort.ipv4.192.168.11.32.3260.1.192.168.14.234.54003 = Wrong Type (should be Gauge32 or Unsigned32): INTEGER: 3260
TCP-MIB::tcpConnectionLocalPort.ipv4.192.168.11.32.3260.1.192.168.14.235.43999 = Wrong Type (should be Gauge32 or Unsigned32): INTEGER: 3260
TCP-MIB::tcpConnectionLocalPort.ipv4.192.168.11.32.3260.1.192.168.14.236.51523 = Wrong Type (should be Gauge32 or Unsigned32): INTEGER: 3260
TCP-MIB::tcpConnectionRemAddressType.ipv4.127.0.20.1.29467.1.127.0.10.1.7951 = INTEGER: ipv4(1)
TCP-MIB::tcpConnectionRemAddressType.ipv4.192.168.11.32.2049.1.192.168.12.204.874 = INTEGER: ipv4(1)
TCP-MIB::tcpConnectionRemAddressType.ipv4.192.168.11.32.2049.1.192.168.12.205.1003 = INTEGER: ipv4(1)
TCP-MIB::tcpConnectionRemAddressType.ipv4.192.168.11.32.2049.1.192.168.12.206.924 = INTEGER: ipv4(1)
TCP-MIB::tcpConnectionRemAddressType.ipv4.192.168.11.32.2049.1.192.168.14.12.694 = INTEGER: ipv4(1)
TCP-MIB::tcpConnectionRemAddressType.ipv4.192.168.11.32.2049.1.192.168.14.13.1022 = INTEGER: ipv4(1)
TCP-MIB::tcpConnectionRemAddressType.ipv4.192.168.11.32.2049.1.192.168.14.14.671 = INTEGER: ipv4(1)
TCP-MIB::tcpConnectionRemAddressType.ipv4.192.168.11.32.2049.1.192.168.14.15.1011 = INTEGER: ipv4(1)
TCP-MIB::tcpConnectionRemAddressType.ipv4.192.168.11.32.3260.1.192.168.11.25.43966 = INTEGER: ipv4(1)
TCP-MIB::tcpConnectionRemAddressType.ipv4.192.168.11.32.3260.1.192.168.11.26.42324 = INTEGER: ipv4(1)
TCP-MIB::tcpConnectionRemAddressType.ipv4.192.168.11.32.3260.1.192.168.11.27.37314 = INTEGER: ipv4(1)
TCP-MIB::tcpConnectionRemAddressType.ipv4.192.168.11.32.3260.1.192.168.14.221.47865 = INTEGER: ipv4(1)
TCP-MIB::tcpConnectionRemAddressType.ipv4.192.168.11.32.3260.1.192.168.14.222.47340 = INTEGER: ipv4(1)
TCP-MIB::tcpConnectionRemAddressType.ipv4.192.168.11.32.3260.1.192.168.14.223.54061 = INTEGER: ipv4(1)
TCP-MIB::tcpConnectionRemAddressType.ipv4.192.168.11.32.3260.1.192.168.14.224.34380 = INTEGER: ipv4(1)
TCP-MIB::tcpConnectionRemAddressType.ipv4.192.168.11.32.3260.1.192.168.14.225.36163 = INTEGER: ipv4(1)
TCP-MIB::tcpConnectionRemAddressType.ipv4.192.168.11.32.3260.1.192.168.14.231.34542 = INTEGER: ipv4(1)
TCP-MIB::tcpConnectionRemAddressType.ipv4.192.168.11.32.3260.1.192.168.14.232.59005 = INTEGER: ipv4(1)
TCP-MIB::tcpConnectionRemAddressType.ipv4.192.168.11.32.3260.1.192.168.14.233.51404 = INTEGER: ipv4(1)
TCP-MIB::tcpConnectionRemAddressType.ipv4.192.168.11.32.3260.1.192.168.14.234.54003 = INTEGER: ipv4(1)
TCP-MIB::tcpConnectionRemAddressType.ipv4.192.168.11.32.3260.1.192.168.14.235.43999 = INTEGER: ipv4(1)
TCP-MIB::tcpConnectionRemAddressType.ipv4.192.168.11.32.3260.1.192.168.14.236.51523 = INTEGER: ipv4(1)
TCP-MIB::tcpConnectionRemAddress.ipv4.127.0.20.1.29467.1.127.0.10.1.7951 = Hex-STRING: 7F 00 0A 01 
TCP-MIB::tcpConnectionRemAddress.ipv4.192.168.11.32.2049.1.192.168.12.204.874 = Hex-STRING: C0 A8 0C CC 
TCP-MIB::tcpConnectionRemAddress.ipv4.192.168.11.32.2049.1.192.168.12.205.1003 = Hex-STRING: C0 A8 0C CD 
TCP-MIB::tcpConnectionRemAddress.ipv4.192.168.11.32.2049.1.192.168.12.206.924 = Hex-STRING: C0 A8 0C CE 
TCP-MIB::tcpConnectionRemAddress.ipv4.192.168.11.32.2049.1.192.168.14.12.694 = Hex-STRING: C0 A8 0E 0C 
TCP-MIB::tcpConnectionRemAddress.ipv4.192.168.11.32.2049.1.192.168.14.13.1022 = Hex-STRING: C0 A8 0E 0D 
TCP-MIB::tcpConnectionRemAddress.ipv4.192.168.11.32.2049.1.192.168.14.14.671 = Hex-STRING: C0 A8 0E 0E 
TCP-MIB::tcpConnectionRemAddress.ipv4.192.168.11.32.2049.1.192.168.14.15.1011 = Hex-STRING: C0 A8 0E 0F 
TCP-MIB::tcpConnectionRemAddress.ipv4.192.168.11.32.3260.1.192.168.11.25.43966 = Hex-STRING: C0 A8 0B 19 
TCP-MIB::tcpConnectionRemAddress.ipv4.192.168.11.32.3260.1.192.168.11.26.42324 = Hex-STRING: C0 A8 0B 1A 
TCP-MIB::tcpConnectionRemAddress.ipv4.192.168.11.32.3260.1.192.168.11.27.37314 = Hex-STRING: C0 A8 0B 1B 
TCP-MIB::tcpConnectionRemAddress.ipv4.192.168.11.32.3260.1.192.168.14.221.47865 = Hex-STRING: C0 A8 0E DD 
TCP-MIB::tcpConnectionRemAddress.ipv4.192.168.11.32.3260.1.192.168.14.222.47340 = Hex-STRING: C0 A8 0E DE 
TCP-MIB::tcpConnectionRemAddress.ipv4.192.168.11.32.3260.1.192.168.14.223.54061 = Hex-STRING: C0 A8 0E DF 
TCP-MIB::tcpConnectionRemAddress.ipv4.192.168.11.32.3260.1.192.168.14.224.34380 = Hex-STRING: C0 A8 0E E0 
TCP-MIB::tcpConnectionRemAddress.ipv4.192.168.11.32.3260.1.192.168.14.225.36163 = Hex-STRING: C0 A8 0E E1 
TCP-MIB::tcpConnectionRemAddress.ipv4.192.168.11.32.3260.1.192.168.14.231.34542 = Hex-STRING: C0 A8 0E E7 
TCP-MIB::tcpConnectionRemAddress.ipv4.192.168.11.32.3260.1.192.168.14.232.59005 = Hex-STRING: C0 A8 0E E8 
TCP-MIB::tcpConnectionRemAddress.ipv4.192.168.11.32.3260.1.192.168.14.233.51404 = Hex-STRING: C0 A8 0E E9 
TCP-MIB::tcpConnectionRemAddress.ipv4.192.168.11.32.3260.1.192.168.14.234.54003 = Hex-STRING: C0 A8 0E EA 
TCP-MIB::tcpConnectionRemAddress.ipv4.192.168.11.32.3260.1.192.168.14.235.43999 = Hex-STRING: C0 A8 0E EB 
TCP-MIB::tcpConnectionRemAddress.ipv4.192.168.11.32.3260.1.192.168.14.236.51523 = Hex-STRING: C0 A8 0E EC 
TCP-MIB::tcpConnectionRemPort.ipv4.127.0.20.1.29467.1.127.0.10.1.7951 = Wrong Type (should be Gauge32 or Unsigned32): INTEGER: 7951
TCP-MIB::tcpConnectionRemPort.ipv4.192.168.11.32.2049.1.192.168.12.204.874 = Wrong Type (should be Gauge32 or Unsigned32): INTEGER: 874
TCP-MIB::tcpConnectionRemPort.ipv4.192.168.11.32.2049.1.192.168.12.205.1003 = Wrong Type (should be Gauge32 or Unsigned32): INTEGER: 1003
TCP-MIB::tcpConnectionRemPort.ipv4.192.168.11.32.2049.1.192.168.12.206.924 = Wrong Type (should be Gauge32 or Unsigned32): INTEGER: 924
TCP-MIB::tcpConnectionRemPort.ipv4.192.168.11.32.2049.1.192.168.14.12.694 = Wrong Type (should be Gauge32 or Unsigned32): INTEGER: 694
TCP-MIB::tcpConnectionRemPort.ipv4.192.168.11.32.2049.1.192.168.14.13.1022 = Wrong Type (should be Gauge32 or Unsigned32): INTEGER: 1022
TCP-MIB::tcpConnectionRemPort.ipv4.192.168.11.32.2049.1.192.168.14.14.671 = Wrong Type (should be Gauge32 or Unsigned32): INTEGER: 671
TCP-MIB::tcpConnectionRemPort.ipv4.192.168.11.32.2049.1.192.168.14.15.1011 = Wrong Type (should be Gauge32 or Unsigned32): INTEGER: 1011
TCP-MIB::tcpConnectionRemPort.ipv4.192.168.11.32.3260.1.192.168.11.25.43966 = Wrong Type (should be Gauge32 or Unsigned32): INTEGER: 43966
TCP-MIB::tcpConnectionRemPort.ipv4.192.168.11.32.3260.1.192.168.11.26.42324 = Wrong Type (should be Gauge32 or Unsigned32): INTEGER: 42324
TCP-MIB::tcpConnectionRemPort.ipv4.192.168.11.32.3260.1.192.168.11.27.37314 = Wrong Type (should be Gauge32 or Unsigned32): INTEGER: 37314
TCP-MIB::tcpConnectionRemPort.ipv4.192.168.11.32.3260.1.192.168.14.221.47865 = Wrong Type (should be Gauge32 or Unsigned32): INTEGER: 47865
TCP-MIB::tcpConnectionRemPort.ipv4.192.168.11.32.3260.1.192.168.14.222.47340 = Wrong Type (should be Gauge32 or Unsigned32): INTEGER: 47340
TCP-MIB::tcpConnectionRemPort.ipv4.192.168.11.32.3260.1.192.168.14.223.54061 = Wrong Type (should be Gauge32 or Unsigned32): INTEGER: 54061
TCP-MIB::tcpConnectionRemPort.ipv4.192.168.11.32.3260.1.192.168.14.224.34380 = Wrong Type (should be Gauge32 or Unsigned32): INTEGER: 34380
TCP-MIB::tcpConnectionRemPort.ipv4.192.168.11.32.3260.1.192.168.14.225.36163 = Wrong Type (should be Gauge32 or Unsigned32): INTEGER: 36163
TCP-MIB::tcpConnectionRemPort.ipv4.192.168.11.32.3260.1.192.168.14.231.34542 = Wrong Type (should be Gauge32 or Unsigned32): INTEGER: 34542
TCP-MIB::tcpConnectionRemPort.ipv4.192.168.11.32.3260.1.192.168.14.232.59005 = Wrong Type (should be Gauge32 or Unsigned32): INTEGER: 59005
TCP-MIB::tcpConnectionRemPort.ipv4.192.168.11.32.3260.1.192.168.14.233.51404 = Wrong Type (should be Gauge32 or Unsigned32): INTEGER: 51404
TCP-MIB::tcpConnectionRemPort.ipv4.192.168.11.32.3260.1.192.168.14.234.54003 = Wrong Type (should be Gauge32 or Unsigned32): INTEGER: 54003
TCP-MIB::tcpConnectionRemPort.ipv4.192.168.11.32.3260.1.192.168.14.235.43999 = Wrong Type (should be Gauge32 or Unsigned32): INTEGER: 43999
TCP-MIB::tcpConnectionRemPort.ipv4.192.168.11.32.3260.1.192.168.14.236.51523 = Wrong Type (should be Gauge32 or Unsigned32): INTEGER: 51523
TCP-MIB::tcpConnectionState.ipv4.127.0.20.1.29467.1.127.0.10.1.7951 = INTEGER: established(5)
TCP-MIB::tcpConnectionState.ipv4.192.168.11.32.2049.1.192.168.12.204.874 = INTEGER: established(5)
TCP-MIB::tcpConnectionState.ipv4.192.168.11.32.2049.1.192.168.12.205.1003 = INTEGER: established(5)
TCP-MIB::tcpConnectionState.ipv4.192.168.11.32.2049.1.192.168.12.206.924 = INTEGER: established(5)
TCP-MIB::tcpConnectionState.ipv4.192.168.11.32.2049.1.192.168.14.12.694 = INTEGER: established(5)
TCP-MIB::tcpConnectionState.ipv4.192.168.11.32.2049.1.192.168.14.13.1022 = INTEGER: established(5)
TCP-MIB::tcpConnectionState.ipv4.192.168.11.32.2049.1.192.168.14.14.671 = INTEGER: established(5)
TCP-MIB::tcpConnectionState.ipv4.192.168.11.32.2049.1.192.168.14.15.1011 = INTEGER: established(5)
TCP-MIB::tcpConnectionState.ipv4.192.168.11.32.3260.1.192.168.11.25.43966 = INTEGER: established(5)
TCP-MIB::tcpConnectionState.ipv4.192.168.11.32.3260.1.192.168.11.26.42324 = INTEGER: established(5)
TCP-MIB::tcpConnectionState.ipv4.192.168.11.32.3260.1.192.168.11.27.37314 = INTEGER: established(5)
TCP-MIB::tcpConnectionState.ipv4.192.168.11.32.3260.1.192.168.14.221.47865 = INTEGER: established(5)
TCP-MIB::tcpConnectionState.ipv4.192.168.11.32.3260.1.192.168.14.222.47340 = INTEGER: established(5)
TCP-MIB::tcpConnectionState.ipv4.192.168.11.32.3260.1.192.168.14.223.54061 = INTEGER: established(5)
TCP-MIB::tcpConnectionState.ipv4.192.168.11.32.3260.1.192.168.14.224.34380 = INTEGER: established(5)
TCP-MIB::tcpConnectionState.ipv4.192.168.11.32.3260.1.192.168.14.225.36163 = INTEGER: established(5)
TCP-MIB::tcpConnectionState.ipv4.192.168.11.32.3260.1.192.168.14.231.34542 = INTEGER: established(5)
TCP-MIB::tcpConnectionState.ipv4.192.168.11.32.3260.1.192.168.14.232.59005 = INTEGER: established(5)
TCP-MIB::tcpConnectionState.ipv4.192.168.11.32.3260.1.192.168.14.233.51404 = INTEGER: established(5)
TCP-MIB::tcpConnectionState.ipv4.192.168.11.32.3260.1.192.168.14.234.54003 = INTEGER: established(5)
TCP-MIB::tcpConnectionState.ipv4.192.168.11.32.3260.1.192.168.14.235.43999 = INTEGER: established(5)
TCP-MIB::tcpConnectionState.ipv4.192.168.11.32.3260.1.192.168.14.236.51523 = INTEGER: established(5)
TCP-MIB::tcpConnectionProcess.ipv4.127.0.20.1.29467.1.127.0.10.1.7951 = Wrong Type (should be Gauge32 or Unsigned32): INTEGER: -2141910792
TCP-MIB::tcpConnectionProcess.ipv4.192.168.11.32.2049.1.192.168.12.204.874 = Wrong Type (should be Gauge32 or Unsigned32): INTEGER: -2141910792
TCP-MIB::tcpConnectionProcess.ipv4.192.168.11.32.2049.1.192.168.12.205.1003 = Wrong Type (should be Gauge32 or Unsigned32): INTEGER: -2141910792
TCP-MIB::tcpConnectionProcess.ipv4.192.168.11.32.2049.1.192.168.12.206.924 = Wrong Type (should be Gauge32 or Unsigned32): INTEGER: -2141910792
TCP-MIB::tcpConnectionProcess.ipv4.192.168.11.32.2049.1.192.168.14.12.694 = Wrong Type (should be Gauge32 or Unsigned32): INTEGER: -2141910792
TCP-MIB::tcpConnectionProcess.ipv4.192.168.11.32.2049.1.192.168.14.13.1022 = Wrong Type (should be Gauge32 or Unsigned32): INTEGER: -2141910792
TCP-MIB::tcpConnectionProcess.ipv4.192.168.11.32.2049.1.192.168.14.14.671 = Wrong Type (should be Gauge32 or Unsigned32): INTEGER: -2141910792
TCP-MIB::tcpConnectionProcess.ipv4.192.168.11.32.2049.1.192.168.14.15.1011 = Wrong Type (should be Gauge32 or Unsigned32): INTEGER: -2141910792
TCP-MIB::tcpConnectionProcess.ipv4.192.168.11.32.3260.1.192.168.11.25.43966 = Wrong Type (should be Gauge32 or Unsigned32): INTEGER: -2141910792
TCP-MIB::tcpConnectionProcess.ipv4.192.168.11.32.3260.1.192.168.11.26.42324 = Wrong Type (should be Gauge32 or Unsigned32): INTEGER: -2141910792
TCP-MIB::tcpConnectionProcess.ipv4.192.168.11.32.3260.1.192.168.11.27.37314 = Wrong Type (should be Gauge32 or Unsigned32): INTEGER: -2141910792
TCP-MIB::tcpConnectionProcess.ipv4.192.168.11.32.3260.1.192.168.14.221.47865 = Wrong Type (should be Gauge32 or Unsigned32): INTEGER: -2141910792
TCP-MIB::tcpConnectionProcess.ipv4.192.168.11.32.3260.1.192.168.14.222.47340 = Wrong Type (should be Gauge32 or Unsigned32): INTEGER: -2141910792
TCP-MIB::tcpConnectionProcess.ipv4.192.168.11.32.3260.1.192.168.14.223.54061 = Wrong Type (should be Gauge32 or Unsigned32): INTEGER: -2141910792
TCP-MIB::tcpConnectionProcess.ipv4.192.168.11.32.3260.1.192.168.14.224.34380 = Wrong Type (should be Gauge32 or Unsigned32): INTEGER: -2141910792
TCP-MIB::tcpConnectionProcess.ipv4.192.168.11.32.3260.1.192.168.14.225.36163 = Wrong Type (should be Gauge32 or Unsigned32): INTEGER: -2141910792
TCP-MIB::tcpConnectionProcess.ipv4.192.168.11.32.3260.1.192.168.14.231.34542 = Wrong Type (should be Gauge32 or Unsigned32): INTEGER: -2141910792
TCP-MIB::tcpConnectionProcess.ipv4.192.168.11.32.3260.1.192.168.14.232.59005 = Wrong Type (should be Gauge32 or Unsigned32): INTEGER: -2141910792
TCP-MIB::tcpConnectionProcess.ipv4.192.168.11.32.3260.1.192.168.14.233.51404 = Wrong Type (should be Gauge32 or Unsigned32): INTEGER: -2141910792
TCP-MIB::tcpConnectionProcess.ipv4.192.168.11.32.3260.1.192.168.14.234.54003 = Wrong Type (should be Gauge32 or Unsigned32): INTEGER: -2141910792
TCP-MIB::tcpConnectionProcess.ipv4.192.168.11.32.3260.1.192.168.14.235.43999 = Wrong Type (should be Gauge32 or Unsigned32): INTEGER: -2141910792
TCP-MIB::tcpConnectionProcess.ipv4.192.168.11.32.3260.1.192.168.14.236.51523 = Wrong Type (should be Gauge32 or Unsigned32): INTEGER: -2141910792
TCP-MIB::tcpListenerLocalAddressType.ipv4."".0.0.0.22 = INTEGER: ipv4(1)
TCP-MIB::tcpListenerLocalAddressType.ipv4."".0.0.0.23 = INTEGER: ipv4(1)
TCP-MIB::tcpListenerLocalAddressType.ipv4."".0.0.0.111 = INTEGER: ipv4(1)
TCP-MIB::tcpListenerLocalAddressType.ipv4."".0.0.0.139 = INTEGER: ipv4(1)
TCP-MIB::tcpListenerLocalAddressType.ipv4."".0.0.0.443 = INTEGER: ipv4(1)
TCP-MIB::tcpListenerLocalAddressType.ipv4."".0.0.0.445 = INTEGER: ipv4(1)
TCP-MIB::tcpListenerLocalAddressType.ipv4."".0.0.0.514 = INTEGER: ipv4(1)
TCP-MIB::tcpListenerLocalAddressType.ipv4."".0.0.0.951 = INTEGER: ipv4(1)
TCP-MIB::tcpListenerLocalAddressType.ipv4."".0.0.0.2049 = INTEGER: ipv4(1)
TCP-MIB::tcpListenerLocalAddressType.ipv4."".0.0.0.3260 = INTEGER: ipv4(1)
TCP-MIB::tcpListenerLocalAddressType.ipv4."".0.0.0.4045 = INTEGER: ipv4(1)
TCP-MIB::tcpListenerLocalAddressType.ipv4."".0.0.0.4046 = INTEGER: ipv4(1)
TCP-MIB::tcpListenerLocalAddressType.ipv4."".0.0.0.4047 = INTEGER: ipv4(1)
TCP-MIB::tcpListenerLocalAddressType.ipv4."".0.0.0.8023 = INTEGER: ipv4(1)
TCP-MIB::tcpListenerLocalAddressType.ipv4."".0.0.0.8514 = INTEGER: ipv4(1)
TCP-MIB::tcpListenerLocalAddressType.ipv4."".0.0.0.10567 = INTEGER: ipv4(1)
TCP-MIB::tcpListenerLocalAddressType.ipv4."".0.0.0.10568 = INTEGER: ipv4(1)
TCP-MIB::tcpListenerLocalAddressType.ipv4."".0.0.0.10569 = INTEGER: ipv4(1)
TCP-MIB::tcpListenerLocalAddressType.ipv4.127.0.20.1.5939 = INTEGER: ipv4(1)
TCP-MIB::tcpListenerLocalAddress.ipv4."".0.0.0.22 = Hex-STRING: 00 00 00 00 
TCP-MIB::tcpListenerLocalAddress.ipv4."".0.0.0.23 = Hex-STRING: 00 00 00 00 
TCP-MIB::tcpListenerLocalAddress.ipv4."".0.0.0.111 = Hex-STRING: 00 00 00 00 
TCP-MIB::tcpListenerLocalAddress.ipv4."".0.0.0.139 = Hex-STRING: 00 00 00 00 
TCP-MIB::tcpListenerLocalAddress.ipv4."".0.0.0.443 = Hex-STRING: 00 00 00 00 
TCP-MIB::tcpListenerLocalAddress.ipv4."".0.0.0.445 = Hex-STRING: 00 00 00 00 
TCP-MIB::tcpListenerLocalAddress.ipv4."".0.0.0.514 = Hex-STRING: 00 00 00 00 
TCP-MIB::tcpListenerLocalAddress.ipv4."".0.0.0.951 = Hex-STRING: 00 00 00 00 
TCP-MIB::tcpListenerLocalAddress.ipv4."".0.0.0.2049 = Hex-STRING: 00 00 00 00 
TCP-MIB::tcpListenerLocalAddress.ipv4."".0.0.0.3260 = Hex-STRING: 00 00 00 00 
TCP-MIB::tcpListenerLocalAddress.ipv4."".0.0.0.4045 = Hex-STRING: 00 00 00 00 
TCP-MIB::tcpListenerLocalAddress.ipv4."".0.0.0.4046 = Hex-STRING: 00 00 00 00 
TCP-MIB::tcpListenerLocalAddress.ipv4."".0.0.0.4047 = Hex-STRING: 00 00 00 00 
TCP-MIB::tcpListenerLocalAddress.ipv4."".0.0.0.8023 = Hex-STRING: 00 00 00 00 
TCP-MIB::tcpListenerLocalAddress.ipv4."".0.0.0.8514 = Hex-STRING: 00 00 00 00 
TCP-MIB::tcpListenerLocalAddress.ipv4."".0.0.0.10567 = Hex-STRING: 00 00 00 00 
TCP-MIB::tcpListenerLocalAddress.ipv4."".0.0.0.10568 = Hex-STRING: 00 00 00 00 
TCP-MIB::tcpListenerLocalAddress.ipv4."".0.0.0.10569 = Hex-STRING: 00 00 00 00 
TCP-MIB::tcpListenerLocalAddress.ipv4.127.0.20.1.5939 = Hex-STRING: 7F 00 14 01 
TCP-MIB::tcpListenerLocalPort.ipv4."".0.0.0.22 = Wrong Type (should be Gauge32 or Unsigned32): INTEGER: 22
TCP-MIB::tcpListenerLocalPort.ipv4."".0.0.0.23 = Wrong Type (should be Gauge32 or Unsigned32): INTEGER: 23
TCP-MIB::tcpListenerLocalPort.ipv4."".0.0.0.111 = Wrong Type (should be Gauge32 or Unsigned32): INTEGER: 111
TCP-MIB::tcpListenerLocalPort.ipv4."".0.0.0.139 = Wrong Type (should be Gauge32 or Unsigned32): INTEGER: 139
TCP-MIB::tcpListenerLocalPort.ipv4."".0.0.0.443 = Wrong Type (should be Gauge32 or Unsigned32): INTEGER: 443
TCP-MIB::tcpListenerLocalPort.ipv4."".0.0.0.445 = Wrong Type (should be Gauge32 or Unsigned32): INTEGER: 445
TCP-MIB::tcpListenerLocalPort.ipv4."".0.0.0.514 = Wrong Type (should be Gauge32 or Unsigned32): INTEGER: 514
TCP-MIB::tcpListenerLocalPort.ipv4."".0.0.0.951 = Wrong Type (should be Gauge32 or Unsigned32): INTEGER: 951
TCP-MIB::tcpListenerLocalPort.ipv4."".0.0.0.2049 = Wrong Type (should be Gauge32 or Unsigned32): INTEGER: 2049
TCP-MIB::tcpListenerLocalPort.ipv4."".0.0.0.3260 = Wrong Type (should be Gauge32 or Unsigned32): INTEGER: 3260
TCP-MIB::tcpListenerLocalPort.ipv4."".0.0.0.4045 = Wrong Type (should be Gauge32 or Unsigned32): INTEGER: 4045
TCP-MIB::tcpListenerLocalPort.ipv4."".0.0.0.4046 = Wrong Type (should be Gauge32 or Unsigned32): INTEGER: 4046
TCP-MIB::tcpListenerLocalPort.ipv4."".0.0.0.4047 = Wrong Type (should be Gauge32 or Unsigned32): INTEGER: 4047
TCP-MIB::tcpListenerLocalPort.ipv4."".0.0.0.8023 = Wrong Type (should be Gauge32 or Unsigned32): INTEGER: 8023
TCP-MIB::tcpListenerLocalPort.ipv4."".0.0.0.8514 = Wrong Type (should be Gauge32 or Unsigned32): INTEGER: 8514
TCP-MIB::tcpListenerLocalPort.ipv4."".0.0.0.10567 = Wrong Type (should be Gauge32 or Unsigned32): INTEGER: 10567
TCP-MIB::tcpListenerLocalPort.ipv4."".0.0.0.10568 = Wrong Type (should be Gauge32 or Unsigned32): INTEGER: 10568
TCP-MIB::tcpListenerLocalPort.ipv4."".0.0.0.10569 = Wrong Type (should be Gauge32 or Unsigned32): INTEGER: 10569
TCP-MIB::tcpListenerLocalPort.ipv4.127.0.20.1.5939 = Wrong Type (should be Gauge32 or Unsigned32): INTEGER: 5939
TCP-MIB::tcpListenerProcess.ipv4."".0.0.0.22 = Wrong Type (should be Gauge32 or Unsigned32): INTEGER: -2141910792
TCP-MIB::tcpListenerProcess.ipv4."".0.0.0.23 = Wrong Type (should be Gauge32 or Unsigned32): INTEGER: -2141910792
TCP-MIB::tcpListenerProcess.ipv4."".0.0.0.111 = Wrong Type (should be Gauge32 or Unsigned32): INTEGER: -2141910792
TCP-MIB::tcpListenerProcess.ipv4."".0.0.0.139 = Wrong Type (should be Gauge32 or Unsigned32): INTEGER: -2141910792
TCP-MIB::tcpListenerProcess.ipv4."".0.0.0.443 = Wrong Type (should be Gauge32 or Unsigned32): INTEGER: -2141910792
TCP-MIB::tcpListenerProcess.ipv4."".0.0.0.445 = Wrong Type (should be Gauge32 or Unsigned32): INTEGER: -2141910792
TCP-MIB::tcpListenerProcess.ipv4."".0.0.0.514 = Wrong Type (should be Gauge32 or Unsigned32): INTEGER: -2141910792
TCP-MIB::tcpListenerProcess.ipv4."".0.0.0.951 = Wrong Type (should be Gauge32 or Unsigned32): INTEGER: -2141910792
TCP-MIB::tcpListenerProcess.ipv4."".0.0.0.2049 = Wrong Type (should be Gauge32 or Unsigned32): INTEGER: -2141910792
TCP-MIB::tcpListenerProcess.ipv4."".0.0.0.3260 = Wrong Type (should be Gauge32 or Unsigned32): INTEGER: -2141910792
TCP-MIB::tcpListenerProcess.ipv4."".0.0.0.4045 = Wrong Type (should be Gauge32 or Unsigned32): INTEGER: -2141910792
TCP-MIB::tcpListenerProcess.ipv4."".0.0.0.4046 = Wrong Type (should be Gauge32 or Unsigned32): INTEGER: -2141910792
TCP-MIB::tcpListenerProcess.ipv4."".0.0.0.4047 = Wrong Type (should be Gauge32 or Unsigned32): INTEGER: -2141910792
TCP-MIB::tcpListenerProcess.ipv4."".0.0.0.8023 = Wrong Type (should be Gauge32 or Unsigned32): INTEGER: -2141910792
TCP-MIB::tcpListenerProcess.ipv4."".0.0.0.8514 = Wrong Type (should be Gauge32 or Unsigned32): INTEGER: -2141910792
TCP-MIB::tcpListenerProcess.ipv4."".0.0.0.10567 = Wrong Type (should be Gauge32 or Unsigned32): INTEGER: -2141910792
TCP-MIB::tcpListenerProcess.ipv4."".0.0.0.10568 = Wrong Type (should be Gauge32 or Unsigned32): INTEGER: -2141910792
TCP-MIB::tcpListenerProcess.ipv4."".0.0.0.10569 = Wrong Type (should be Gauge32 or Unsigned32): INTEGER: -2141910792
TCP-MIB::tcpListenerProcess.ipv4.127.0.20.1.5939 = Wrong Type (should be Gauge32 or Unsigned32): INTEGER: -2141910792
UDP-MIB::udpInDatagrams.0 = Counter32: 30929652
UDP-MIB::udpNoPorts.0 = Counter32: 24039
UDP-MIB::udpInErrors.0 = Counter32: 0
UDP-MIB::udpOutDatagrams.0 = Counter32: 30807154
UDP-MIB::udpLocalAddress.0.0.0.0.69 = IpAddress: 0.0.0.0
UDP-MIB::udpLocalAddress.0.0.0.0.111 = IpAddress: 0.0.0.0
UDP-MIB::udpLocalAddress.0.0.0.0.137 = IpAddress: 0.0.0.0
UDP-MIB::udpLocalAddress.0.0.0.0.138 = IpAddress: 0.0.0.0
UDP-MIB::udpLocalAddress.0.0.0.0.161 = IpAddress: 0.0.0.0
UDP-MIB::udpLocalAddress.0.0.0.0.514 = IpAddress: 0.0.0.0
UDP-MIB::udpLocalAddress.0.0.0.0.520 = IpAddress: 0.0.0.0
UDP-MIB::udpLocalAddress.0.0.0.0.2049 = IpAddress: 0.0.0.0
UDP-MIB::udpLocalAddress.0.0.0.0.4045 = IpAddress: 0.0.0.0
UDP-MIB::udpLocalAddress.0.0.0.0.4046 = IpAddress: 0.0.0.0
UDP-MIB::udpLocalAddress.0.0.0.0.4047 = IpAddress: 0.0.0.0
UDP-MIB::udpLocalAddress.0.0.0.0.4049 = IpAddress: 0.0.0.0
UDP-MIB::udpLocalAddress.0.0.0.0.45879 = IpAddress: 0.0.0.0
UDP-MIB::udpLocalPort.0.0.0.0.69 = INTEGER: 69
UDP-MIB::udpLocalPort.0.0.0.0.111 = INTEGER: 111
UDP-MIB::udpLocalPort.0.0.0.0.137 = INTEGER: 137
UDP-MIB::udpLocalPort.0.0.0.0.138 = INTEGER: 138
UDP-MIB::udpLocalPort.0.0.0.0.161 = INTEGER: 161
UDP-MIB::udpLocalPort.0.0.0.0.514 = INTEGER: 514
UDP-MIB::udpLocalPort.0.0.0.0.520 = INTEGER: 520
UDP-MIB::udpLocalPort.0.0.0.0.2049 = INTEGER: 2049
UDP-MIB::udpLocalPort.0.0.0.0.4045 = INTEGER: 4045
UDP-MIB::udpLocalPort.0.0.0.0.4046 = INTEGER: 4046
UDP-MIB::udpLocalPort.0.0.0.0.4047 = INTEGER: 4047
UDP-MIB::udpLocalPort.0.0.0.0.4049 = INTEGER: 4049
UDP-MIB::udpLocalPort.0.0.0.0.45879 = INTEGER: 45879
UDP-MIB::udpEndpointLocalAddressType.ipv4."".0.unknown."".69.1.0.0.0.0.0.0 = INTEGER: ipv4(1)
UDP-MIB::udpEndpointLocalAddressType.ipv4."".0.unknown."".111.1.0.0.0.0.0.0 = INTEGER: ipv4(1)
UDP-MIB::udpEndpointLocalAddressType.ipv4."".0.unknown."".137.1.0.0.0.0.0.0 = INTEGER: ipv4(1)
UDP-MIB::udpEndpointLocalAddressType.ipv4."".0.unknown."".138.1.0.0.0.0.0.0 = INTEGER: ipv4(1)
UDP-MIB::udpEndpointLocalAddressType.ipv4."".0.unknown."".161.1.0.0.0.0.0.0 = INTEGER: ipv4(1)
UDP-MIB::udpEndpointLocalAddressType.ipv4."".0.unknown."".514.1.0.0.0.0.0.0 = INTEGER: ipv4(1)
UDP-MIB::udpEndpointLocalAddressType.ipv4."".0.unknown."".520.1.0.0.0.0.0.0 = INTEGER: ipv4(1)
UDP-MIB::udpEndpointLocalAddressType.ipv4."".0.unknown."".2049.1.0.0.0.0.0.0 = INTEGER: ipv4(1)
UDP-MIB::udpEndpointLocalAddressType.ipv4."".0.unknown."".4045.1.0.0.0.0.0.0 = INTEGER: ipv4(1)
UDP-MIB::udpEndpointLocalAddressType.ipv4."".0.unknown."".4046.1.0.0.0.0.0.0 = INTEGER: ipv4(1)
UDP-MIB::udpEndpointLocalAddressType.ipv4."".0.unknown."".4047.1.0.0.0.0.0.0 = INTEGER: ipv4(1)
UDP-MIB::udpEndpointLocalAddressType.ipv4."".0.unknown."".4049.1.0.0.0.0.0.0 = INTEGER: ipv4(1)
UDP-MIB::udpEndpointLocalAddressType.ipv4."".0.unknown."".45879.1.0.0.0.0.0.0 = INTEGER: ipv4(1)
UDP-MIB::udpEndpointLocalAddress.ipv4."".0.unknown."".69.1.0.0.0.0.0.0 = Hex-STRING: 00 00 00 00 
UDP-MIB::udpEndpointLocalAddress.ipv4."".0.unknown."".111.1.0.0.0.0.0.0 = Hex-STRING: 00 00 00 00 
UDP-MIB::udpEndpointLocalAddress.ipv4."".0.unknown."".137.1.0.0.0.0.0.0 = Hex-STRING: 00 00 00 00 
UDP-MIB::udpEndpointLocalAddress.ipv4."".0.unknown."".138.1.0.0.0.0.0.0 = Hex-STRING: 00 00 00 00 
UDP-MIB::udpEndpointLocalAddress.ipv4."".0.unknown."".161.1.0.0.0.0.0.0 = Hex-STRING: 00 00 00 00 
UDP-MIB::udpEndpointLocalAddress.ipv4."".0.unknown."".514.1.0.0.0.0.0.0 = Hex-STRING: 00 00 00 00 
UDP-MIB::udpEndpointLocalAddress.ipv4."".0.unknown."".520.1.0.0.0.0.0.0 = Hex-STRING: 00 00 00 00 
UDP-MIB::udpEndpointLocalAddress.ipv4."".0.unknown."".2049.1.0.0.0.0.0.0 = Hex-STRING: 00 00 00 00 
UDP-MIB::udpEndpointLocalAddress.ipv4."".0.unknown."".4045.1.0.0.0.0.0.0 = Hex-STRING: 00 00 00 00 
UDP-MIB::udpEndpointLocalAddress.ipv4."".0.unknown."".4046.1.0.0.0.0.0.0 = Hex-STRING: 00 00 00 00 
UDP-MIB::udpEndpointLocalAddress.ipv4."".0.unknown."".4047.1.0.0.0.0.0.0 = Hex-STRING: 00 00 00 00 
UDP-MIB::udpEndpointLocalAddress.ipv4."".0.unknown."".4049.1.0.0.0.0.0.0 = Hex-STRING: 00 00 00 00 
UDP-MIB::udpEndpointLocalAddress.ipv4."".0.unknown."".45879.1.0.0.0.0.0.0 = Hex-STRING: 00 00 00 00 
UDP-MIB::udpEndpointLocalPort.ipv4."".0.unknown."".69.1.0.0.0.0.0.0 = Wrong Type (should be Gauge32 or Unsigned32): INTEGER: 69
UDP-MIB::udpEndpointLocalPort.ipv4."".0.unknown."".111.1.0.0.0.0.0.0 = Wrong Type (should be Gauge32 or Unsigned32): INTEGER: 111
UDP-MIB::udpEndpointLocalPort.ipv4."".0.unknown."".137.1.0.0.0.0.0.0 = Wrong Type (should be Gauge32 or Unsigned32): INTEGER: 137
UDP-MIB::udpEndpointLocalPort.ipv4."".0.unknown."".138.1.0.0.0.0.0.0 = Wrong Type (should be Gauge32 or Unsigned32): INTEGER: 138
UDP-MIB::udpEndpointLocalPort.ipv4."".0.unknown."".161.1.0.0.0.0.0.0 = Wrong Type (should be Gauge32 or Unsigned32): INTEGER: 161
UDP-MIB::udpEndpointLocalPort.ipv4."".0.unknown."".514.1.0.0.0.0.0.0 = Wrong Type (should be Gauge32 or Unsigned32): INTEGER: 514
UDP-MIB::udpEndpointLocalPort.ipv4."".0.unknown."".520.1.0.0.0.0.0.0 = Wrong Type (should be Gauge32 or Unsigned32): INTEGER: 520
UDP-MIB::udpEndpointLocalPort.ipv4."".0.unknown."".2049.1.0.0.0.0.0.0 = Wrong Type (should be Gauge32 or Unsigned32): INTEGER: 2049
UDP-MIB::udpEndpointLocalPort.ipv4."".0.unknown."".4045.1.0.0.0.0.0.0 = Wrong Type (should be Gauge32 or Unsigned32): INTEGER: 4045
UDP-MIB::udpEndpointLocalPort.ipv4."".0.unknown."".4046.1.0.0.0.0.0.0 = Wrong Type (should be Gauge32 or Unsigned32): INTEGER: 4046
UDP-MIB::udpEndpointLocalPort.ipv4."".0.unknown."".4047.1.0.0.0.0.0.0 = Wrong Type (should be Gauge32 or Unsigned32): INTEGER: 4047
UDP-MIB::udpEndpointLocalPort.ipv4."".0.unknown."".4049.1.0.0.0.0.0.0 = Wrong Type (should be Gauge32 or Unsigned32): INTEGER: 4049
UDP-MIB::udpEndpointLocalPort.ipv4."".0.unknown."".45879.1.0.0.0.0.0.0 = Wrong Type (should be Gauge32 or Unsigned32): INTEGER: 45879
UDP-MIB::udpEndpointRemoteAddressType.ipv4."".0.unknown."".69.1.0.0.0.0.0.0 = INTEGER: ipv4(1)
UDP-MIB::udpEndpointRemoteAddressType.ipv4."".0.unknown."".111.1.0.0.0.0.0.0 = INTEGER: ipv4(1)
UDP-MIB::udpEndpointRemoteAddressType.ipv4."".0.unknown."".137.1.0.0.0.0.0.0 = INTEGER: ipv4(1)
UDP-MIB::udpEndpointRemoteAddressType.ipv4."".0.unknown."".138.1.0.0.0.0.0.0 = INTEGER: ipv4(1)
UDP-MIB::udpEndpointRemoteAddressType.ipv4."".0.unknown."".161.1.0.0.0.0.0.0 = INTEGER: ipv4(1)
UDP-MIB::udpEndpointRemoteAddressType.ipv4."".0.unknown."".514.1.0.0.0.0.0.0 = INTEGER: ipv4(1)
UDP-MIB::udpEndpointRemoteAddressType.ipv4."".0.unknown."".520.1.0.0.0.0.0.0 = INTEGER: ipv4(1)
UDP-MIB::udpEndpointRemoteAddressType.ipv4."".0.unknown."".2049.1.0.0.0.0.0.0 = INTEGER: ipv4(1)
UDP-MIB::udpEndpointRemoteAddressType.ipv4."".0.unknown."".4045.1.0.0.0.0.0.0 = INTEGER: ipv4(1)
UDP-MIB::udpEndpointRemoteAddressType.ipv4."".0.unknown."".4046.1.0.0.0.0.0.0 = INTEGER: ipv4(1)
UDP-MIB::udpEndpointRemoteAddressType.ipv4."".0.unknown."".4047.1.0.0.0.0.0.0 = INTEGER: ipv4(1)
UDP-MIB::udpEndpointRemoteAddressType.ipv4."".0.unknown."".4049.1.0.0.0.0.0.0 = INTEGER: ipv4(1)
UDP-MIB::udpEndpointRemoteAddressType.ipv4."".0.unknown."".45879.1.0.0.0.0.0.0 = INTEGER: ipv4(1)
UDP-MIB::udpEndpointRemoteAddress.ipv4."".0.unknown."".69.1.0.0.0.0.0.0 = Hex-STRING: 00 00 00 00 
UDP-MIB::udpEndpointRemoteAddress.ipv4."".0.unknown."".111.1.0.0.0.0.0.0 = Hex-STRING: 00 00 00 00 
UDP-MIB::udpEndpointRemoteAddress.ipv4."".0.unknown."".137.1.0.0.0.0.0.0 = Hex-STRING: 00 00 00 00 
UDP-MIB::udpEndpointRemoteAddress.ipv4."".0.unknown."".138.1.0.0.0.0.0.0 = Hex-STRING: 00 00 00 00 
UDP-MIB::udpEndpointRemoteAddress.ipv4."".0.unknown."".161.1.0.0.0.0.0.0 = Hex-STRING: 00 00 00 00 
UDP-MIB::udpEndpointRemoteAddress.ipv4."".0.unknown."".514.1.0.0.0.0.0.0 = Hex-STRING: 00 00 00 00 
UDP-MIB::udpEndpointRemoteAddress.ipv4."".0.unknown."".520.1.0.0.0.0.0.0 = Hex-STRING: 00 00 00 00 
UDP-MIB::udpEndpointRemoteAddress.ipv4."".0.unknown."".2049.1.0.0.0.0.0.0 = Hex-STRING: 00 00 00 00 
UDP-MIB::udpEndpointRemoteAddress.ipv4."".0.unknown."".4045.1.0.0.0.0.0.0 = Hex-STRING: 00 00 00 00 
UDP-MIB::udpEndpointRemoteAddress.ipv4."".0.unknown."".4046.1.0.0.0.0.0.0 = Hex-STRING: 00 00 00 00 
UDP-MIB::udpEndpointRemoteAddress.ipv4."".0.unknown."".4047.1.0.0.0.0.0.0 = Hex-STRING: 00 00 00 00 
UDP-MIB::udpEndpointRemoteAddress.ipv4."".0.unknown."".4049.1.0.0.0.0.0.0 = Hex-STRING: 00 00 00 00 
UDP-MIB::udpEndpointRemoteAddress.ipv4."".0.unknown."".45879.1.0.0.0.0.0.0 = Hex-STRING: 00 00 00 00 
UDP-MIB::udpEndpointRemotePort.ipv4."".0.unknown."".69.1.0.0.0.0.0.0 = Wrong Type (should be Gauge32 or Unsigned32): INTEGER: 0
UDP-MIB::udpEndpointRemotePort.ipv4."".0.unknown."".111.1.0.0.0.0.0.0 = Wrong Type (should be Gauge32 or Unsigned32): INTEGER: 0
UDP-MIB::udpEndpointRemotePort.ipv4."".0.unknown."".137.1.0.0.0.0.0.0 = Wrong Type (should be Gauge32 or Unsigned32): INTEGER: 0
UDP-MIB::udpEndpointRemotePort.ipv4."".0.unknown."".138.1.0.0.0.0.0.0 = Wrong Type (should be Gauge32 or Unsigned32): INTEGER: 0
UDP-MIB::udpEndpointRemotePort.ipv4."".0.unknown."".161.1.0.0.0.0.0.0 = Wrong Type (should be Gauge32 or Unsigned32): INTEGER: 0
UDP-MIB::udpEndpointRemotePort.ipv4."".0.unknown."".514.1.0.0.0.0.0.0 = Wrong Type (should be Gauge32 or Unsigned32): INTEGER: 0
UDP-MIB::udpEndpointRemotePort.ipv4."".0.unknown."".520.1.0.0.0.0.0.0 = Wrong Type (should be Gauge32 or Unsigned32): INTEGER: 0
UDP-MIB::udpEndpointRemotePort.ipv4."".0.unknown."".2049.1.0.0.0.0.0.0 = Wrong Type (should be Gauge32 or Unsigned32): INTEGER: 0
UDP-MIB::udpEndpointRemotePort.ipv4."".0.unknown."".4045.1.0.0.0.0.0.0 = Wrong Type (should be Gauge32 or Unsigned32): INTEGER: 0
UDP-MIB::udpEndpointRemotePort.ipv4."".0.unknown."".4046.1.0.0.0.0.0.0 = Wrong Type (should be Gauge32 or Unsigned32): INTEGER: 0
UDP-MIB::udpEndpointRemotePort.ipv4."".0.unknown."".4047.1.0.0.0.0.0.0 = Wrong Type (should be Gauge32 or Unsigned32): INTEGER: 0
UDP-MIB::udpEndpointRemotePort.ipv4."".0.unknown."".4049.1.0.0.0.0.0.0 = Wrong Type (should be Gauge32 or Unsigned32): INTEGER: 0
UDP-MIB::udpEndpointRemotePort.ipv4."".0.unknown."".45879.1.0.0.0.0.0.0 = Wrong Type (should be Gauge32 or Unsigned32): INTEGER: 0
UDP-MIB::udpEndpointInstance.ipv4."".0.unknown."".69.1.0.0.0.0.0.0 = Wrong Type (should be Gauge32 or Unsigned32): INTEGER: -2141910792
UDP-MIB::udpEndpointInstance.ipv4."".0.unknown."".111.1.0.0.0.0.0.0 = Wrong Type (should be Gauge32 or Unsigned32): INTEGER: -2141910792
UDP-MIB::udpEndpointInstance.ipv4."".0.unknown."".137.1.0.0.0.0.0.0 = Wrong Type (should be Gauge32 or Unsigned32): INTEGER: -2141910792
UDP-MIB::udpEndpointInstance.ipv4."".0.unknown."".138.1.0.0.0.0.0.0 = Wrong Type (should be Gauge32 or Unsigned32): INTEGER: -2141910792
UDP-MIB::udpEndpointInstance.ipv4."".0.unknown."".161.1.0.0.0.0.0.0 = Wrong Type (should be Gauge32 or Unsigned32): INTEGER: -2141910792
UDP-MIB::udpEndpointInstance.ipv4."".0.unknown."".514.1.0.0.0.0.0.0 = Wrong Type (should be Gauge32 or Unsigned32): INTEGER: -2141910792
UDP-MIB::udpEndpointInstance.ipv4."".0.unknown."".520.1.0.0.0.0.0.0 = Wrong Type (should be Gauge32 or Unsigned32): INTEGER: -2141910792
UDP-MIB::udpEndpointInstance.ipv4."".0.unknown."".2049.1.0.0.0.0.0.0 = Wrong Type (should be Gauge32 or Unsigned32): INTEGER: -2141910792
UDP-MIB::udpEndpointInstance.ipv4."".0.unknown."".4045.1.0.0.0.0.0.0 = Wrong Type (should be Gauge32 or Unsigned32): INTEGER: -2141910792
UDP-MIB::udpEndpointInstance.ipv4."".0.unknown."".4046.1.0.0.0.0.0.0 = Wrong Type (should be Gauge32 or Unsigned32): INTEGER: -2141910792
UDP-MIB::udpEndpointInstance.ipv4."".0.unknown."".4047.1.0.0.0.0.0.0 = Wrong Type (should be Gauge32 or Unsigned32): INTEGER: -2141910792
UDP-MIB::udpEndpointInstance.ipv4."".0.unknown."".4049.1.0.0.0.0.0.0 = Wrong Type (should be Gauge32 or Unsigned32): INTEGER: -2141910792
UDP-MIB::udpEndpointInstance.ipv4."".0.unknown."".45879.1.0.0.0.0.0.0 = Wrong Type (should be Gauge32 or Unsigned32): INTEGER: -2141910792
UDP-MIB::udpEndpointProcess.ipv4."".0.unknown."".69.1.0.0.0.0.0.0 = Wrong Type (should be Gauge32 or Unsigned32): INTEGER: -2141910792
UDP-MIB::udpEndpointProcess.ipv4."".0.unknown."".111.1.0.0.0.0.0.0 = Wrong Type (should be Gauge32 or Unsigned32): INTEGER: -2141910792
UDP-MIB::udpEndpointProcess.ipv4."".0.unknown."".137.1.0.0.0.0.0.0 = Wrong Type (should be Gauge32 or Unsigned32): INTEGER: -2141910792
UDP-MIB::udpEndpointProcess.ipv4."".0.unknown."".138.1.0.0.0.0.0.0 = Wrong Type (should be Gauge32 or Unsigned32): INTEGER: -2141910792
UDP-MIB::udpEndpointProcess.ipv4."".0.unknown."".161.1.0.0.0.0.0.0 = Wrong Type (should be Gauge32 or Unsigned32): INTEGER: -2141910792
UDP-MIB::udpEndpointProcess.ipv4."".0.unknown."".514.1.0.0.0.0.0.0 = Wrong Type (should be Gauge32 or Unsigned32): INTEGER: -2141910792
UDP-MIB::udpEndpointProcess.ipv4."".0.unknown."".520.1.0.0.0.0.0.0 = Wrong Type (should be Gauge32 or Unsigned32): INTEGER: -2141910792
UDP-MIB::udpEndpointProcess.ipv4."".0.unknown."".2049.1.0.0.0.0.0.0 = Wrong Type (should be Gauge32 or Unsigned32): INTEGER: -2141910792
UDP-MIB::udpEndpointProcess.ipv4."".0.unknown."".4045.1.0.0.0.0.0.0 = Wrong Type (should be Gauge32 or Unsigned32): INTEGER: -2141910792
UDP-MIB::udpEndpointProcess.ipv4."".0.unknown."".4046.1.0.0.0.0.0.0 = Wrong Type (should be Gauge32 or Unsigned32): INTEGER: -2141910792
UDP-MIB::udpEndpointProcess.ipv4."".0.unknown."".4047.1.0.0.0.0.0.0 = Wrong Type (should be Gauge32 or Unsigned32): INTEGER: -2141910792
UDP-MIB::udpEndpointProcess.ipv4."".0.unknown."".4049.1.0.0.0.0.0.0 = Wrong Type (should be Gauge32 or Unsigned32): INTEGER: -2141910792
UDP-MIB::udpEndpointProcess.ipv4."".0.unknown."".45879.1.0.0.0.0.0.0 = Wrong Type (should be Gauge32 or Unsigned32): INTEGER: -2141910792
UDP-MIB::udpHCInDatagrams.0 = Counter64: 30929786
UDP-MIB::udpHCOutDatagrams.0 = Counter64: 30807286
SNMPv2-MIB::snmpInPkts.0 = Counter32: 15554290
SNMPv2-MIB::snmpOutPkts.0 = Counter32: 15553369
SNMPv2-MIB::snmpInBadVersions.0 = Counter32: 0
SNMPv2-MIB::snmpInBadCommunityNames.0 = Counter32: 943
SNMPv2-MIB::snmpInBadCommunityUses.0 = Counter32: 0
SNMPv2-MIB::snmpInASNParseErrs.0 = Counter32: 0
SNMPv2-MIB::snmpInTooBigs.0 = Counter32: 0
SNMPv2-MIB::snmpInNoSuchNames.0 = Counter32: 0
SNMPv2-MIB::snmpInBadValues.0 = Counter32: 0
SNMPv2-MIB::snmpInReadOnlys.0 = Counter32: 0
SNMPv2-MIB::snmpInGenErrs.0 = Counter32: 0
SNMPv2-MIB::snmpInTotalReqVars.0 = Counter32: 65998101
SNMPv2-MIB::snmpInTotalSetVars.0 = Counter32: 0
SNMPv2-MIB::snmpInGetRequests.0 = Counter32: 1861421
SNMPv2-MIB::snmpInGetNexts.0 = Counter32: 8088048
SNMPv2-MIB::snmpInSetRequests.0 = Counter32: 0
SNMPv2-MIB::snmpInGetResponses.0 = Counter32: 0
SNMPv2-MIB::snmpInTraps.0 = Counter32: 0
SNMPv2-MIB::snmpOutTooBigs.0 = Counter32: 0
SNMPv2-MIB::snmpOutNoSuchNames.0 = Counter32: 214
SNMPv2-MIB::snmpOutBadValues.0 = Counter32: 0
SNMPv2-MIB::snmpOutGenErrs.0 = Counter32: 0
SNMPv2-MIB::snmpOutGetRequests.0 = Counter32: 0
SNMPv2-MIB::snmpOutGetNexts.0 = Counter32: 0
SNMPv2-MIB::snmpOutSetRequests.0 = Counter32: 0
SNMPv2-MIB::snmpOutGetResponses.0 = Counter32: 15553371
SNMPv2-MIB::snmpOutTraps.0 = Counter32: 22
SNMPv2-MIB::snmpEnableAuthenTraps.0 = INTEGER: disabled(2)
SNMPv2-MIB::snmpSilentDrops.0 = Counter32: 0
SNMPv2-MIB::snmpProxyDrops.0 = Counter32: 0
