iso.3.6.1.2.1.1.1.0 = STRING: "NetApp Release 8.1.1 7-Mode: Mon Jul 30 12:49:46 PDT 2012"
iso.3.6.1.2.1.1.2.0 = OID: iso.3.6.1.4.1.789.2.3
iso.3.6.1.2.1.1.3.0 = Timeticks: (94856916) 10 days, 23:29:29.16
iso.3.6.1.2.1.1.4.0 = STRING: "zhanghu"
iso.3.6.1.2.1.1.5.0 = STRING: "storage02"
iso.3.6.1.2.1.1.6.0 = STRING: "beijing"
iso.3.6.1.2.1.1.7.0 = INTEGER: 72
iso.3.6.1.2.1.2.1.0 = INTEGER: 9
iso.3.6.1.2.1.2.2.1.1.1 = INTEGER: 1
iso.3.6.1.2.1.2.2.1.1.2 = INTEGER: 2
iso.3.6.1.2.1.2.2.1.1.3 = INTEGER: 3
iso.3.6.1.2.1.2.2.1.1.4 = INTEGER: 4
iso.3.6.1.2.1.2.2.1.1.5 = INTEGER: 5
iso.3.6.1.2.1.2.2.1.1.6 = INTEGER: 6
iso.3.6.1.2.1.2.2.1.1.7 = INTEGER: 7
iso.3.6.1.2.1.2.2.1.1.8 = INTEGER: 8
iso.3.6.1.2.1.2.2.1.1.9 = INTEGER: 9
iso.3.6.1.2.1.2.2.1.2.1 = STRING: "e0a"
iso.3.6.1.2.1.2.2.1.2.2 = STRING: "e0b"
iso.3.6.1.2.1.2.2.1.2.3 = STRING: "e1a"
iso.3.6.1.2.1.2.2.1.2.4 = STRING: "e1b"
iso.3.6.1.2.1.2.2.1.2.5 = STRING: "MGMT_PORT_ONLY e0M"
iso.3.6.1.2.1.2.2.1.2.6 = STRING: "lo"
iso.3.6.1.2.1.2.2.1.2.7 = STRING: "vh"
iso.3.6.1.2.1.2.2.1.2.8 = STRING: "losk"
iso.3.6.1.2.1.2.2.1.2.9 = STRING: "vif1"
iso.3.6.1.2.1.2.2.1.3.1 = INTEGER: 6
iso.3.6.1.2.1.2.2.1.3.2 = INTEGER: 6
iso.3.6.1.2.1.2.2.1.3.3 = INTEGER: 6
iso.3.6.1.2.1.2.2.1.3.4 = INTEGER: 6
iso.3.6.1.2.1.2.2.1.3.5 = INTEGER: 6
iso.3.6.1.2.1.2.2.1.3.6 = INTEGER: 24
iso.3.6.1.2.1.2.2.1.3.7 = INTEGER: 24
iso.3.6.1.2.1.2.2.1.3.8 = INTEGER: 1
iso.3.6.1.2.1.2.2.1.3.9 = INTEGER: 6
iso.3.6.1.2.1.2.2.1.4.1 = INTEGER: 1500
iso.3.6.1.2.1.2.2.1.4.2 = INTEGER: 1500
iso.3.6.1.2.1.2.2.1.4.3 = INTEGER: 1500
iso.3.6.1.2.1.2.2.1.4.4 = INTEGER: 1500
iso.3.6.1.2.1.2.2.1.4.5 = INTEGER: 1500
iso.3.6.1.2.1.2.2.1.4.6 = INTEGER: 8160
iso.3.6.1.2.1.2.2.1.4.7 = INTEGER: 9188
iso.3.6.1.2.1.2.2.1.4.8 = INTEGER: 9188
iso.3.6.1.2.1.2.2.1.4.9 = INTEGER: 1500
iso.3.6.1.2.1.2.2.1.5.1 = Gauge32: 10000000
iso.3.6.1.2.1.2.2.1.5.2 = Gauge32: 10000000
iso.3.6.1.2.1.2.2.1.5.3 = Gauge32: 1410065408
iso.3.6.1.2.1.2.2.1.5.4 = Gauge32: 1410065408
iso.3.6.1.2.1.2.2.1.5.5 = Gauge32: 100000000
iso.3.6.1.2.1.2.2.1.5.6 = Gauge32: 0
iso.3.6.1.2.1.2.2.1.5.7 = Gauge32: 0
iso.3.6.1.2.1.2.2.1.5.8 = Gauge32: 0
iso.3.6.1.2.1.2.2.1.5.9 = Gauge32: 1410065408
iso.3.6.1.2.1.2.2.1.6.1 = Hex-STRING: 00 A0 98 3D 7E F4 
iso.3.6.1.2.1.2.2.1.6.2 = Hex-STRING: 00 A0 98 3D 7E F5 
iso.3.6.1.2.1.2.2.1.6.3 = Hex-STRING: 02 A0 98 3D 7E F4 
iso.3.6.1.2.1.2.2.1.6.4 = Hex-STRING: 02 A0 98 3D 7E F4 
iso.3.6.1.2.1.2.2.1.6.5 = Hex-STRING: 00 A0 98 3D 7E F8 
iso.3.6.1.2.1.2.2.1.6.6 = Hex-STRING: 00 00 00 00 
iso.3.6.1.2.1.2.2.1.6.7 = Hex-STRING: 00 00 00 00 
iso.3.6.1.2.1.2.2.1.6.8 = Hex-STRING: 00 00 00 00 
iso.3.6.1.2.1.2.2.1.6.9 = Hex-STRING: 02 A0 98 3D 7E F4 
iso.3.6.1.2.1.2.2.1.7.1 = INTEGER: 2
iso.3.6.1.2.1.2.2.1.7.2 = INTEGER: 2
iso.3.6.1.2.1.2.2.1.7.3 = INTEGER: 1
iso.3.6.1.2.1.2.2.1.7.4 = INTEGER: 2
iso.3.6.1.2.1.2.2.1.7.5 = INTEGER: 2
iso.3.6.1.2.1.2.2.1.7.6 = INTEGER: 1
iso.3.6.1.2.1.2.2.1.7.7 = INTEGER: 2
iso.3.6.1.2.1.2.2.1.7.8 = INTEGER: 1
iso.3.6.1.2.1.2.2.1.7.9 = INTEGER: 1
iso.3.6.1.2.1.2.2.1.8.1 = INTEGER: 2
iso.3.6.1.2.1.2.2.1.8.2 = INTEGER: 2
iso.3.6.1.2.1.2.2.1.8.3 = INTEGER: 2
iso.3.6.1.2.1.2.2.1.8.4 = INTEGER: 2
iso.3.6.1.2.1.2.2.1.8.5 = INTEGER: 2
iso.3.6.1.2.1.2.2.1.8.6 = INTEGER: 1
iso.3.6.1.2.1.2.2.1.8.7 = INTEGER: 2
iso.3.6.1.2.1.2.2.1.8.8 = INTEGER: 1
iso.3.6.1.2.1.2.2.1.8.9 = INTEGER: 1
iso.3.6.1.2.1.2.2.1.9.1 = Timeticks: (0) 0:00:00.00
iso.3.6.1.2.1.2.2.1.9.2 = Timeticks: (0) 0:00:00.00
iso.3.6.1.2.1.2.2.1.9.3 = Timeticks: (0) 0:00:00.00
iso.3.6.1.2.1.2.2.1.9.4 = Timeticks: (0) 0:00:00.00
iso.3.6.1.2.1.2.2.1.9.5 = Timeticks: (0) 0:00:00.00
iso.3.6.1.2.1.2.2.1.9.6 = Timeticks: (0) 0:00:00.00
iso.3.6.1.2.1.2.2.1.9.7 = Timeticks: (0) 0:00:00.00
iso.3.6.1.2.1.2.2.1.9.8 = Timeticks: (0) 0:00:00.00
iso.3.6.1.2.1.2.2.1.9.9 = Timeticks: (0) 0:00:00.00
iso.3.6.1.2.1.2.2.1.10.1 = Counter32: 0
iso.3.6.1.2.1.2.2.1.10.2 = Counter32: 0
iso.3.6.1.2.1.2.2.1.10.3 = Counter32: 3026425544
iso.3.6.1.2.1.2.2.1.10.4 = Counter32: 3662272602
iso.3.6.1.2.1.2.2.1.10.5 = Counter32: 153156220
iso.3.6.1.2.1.2.2.1.10.6 = Counter32: 1136519
iso.3.6.1.2.1.2.2.1.10.7 = Counter32: 0
iso.3.6.1.2.1.2.2.1.10.8 = Counter32: 0
iso.3.6.1.2.1.2.2.1.10.9 = Counter32: 2393730850
iso.3.6.1.2.1.2.2.1.11.1 = Counter32: 0
iso.3.6.1.2.1.2.2.1.11.2 = Counter32: 0
iso.3.6.1.2.1.2.2.1.11.3 = Counter32: 6709599
iso.3.6.1.2.1.2.2.1.11.4 = Counter32: 96627490
iso.3.6.1.2.1.2.2.1.11.5 = Counter32: 58
iso.3.6.1.2.1.2.2.1.11.6 = Counter32: 12806
iso.3.6.1.2.1.2.2.1.11.7 = Counter32: 0
iso.3.6.1.2.1.2.2.1.11.8 = Counter32: 0
iso.3.6.1.2.1.2.2.1.11.9 = Counter32: 100524633
iso.3.6.1.2.1.2.2.1.12.1 = Counter32: 0
iso.3.6.1.2.1.2.2.1.12.2 = Counter32: 0
iso.3.6.1.2.1.2.2.1.12.3 = Counter32: 0
iso.3.6.1.2.1.2.2.1.12.4 = Counter32: 0
iso.3.6.1.2.1.2.2.1.12.5 = Counter32: 260393
iso.3.6.1.2.1.2.2.1.12.6 = Counter32: 0
iso.3.6.1.2.1.2.2.1.12.7 = Counter32: 0
iso.3.6.1.2.1.2.2.1.12.8 = Counter32: 0
iso.3.6.1.2.1.2.2.1.12.9 = Counter32: 2812456
iso.3.6.1.2.1.2.2.1.13.1 = Counter32: 0
iso.3.6.1.2.1.2.2.1.13.2 = Counter32: 0
iso.3.6.1.2.1.2.2.1.13.3 = Counter32: 0
iso.3.6.1.2.1.2.2.1.13.4 = Counter32: 0
iso.3.6.1.2.1.2.2.1.13.5 = Counter32: 0
iso.3.6.1.2.1.2.2.1.13.6 = Counter32: 0
iso.3.6.1.2.1.2.2.1.13.7 = Counter32: 0
iso.3.6.1.2.1.2.2.1.13.8 = Counter32: 0
iso.3.6.1.2.1.2.2.1.13.9 = Counter32: 0
iso.3.6.1.2.1.2.2.1.14.1 = Counter32: 0
iso.3.6.1.2.1.2.2.1.14.2 = Counter32: 0
iso.3.6.1.2.1.2.2.1.14.3 = Counter32: 0
iso.3.6.1.2.1.2.2.1.14.4 = Counter32: 0
iso.3.6.1.2.1.2.2.1.14.5 = Counter32: 0
iso.3.6.1.2.1.2.2.1.14.6 = Counter32: 0
iso.3.6.1.2.1.2.2.1.14.7 = Counter32: 0
iso.3.6.1.2.1.2.2.1.14.8 = Counter32: 0
iso.3.6.1.2.1.2.2.1.14.9 = Counter32: 13735
iso.3.6.1.2.1.2.2.1.15.1 = Counter32: 0
iso.3.6.1.2.1.2.2.1.15.2 = Counter32: 0
iso.3.6.1.2.1.2.2.1.15.3 = Counter32: 0
iso.3.6.1.2.1.2.2.1.15.4 = Counter32: 0
iso.3.6.1.2.1.2.2.1.15.5 = Counter32: 0
iso.3.6.1.2.1.2.2.1.15.6 = Counter32: 0
iso.3.6.1.2.1.2.2.1.15.7 = Counter32: 0
iso.3.6.1.2.1.2.2.1.15.8 = Counter32: 0
iso.3.6.1.2.1.2.2.1.15.9 = Counter32: 0
iso.3.6.1.2.1.2.2.1.16.1 = Counter32: 0
iso.3.6.1.2.1.2.2.1.16.2 = Counter32: 0
iso.3.6.1.2.1.2.2.1.16.3 = Counter32: 3160018110
iso.3.6.1.2.1.2.2.1.16.4 = Counter32: 3674592259
iso.3.6.1.2.1.2.2.1.16.5 = Counter32: 297472
iso.3.6.1.2.1.2.2.1.16.6 = Counter32: 1136519
iso.3.6.1.2.1.2.2.1.16.7 = Counter32: 0
iso.3.6.1.2.1.2.2.1.16.8 = Counter32: 374161937
iso.3.6.1.2.1.2.2.1.16.9 = Counter32: 2539643073
iso.3.6.1.2.1.2.2.1.17.1 = Counter32: 0
iso.3.6.1.2.1.2.2.1.17.2 = Counter32: 0
iso.3.6.1.2.1.2.2.1.17.3 = Counter32: 5127526
iso.3.6.1.2.1.2.2.1.17.4 = Counter32: 72260772
iso.3.6.1.2.1.2.2.1.17.5 = Counter32: 140
iso.3.6.1.2.1.2.2.1.17.6 = Counter32: 12806
iso.3.6.1.2.1.2.2.1.17.7 = Counter32: 0
iso.3.6.1.2.1.2.2.1.17.8 = Counter32: 340022
iso.3.6.1.2.1.2.2.1.17.9 = Counter32: 77388298
iso.3.6.1.2.1.2.2.1.18.1 = Counter32: 0
iso.3.6.1.2.1.2.2.1.18.2 = Counter32: 0
iso.3.6.1.2.1.2.2.1.18.3 = Counter32: 42357
iso.3.6.1.2.1.2.2.1.18.4 = Counter32: 42959
iso.3.6.1.2.1.2.2.1.18.5 = Counter32: 1224
iso.3.6.1.2.1.2.2.1.18.6 = Counter32: 0
iso.3.6.1.2.1.2.2.1.18.7 = Counter32: 0
iso.3.6.1.2.1.2.2.1.18.8 = Counter32: 0
iso.3.6.1.2.1.2.2.1.18.9 = Counter32: 85316
iso.3.6.1.2.1.2.2.1.19.1 = Counter32: 0
iso.3.6.1.2.1.2.2.1.19.2 = Counter32: 0
iso.3.6.1.2.1.2.2.1.19.3 = Counter32: 0
iso.3.6.1.2.1.2.2.1.19.4 = Counter32: 0
iso.3.6.1.2.1.2.2.1.19.5 = Counter32: 0
iso.3.6.1.2.1.2.2.1.19.6 = Counter32: 0
iso.3.6.1.2.1.2.2.1.19.7 = Counter32: 0
iso.3.6.1.2.1.2.2.1.19.8 = Counter32: 0
iso.3.6.1.2.1.2.2.1.19.9 = Counter32: 0
iso.3.6.1.2.1.2.2.1.20.1 = Counter32: 0
iso.3.6.1.2.1.2.2.1.20.2 = Counter32: 0
iso.3.6.1.2.1.2.2.1.20.3 = Counter32: 0
iso.3.6.1.2.1.2.2.1.20.4 = Counter32: 0
iso.3.6.1.2.1.2.2.1.20.5 = Counter32: 0
iso.3.6.1.2.1.2.2.1.20.6 = Counter32: 0
iso.3.6.1.2.1.2.2.1.20.7 = Counter32: 0
iso.3.6.1.2.1.2.2.1.20.8 = Counter32: 0
iso.3.6.1.2.1.2.2.1.20.9 = Counter32: 0
iso.3.6.1.2.1.2.2.1.21.1 = Gauge32: 131071
iso.3.6.1.2.1.2.2.1.21.2 = Gauge32: 131071
iso.3.6.1.2.1.2.2.1.21.3 = Gauge32: 131071
iso.3.6.1.2.1.2.2.1.21.4 = Gauge32: 3500
iso.3.6.1.2.1.2.2.1.21.5 = Gauge32: 372
iso.3.6.1.2.1.2.2.1.21.6 = Gauge32: 0
iso.3.6.1.2.1.2.2.1.21.7 = Gauge32: 0
iso.3.6.1.2.1.2.2.1.21.8 = Gauge32: 0
iso.3.6.1.2.1.2.2.1.21.9 = Gauge32: 0
iso.3.6.1.2.1.3.1.1.1.1.1.192.168.11.8 = INTEGER: 9
iso.3.6.1.2.1.3.1.1.1.1.1.192.168.11.9 = INTEGER: 9
iso.3.6.1.2.1.3.1.1.1.1.1.192.168.11.10 = INTEGER: 9
iso.3.6.1.2.1.3.1.1.1.1.1.192.168.11.15 = INTEGER: 9
iso.3.6.1.2.1.3.1.1.1.1.1.192.168.11.18 = INTEGER: 9
iso.3.6.1.2.1.3.1.1.1.1.1.192.168.11.41 = INTEGER: 9
iso.3.6.1.2.1.3.1.1.1.1.1.192.168.11.253 = INTEGER: 9
iso.3.6.1.2.1.3.1.1.1.1.1.192.168.11.254 = INTEGER: 9
iso.3.6.1.2.1.3.1.1.1.1.1.192.168.11.255 = INTEGER: 9
iso.3.6.1.2.1.3.1.1.2.1.1.192.168.11.8 = Hex-STRING: 36 85 E4 8B 49 1D 
iso.3.6.1.2.1.3.1.1.2.1.1.192.168.11.9 = Hex-STRING: D4 AE 52 6F 9B 99 
iso.3.6.1.2.1.3.1.1.2.1.1.192.168.11.10 = Hex-STRING: 62 CB FE 9F BD 7D 
iso.3.6.1.2.1.3.1.1.2.1.1.192.168.11.15 = Hex-STRING: 90 E2 BA 24 68 08 
iso.3.6.1.2.1.3.1.1.2.1.1.192.168.11.18 = Hex-STRING: 90 E2 BA 2B B7 A0 
iso.3.6.1.2.1.3.1.1.2.1.1.192.168.11.41 = Hex-STRING: 02 A0 98 3D 7E F4 
iso.3.6.1.2.1.3.1.1.2.1.1.192.168.11.253 = Hex-STRING: E8 E7 32 4D E7 74 
iso.3.6.1.2.1.3.1.1.2.1.1.192.168.11.254 = Hex-STRING: E8 E7 32 0E 66 29 
iso.3.6.1.2.1.3.1.1.2.1.1.192.168.11.255 = Hex-STRING: FF FF FF FF FF FF 
iso.3.6.1.2.1.3.1.1.3.1.1.192.168.11.8 = IpAddress: 192.168.11.8
iso.3.6.1.2.1.3.1.1.3.1.1.192.168.11.9 = IpAddress: 192.168.11.9
iso.3.6.1.2.1.3.1.1.3.1.1.192.168.11.10 = IpAddress: 192.168.11.10
iso.3.6.1.2.1.3.1.1.3.1.1.192.168.11.15 = IpAddress: 192.168.11.15
iso.3.6.1.2.1.3.1.1.3.1.1.192.168.11.18 = IpAddress: 192.168.11.18
iso.3.6.1.2.1.3.1.1.3.1.1.192.168.11.41 = IpAddress: 192.168.11.41
iso.3.6.1.2.1.3.1.1.3.1.1.192.168.11.253 = IpAddress: 192.168.11.253
iso.3.6.1.2.1.3.1.1.3.1.1.192.168.11.254 = IpAddress: 192.168.11.254
iso.3.6.1.2.1.3.1.1.3.1.1.192.168.11.255 = IpAddress: 192.168.11.255
iso.3.6.1.2.1.4.1.0 = INTEGER: 2
iso.3.6.1.2.1.4.2.0 = INTEGER: 64
iso.3.6.1.2.1.4.3.0 = Counter32: 101920606
iso.3.6.1.2.1.4.4.0 = Counter32: 0
iso.3.6.1.2.1.4.5.0 = Counter32: 3622
iso.3.6.1.2.1.4.6.0 = Counter32: 0
iso.3.6.1.2.1.4.7.0 = Counter32: 6119
iso.3.6.1.2.1.4.8.0 = Counter32: 0
iso.3.6.1.2.1.4.9.0 = Counter32: 101920612
iso.3.6.1.2.1.4.10.0 = Counter32: 78485472
iso.3.6.1.2.1.4.11.0 = Counter32: 0
iso.3.6.1.2.1.4.12.0 = Counter32: 3622
iso.3.6.1.2.1.4.13.0 = INTEGER: 45
iso.3.6.1.2.1.4.14.0 = Counter32: 0
iso.3.6.1.2.1.4.15.0 = Counter32: 0
iso.3.6.1.2.1.4.16.0 = Counter32: 0
iso.3.6.1.2.1.4.17.0 = Counter32: 0
iso.3.6.1.2.1.4.18.0 = Counter32: 0
iso.3.6.1.2.1.4.19.0 = Counter32: 0
iso.3.6.1.2.1.4.20.1.1.127.0.0.1 = IpAddress: 127.0.0.1
iso.3.6.1.2.1.4.20.1.1.127.0.20.1 = IpAddress: 127.0.20.1
iso.3.6.1.2.1.4.20.1.1.192.168.11.41 = IpAddress: 192.168.11.41
iso.3.6.1.2.1.4.20.1.2.127.0.0.1 = INTEGER: 6
iso.3.6.1.2.1.4.20.1.2.127.0.20.1 = INTEGER: 8
iso.3.6.1.2.1.4.20.1.2.192.168.11.41 = INTEGER: 9
iso.3.6.1.2.1.4.20.1.3.127.0.0.1 = IpAddress: 255.0.0.0
iso.3.6.1.2.1.4.20.1.3.127.0.20.1 = IpAddress: 255.0.0.0
iso.3.6.1.2.1.4.20.1.3.192.168.11.41 = IpAddress: 255.255.255.0
iso.3.6.1.2.1.4.20.1.4.127.0.0.1 = INTEGER: 1
iso.3.6.1.2.1.4.20.1.4.127.0.20.1 = INTEGER: 1
iso.3.6.1.2.1.4.20.1.4.192.168.11.41 = INTEGER: 1
iso.3.6.1.2.1.4.20.1.5.127.0.0.1 = INTEGER: 0
iso.3.6.1.2.1.4.20.1.5.127.0.20.1 = INTEGER: 0
iso.3.6.1.2.1.4.20.1.5.192.168.11.41 = INTEGER: 0
iso.3.6.1.2.1.4.21.1.1.0.0.0.0 = IpAddress: 0.0.0.0
iso.3.6.1.2.1.4.21.1.1.127.0.0.0 = IpAddress: 127.0.0.0
iso.3.6.1.2.1.4.21.1.1.127.0.0.1 = IpAddress: 127.0.0.1
iso.3.6.1.2.1.4.21.1.1.127.0.10.1 = IpAddress: 127.0.10.1
iso.3.6.1.2.1.4.21.1.1.127.0.20.1 = IpAddress: 127.0.20.1
iso.3.6.1.2.1.4.21.1.1.192.168.11.0 = IpAddress: 192.168.11.0
iso.3.6.1.2.1.4.21.1.1.192.168.11.8 = IpAddress: 192.168.11.8
iso.3.6.1.2.1.4.21.1.1.192.168.11.9 = IpAddress: 192.168.11.9
iso.3.6.1.2.1.4.21.1.1.192.168.11.10 = IpAddress: 192.168.11.10
iso.3.6.1.2.1.4.21.1.1.192.168.11.14 = IpAddress: 192.168.11.14
iso.3.6.1.2.1.4.21.1.1.192.168.11.15 = IpAddress: 192.168.11.15
iso.3.6.1.2.1.4.21.1.1.192.168.11.18 = IpAddress: 192.168.11.18
iso.3.6.1.2.1.4.21.1.1.192.168.11.41 = IpAddress: 192.168.11.41
iso.3.6.1.2.1.4.21.1.1.192.168.11.253 = IpAddress: 192.168.11.253
iso.3.6.1.2.1.4.21.1.1.192.168.11.254 = IpAddress: 192.168.11.254
iso.3.6.1.2.1.4.21.1.1.192.168.11.255 = IpAddress: 192.168.11.255
iso.3.6.1.2.1.4.21.1.2.0.0.0.0 = INTEGER: 12
iso.3.6.1.2.1.4.21.1.2.127.0.0.0 = INTEGER: 9
iso.3.6.1.2.1.4.21.1.2.127.0.0.1 = INTEGER: 9
iso.3.6.1.2.1.4.21.1.2.127.0.10.1 = INTEGER: 11
iso.3.6.1.2.1.4.21.1.2.127.0.20.1 = INTEGER: 11
iso.3.6.1.2.1.4.21.1.2.192.168.11.0 = INTEGER: 12
iso.3.6.1.2.1.4.21.1.2.192.168.11.8 = INTEGER: 12
iso.3.6.1.2.1.4.21.1.2.192.168.11.9 = INTEGER: 12
iso.3.6.1.2.1.4.21.1.2.192.168.11.10 = INTEGER: 12
iso.3.6.1.2.1.4.21.1.2.192.168.11.14 = INTEGER: 12
iso.3.6.1.2.1.4.21.1.2.192.168.11.15 = INTEGER: 12
iso.3.6.1.2.1.4.21.1.2.192.168.11.18 = INTEGER: 12
iso.3.6.1.2.1.4.21.1.2.192.168.11.41 = INTEGER: 9
iso.3.6.1.2.1.4.21.1.2.192.168.11.253 = INTEGER: 12
iso.3.6.1.2.1.4.21.1.2.192.168.11.254 = INTEGER: 12
iso.3.6.1.2.1.4.21.1.2.192.168.11.255 = INTEGER: 12
iso.3.6.1.2.1.4.21.1.3.0.0.0.0 = INTEGER: 1
iso.3.6.1.2.1.4.21.1.3.127.0.0.0 = INTEGER: 1
iso.3.6.1.2.1.4.21.1.3.127.0.0.1 = INTEGER: 0
iso.3.6.1.2.1.4.21.1.3.127.0.10.1 = INTEGER: 0
iso.3.6.1.2.1.4.21.1.3.127.0.20.1 = INTEGER: 0
iso.3.6.1.2.1.4.21.1.3.192.168.11.0 = INTEGER: 0
iso.3.6.1.2.1.4.21.1.3.192.168.11.8 = INTEGER: 0
iso.3.6.1.2.1.4.21.1.3.192.168.11.9 = INTEGER: 0
iso.3.6.1.2.1.4.21.1.3.192.168.11.10 = INTEGER: 0
iso.3.6.1.2.1.4.21.1.3.192.168.11.14 = INTEGER: 0
iso.3.6.1.2.1.4.21.1.3.192.168.11.15 = INTEGER: 0
iso.3.6.1.2.1.4.21.1.3.192.168.11.18 = INTEGER: 0
iso.3.6.1.2.1.4.21.1.3.192.168.11.41 = INTEGER: 0
iso.3.6.1.2.1.4.21.1.3.192.168.11.253 = INTEGER: 0
iso.3.6.1.2.1.4.21.1.3.192.168.11.254 = INTEGER: 0
iso.3.6.1.2.1.4.21.1.3.192.168.11.255 = INTEGER: 0
iso.3.6.1.2.1.4.21.1.4.0.0.0.0 = INTEGER: -1
iso.3.6.1.2.1.4.21.1.4.127.0.0.0 = INTEGER: -1
iso.3.6.1.2.1.4.21.1.4.127.0.0.1 = INTEGER: -1
iso.3.6.1.2.1.4.21.1.4.127.0.10.1 = INTEGER: -1
iso.3.6.1.2.1.4.21.1.4.127.0.20.1 = INTEGER: -1
iso.3.6.1.2.1.4.21.1.4.192.168.11.0 = INTEGER: -1
iso.3.6.1.2.1.4.21.1.4.192.168.11.8 = INTEGER: -1
iso.3.6.1.2.1.4.21.1.4.192.168.11.9 = INTEGER: -1
iso.3.6.1.2.1.4.21.1.4.192.168.11.10 = INTEGER: -1
iso.3.6.1.2.1.4.21.1.4.192.168.11.14 = INTEGER: -1
iso.3.6.1.2.1.4.21.1.4.192.168.11.15 = INTEGER: -1
iso.3.6.1.2.1.4.21.1.4.192.168.11.18 = INTEGER: -1
iso.3.6.1.2.1.4.21.1.4.192.168.11.41 = INTEGER: -1
iso.3.6.1.2.1.4.21.1.4.192.168.11.253 = INTEGER: -1
iso.3.6.1.2.1.4.21.1.4.192.168.11.254 = INTEGER: -1
iso.3.6.1.2.1.4.21.1.4.192.168.11.255 = INTEGER: -1
iso.3.6.1.2.1.4.21.1.5.0.0.0.0 = INTEGER: -1
iso.3.6.1.2.1.4.21.1.5.127.0.0.0 = INTEGER: -1
iso.3.6.1.2.1.4.21.1.5.127.0.0.1 = INTEGER: -1
iso.3.6.1.2.1.4.21.1.5.127.0.10.1 = INTEGER: -1
iso.3.6.1.2.1.4.21.1.5.127.0.20.1 = INTEGER: -1
iso.3.6.1.2.1.4.21.1.5.192.168.11.0 = INTEGER: -1
iso.3.6.1.2.1.4.21.1.5.192.168.11.8 = INTEGER: -1
iso.3.6.1.2.1.4.21.1.5.192.168.11.9 = INTEGER: -1
iso.3.6.1.2.1.4.21.1.5.192.168.11.10 = INTEGER: -1
iso.3.6.1.2.1.4.21.1.5.192.168.11.14 = INTEGER: -1
iso.3.6.1.2.1.4.21.1.5.192.168.11.15 = INTEGER: -1
iso.3.6.1.2.1.4.21.1.5.192.168.11.18 = INTEGER: -1
iso.3.6.1.2.1.4.21.1.5.192.168.11.41 = INTEGER: -1
iso.3.6.1.2.1.4.21.1.5.192.168.11.253 = INTEGER: -1
iso.3.6.1.2.1.4.21.1.5.192.168.11.254 = INTEGER: -1
iso.3.6.1.2.1.4.21.1.5.192.168.11.255 = INTEGER: -1
iso.3.6.1.2.1.4.21.1.6.0.0.0.0 = INTEGER: -1
iso.3.6.1.2.1.4.21.1.6.127.0.0.0 = INTEGER: -1
iso.3.6.1.2.1.4.21.1.6.127.0.0.1 = INTEGER: -1
iso.3.6.1.2.1.4.21.1.6.127.0.10.1 = INTEGER: -1
iso.3.6.1.2.1.4.21.1.6.127.0.20.1 = INTEGER: -1
iso.3.6.1.2.1.4.21.1.6.192.168.11.0 = INTEGER: -1
iso.3.6.1.2.1.4.21.1.6.192.168.11.8 = INTEGER: -1
iso.3.6.1.2.1.4.21.1.6.192.168.11.9 = INTEGER: -1
iso.3.6.1.2.1.4.21.1.6.192.168.11.10 = INTEGER: -1
iso.3.6.1.2.1.4.21.1.6.192.168.11.14 = INTEGER: -1
iso.3.6.1.2.1.4.21.1.6.192.168.11.15 = INTEGER: -1
iso.3.6.1.2.1.4.21.1.6.192.168.11.18 = INTEGER: -1
iso.3.6.1.2.1.4.21.1.6.192.168.11.41 = INTEGER: -1
iso.3.6.1.2.1.4.21.1.6.192.168.11.253 = INTEGER: -1
iso.3.6.1.2.1.4.21.1.6.192.168.11.254 = INTEGER: -1
iso.3.6.1.2.1.4.21.1.6.192.168.11.255 = INTEGER: -1
iso.3.6.1.2.1.4.21.1.7.0.0.0.0 = IpAddress: 192.168.11.254
iso.3.6.1.2.1.4.21.1.7.127.0.0.0 = IpAddress: 127.0.0.1
iso.3.6.1.2.1.4.21.1.7.127.0.0.1 = IpAddress: 127.0.0.1
iso.3.6.1.2.1.4.21.1.7.127.0.10.1 = IpAddress: 127.0.20.1
iso.3.6.1.2.1.4.21.1.7.127.0.20.1 = IpAddress: 127.0.20.1
iso.3.6.1.2.1.4.21.1.7.192.168.11.0 = IpAddress: 192.168.11.41
iso.3.6.1.2.1.4.21.1.7.192.168.11.8 = IpAddress: 192.168.11.41
iso.3.6.1.2.1.4.21.1.7.192.168.11.9 = IpAddress: 192.168.11.41
iso.3.6.1.2.1.4.21.1.7.192.168.11.10 = IpAddress: 192.168.11.41
iso.3.6.1.2.1.4.21.1.7.192.168.11.14 = IpAddress: 192.168.11.41
iso.3.6.1.2.1.4.21.1.7.192.168.11.15 = IpAddress: 192.168.11.41
iso.3.6.1.2.1.4.21.1.7.192.168.11.18 = IpAddress: 192.168.11.41
iso.3.6.1.2.1.4.21.1.7.192.168.11.41 = IpAddress: 127.0.0.1
iso.3.6.1.2.1.4.21.1.7.192.168.11.253 = IpAddress: 192.168.11.41
iso.3.6.1.2.1.4.21.1.7.192.168.11.254 = IpAddress: 192.168.11.41
iso.3.6.1.2.1.4.21.1.7.192.168.11.255 = IpAddress: 192.168.11.41
iso.3.6.1.2.1.4.21.1.8.0.0.0.0 = INTEGER: 4
iso.3.6.1.2.1.4.21.1.8.127.0.0.0 = INTEGER: 4
iso.3.6.1.2.1.4.21.1.8.127.0.0.1 = INTEGER: 3
iso.3.6.1.2.1.4.21.1.8.127.0.10.1 = INTEGER: 3
iso.3.6.1.2.1.4.21.1.8.127.0.20.1 = INTEGER: 3
iso.3.6.1.2.1.4.21.1.8.192.168.11.0 = INTEGER: 3
iso.3.6.1.2.1.4.21.1.8.192.168.11.8 = INTEGER: 3
iso.3.6.1.2.1.4.21.1.8.192.168.11.9 = INTEGER: 3
iso.3.6.1.2.1.4.21.1.8.192.168.11.10 = INTEGER: 3
iso.3.6.1.2.1.4.21.1.8.192.168.11.14 = INTEGER: 3
iso.3.6.1.2.1.4.21.1.8.192.168.11.15 = INTEGER: 3
iso.3.6.1.2.1.4.21.1.8.192.168.11.18 = INTEGER: 3
iso.3.6.1.2.1.4.21.1.8.192.168.11.41 = INTEGER: 3
iso.3.6.1.2.1.4.21.1.8.192.168.11.253 = INTEGER: 3
iso.3.6.1.2.1.4.21.1.8.192.168.11.254 = INTEGER: 3
iso.3.6.1.2.1.4.21.1.8.192.168.11.255 = INTEGER: 3
iso.3.6.1.2.1.4.21.1.9.0.0.0.0 = INTEGER: 2
iso.3.6.1.2.1.4.21.1.9.127.0.0.0 = INTEGER: 2
iso.3.6.1.2.1.4.21.1.9.127.0.0.1 = INTEGER: 2
iso.3.6.1.2.1.4.21.1.9.127.0.10.1 = INTEGER: 2
iso.3.6.1.2.1.4.21.1.9.127.0.20.1 = INTEGER: 2
iso.3.6.1.2.1.4.21.1.9.192.168.11.0 = INTEGER: 2
iso.3.6.1.2.1.4.21.1.9.192.168.11.8 = INTEGER: 2
iso.3.6.1.2.1.4.21.1.9.192.168.11.9 = INTEGER: 2
iso.3.6.1.2.1.4.21.1.9.192.168.11.10 = INTEGER: 2
iso.3.6.1.2.1.4.21.1.9.192.168.11.14 = INTEGER: 2
iso.3.6.1.2.1.4.21.1.9.192.168.11.15 = INTEGER: 2
iso.3.6.1.2.1.4.21.1.9.192.168.11.18 = INTEGER: 2
iso.3.6.1.2.1.4.21.1.9.192.168.11.41 = INTEGER: 2
iso.3.6.1.2.1.4.21.1.9.192.168.11.253 = INTEGER: 2
iso.3.6.1.2.1.4.21.1.9.192.168.11.254 = INTEGER: 2
iso.3.6.1.2.1.4.21.1.9.192.168.11.255 = INTEGER: 2
iso.3.6.1.2.1.4.21.1.10.0.0.0.0 = INTEGER: 0
iso.3.6.1.2.1.4.21.1.10.127.0.0.0 = INTEGER: 0
iso.3.6.1.2.1.4.21.1.10.127.0.0.1 = INTEGER: 0
iso.3.6.1.2.1.4.21.1.10.127.0.10.1 = INTEGER: 0
iso.3.6.1.2.1.4.21.1.10.127.0.20.1 = INTEGER: 0
iso.3.6.1.2.1.4.21.1.10.192.168.11.0 = INTEGER: 0
iso.3.6.1.2.1.4.21.1.10.192.168.11.8 = INTEGER: 0
iso.3.6.1.2.1.4.21.1.10.192.168.11.9 = INTEGER: 0
iso.3.6.1.2.1.4.21.1.10.192.168.11.10 = INTEGER: 0
iso.3.6.1.2.1.4.21.1.10.192.168.11.14 = INTEGER: 0
iso.3.6.1.2.1.4.21.1.10.192.168.11.15 = INTEGER: 0
iso.3.6.1.2.1.4.21.1.10.192.168.11.18 = INTEGER: 0
iso.3.6.1.2.1.4.21.1.10.192.168.11.41 = INTEGER: 0
iso.3.6.1.2.1.4.21.1.10.192.168.11.253 = INTEGER: 0
iso.3.6.1.2.1.4.21.1.10.192.168.11.254 = INTEGER: 0
iso.3.6.1.2.1.4.21.1.10.192.168.11.255 = INTEGER: 0
iso.3.6.1.2.1.4.21.1.11.0.0.0.0 = IpAddress: 0.0.0.0
iso.3.6.1.2.1.4.21.1.11.127.0.0.0 = IpAddress: 255.0.0.0
iso.3.6.1.2.1.4.21.1.11.127.0.0.1 = IpAddress: 255.255.255.255
iso.3.6.1.2.1.4.21.1.11.127.0.10.1 = IpAddress: 255.255.255.255
iso.3.6.1.2.1.4.21.1.11.127.0.20.1 = IpAddress: 255.255.255.255
iso.3.6.1.2.1.4.21.1.11.192.168.11.0 = IpAddress: 255.255.255.0
iso.3.6.1.2.1.4.21.1.11.192.168.11.8 = IpAddress: 255.255.255.255
iso.3.6.1.2.1.4.21.1.11.192.168.11.9 = IpAddress: 255.255.255.255
iso.3.6.1.2.1.4.21.1.11.192.168.11.10 = IpAddress: 255.255.255.255
iso.3.6.1.2.1.4.21.1.11.192.168.11.14 = IpAddress: 255.255.255.255
iso.3.6.1.2.1.4.21.1.11.192.168.11.15 = IpAddress: 255.255.255.255
iso.3.6.1.2.1.4.21.1.11.192.168.11.18 = IpAddress: 255.255.255.255
iso.3.6.1.2.1.4.21.1.11.192.168.11.41 = IpAddress: 255.255.255.255
iso.3.6.1.2.1.4.21.1.11.192.168.11.253 = IpAddress: 255.255.255.255
iso.3.6.1.2.1.4.21.1.11.192.168.11.254 = IpAddress: 255.255.255.255
iso.3.6.1.2.1.4.21.1.11.192.168.11.255 = IpAddress: 255.255.255.255
iso.3.6.1.2.1.4.21.1.12.0.0.0.0 = INTEGER: -1
iso.3.6.1.2.1.4.21.1.12.127.0.0.0 = INTEGER: -1
iso.3.6.1.2.1.4.21.1.12.127.0.0.1 = INTEGER: -1
iso.3.6.1.2.1.4.21.1.12.127.0.10.1 = INTEGER: -1
iso.3.6.1.2.1.4.21.1.12.127.0.20.1 = INTEGER: -1
iso.3.6.1.2.1.4.21.1.12.192.168.11.0 = INTEGER: -1
iso.3.6.1.2.1.4.21.1.12.192.168.11.8 = INTEGER: -1
iso.3.6.1.2.1.4.21.1.12.192.168.11.9 = INTEGER: -1
iso.3.6.1.2.1.4.21.1.12.192.168.11.10 = INTEGER: -1
iso.3.6.1.2.1.4.21.1.12.192.168.11.14 = INTEGER: -1
iso.3.6.1.2.1.4.21.1.12.192.168.11.15 = INTEGER: -1
iso.3.6.1.2.1.4.21.1.12.192.168.11.18 = INTEGER: -1
iso.3.6.1.2.1.4.21.1.12.192.168.11.41 = INTEGER: -1
iso.3.6.1.2.1.4.21.1.12.192.168.11.253 = INTEGER: -1
iso.3.6.1.2.1.4.21.1.12.192.168.11.254 = INTEGER: -1
iso.3.6.1.2.1.4.21.1.12.192.168.11.255 = INTEGER: -1
iso.3.6.1.2.1.4.21.1.13.0.0.0.0 = OID: ccitt.0
iso.3.6.1.2.1.4.21.1.13.127.0.0.0 = OID: ccitt.0
iso.3.6.1.2.1.4.21.1.13.127.0.0.1 = OID: ccitt.0
iso.3.6.1.2.1.4.21.1.13.127.0.10.1 = OID: ccitt.0
iso.3.6.1.2.1.4.21.1.13.127.0.20.1 = OID: ccitt.0
iso.3.6.1.2.1.4.21.1.13.192.168.11.0 = OID: ccitt.0
iso.3.6.1.2.1.4.21.1.13.192.168.11.8 = OID: ccitt.0
iso.3.6.1.2.1.4.21.1.13.192.168.11.9 = OID: ccitt.0
iso.3.6.1.2.1.4.21.1.13.192.168.11.10 = OID: ccitt.0
iso.3.6.1.2.1.4.21.1.13.192.168.11.14 = OID: ccitt.0
iso.3.6.1.2.1.4.21.1.13.192.168.11.15 = OID: ccitt.0
iso.3.6.1.2.1.4.21.1.13.192.168.11.18 = OID: ccitt.0
iso.3.6.1.2.1.4.21.1.13.192.168.11.41 = OID: ccitt.0
iso.3.6.1.2.1.4.21.1.13.192.168.11.253 = OID: ccitt.0
iso.3.6.1.2.1.4.21.1.13.192.168.11.254 = OID: ccitt.0
iso.3.6.1.2.1.4.21.1.13.192.168.11.255 = OID: ccitt.0
iso.3.6.1.2.1.4.22.1.1.6.127.0.0.1 = INTEGER: 6
iso.3.6.1.2.1.4.22.1.1.8.127.0.20.1 = INTEGER: 8
iso.3.6.1.2.1.4.22.1.1.9.192.168.11.41 = INTEGER: 9
iso.3.6.1.2.1.4.22.1.2.6.127.0.0.1 = Hex-STRING: 00 00 00 00 
iso.3.6.1.2.1.4.22.1.2.8.127.0.20.1 = Hex-STRING: 00 00 00 00 
iso.3.6.1.2.1.4.22.1.2.9.192.168.11.41 = Hex-STRING: 02 A0 98 3D 7E F4 
iso.3.6.1.2.1.4.22.1.3.6.127.0.0.1 = IpAddress: 127.0.0.1
iso.3.6.1.2.1.4.22.1.3.8.127.0.20.1 = IpAddress: 127.0.20.1
iso.3.6.1.2.1.4.22.1.3.9.192.168.11.41 = IpAddress: 192.168.11.41
iso.3.6.1.2.1.4.22.1.4.6.127.0.0.1 = INTEGER: 4
iso.3.6.1.2.1.4.22.1.4.8.127.0.20.1 = INTEGER: 4
iso.3.6.1.2.1.4.22.1.4.9.192.168.11.41 = INTEGER: 4
iso.3.6.1.2.1.4.23.0 = Counter32: 0
iso.3.6.1.2.1.5.1.0 = Counter32: 83969
iso.3.6.1.2.1.5.2.0 = Counter32: 0
iso.3.6.1.2.1.5.3.0 = Counter32: 6129
iso.3.6.1.2.1.5.4.0 = Counter32: 1
iso.3.6.1.2.1.5.5.0 = Counter32: 0
iso.3.6.1.2.1.5.6.0 = Counter32: 0
iso.3.6.1.2.1.5.7.0 = Counter32: 0
iso.3.6.1.2.1.5.8.0 = Counter32: 77826
iso.3.6.1.2.1.5.9.0 = Counter32: 13
iso.3.6.1.2.1.5.10.0 = Counter32: 0
iso.3.6.1.2.1.5.11.0 = Counter32: 0
iso.3.6.1.2.1.5.12.0 = Counter32: 0
iso.3.6.1.2.1.5.13.0 = Counter32: 0
iso.3.6.1.2.1.5.14.0 = Counter32: 77826
iso.3.6.1.2.1.5.15.0 = Counter32: 0
iso.3.6.1.2.1.5.16.0 = Counter32: 0
iso.3.6.1.2.1.5.17.0 = Counter32: 0
iso.3.6.1.2.1.5.18.0 = Counter32: 0
iso.3.6.1.2.1.5.19.0 = Counter32: 0
iso.3.6.1.2.1.5.20.0 = Counter32: 0
iso.3.6.1.2.1.5.21.0 = Counter32: 0
iso.3.6.1.2.1.5.22.0 = Counter32: 77826
iso.3.6.1.2.1.5.23.0 = Counter32: 0
iso.3.6.1.2.1.5.24.0 = Counter32: 0
iso.3.6.1.2.1.5.25.0 = Counter32: 0
iso.3.6.1.2.1.5.26.0 = Counter32: 0
iso.3.6.1.2.1.6.1.0 = INTEGER: 4
iso.3.6.1.2.1.6.2.0 = INTEGER: 500
iso.3.6.1.2.1.6.3.0 = INTEGER: 64000
iso.3.6.1.2.1.6.4.0 = INTEGER: -1
iso.3.6.1.2.1.6.5.0 = Counter32: 45147
iso.3.6.1.2.1.6.6.0 = Counter32: 14921
iso.3.6.1.2.1.6.7.0 = Counter32: 61
iso.3.6.1.2.1.6.8.0 = Counter32: 30
iso.3.6.1.2.1.6.9.0 = Gauge32: 4
iso.3.6.1.2.1.6.10.0 = Counter32: 99616871
iso.3.6.1.2.1.6.11.0 = Counter32: 76491965
iso.3.6.1.2.1.6.12.0 = Counter32: 13408
iso.3.6.1.2.1.6.13.1.1.0.0.0.0.22.0.0.0.0.0 = INTEGER: 2
iso.3.6.1.2.1.6.13.1.1.0.0.0.0.23.0.0.0.0.0 = INTEGER: 2
iso.3.6.1.2.1.6.13.1.1.0.0.0.0.111.0.0.0.0.0 = INTEGER: 2
iso.3.6.1.2.1.6.13.1.1.0.0.0.0.139.0.0.0.0.0 = INTEGER: 2
iso.3.6.1.2.1.6.13.1.1.0.0.0.0.443.0.0.0.0.0 = INTEGER: 2
iso.3.6.1.2.1.6.13.1.1.0.0.0.0.445.0.0.0.0.0 = INTEGER: 2
iso.3.6.1.2.1.6.13.1.1.0.0.0.0.514.0.0.0.0.0 = INTEGER: 2
iso.3.6.1.2.1.6.13.1.1.0.0.0.0.951.0.0.0.0.0 = INTEGER: 2
iso.3.6.1.2.1.6.13.1.1.0.0.0.0.2049.0.0.0.0.0 = INTEGER: 2
iso.3.6.1.2.1.6.13.1.1.0.0.0.0.4045.0.0.0.0.0 = INTEGER: 2
iso.3.6.1.2.1.6.13.1.1.0.0.0.0.4046.0.0.0.0.0 = INTEGER: 2
iso.3.6.1.2.1.6.13.1.1.0.0.0.0.4047.0.0.0.0.0 = INTEGER: 2
iso.3.6.1.2.1.6.13.1.1.0.0.0.0.8023.0.0.0.0.0 = INTEGER: 2
iso.3.6.1.2.1.6.13.1.1.0.0.0.0.8514.0.0.0.0.0 = INTEGER: 2
iso.3.6.1.2.1.6.13.1.1.0.0.0.0.10567.0.0.0.0.0 = INTEGER: 2
iso.3.6.1.2.1.6.13.1.1.0.0.0.0.10568.0.0.0.0.0 = INTEGER: 2
iso.3.6.1.2.1.6.13.1.1.0.0.0.0.10569.0.0.0.0.0 = INTEGER: 2
iso.3.6.1.2.1.6.13.1.1.127.0.20.1.1026.127.0.10.1.7951 = INTEGER: 5
iso.3.6.1.2.1.6.13.1.1.127.0.20.1.5939.0.0.0.0.0 = INTEGER: 2
iso.3.6.1.2.1.6.13.1.1.192.168.11.41.2049.192.168.11.14.807 = INTEGER: 5
iso.3.6.1.2.1.6.13.1.1.192.168.11.41.2049.192.168.11.15.874 = INTEGER: 5
iso.3.6.1.2.1.6.13.1.1.192.168.11.41.2049.192.168.11.18.805 = INTEGER: 5
iso.3.6.1.2.1.6.13.1.2.0.0.0.0.22.0.0.0.0.0 = IpAddress: 0.0.0.0
iso.3.6.1.2.1.6.13.1.2.0.0.0.0.23.0.0.0.0.0 = IpAddress: 0.0.0.0
iso.3.6.1.2.1.6.13.1.2.0.0.0.0.111.0.0.0.0.0 = IpAddress: 0.0.0.0
iso.3.6.1.2.1.6.13.1.2.0.0.0.0.139.0.0.0.0.0 = IpAddress: 0.0.0.0
iso.3.6.1.2.1.6.13.1.2.0.0.0.0.443.0.0.0.0.0 = IpAddress: 0.0.0.0
iso.3.6.1.2.1.6.13.1.2.0.0.0.0.445.0.0.0.0.0 = IpAddress: 0.0.0.0
iso.3.6.1.2.1.6.13.1.2.0.0.0.0.514.0.0.0.0.0 = IpAddress: 0.0.0.0
iso.3.6.1.2.1.6.13.1.2.0.0.0.0.951.0.0.0.0.0 = IpAddress: 0.0.0.0
iso.3.6.1.2.1.6.13.1.2.0.0.0.0.2049.0.0.0.0.0 = IpAddress: 0.0.0.0
iso.3.6.1.2.1.6.13.1.2.0.0.0.0.4045.0.0.0.0.0 = IpAddress: 0.0.0.0
iso.3.6.1.2.1.6.13.1.2.0.0.0.0.4046.0.0.0.0.0 = IpAddress: 0.0.0.0
iso.3.6.1.2.1.6.13.1.2.0.0.0.0.4047.0.0.0.0.0 = IpAddress: 0.0.0.0
iso.3.6.1.2.1.6.13.1.2.0.0.0.0.8023.0.0.0.0.0 = IpAddress: 0.0.0.0
iso.3.6.1.2.1.6.13.1.2.0.0.0.0.8514.0.0.0.0.0 = IpAddress: 0.0.0.0
iso.3.6.1.2.1.6.13.1.2.0.0.0.0.10567.0.0.0.0.0 = IpAddress: 0.0.0.0
iso.3.6.1.2.1.6.13.1.2.0.0.0.0.10568.0.0.0.0.0 = IpAddress: 0.0.0.0
iso.3.6.1.2.1.6.13.1.2.0.0.0.0.10569.0.0.0.0.0 = IpAddress: 0.0.0.0
iso.3.6.1.2.1.6.13.1.2.127.0.20.1.1026.127.0.10.1.7951 = IpAddress: 127.0.20.1
iso.3.6.1.2.1.6.13.1.2.127.0.20.1.5939.0.0.0.0.0 = IpAddress: 127.0.20.1
iso.3.6.1.2.1.6.13.1.2.192.168.11.41.2049.192.168.11.14.807 = IpAddress: 192.168.11.41
iso.3.6.1.2.1.6.13.1.2.192.168.11.41.2049.192.168.11.15.874 = IpAddress: 192.168.11.41
iso.3.6.1.2.1.6.13.1.2.192.168.11.41.2049.192.168.11.18.805 = IpAddress: 192.168.11.41
iso.3.6.1.2.1.6.13.1.3.0.0.0.0.22.0.0.0.0.0 = INTEGER: 22
iso.3.6.1.2.1.6.13.1.3.0.0.0.0.23.0.0.0.0.0 = INTEGER: 23
iso.3.6.1.2.1.6.13.1.3.0.0.0.0.111.0.0.0.0.0 = INTEGER: 111
iso.3.6.1.2.1.6.13.1.3.0.0.0.0.139.0.0.0.0.0 = INTEGER: 139
iso.3.6.1.2.1.6.13.1.3.0.0.0.0.443.0.0.0.0.0 = INTEGER: 443
iso.3.6.1.2.1.6.13.1.3.0.0.0.0.445.0.0.0.0.0 = INTEGER: 445
iso.3.6.1.2.1.6.13.1.3.0.0.0.0.514.0.0.0.0.0 = INTEGER: 514
iso.3.6.1.2.1.6.13.1.3.0.0.0.0.951.0.0.0.0.0 = INTEGER: 951
iso.3.6.1.2.1.6.13.1.3.0.0.0.0.2049.0.0.0.0.0 = INTEGER: 2049
iso.3.6.1.2.1.6.13.1.3.0.0.0.0.4045.0.0.0.0.0 = INTEGER: 4045
iso.3.6.1.2.1.6.13.1.3.0.0.0.0.4046.0.0.0.0.0 = INTEGER: 4046
iso.3.6.1.2.1.6.13.1.3.0.0.0.0.4047.0.0.0.0.0 = INTEGER: 4047
iso.3.6.1.2.1.6.13.1.3.0.0.0.0.8023.0.0.0.0.0 = INTEGER: 8023
iso.3.6.1.2.1.6.13.1.3.0.0.0.0.8514.0.0.0.0.0 = INTEGER: 8514
iso.3.6.1.2.1.6.13.1.3.0.0.0.0.10567.0.0.0.0.0 = INTEGER: 10567
iso.3.6.1.2.1.6.13.1.3.0.0.0.0.10568.0.0.0.0.0 = INTEGER: 10568
iso.3.6.1.2.1.6.13.1.3.0.0.0.0.10569.0.0.0.0.0 = INTEGER: 10569
iso.3.6.1.2.1.6.13.1.3.127.0.20.1.1026.127.0.10.1.7951 = INTEGER: 1026
iso.3.6.1.2.1.6.13.1.3.127.0.20.1.5939.0.0.0.0.0 = INTEGER: 5939
iso.3.6.1.2.1.6.13.1.3.192.168.11.41.2049.192.168.11.14.807 = INTEGER: 2049
iso.3.6.1.2.1.6.13.1.3.192.168.11.41.2049.192.168.11.15.874 = INTEGER: 2049
iso.3.6.1.2.1.6.13.1.3.192.168.11.41.2049.192.168.11.18.805 = INTEGER: 2049
iso.3.6.1.2.1.6.13.1.4.0.0.0.0.22.0.0.0.0.0 = IpAddress: 0.0.0.0
iso.3.6.1.2.1.6.13.1.4.0.0.0.0.23.0.0.0.0.0 = IpAddress: 0.0.0.0
iso.3.6.1.2.1.6.13.1.4.0.0.0.0.111.0.0.0.0.0 = IpAddress: 0.0.0.0
iso.3.6.1.2.1.6.13.1.4.0.0.0.0.139.0.0.0.0.0 = IpAddress: 0.0.0.0
iso.3.6.1.2.1.6.13.1.4.0.0.0.0.443.0.0.0.0.0 = IpAddress: 0.0.0.0
iso.3.6.1.2.1.6.13.1.4.0.0.0.0.445.0.0.0.0.0 = IpAddress: 0.0.0.0
iso.3.6.1.2.1.6.13.1.4.0.0.0.0.514.0.0.0.0.0 = IpAddress: 0.0.0.0
iso.3.6.1.2.1.6.13.1.4.0.0.0.0.951.0.0.0.0.0 = IpAddress: 0.0.0.0
iso.3.6.1.2.1.6.13.1.4.0.0.0.0.2049.0.0.0.0.0 = IpAddress: 0.0.0.0
iso.3.6.1.2.1.6.13.1.4.0.0.0.0.4045.0.0.0.0.0 = IpAddress: 0.0.0.0
iso.3.6.1.2.1.6.13.1.4.0.0.0.0.4046.0.0.0.0.0 = IpAddress: 0.0.0.0
iso.3.6.1.2.1.6.13.1.4.0.0.0.0.4047.0.0.0.0.0 = IpAddress: 0.0.0.0
iso.3.6.1.2.1.6.13.1.4.0.0.0.0.8023.0.0.0.0.0 = IpAddress: 0.0.0.0
iso.3.6.1.2.1.6.13.1.4.0.0.0.0.8514.0.0.0.0.0 = IpAddress: 0.0.0.0
iso.3.6.1.2.1.6.13.1.4.0.0.0.0.10567.0.0.0.0.0 = IpAddress: 0.0.0.0
iso.3.6.1.2.1.6.13.1.4.0.0.0.0.10568.0.0.0.0.0 = IpAddress: 0.0.0.0
iso.3.6.1.2.1.6.13.1.4.0.0.0.0.10569.0.0.0.0.0 = IpAddress: 0.0.0.0
iso.3.6.1.2.1.6.13.1.4.127.0.20.1.1026.127.0.10.1.7951 = IpAddress: 127.0.10.1
iso.3.6.1.2.1.6.13.1.4.127.0.20.1.5939.0.0.0.0.0 = IpAddress: 0.0.0.0
iso.3.6.1.2.1.6.13.1.4.192.168.11.41.2049.192.168.11.14.807 = IpAddress: 192.168.11.14
iso.3.6.1.2.1.6.13.1.4.192.168.11.41.2049.192.168.11.15.874 = IpAddress: 192.168.11.15
iso.3.6.1.2.1.6.13.1.4.192.168.11.41.2049.192.168.11.18.805 = IpAddress: 192.168.11.18
iso.3.6.1.2.1.6.13.1.5.0.0.0.0.22.0.0.0.0.0 = INTEGER: 0
iso.3.6.1.2.1.6.13.1.5.0.0.0.0.23.0.0.0.0.0 = INTEGER: 0
iso.3.6.1.2.1.6.13.1.5.0.0.0.0.111.0.0.0.0.0 = INTEGER: 0
iso.3.6.1.2.1.6.13.1.5.0.0.0.0.139.0.0.0.0.0 = INTEGER: 0
iso.3.6.1.2.1.6.13.1.5.0.0.0.0.443.0.0.0.0.0 = INTEGER: 0
iso.3.6.1.2.1.6.13.1.5.0.0.0.0.445.0.0.0.0.0 = INTEGER: 0
iso.3.6.1.2.1.6.13.1.5.0.0.0.0.514.0.0.0.0.0 = INTEGER: 0
iso.3.6.1.2.1.6.13.1.5.0.0.0.0.951.0.0.0.0.0 = INTEGER: 0
iso.3.6.1.2.1.6.13.1.5.0.0.0.0.2049.0.0.0.0.0 = INTEGER: 0
iso.3.6.1.2.1.6.13.1.5.0.0.0.0.4045.0.0.0.0.0 = INTEGER: 0
iso.3.6.1.2.1.6.13.1.5.0.0.0.0.4046.0.0.0.0.0 = INTEGER: 0
iso.3.6.1.2.1.6.13.1.5.0.0.0.0.4047.0.0.0.0.0 = INTEGER: 0
iso.3.6.1.2.1.6.13.1.5.0.0.0.0.8023.0.0.0.0.0 = INTEGER: 0
iso.3.6.1.2.1.6.13.1.5.0.0.0.0.8514.0.0.0.0.0 = INTEGER: 0
iso.3.6.1.2.1.6.13.1.5.0.0.0.0.10567.0.0.0.0.0 = INTEGER: 0
iso.3.6.1.2.1.6.13.1.5.0.0.0.0.10568.0.0.0.0.0 = INTEGER: 0
iso.3.6.1.2.1.6.13.1.5.0.0.0.0.10569.0.0.0.0.0 = INTEGER: 0
iso.3.6.1.2.1.6.13.1.5.127.0.20.1.1026.127.0.10.1.7951 = INTEGER: 7951
iso.3.6.1.2.1.6.13.1.5.127.0.20.1.5939.0.0.0.0.0 = INTEGER: 0
iso.3.6.1.2.1.6.13.1.5.192.168.11.41.2049.192.168.11.14.807 = INTEGER: 807
iso.3.6.1.2.1.6.13.1.5.192.168.11.41.2049.192.168.11.15.874 = INTEGER: 874
iso.3.6.1.2.1.6.13.1.5.192.168.11.41.2049.192.168.11.18.805 = INTEGER: 805
iso.3.6.1.2.1.6.14.0 = Counter32: 0
iso.3.6.1.2.1.6.15.0 = Counter32: 100927
iso.3.6.1.2.1.6.17.0 = Counter64: 99616871
iso.3.6.1.2.1.6.18.0 = Counter64: 76491965
iso.3.6.1.2.1.6.19.1.1.1.127.0.20.1.1026.1.127.0.10.1.7951 = INTEGER: 1
iso.3.6.1.2.1.6.19.1.1.1.192.168.11.41.2049.1.192.168.11.14.807 = INTEGER: 1
iso.3.6.1.2.1.6.19.1.1.1.192.168.11.41.2049.1.192.168.11.15.874 = INTEGER: 1
iso.3.6.1.2.1.6.19.1.1.1.192.168.11.41.2049.1.192.168.11.18.805 = INTEGER: 1
iso.3.6.1.2.1.6.19.1.2.1.127.0.20.1.1026.1.127.0.10.1.7951 = Hex-STRING: 7F 00 14 01 
iso.3.6.1.2.1.6.19.1.2.1.192.168.11.41.2049.1.192.168.11.14.807 = Hex-STRING: C0 A8 0B 29 
iso.3.6.1.2.1.6.19.1.2.1.192.168.11.41.2049.1.192.168.11.15.874 = Hex-STRING: C0 A8 0B 29 
iso.3.6.1.2.1.6.19.1.2.1.192.168.11.41.2049.1.192.168.11.18.805 = Hex-STRING: C0 A8 0B 29 
iso.3.6.1.2.1.6.19.1.3.1.127.0.20.1.1026.1.127.0.10.1.7951 = INTEGER: 1026
iso.3.6.1.2.1.6.19.1.3.1.192.168.11.41.2049.1.192.168.11.14.807 = INTEGER: 2049
iso.3.6.1.2.1.6.19.1.3.1.192.168.11.41.2049.1.192.168.11.15.874 = INTEGER: 2049
iso.3.6.1.2.1.6.19.1.3.1.192.168.11.41.2049.1.192.168.11.18.805 = INTEGER: 2049
iso.3.6.1.2.1.6.19.1.4.1.127.0.20.1.1026.1.127.0.10.1.7951 = INTEGER: 1
iso.3.6.1.2.1.6.19.1.4.1.192.168.11.41.2049.1.192.168.11.14.807 = INTEGER: 1
iso.3.6.1.2.1.6.19.1.4.1.192.168.11.41.2049.1.192.168.11.15.874 = INTEGER: 1
iso.3.6.1.2.1.6.19.1.4.1.192.168.11.41.2049.1.192.168.11.18.805 = INTEGER: 1
iso.3.6.1.2.1.6.19.1.5.1.127.0.20.1.1026.1.127.0.10.1.7951 = Hex-STRING: 7F 00 0A 01 
iso.3.6.1.2.1.6.19.1.5.1.192.168.11.41.2049.1.192.168.11.14.807 = Hex-STRING: C0 A8 0B 0E 
iso.3.6.1.2.1.6.19.1.5.1.192.168.11.41.2049.1.192.168.11.15.874 = Hex-STRING: C0 A8 0B 0F 
iso.3.6.1.2.1.6.19.1.5.1.192.168.11.41.2049.1.192.168.11.18.805 = Hex-STRING: C0 A8 0B 12 
iso.3.6.1.2.1.6.19.1.6.1.127.0.20.1.1026.1.127.0.10.1.7951 = INTEGER: 7951
iso.3.6.1.2.1.6.19.1.6.1.192.168.11.41.2049.1.192.168.11.14.807 = INTEGER: 807
iso.3.6.1.2.1.6.19.1.6.1.192.168.11.41.2049.1.192.168.11.15.874 = INTEGER: 874
iso.3.6.1.2.1.6.19.1.6.1.192.168.11.41.2049.1.192.168.11.18.805 = INTEGER: 805
iso.3.6.1.2.1.6.19.1.7.1.127.0.20.1.1026.1.127.0.10.1.7951 = INTEGER: 5
iso.3.6.1.2.1.6.19.1.7.1.192.168.11.41.2049.1.192.168.11.14.807 = INTEGER: 5
iso.3.6.1.2.1.6.19.1.7.1.192.168.11.41.2049.1.192.168.11.15.874 = INTEGER: 5
iso.3.6.1.2.1.6.19.1.7.1.192.168.11.41.2049.1.192.168.11.18.805 = INTEGER: 5
iso.3.6.1.2.1.6.19.1.8.1.127.0.20.1.1026.1.127.0.10.1.7951 = INTEGER: -2141910792
iso.3.6.1.2.1.6.19.1.8.1.192.168.11.41.2049.1.192.168.11.14.807 = INTEGER: -2141910792
iso.3.6.1.2.1.6.19.1.8.1.192.168.11.41.2049.1.192.168.11.15.874 = INTEGER: -2141910792
iso.3.6.1.2.1.6.19.1.8.1.192.168.11.41.2049.1.192.168.11.18.805 = INTEGER: -2141910792
iso.3.6.1.2.1.6.20.1.1.1.0.0.0.0.22 = INTEGER: 1
iso.3.6.1.2.1.6.20.1.1.1.0.0.0.0.23 = INTEGER: 1
iso.3.6.1.2.1.6.20.1.1.1.0.0.0.0.111 = INTEGER: 1
iso.3.6.1.2.1.6.20.1.1.1.0.0.0.0.139 = INTEGER: 1
iso.3.6.1.2.1.6.20.1.1.1.0.0.0.0.443 = INTEGER: 1
iso.3.6.1.2.1.6.20.1.1.1.0.0.0.0.445 = INTEGER: 1
iso.3.6.1.2.1.6.20.1.1.1.0.0.0.0.514 = INTEGER: 1
iso.3.6.1.2.1.6.20.1.1.1.0.0.0.0.951 = INTEGER: 1
iso.3.6.1.2.1.6.20.1.1.1.0.0.0.0.2049 = INTEGER: 1
iso.3.6.1.2.1.6.20.1.1.1.0.0.0.0.4045 = INTEGER: 1
iso.3.6.1.2.1.6.20.1.1.1.0.0.0.0.4046 = INTEGER: 1
iso.3.6.1.2.1.6.20.1.1.1.0.0.0.0.4047 = INTEGER: 1
iso.3.6.1.2.1.6.20.1.1.1.0.0.0.0.8023 = INTEGER: 1
iso.3.6.1.2.1.6.20.1.1.1.0.0.0.0.8514 = INTEGER: 1
iso.3.6.1.2.1.6.20.1.1.1.0.0.0.0.10567 = INTEGER: 1
iso.3.6.1.2.1.6.20.1.1.1.0.0.0.0.10568 = INTEGER: 1
iso.3.6.1.2.1.6.20.1.1.1.0.0.0.0.10569 = INTEGER: 1
iso.3.6.1.2.1.6.20.1.1.1.127.0.20.1.5939 = INTEGER: 1
iso.3.6.1.2.1.6.20.1.2.1.0.0.0.0.22 = Hex-STRING: 00 00 00 00 
iso.3.6.1.2.1.6.20.1.2.1.0.0.0.0.23 = Hex-STRING: 00 00 00 00 
iso.3.6.1.2.1.6.20.1.2.1.0.0.0.0.111 = Hex-STRING: 00 00 00 00 
iso.3.6.1.2.1.6.20.1.2.1.0.0.0.0.139 = Hex-STRING: 00 00 00 00 
iso.3.6.1.2.1.6.20.1.2.1.0.0.0.0.443 = Hex-STRING: 00 00 00 00 
iso.3.6.1.2.1.6.20.1.2.1.0.0.0.0.445 = Hex-STRING: 00 00 00 00 
iso.3.6.1.2.1.6.20.1.2.1.0.0.0.0.514 = Hex-STRING: 00 00 00 00 
iso.3.6.1.2.1.6.20.1.2.1.0.0.0.0.951 = Hex-STRING: 00 00 00 00 
iso.3.6.1.2.1.6.20.1.2.1.0.0.0.0.2049 = Hex-STRING: 00 00 00 00 
iso.3.6.1.2.1.6.20.1.2.1.0.0.0.0.4045 = Hex-STRING: 00 00 00 00 
iso.3.6.1.2.1.6.20.1.2.1.0.0.0.0.4046 = Hex-STRING: 00 00 00 00 
iso.3.6.1.2.1.6.20.1.2.1.0.0.0.0.4047 = Hex-STRING: 00 00 00 00 
iso.3.6.1.2.1.6.20.1.2.1.0.0.0.0.8023 = Hex-STRING: 00 00 00 00 
iso.3.6.1.2.1.6.20.1.2.1.0.0.0.0.8514 = Hex-STRING: 00 00 00 00 
iso.3.6.1.2.1.6.20.1.2.1.0.0.0.0.10567 = Hex-STRING: 00 00 00 00 
iso.3.6.1.2.1.6.20.1.2.1.0.0.0.0.10568 = Hex-STRING: 00 00 00 00 
iso.3.6.1.2.1.6.20.1.2.1.0.0.0.0.10569 = Hex-STRING: 00 00 00 00 
iso.3.6.1.2.1.6.20.1.2.1.127.0.20.1.5939 = Hex-STRING: 7F 00 14 01 
iso.3.6.1.2.1.6.20.1.3.1.0.0.0.0.22 = INTEGER: 22
iso.3.6.1.2.1.6.20.1.3.1.0.0.0.0.23 = INTEGER: 23
iso.3.6.1.2.1.6.20.1.3.1.0.0.0.0.111 = INTEGER: 111
iso.3.6.1.2.1.6.20.1.3.1.0.0.0.0.139 = INTEGER: 139
iso.3.6.1.2.1.6.20.1.3.1.0.0.0.0.443 = INTEGER: 443
iso.3.6.1.2.1.6.20.1.3.1.0.0.0.0.445 = INTEGER: 445
iso.3.6.1.2.1.6.20.1.3.1.0.0.0.0.514 = INTEGER: 514
iso.3.6.1.2.1.6.20.1.3.1.0.0.0.0.951 = INTEGER: 951
iso.3.6.1.2.1.6.20.1.3.1.0.0.0.0.2049 = INTEGER: 2049
iso.3.6.1.2.1.6.20.1.3.1.0.0.0.0.4045 = INTEGER: 4045
iso.3.6.1.2.1.6.20.1.3.1.0.0.0.0.4046 = INTEGER: 4046
iso.3.6.1.2.1.6.20.1.3.1.0.0.0.0.4047 = INTEGER: 4047
iso.3.6.1.2.1.6.20.1.3.1.0.0.0.0.8023 = INTEGER: 8023
iso.3.6.1.2.1.6.20.1.3.1.0.0.0.0.8514 = INTEGER: 8514
iso.3.6.1.2.1.6.20.1.3.1.0.0.0.0.10567 = INTEGER: 10567
iso.3.6.1.2.1.6.20.1.3.1.0.0.0.0.10568 = INTEGER: 10568
iso.3.6.1.2.1.6.20.1.3.1.0.0.0.0.10569 = INTEGER: 10569
iso.3.6.1.2.1.6.20.1.3.1.127.0.20.1.5939 = INTEGER: 5939
iso.3.6.1.2.1.6.20.1.4.1.0.0.0.0.22 = INTEGER: -2141910792
iso.3.6.1.2.1.6.20.1.4.1.0.0.0.0.23 = INTEGER: -2141910792
iso.3.6.1.2.1.6.20.1.4.1.0.0.0.0.111 = INTEGER: -2141910792
iso.3.6.1.2.1.6.20.1.4.1.0.0.0.0.139 = INTEGER: -2141910792
iso.3.6.1.2.1.6.20.1.4.1.0.0.0.0.443 = INTEGER: -2141910792
iso.3.6.1.2.1.6.20.1.4.1.0.0.0.0.445 = INTEGER: -2141910792
iso.3.6.1.2.1.6.20.1.4.1.0.0.0.0.514 = INTEGER: -2141910792
iso.3.6.1.2.1.6.20.1.4.1.0.0.0.0.951 = INTEGER: -2141910792
iso.3.6.1.2.1.6.20.1.4.1.0.0.0.0.2049 = INTEGER: -2141910792
iso.3.6.1.2.1.6.20.1.4.1.0.0.0.0.4045 = INTEGER: -2141910792
iso.3.6.1.2.1.6.20.1.4.1.0.0.0.0.4046 = INTEGER: -2141910792
iso.3.6.1.2.1.6.20.1.4.1.0.0.0.0.4047 = INTEGER: -2141910792
iso.3.6.1.2.1.6.20.1.4.1.0.0.0.0.8023 = INTEGER: -2141910792
iso.3.6.1.2.1.6.20.1.4.1.0.0.0.0.8514 = INTEGER: -2141910792
iso.3.6.1.2.1.6.20.1.4.1.0.0.0.0.10567 = INTEGER: -2141910792
iso.3.6.1.2.1.6.20.1.4.1.0.0.0.0.10568 = INTEGER: -2141910792
iso.3.6.1.2.1.6.20.1.4.1.0.0.0.0.10569 = INTEGER: -2141910792
iso.3.6.1.2.1.6.20.1.4.1.127.0.20.1.5939 = INTEGER: -2141910792
iso.3.6.1.2.1.7.1.0 = Counter32: 1931955
iso.3.6.1.2.1.7.2.0 = Counter32: 4398
iso.3.6.1.2.1.7.3.0 = Counter32: 0
iso.3.6.1.2.1.7.4.0 = Counter32: 1915108
iso.3.6.1.2.1.7.5.1.1.0.0.0.0.69 = IpAddress: 0.0.0.0
iso.3.6.1.2.1.7.5.1.1.0.0.0.0.111 = IpAddress: 0.0.0.0
iso.3.6.1.2.1.7.5.1.1.0.0.0.0.137 = IpAddress: 0.0.0.0
iso.3.6.1.2.1.7.5.1.1.0.0.0.0.138 = IpAddress: 0.0.0.0
iso.3.6.1.2.1.7.5.1.1.0.0.0.0.161 = IpAddress: 0.0.0.0
iso.3.6.1.2.1.7.5.1.1.0.0.0.0.520 = IpAddress: 0.0.0.0
iso.3.6.1.2.1.7.5.1.1.0.0.0.0.2049 = IpAddress: 0.0.0.0
iso.3.6.1.2.1.7.5.1.1.0.0.0.0.4045 = IpAddress: 0.0.0.0
iso.3.6.1.2.1.7.5.1.1.0.0.0.0.4046 = IpAddress: 0.0.0.0
iso.3.6.1.2.1.7.5.1.1.0.0.0.0.4047 = IpAddress: 0.0.0.0
iso.3.6.1.2.1.7.5.1.1.0.0.0.0.4049 = IpAddress: 0.0.0.0
iso.3.6.1.2.1.7.5.1.2.0.0.0.0.69 = INTEGER: 69
iso.3.6.1.2.1.7.5.1.2.0.0.0.0.111 = INTEGER: 111
iso.3.6.1.2.1.7.5.1.2.0.0.0.0.137 = INTEGER: 137
iso.3.6.1.2.1.7.5.1.2.0.0.0.0.138 = INTEGER: 138
iso.3.6.1.2.1.7.5.1.2.0.0.0.0.161 = INTEGER: 161
iso.3.6.1.2.1.7.5.1.2.0.0.0.0.520 = INTEGER: 520
iso.3.6.1.2.1.7.5.1.2.0.0.0.0.2049 = INTEGER: 2049
iso.3.6.1.2.1.7.5.1.2.0.0.0.0.4045 = INTEGER: 4045
iso.3.6.1.2.1.7.5.1.2.0.0.0.0.4046 = INTEGER: 4046
iso.3.6.1.2.1.7.5.1.2.0.0.0.0.4047 = INTEGER: 4047
iso.3.6.1.2.1.7.5.1.2.0.0.0.0.4049 = INTEGER: 4049
iso.3.6.1.2.1.7.7.1.1.1.0.0.0.0.69.1.0.0.0.0.0.0 = INTEGER: 1
iso.3.6.1.2.1.7.7.1.1.1.0.0.0.0.111.1.0.0.0.0.0.0 = INTEGER: 1
iso.3.6.1.2.1.7.7.1.1.1.0.0.0.0.137.1.0.0.0.0.0.0 = INTEGER: 1
iso.3.6.1.2.1.7.7.1.1.1.0.0.0.0.138.1.0.0.0.0.0.0 = INTEGER: 1
iso.3.6.1.2.1.7.7.1.1.1.0.0.0.0.161.1.0.0.0.0.0.0 = INTEGER: 1
iso.3.6.1.2.1.7.7.1.1.1.0.0.0.0.520.1.0.0.0.0.0.0 = INTEGER: 1
iso.3.6.1.2.1.7.7.1.1.1.0.0.0.0.2049.1.0.0.0.0.0.0 = INTEGER: 1
iso.3.6.1.2.1.7.7.1.1.1.0.0.0.0.4045.1.0.0.0.0.0.0 = INTEGER: 1
iso.3.6.1.2.1.7.7.1.1.1.0.0.0.0.4046.1.0.0.0.0.0.0 = INTEGER: 1
iso.3.6.1.2.1.7.7.1.1.1.0.0.0.0.4047.1.0.0.0.0.0.0 = INTEGER: 1
iso.3.6.1.2.1.7.7.1.1.1.0.0.0.0.4049.1.0.0.0.0.0.0 = INTEGER: 1
iso.3.6.1.2.1.7.7.1.2.1.0.0.0.0.69.1.0.0.0.0.0.0 = Hex-STRING: 00 00 00 00 
iso.3.6.1.2.1.7.7.1.2.1.0.0.0.0.111.1.0.0.0.0.0.0 = Hex-STRING: 00 00 00 00 
iso.3.6.1.2.1.7.7.1.2.1.0.0.0.0.137.1.0.0.0.0.0.0 = Hex-STRING: 00 00 00 00 
iso.3.6.1.2.1.7.7.1.2.1.0.0.0.0.138.1.0.0.0.0.0.0 = Hex-STRING: 00 00 00 00 
iso.3.6.1.2.1.7.7.1.2.1.0.0.0.0.161.1.0.0.0.0.0.0 = Hex-STRING: 00 00 00 00 
iso.3.6.1.2.1.7.7.1.2.1.0.0.0.0.520.1.0.0.0.0.0.0 = Hex-STRING: 00 00 00 00 
iso.3.6.1.2.1.7.7.1.2.1.0.0.0.0.2049.1.0.0.0.0.0.0 = Hex-STRING: 00 00 00 00 
iso.3.6.1.2.1.7.7.1.2.1.0.0.0.0.4045.1.0.0.0.0.0.0 = Hex-STRING: 00 00 00 00 
iso.3.6.1.2.1.7.7.1.2.1.0.0.0.0.4046.1.0.0.0.0.0.0 = Hex-STRING: 00 00 00 00 
iso.3.6.1.2.1.7.7.1.2.1.0.0.0.0.4047.1.0.0.0.0.0.0 = Hex-STRING: 00 00 00 00 
iso.3.6.1.2.1.7.7.1.2.1.0.0.0.0.4049.1.0.0.0.0.0.0 = Hex-STRING: 00 00 00 00 
iso.3.6.1.2.1.7.7.1.3.1.0.0.0.0.69.1.0.0.0.0.0.0 = INTEGER: 69
iso.3.6.1.2.1.7.7.1.3.1.0.0.0.0.111.1.0.0.0.0.0.0 = INTEGER: 111
iso.3.6.1.2.1.7.7.1.3.1.0.0.0.0.137.1.0.0.0.0.0.0 = INTEGER: 137
iso.3.6.1.2.1.7.7.1.3.1.0.0.0.0.138.1.0.0.0.0.0.0 = INTEGER: 138
iso.3.6.1.2.1.7.7.1.3.1.0.0.0.0.161.1.0.0.0.0.0.0 = INTEGER: 161
iso.3.6.1.2.1.7.7.1.3.1.0.0.0.0.520.1.0.0.0.0.0.0 = INTEGER: 520
iso.3.6.1.2.1.7.7.1.3.1.0.0.0.0.2049.1.0.0.0.0.0.0 = INTEGER: 2049
iso.3.6.1.2.1.7.7.1.3.1.0.0.0.0.4045.1.0.0.0.0.0.0 = INTEGER: 4045
iso.3.6.1.2.1.7.7.1.3.1.0.0.0.0.4046.1.0.0.0.0.0.0 = INTEGER: 4046
iso.3.6.1.2.1.7.7.1.3.1.0.0.0.0.4047.1.0.0.0.0.0.0 = INTEGER: 4047
iso.3.6.1.2.1.7.7.1.3.1.0.0.0.0.4049.1.0.0.0.0.0.0 = INTEGER: 4049
iso.3.6.1.2.1.7.7.1.4.1.0.0.0.0.69.1.0.0.0.0.0.0 = INTEGER: 1
iso.3.6.1.2.1.7.7.1.4.1.0.0.0.0.111.1.0.0.0.0.0.0 = INTEGER: 1
iso.3.6.1.2.1.7.7.1.4.1.0.0.0.0.137.1.0.0.0.0.0.0 = INTEGER: 1
iso.3.6.1.2.1.7.7.1.4.1.0.0.0.0.138.1.0.0.0.0.0.0 = INTEGER: 1
iso.3.6.1.2.1.7.7.1.4.1.0.0.0.0.161.1.0.0.0.0.0.0 = INTEGER: 1
iso.3.6.1.2.1.7.7.1.4.1.0.0.0.0.520.1.0.0.0.0.0.0 = INTEGER: 1
iso.3.6.1.2.1.7.7.1.4.1.0.0.0.0.2049.1.0.0.0.0.0.0 = INTEGER: 1
iso.3.6.1.2.1.7.7.1.4.1.0.0.0.0.4045.1.0.0.0.0.0.0 = INTEGER: 1
iso.3.6.1.2.1.7.7.1.4.1.0.0.0.0.4046.1.0.0.0.0.0.0 = INTEGER: 1
iso.3.6.1.2.1.7.7.1.4.1.0.0.0.0.4047.1.0.0.0.0.0.0 = INTEGER: 1
iso.3.6.1.2.1.7.7.1.4.1.0.0.0.0.4049.1.0.0.0.0.0.0 = INTEGER: 1
iso.3.6.1.2.1.7.7.1.5.1.0.0.0.0.69.1.0.0.0.0.0.0 = Hex-STRING: 00 00 00 00 
iso.3.6.1.2.1.7.7.1.5.1.0.0.0.0.111.1.0.0.0.0.0.0 = Hex-STRING: 00 00 00 00 
iso.3.6.1.2.1.7.7.1.5.1.0.0.0.0.137.1.0.0.0.0.0.0 = Hex-STRING: 00 00 00 00 
iso.3.6.1.2.1.7.7.1.5.1.0.0.0.0.138.1.0.0.0.0.0.0 = Hex-STRING: 00 00 00 00 
iso.3.6.1.2.1.7.7.1.5.1.0.0.0.0.161.1.0.0.0.0.0.0 = Hex-STRING: 00 00 00 00 
iso.3.6.1.2.1.7.7.1.5.1.0.0.0.0.520.1.0.0.0.0.0.0 = Hex-STRING: 00 00 00 00 
iso.3.6.1.2.1.7.7.1.5.1.0.0.0.0.2049.1.0.0.0.0.0.0 = Hex-STRING: 00 00 00 00 
iso.3.6.1.2.1.7.7.1.5.1.0.0.0.0.4045.1.0.0.0.0.0.0 = Hex-STRING: 00 00 00 00 
iso.3.6.1.2.1.7.7.1.5.1.0.0.0.0.4046.1.0.0.0.0.0.0 = Hex-STRING: 00 00 00 00 
iso.3.6.1.2.1.7.7.1.5.1.0.0.0.0.4047.1.0.0.0.0.0.0 = Hex-STRING: 00 00 00 00 
iso.3.6.1.2.1.7.7.1.5.1.0.0.0.0.4049.1.0.0.0.0.0.0 = Hex-STRING: 00 00 00 00 
iso.3.6.1.2.1.7.7.1.6.1.0.0.0.0.69.1.0.0.0.0.0.0 = INTEGER: 0
iso.3.6.1.2.1.7.7.1.6.1.0.0.0.0.111.1.0.0.0.0.0.0 = INTEGER: 0
iso.3.6.1.2.1.7.7.1.6.1.0.0.0.0.137.1.0.0.0.0.0.0 = INTEGER: 0
iso.3.6.1.2.1.7.7.1.6.1.0.0.0.0.138.1.0.0.0.0.0.0 = INTEGER: 0
iso.3.6.1.2.1.7.7.1.6.1.0.0.0.0.161.1.0.0.0.0.0.0 = INTEGER: 0
iso.3.6.1.2.1.7.7.1.6.1.0.0.0.0.520.1.0.0.0.0.0.0 = INTEGER: 0
iso.3.6.1.2.1.7.7.1.6.1.0.0.0.0.2049.1.0.0.0.0.0.0 = INTEGER: 0
iso.3.6.1.2.1.7.7.1.6.1.0.0.0.0.4045.1.0.0.0.0.0.0 = INTEGER: 0
iso.3.6.1.2.1.7.7.1.6.1.0.0.0.0.4046.1.0.0.0.0.0.0 = INTEGER: 0
iso.3.6.1.2.1.7.7.1.6.1.0.0.0.0.4047.1.0.0.0.0.0.0 = INTEGER: 0
iso.3.6.1.2.1.7.7.1.6.1.0.0.0.0.4049.1.0.0.0.0.0.0 = INTEGER: 0
iso.3.6.1.2.1.7.7.1.7.1.0.0.0.0.69.1.0.0.0.0.0.0 = INTEGER: -2141910792
iso.3.6.1.2.1.7.7.1.7.1.0.0.0.0.111.1.0.0.0.0.0.0 = INTEGER: -2141910792
iso.3.6.1.2.1.7.7.1.7.1.0.0.0.0.137.1.0.0.0.0.0.0 = INTEGER: -2141910792
iso.3.6.1.2.1.7.7.1.7.1.0.0.0.0.138.1.0.0.0.0.0.0 = INTEGER: -2141910792
iso.3.6.1.2.1.7.7.1.7.1.0.0.0.0.161.1.0.0.0.0.0.0 = INTEGER: -2141910792
iso.3.6.1.2.1.7.7.1.7.1.0.0.0.0.520.1.0.0.0.0.0.0 = INTEGER: -2141910792
iso.3.6.1.2.1.7.7.1.7.1.0.0.0.0.2049.1.0.0.0.0.0.0 = INTEGER: -2141910792
iso.3.6.1.2.1.7.7.1.7.1.0.0.0.0.4045.1.0.0.0.0.0.0 = INTEGER: -2141910792
iso.3.6.1.2.1.7.7.1.7.1.0.0.0.0.4046.1.0.0.0.0.0.0 = INTEGER: -2141910792
iso.3.6.1.2.1.7.7.1.7.1.0.0.0.0.4047.1.0.0.0.0.0.0 = INTEGER: -2141910792
iso.3.6.1.2.1.7.7.1.7.1.0.0.0.0.4049.1.0.0.0.0.0.0 = INTEGER: -2141910792
iso.3.6.1.2.1.7.7.1.8.1.0.0.0.0.69.1.0.0.0.0.0.0 = INTEGER: -2141910792
iso.3.6.1.2.1.7.7.1.8.1.0.0.0.0.111.1.0.0.0.0.0.0 = INTEGER: -2141910792
iso.3.6.1.2.1.7.7.1.8.1.0.0.0.0.137.1.0.0.0.0.0.0 = INTEGER: -2141910792
iso.3.6.1.2.1.7.7.1.8.1.0.0.0.0.138.1.0.0.0.0.0.0 = INTEGER: -2141910792
iso.3.6.1.2.1.7.7.1.8.1.0.0.0.0.161.1.0.0.0.0.0.0 = INTEGER: -2141910792
iso.3.6.1.2.1.7.7.1.8.1.0.0.0.0.520.1.0.0.0.0.0.0 = INTEGER: -2141910792
iso.3.6.1.2.1.7.7.1.8.1.0.0.0.0.2049.1.0.0.0.0.0.0 = INTEGER: -2141910792
iso.3.6.1.2.1.7.7.1.8.1.0.0.0.0.4045.1.0.0.0.0.0.0 = INTEGER: -2141910792
iso.3.6.1.2.1.7.7.1.8.1.0.0.0.0.4046.1.0.0.0.0.0.0 = INTEGER: -2141910792
iso.3.6.1.2.1.7.7.1.8.1.0.0.0.0.4047.1.0.0.0.0.0.0 = INTEGER: -2141910792
iso.3.6.1.2.1.7.7.1.8.1.0.0.0.0.4049.1.0.0.0.0.0.0 = INTEGER: -2141910792
iso.3.6.1.2.1.7.8.0 = Counter64: 1932069
iso.3.6.1.2.1.7.9.0 = Counter64: 1915220
iso.3.6.1.2.1.11.1.0 = Counter32: 1347198
iso.3.6.1.2.1.11.2.0 = Counter32: 1347198
iso.3.6.1.2.1.11.3.0 = Counter32: 0
iso.3.6.1.2.1.11.4.0 = Counter32: 0
iso.3.6.1.2.1.11.5.0 = Counter32: 0
iso.3.6.1.2.1.11.6.0 = Counter32: 0
iso.3.6.1.2.1.11.8.0 = Counter32: 0
iso.3.6.1.2.1.11.9.0 = Counter32: 0
iso.3.6.1.2.1.11.10.0 = Counter32: 0
iso.3.6.1.2.1.11.11.0 = Counter32: 0
iso.3.6.1.2.1.11.12.0 = Counter32: 0
iso.3.6.1.2.1.11.13.0 = Counter32: 1469947
iso.3.6.1.2.1.11.14.0 = Counter32: 0
iso.3.6.1.2.1.11.15.0 = Counter32: 86688
iso.3.6.1.2.1.11.16.0 = Counter32: 1260622
iso.3.6.1.2.1.11.17.0 = Counter32: 0
iso.3.6.1.2.1.11.18.0 = Counter32: 0
iso.3.6.1.2.1.11.19.0 = Counter32: 0
iso.3.6.1.2.1.11.20.0 = Counter32: 0
iso.3.6.1.2.1.11.21.0 = Counter32: 26
iso.3.6.1.2.1.11.22.0 = Counter32: 0
iso.3.6.1.2.1.11.24.0 = Counter32: 0
iso.3.6.1.2.1.11.25.0 = Counter32: 0
iso.3.6.1.2.1.11.26.0 = Counter32: 0
iso.3.6.1.2.1.11.27.0 = Counter32: 0
iso.3.6.1.2.1.11.28.0 = Counter32: 1347222
iso.3.6.1.2.1.11.29.0 = Counter32: 0
iso.3.6.1.2.1.11.30.0 = INTEGER: 2
iso.3.6.1.2.1.11.31.0 = Counter32: 0
iso.3.6.1.2.1.11.32.0 = Counter32: 0
