NOTIFY_CONTACTEMAIL=zhanghu@gdtianren.com
NOTIFY_CONTACTNAME=zhanghu
NOTIFY_CONTACTPAGER=15117985354
NOTIFY_DATE=2013-03-25
NOTIFY_HOSTADDRESS=192.168.11.10
NOTIFY_HOSTALIAS=NTP Server 1
NOTIFY_HOSTCHECKCOMMAND=check-mk-ping
NOTIFY_HOSTNAME=ntp.gdcloud.com
NOTIFY_HOSTOUTPUT=OK - 192.168.11.10: rta 0.448ms, lost 0%
NOTIFY_HOSTPERFDATA=rta=0.448ms;200.000;500.000;0; pl=0%;40;80;; rtmax=1.011ms;;;; rtmin=0.229ms;;;;
NOTIFY_HOSTSTATE=UP
NOTIFY_LASTHOSTSTATE=UP
NOTIFY_LASTSERVICESTATE=OK
NOTIFY_LOGDIR=/omd/sites/site01/var/check_mk/notify
NOTIFY_LONGDATETIME=Mon Mar 25 11:23:06 CST 2013
NOTIFY_LONGHOSTOUTPUT=
NOTIFY_LONGSERVICEOUTPUT=
NOTIFY_MAIL_COMMAND=mail -s '$SUBJECT$' '$CONTACTEMAIL$'
NOTIFY_NOTIFICATIONTYPE=PROBLEM
NOTIFY_OMD_ROOT=/omd/sites/site01
NOTIFY_OMD_SITE=site01
NOTIFY_PARAMETERS=
NOTIFY_SERVICECHECKCOMMAND=check_mk-df
NOTIFY_SERVICEDESC=fs_/
NOTIFY_SERVICEOUTPUT=Manually set to Critical by omdadmin
NOTIFY_SERVICEPERFDATA=
NOTIFY_SERVICESTATE=CRITICAL
NOTIFY_SHORTDATETIME=2013-03-25 11:23:06
NOTIFY_WHAT=SERVICE
