perl-Crypt-Blowfish-2.10-8.el6.x86_64
pcsc-lite-libs-1.5.2-7.el6.x86_64
libxcb-1.8.1-1.el6.x86_64
xorg-x11-drv-openchrome-0.3.0-3.20120806git.el6.x86_64
libssh2-1.4.2-1.el6.x86_64
rpmdevtools-7.5-2.el6.noarch
libXrender-0.9.5-1.el6.x86_64
xorg-x11-xauth-1.0.2-7.1.el6.x86_64
xorg-x11-drv-keyboard-1.6.2-7.el6.x86_64
perl-MIME-Types-1.28-2.el6.noarch
ruby-1.9.3p0-2.el6.x86_64
libXt-1.0.7-1.el6.x86_64
webalizer-2.21_02-3.3.el6.x86_64
xorg-x11-drv-intel-2.20.2-2.el6.x86_64
libuuid-2.17.2-12.4.el6.x86_64
perl-Socket-GetAddrInfo-0.12-1.el6.x86_64
dejavu-serif-fonts-2.30-2.el6.noarch
zlib-1.2.3-29.el6.x86_64
xorg-x11-drv-apm-1.2.5-5.el6.x86_64
perl-Crypt-OpenSSL-RSA-0.25-10.1.el6.x86_64
perl-LockFile-Simple-0.207-2.el6.noarch
libXft-2.1.13-4.1.el6.x86_64
mesa-libGL-9.0-0.7.el6.x86_64
libart_lgpl-devel-2.3.20-5.1.el6.x86_64
perl-Authen-SASL-2.13-2.el6.noarch
libXpm-3.5.10-2.el6.x86_64
rrdtool-devel-1.4.7-1.el6.rfx.x86_64
iptables-1.4.7-4.el6.x86_64
perl-Crypt-Primes-0.50-7.el6.noarch
libXxf86dga-1.1.3-2.el6.x86_64
nss-3.14.0.0-12.el6.x86_64
findutils-4.4.2-6.el6.x86_64
perl-Log-Dispatch-Config-1.04-3.el6.noarch
tftp-5.2-1.el6.rfx.x86_64
avahi-libs-0.6.25-11.el6.x86_64
pycairo-1.8.6-2.1.el6.x86_64
plymouth-system-theme-0.8.3-27.el6.centos.noarch
boost-regex-1.41.0-11.el6_1.2.x86_64
perl-Guard-1.022-1.el6.x86_64
ntpdate-4.2.4p8-3.el6.centos.x86_64
libtasn1-2.3-3.el6_2.1.x86_64
wordnet-3.0-14.el6.x86_64
python-simplejson-2.0.9-3.1.el6.x86_64
perl-Net-FTPSSL-0.15-1.el6.noarch
parted-2.1-19.el6.x86_64
texlive-texmf-errata-latex-2007-7.1.el6.noarch
perl-File-FcntlLock-0.12-1.el6.x86_64
gtk-vnc-0.3.10-3.el6.x86_64
vim-minimal-7.2.411-1.6.el6.x86_64
perl-Net-Patricia-1.17_01-1.el6.x86_64
php-pdo-5.4.22-28.el6.art.x86_64
python-ldap-2.3.10-1.el6.x86_64
libmicrohttpd-0.9.22-1.el6.x86_64
python-sqlite2-2.3.5-2.el6.x86_64
stunnel-4.29-2.el6.x86_64
perl-Net-IMAP-Simple-1.1916-3.el6.noarch
unrar-4.2.3-1.el6.rf.x86_64
gstreamer-0.10.29-1.el6.x86_64
perl-Email-Valid-0.184-1.el6.noarch
perl-String-Escape-2010.002-3.el6.noarch
perl-libwhisker2-2.5-5.el6.art.noarch
perl-Pod-Escapes-1.04-129.el6.x86_64
libcdio-0.81-3.1.el6.x86_64
less-436-10.el6.x86_64
perl-Net-Domain-TLD-1.68-2.el6.noarch
python-2.6.6-51.el6.x86_64
PyXML-0.8.4-19.el6.x86_64
perl-Params-Util-1.00-3.el6.x86_64
redhat-logos-60.0.14-10.el6.centos.noarch
gcc-4.4.7-4.el6.x86_64
keyutils-libs-1.4-4.el6.x86_64
ORBit2-2.14.17-3.2.el6_3.x86_64
perl-Parse-RecDescent-1.965-1.el6.noarch
perl-Cache-Memcached-1.29-1.el6.rfx.noarch
shc-3.8.6-1.el6.rf.x86_64
cvs-1.11.23-16.el6.x86_64
autoconf-2.63-5.1.el6.noarch
PackageKit-gtk-module-0.5.8-21.el6.x86_64
perl-DateTime-0.5300-1.el6.x86_64
net-snmp-libs-5.5-44.el6.x86_64
libtevent-0.9.18-3.el6.x86_64
glib-devel-1.2.10-33.el6.x86_64
python-nltk-2.0.4-2.el6.1.noarch
perl-Spreadsheet-WriteExcel-2.37-1.el6.noarch
m2crypto-0.20.2-9.el6.x86_64
gpgme-1.1.8-3.el6.x86_64
bind-utils-9.8.2-0.17.rc1.el6.x86_64
nagios-plugins-ntp-perl-1.4.16-10.el6.x86_64
ntop-5.0-5.el6.x86_64
texlive-texmf-fonts-2007-38.el6.noarch
perl-Class-Accessor-Chained-0.01-9.el6.noarch
pssh-2.3-1.el6.rf.noarch
libjpeg-turbo-1.2.1-1.el6.x86_64
nagios-plugins-mrtgtraf-1.4.16-10.el6.x86_64
perl-Bit-Vector-7.1-2.el6.x86_64
perl-Moose-1.15-1.el6.x86_64
perl-Crypt-SSLeay-0.57-16.el6.x86_64
yum-plugin-fastestmirror-1.1.30-10.el6.noarch
rsyslog-gnutls-5.8.10-6.el6.x86_64
nagios-plugins-hpjd-1.4.16-10.el6.x86_64
perl-Digest-Perl-MD5-1.8-2.el6.noarch
smartmontools-5.43-1.el6.x86_64
http-parser-2.0-4.20121128gitcd01361.el6.x86_64
nagios-plugins-users-1.4.16-10.el6.x86_64
libusb1-1.0.9-0.5.rc1.el6.x86_64
libiptcdata-1.0.4-2.1.el6.x86_64
perl-XML-Writer-0.606-6.el6.noarch
libaio-0.3.107-10.el6.x86_64
qpid-qmf-0.12-6.el6.x86_64
nodejs-mkdirp-0.3.5-2.el6.noarch
nagios-plugins-time-1.4.16-10.el6.x86_64
libnl-1.1-14.el6.x86_64
libudev-147-2.46.el6.x86_64
perl-Class-ReturnValue-0.55-4.el6.noarch
qpid-cpp-server-0.12-6.el6.x86_64
nodejs-hoek-0.8.1-2.el6.noarch
nagios-plugins-pgsql-1.4.16-10.el6.x86_64
hal-0.5.14-11.el6.x86_64
phonon-backend-gstreamer-4.6.2-25.el6.x86_64
perl-Class-MakeMethods-1.01-5.el6.noarch
prelink-0.4.6-3.el6.x86_64
matahari-service-0.4.4-11.el6.x86_64
nodejs-once-1.1.1-4.el6.noarch
snappy-1.1.0-1.el6.x86_64
gnutls-utils-2.8.5-10.el6.x86_64
perl-XML-Twig-3.37-1.el6.rfx.noarch
nodejs-sigmund-1.0.0-4.el6.noarch
compat-db-4.6.21-15.el6.x86_64
libuser-0.56.13-5.el6.x86_64
perl-DBIx-ContextualFetch-1.03-7.el6.noarch
pam-1.1.1-13.el6.x86_64
nodejs-read-1.0.4-6.el6.noarch
banner-1.3.3-1.el6.x86_64
freeipmi-ipmidetectd-0.7.16-3.el6.x86_64
desktop-file-utils-0.15-9.el6.x86_64
db4-utils-4.7.25-17.el6.x86_64
iwl100-firmware-39.31.5.1-1.el6.noarch
nodejs-async-0.2.6-2.el6.noarch
salt-api-0.8.2-0.el6.noarch
libnodeupdown-1.14-1.el6.x86_64
libgnomecanvas-2.26.0-4.el6.x86_64
perl-HTML-Tree-3.23-10.el6.noarch
grub-0.97-75.el6.x86_64
nodejs-lockfile-0.3.0-2.el6.noarch
xdg-utils-1.0.2-17.20091016cvs.el6.noarch
perl-IPC-ShareLite-0.13-4.el6.x86_64
xorg-x11-fonts-misc-7.2-9.1.el6.noarch
attr-2.4.44-7.el6.x86_64
nodejs-npmconf-0.0.23-2.el6.noarch
ConsoleKit-x11-0.4.1-3.el6.x86_64
perl-HTML-TableExtract-2.10-7.el6.noarch
phpmyadmin-2.11.11.3-2.el6.rf.noarch
atmel-firmware-1.3-7.el6.noarch
keyutils-libs-devel-1.4-4.el6.x86_64
zenity-2.28.0-1.el6.x86_64
perl-HTML-Template-2.9-10.el6.noarch
python-cheetah-2.4.1-1.el6.x86_64
ql23xx-firmware-3.03.27-3.1.el6.noarch
e2fsprogs-1.41.12-14.el6.x86_64
bc-1.06.95-1.el6.x86_64
hunspell-1.2.8-16.el6.x86_64
perl-Math-BigInt-GMP-1.24-5.el6.x86_64
libnet-1.1.5-1.el6.x86_64
pulseaudio-libs-0.9.21-14.el6_3.x86_64
java-1.5.0-gcj-1.5.0.0-29.1.el6.x86_64
xorg-x11-drv-s3virge-1.10.6-2.el6.x86_64
perl-Class-Loader-2.03-8.el6.noarch
time-1.7-37.1.el6.x86_64
libconfuse-2.7-4.el6.x86_64
perl-Tie-EncryptedHash-1.24-3.el6.noarch
filesystem-2.4.30-3.el6.x86_64
gnokii-0.6.30-1.el6.x86_64
tzdata-2011l-4.el6.noarch
perl-IO-stringy-2.110-10.1.el6.noarch
perl-Mail-Sendmail-0.79-12.el6.noarch
ncurses-libs-5.7-3.20090208.el6.x86_64
xkeyboard-config-2.6-6.el6.noarch
perl-Net-CIDR-Lite-0.21-1.el6.noarch
libxkbfile-1.0.6-1.1.el6.x86_64
perl-UNIVERSAL-require-0.13-1.el6.noarch
popt-1.13-7.el6.x86_64
yum-utils-1.1.30-14.el6.noarch
libXmu-1.0.5-1.el6.x86_64
xorg-x11-server-Xvfb-1.13.0-11.el6.centos.x86_64
perl-XML-SAX-Writer-0.50-8.el6.noarch
t1utils-1.37-1.el6.x86_64
atk-1.28.0-2.el6.x86_64
gdb-7.2-60.el6.x86_64
perl-Time-modules-2006.0814-5.el6.noarch
libacl-2.2.49-6.el6.x86_64
libXcomposite-0.4.1-2.el6.x86_64
rpm-python-4.8.0-32.el6.x86_64
perl-YAML-LibYAML-0.38-3.el6.x86_64
perl-Net-Netmask-1.9015-8.el6.noarch
sed-4.2.1-7.el6.x86_64
libXrandr-1.3.0-4.el6.x86_64
expat-devel-2.0.1-11.el6_2.x86_64
syslinux-5.00-1.el6.rfx.x86_64
boost-program-options-1.41.0-11.el6_1.2.x86_64
urw-fonts-2.4-10.el6.noarch
apr-1.3.9-5.el6_2.x86_64
libX11-1.5.0-4.el6.x86_64
perl-Crypt-DES_EDE3-0.01-8.el6.noarch
libXvMC-1.0.7-2.el6.x86_64
pari-2.3.5-2.el6.x86_64
libblkid-2.17.2-12.4.el6.x86_64
perl-Email-Date-Format-1.002-5.el6.noarch
boost-system-1.41.0-11.el6_1.2.x86_64
perl-Mail-Sender-0.8.16-3.el6.noarch
libgpg-error-1.7-4.el6.x86_64
glibc-common-2.14.90-14.x86_64
bzip2-1.0.5-7.el6_0.x86_64
patch-2.6-6.el6.x86_64
gepl-6.3-1.noarch
libicu-4.2.1-9.el6.x86_64
libtool-ltdl-2.2.6-15.5.el6.x86_64
dbus-1.2.24-5.el6_1.x86_64
dmraid-events-1.0.0.rc16-11.el6.x86_64
boost-wave-1.41.0-11.el6_1.2.x86_64
libevent-1.4.13-4.el6.x86_64
python-beaker-1.3.1-6.el6.noarch
sendmail-8.14.4-8.el6.x86_64
grubby-7.0.15-2.el6.x86_64
mod_fcgid-2.3.7-1.el6.x86_64
perl-DBD-SQLite-1.29-2.el6.rfx.x86_64
pexpect-2.3-6.el6.noarch
MAKEDEV-3.24-6.el6.x86_64
gtk-vnc-python-0.3.10-3.el6.x86_64
python-zope-filesystem-1-5.el6.x86_64
php-common-5.4.22-28.el6.art.x86_64
net-tools-1.60-109.el6.x86_64
git-1.7.11.3-1.el6.rfx.x86_64
mod_wsgi-3.2-3.el6.x86_64
php-mysql-5.4.22-28.el6.art.x86_64
file-libs-5.04-13.el6.x86_64
pyOpenSSL-0.10-2.el6.x86_64
pinentry-0.7.6-6.el6.x86_64
perl-MailTools-2.04-4.el6.noarch
vim-enhanced-7.2.411-1.8.el6.x86_64
which-2.19-6.el6.x86_64
ppl-0.10.2-11.el6.x86_64
perl-HTML-Parser-3.64-2.el6.x86_64
boost-serialization-1.41.0-11.el6_1.2.x86_64
ftp-0.17-53.el6.x86_64
groff-1.18.1.4-21.el6.x86_64
perl-Module-Pluggable-3.90-129.el6.x86_64
cracklib-2.8.16-4.el6.x86_64
perl-Class-Inspector-1.24-4.el6.noarch
module-init-tools-3.9-17.el6.x86_64
perl-Sub-Install-0.925-6.el6.noarch
ConsoleKit-libs-0.4.1-3.el6.x86_64
keyutils-1.4-4.el6.x86_64
perl-Try-Tiny-0.11-4.el6.noarch
perl-Class-C3-Componentised-1.0006-1.el6.noarch
pciutils-libs-3.1.4-11.el6.x86_64
automake-1.11.1-1.2.el6.noarch
perl-Path-Class-0.25-1.el6.noarch
rancid-2.3.6-1.el6.x86_64
libsysfs-devel-2.1.0-6.1.el6.x86_64
perl-XML-NamespaceSupport-1.10-3.el6.noarch
libtalloc-2.0.7-2.el6.x86_64
matahari-lib-0.4.4-11.el6.x86_64
GeoIP-1.4.8-1.el6.x86_64
perl-URI-1.40-2.el6.noarch
samba-winbind-clients-3.6.9-167.el6_5.x86_64
perl-SNMP-Info-2.09-1.el6.noarch
gnupg2-2.0.14-4.el6.x86_64
dejavu-lgc-sans-mono-fonts-2.30-2.el6.noarch
nagios-plugins-breeze-1.4.16-10.el6.x86_64
selinux-policy-3.7.19-195.el6.noarch
fipscheck-1.2.0-7.el6.x86_64
nagios-plugins-wave-1.4.16-10.el6.x86_64
libffi-3.0.5-3.2.el6.x86_64
dhcp-4.1.1-31.P1.el6.x86_64
perl-Class-Unload-0.06-1.el6.noarch
python-iniparse-0.3.1-2.1.el6.noarch
perl-Date-Calc-6.3-2.el6.noarch
perl-Compress-Raw-Zlib-2.052-1.el6.rfx.i686
perl-Class-MOP-1.12-1.el6.x86_64
librelp-0.1.1-4.1.el6.x86_64
python-urlgrabber-3.9.1-8.el6.noarch
perl-TimeDate-1.16-11.1.el6.noarch
perl-libwww-perl-5.837-2.el6.rfx.noarch
perl-Test-Harness-3.17-129.el6.x86_64
rsyslog-pgsql-5.8.10-6.el6.x86_64
boost-1.41.0-11.el6_1.2.x86_64
gnutls-2.8.5-10.el6.x86_64
perl-DBD-MySQL-4.022-1.el6.rfx.x86_64
perl-SQL-Abstract-Limit-0.141-3.el6.noarch
libuv-0.10.4-1.el6.x86_64
newt-python-0.52.11-3.el6.x86_64
libcroco-0.6.2-5.el6.x86_64
libx86-1.1-9.el6.x86_64
perl-Context-Preserve-0.01-1.el6.noarch
iputils-20071127-16.el6.x86_64
usbutils-003-4.el6.x86_64
perl-Data-Dumper-Concise-1.200-2.el6.noarch
qpid-cpp-client-0.12-6.el6.x86_64
perl-MooseX-Types-0.22-1.el6.noarch
device-mapper-libs-1.02.66-6.el6.x86_64
dnsmasq-2.65-1.el6.rfx.x86_64
perl-Devel-StackTrace-1.22-4.el6.noarch
cryptsetup-luks-1.2.0-7.el6.x86_64
perl-Data-Dump-1.15-1.el6.noarch
postfix-2.6.6-2.2.el6_1.x86_64
hal-info-20090716-3.1.el6.noarch
vconfig-1.9-8.1.el6.x86_64
perl-DBIx-DBSchema-0.38-1.el6.noarch
matahari-host-0.4.4-11.el6.x86_64
numactl-2.0.7-3.el6.x86_64
rkhunter-1.4.0-1.el6.rf.noarch
busybox-1.15.1-20.el6.x86_64
kbd-1.15-11.el6.x86_64
fuse-cryptofs-0.6.0-1.el6.rf.x86_64
perl-Crypt-RC4-2.02-1.el6.noarch
libffi-devel-3.0.5-3.2.el6.x86_64
crontabs-1.10-33.el6.noarch
libdrm-2.4.39-1.el6.x86_64
fedora-usermgmt-0.10-1200.el6.noarch
perl-NetAddr-IP-4.066-1.el6.rfx.x86_64
perl-Want-0.18-4.el6.x86_64
compat-db42-4.2.52-15.el6.x86_64
flow-tools-rrdtool-0.68.5.1-1.el6.x86_64
di-4.34-1.el6.rf.x86_64
kernel-2.6.32-220.el6.x86_64
perl-common-sense-3.5-1.el6.noarch
lvm2-2.02.87-6.el6.x86_64
iwl5150-firmware-8.24.2.2-1.el6.noarch
multitail-5.2.8-2.el6.x86_64
perl-DBIx-Simple-1.32-3.el6.noarch
iwl6000g2a-firmware-17.168.5.3-1.el6.noarch
whatsup-1.14-1.el6.x86_64
perl-Sub-Override-0.08-4.el6.noarch
perl-Font-AFM-1.20-3.1.el6.noarch
passwd-0.77-4.el6.x86_64
tcpdump-4.0.0-3.20090921gitdf3cb4.2.el6.x86_64
perl-HTML-StripScripts-1.04-2.el6.noarch
acl-2.2.49-6.el6.x86_64
xmlrpc-c-1.16.24-1209.1840.el6.x86_64
perl-HTML-StripScripts-Parser-1.02-2.el6.noarch
ql2100-firmware-1.19.38-3.1.el6.noarch
iptraf-3.0.1-14.el6.x86_64
perl-HTML-PrettyPrinter-0.03-6.el6.noarch
ql2500-firmware-5.06.02-1.el6.noarch
libpcap-devel-1.0.0-6.20091201git117cb5.el6.x86_64
perl-HTML-Scrubber-0.08-7.el6.noarch
rt61pci-firmware-1.2-7.el6.noarch
perl-HTML-Template-Pro-0.95.04-1.el6.x86_64
ipw2100-firmware-1.3-11.el6.noarch
ncurses-libs-5.7-3.20090208.el6.i686
perl-Event-1.13-1.el6.x86_64
libogg-1.1.4-2.1.el6.x86_64
gpg-pubkey-c105b9de-4e0fd3a3
dstat-0.7.0-1.el6.noarch
perl-TermReadKey-2.30-13.el6.x86_64
giflib-4.1.6-3.1.el6.x86_64
alsa-lib-1.0.22-3.el6.x86_64
perl-EV-4.03-6.el6.x86_64
jline-0.9.94-0.8.el6.noarch
gpg-pubkey-0608b895-4bd22942
java_cup-0.10k-5.el6.x86_64
xorg-x11-drv-aiptek-1.4.1-4.el6.x86_64
xorg-x11-drv-penmount-1.5.0-4.el6.x86_64
libxcb-devel-1.8.1-1.el6.x86_64
xorg-x11-drv-voodoo-1.2.5-3.el6.x86_64
fakeroot-1.12.2-22.2.el6.x86_64
xorg-x11-drv-mouse-1.8.1-7.el6.x86_64
readline-devel-6.0-4.el6.x86_64
fontconfig-devel-2.8.0-3.el6.x86_64
xorg-x11-drv-glint-1.2.8-3.el6.x86_64
gdbm-devel-1.8.0-36.el6.x86_64
xorg-x11-drv-vmware-12.0.2-3.20120718gite5ac80d8f.el6.x86_64
libxml2-devel-2.7.6-12.el6_4.1.x86_64
xorg-x11-drv-siliconmotion-1.7.7-2.el6.x86_64
xorg-x11-drv-mutouch-1.3.0-4.el6.x86_64
t1lib-5.1.2-6.el6_2.1.x86_64
xorg-x11-drv-nouveau-1.0.1-3.el6.x86_64
man-1.6f-32.el6.x86_64
mesa-dri-drivers-9.0-0.7.el6.x86_64
python-slip-0.2.20-1.el6_2.noarch
ttmkfdir-3.0.9-32.1.el6.x86_64
gtk2-engines-2.18.4-5.el6.centos.x86_64
python-rrdtool-1.4.7-1.el6.rfx.x86_64
docbook-dtds-1.0-51.el6.noarch
libXxf86misc-1.0.3-4.el6.x86_64
nss-sysinit-3.14.0.0-12.el6.x86_64
pyxf86config-0.3.37-7.1.el6.x86_64
libXdmcp-1.1.1-3.el6.x86_64
graphviz-2.26.0-10.el6.x86_64
system-config-keyboard-base-1.3.1-4.el6.x86_64
gitweb-1.7.11.3-1.el6.rfx.x86_64
python-SocksiPy-1.00-4.el6.art.noarch
xorg-x11-drivers-7.3-13.4.el6.x86_64
mldonkey-server-3.0.3-1.el6.x86_64
wmi-1.3.14-3.el6.art.x86_64
plymouth-0.8.3-27.el6.centos.x86_64
openssh-clients-5.3p1-84.1.el6.x86_64
pygtk2-2.16.0-3.el6.x86_64
wdaemon-0.17-5.el6.x86_64
graphviz-python-2.26.0-10.el6.x86_64
dkms-2.2.0.3-17.el6.noarch
pytz-2010h-2.el6.noarch
perl-Net-NBName-0.26-2.el6.noarch
PyYAML-3.10-3.el6.x86_64
perl-Net-SSH2-0.45-3.el6.x86_64
comps-extras-17.8-1.el6.noarch
perl-Net-DNS-Nameserver-0.65-4.el6.x86_64
texlive-texmf-dvips-2007-38.el6.noarch
libbonobo-2.24.2-5.el6.x86_64
php-mbstring-5.4.22-28.el6.art.x86_64
perl-Net-UPnP-1.4.2-4.el6.noarch
gstreamer-tools-0.10.29-1.el6.x86_64
dmz-cursor-themes-0.4-4.el6.noarch
perl-Net-IP-Match-Regexp-1.01-1.el6.noarch
socat-1.7.2.1-2.el6.art.x86_64
gpg-pubkey-16547f8c-4defccb3
perl-Net-ARP-1.0.6-2.1.el6.x86_64
pyPdf-1.12-4.el6.noarch
perl-Net-Stomp-0.36-1.el6.noarch
gtksourceview2-2.8.2-4.el6.x86_64
mtools-4.0.12-1.el6.x86_64
python-libs-2.6.6-51.el6.x86_64
perl-Net-IP-CMatch-0.02-10.el6.x86_64
poppler-data-0.4.0-1.el6.noarch
udisks-1.0.1-4.el6.x86_64
libstdc++-devel-4.4.7-4.el6.x86_64
centos-indexhtml-6-1.el6.centos.noarch
netpbm-10.47.05-11.el6.x86_64
cpp-4.4.7-4.el6.x86_64
unix2dos-2.2-35.el6.x86_64
libIDL-0.8.13-2.1.el6.x86_64
mysql-server-5.1.71-1.el6.x86_64
libksba-1.0.7-1.el6.x86_64
perl-IO-Socket-INET6-2.67-1.el6.art.noarch
expect-5.44.1.15-5.el6_4.x86_64
libproxy-bin-0.3.0-2.el6.x86_64
shared-mime-info-0.70-4.el6.x86_64
neon-0.29.3-1.2.el6.x86_64
PackageKit-yum-0.5.8-21.el6.x86_64
perl-FCGI-0.71-4.el6.x86_64
net-snmp-perl-5.5-44.el6.x86_64
python-matplotlib-0.99.1.2-1.el6.x86_64
python-crypto-2.0.1-22.el6.x86_64
ghostscript-8.70-14.el6_3.1.x86_64
python-msgpack-0.1.9-2.el6.x86_64
texlive-texmf-errata-fonts-2007-7.1.el6.noarch
texlive-utils-2007-57.el6_2.x86_64
hwloc-1.5-1.el6.x86_64
nagios-plugins-nt-1.4.16-10.el6.x86_64
nagios-plugins-log-1.4.16-10.el6.x86_64
graphviz-gd-2.26.0-10.el6.x86_64
nagios-plugins-dummy-1.4.16-10.el6.x86_64
nagios-plugins-ide_smart-1.4.16-10.el6.x86_64
nagios-plugins-mrtg-1.4.16-10.el6.x86_64
http-parser-devel-2.0-4.20121128gitcd01361.el6.x86_64
libmng-1.0.10-4.1.el6.x86_64
nagios-plugins-procs-1.4.16-10.el6.x86_64
nodejs-0.10.4-1.el6.x86_64
libvpx-0.9.0-8.el6_0.x86_64
nagios-plugins-nagios-1.4.16-10.el6.x86_64
nodejs-graceful-fs-1.2.0-2.el6.noarch
libvisual-0.4.0-9.1.el6.x86_64
nagios-plugins-overcr-1.4.16-10.el6.x86_64
nodejs-ini-1.1.0-2.el6.noarch
libgcrypt-devel-1.4.5-9.el6_2.2.x86_64
nagios-plugins-game-1.4.16-10.el6.x86_64
nodejs-boom-0.4.0-2.el6.noarch
gstreamer-plugins-base-0.10.29-2.el6.x86_64
nagios-plugins-mysql-1.4.16-10.el6.x86_64
nodejs-mime-1.2.9-2.el6.noarch
gstreamer-plugins-bad-free-0.10.19-2.el6.x86_64
nodejs-abbrev-1.0.4-4.el6.noarch
nodejs-cryptiles-0.2.0-2.el6.noarch
nodejs-minimatch-0.2.11-2.el6.noarch
plymouth-graphics-libs-0.8.3-27.el6.centos.x86_64
cyrus-sasl-lib-2.1.23-13.el6_3.1.x86_64
nodejs-fstream-ignore-0.0.6-2.el6.noarch
mtdev-1.1.2-5.el6.x86_64
cyrus-sasl-lib-2.1.23-13.el6_3.1.i686
figlet-2.2.5-1.el6.x86_64
nodejs-promzard-0.2.0-5.el6.noarch
cyrus-sasl-2.1.23-13.el6_3.1.x86_64
check_mk-agent-logwatch-1.2.3i7p2-1.noarch
nodejs-aws-sign-0.2.0-2.el6.noarch
libglade2-2.6.4-3.1.el6.x86_64
libselinux-devel-2.0.94-5.3.el6_4.1.x86_64
python-halite-0.1.13-1.el6.noarch
nodejs-chmodr-0.1.0-3.el6.noarch
usermode-gtk-1.102-3.el6.x86_64
wmic-4.0.0SVN-2.1.noarch
nodejs-delayed-stream-0.0.5-4.el6.noarch
libreport-compat-2.0.9-15.el6.centos.x86_64
nodejs-qs-0.5.6-2.el6.noarch
libreport-newt-2.0.9-15.el6.centos.x86_64
nodejs-npm-registry-client-0.2.20-2.el6.noarch
plymouth-plugin-label-0.8.3-27.el6.centos.x86_64
xorg-x11-fonts-75dpi-7.2-9.1.el6.noarch
nodejs-opener-1.3.0-6.el6.noarch
authconfig-gtk-6.1.12-13.el6.x86_64
pixman-0.26.2-5.el6_4.x86_64
libcom_err-devel-1.41.12-14.el6.x86_64
xorg-x11-server-utils-7.5-13.el6.x86_64
gamin-python-0.1.10-9.el6.x86_64
libsepol-devel-2.0.41-4.el6.x86_64
libnotify-0.5.0-1.el6.x86_64
python-lockfile-0.8-3.el6.noarch
nodejs-devel-0.10.4-1.el6.x86_64
python-ethtool-0.6-3.el6.x86_64
bcfg2-1.3.0-1.el6.noarch
bcfg2-doc-1.3.0-1.el6.noarch
xorg-x11-drv-void-1.4.0-3.el6.x86_64
tcptraceroute-1.5-0.8.beta7.el6.x86_64
xorg-x11-drv-fpit-1.4.0-5.el6.x86_64
nxplugin-3.5.0-6.i386
perl-Socket6-0.23-3.el6.x86_64
libdbi-0.8.3-4.el6.x86_64
xorg-x11-drv-savage-2.3.6-2.el6.x86_64
gpg-pubkey-6b8d79e6-3f49313d
setup-2.8.14-13.el6.noarch
perl-Expect-1.21-3.el6.noarch
smstools-3.1.15-3.el6.x86_64
ncurses-base-5.7-3.20090208.el6.x86_64
perl-Event-Lib-1.03-8.el6.x86_64
perl-List-MoreUtils-0.22-10.el6.x86_64
libXext-1.1-3.el6.x86_64
perl-String-CRC32-1.4-9.el6.x86_64
libXfixes-4.0.4-1.el6.x86_64
libcap-2.16-5.5.el6.x86_64
perl-Digest-MD2-2.03-14.el6.x86_64
apr-util-1.3.9-3.el6_0.1.x86_64
perl-ExtUtils-Embed-1.28-129.el6.x86_64
perl-Config-General-2.44-1.el6.noarch
perl-MIME-Base32-1.02a-1.el6.noarch
rpm-4.8.0-32.el6.x86_64
libXaw-1.0.6-4.1.el6.x86_64
perl-Net-IPv4Addr-0.10-6.el6.noarch
rpm-build-4.8.0-32.el6.x86_64
libXdamage-1.1.2-1.el6.x86_64
libsepol-2.0.41-4.el6.x86_64
shadow-utils-4.1.4.2-13.el6.x86_64
perl-Heap-0.80-4.el6.noarch
perl-Crypt-PasswdMD5-1.3-6.el6.noarch
libXinerama-1.1-1.el6.x86_64
pcre-7.8-6.el6.x86_64
perl-Crypt-OpenSSL-DSA-0.13-14.el6.x86_64
freetype-devel-2.3.11-6.el6_2.9.x86_64
sqlite-3.6.20-1.el6.x86_64
gpxe-bootimgs-0.9.7-6.9.el6.noarch
perl-Math-Pari-2.010806-7.el6.x86_64
perl-MIME-Lite-3.027-2.el6.noarch
perl-Digest-HMAC-1.01-22.el6.noarch
xz-libs-4.999.9-0.3.beta.20091007git.el6.x86_64
perl-Log-Dispatch-2.27-1.el6.noarch
glibc-2.14.90-14.x86_64
luckybackup-0.4.7-71.1.x86_64
checkpolicy-2.0.22-1.el6.x86_64
perl-Math-GMP-2.06-5.el6.x86_64
glibc-2.14.90-14.i686
mldonkey-3.0.3-1.el6.x86_64
rsync-3.0.6-9.el6.x86_64
boost-thread-1.41.0-11.el6_1.2.x86_64
perl-XML-Stream-1.22-12.el6.noarch
fping-2.4b2-10.el6.x86_64
libcap-ng-0.6.4-3.el6_0.1.x86_64
dmraid-1.0.0.rc16-11.el6.x86_64
cups-libs-1.4.2-48.el6.x86_64
python-markupsafe-0.9.2-4.el6.x86_64
boost-graph-1.41.0-11.el6_1.2.x86_64
procmail-3.22-25.1.el6.x86_64
mailcap-2.1.31-2.el6.noarch
iptables-ipv6-1.4.7-4.el6.x86_64
nagios-common-3.4.4-1.el6.x86_64
libthai-0.1.12-3.el6.x86_64
libutempter-1.1.5-4.1.el6.x86_64
lm_sensors-3.1.1-17.el6.x86_64
psmisc-22.6-15.el6_0.1.x86_64
python-zope-interface-3.5.2-2.1.el6.x86_64
xz-4.999.9-0.3.beta.20091007git.el6.x86_64
python-whisper-0.9.10-2.el6.noarch
file-5.04-13.el6.x86_64
upstart-0.6.5-10.el6.x86_64
python-bucky-0.2.3-1.el6.noarch
gpm-libs-1.20.6-12.el6.x86_64
mpfr-2.4.1-6.el6.x86_64
m4-1.4.13-5.el6.x86_64
perl-HTML-Tagset-3.20-4.el6.noarch
cloog-ppl-0.15.7-1.2.el6.x86_64
libusb-0.1.12-23.el6.x86_64
lftp-4.0.9-1.el6.x86_64
ncurses-5.7-3.20090208.el6.x86_64
perl-version-0.77-129.el6.x86_64
libstdc++-4.4.7-4.el6.x86_64
make-3.81-20.el6.x86_64
gzip-1.3.12-18.el6.x86_64
perl-Sub-Name-0.05-6.el6.x86_64
perl-MRO-Compat-0.11-2.el6.noarch
libgssglue-0.1-11.el6.x86_64
perl-Package-DeprecationManager-0.11-1.el6.noarch
rpcbind-0.2.0-9.el6.x86_64
perl-Log-Dispatch-FileRotate-1.19-4.el6.noarch
logrotate-3.7.8-12.el6_0.1.x86_64
perl-Devel-GlobalDestruction-0.02-7.el6.x86_64
lsof-4.82-4.el6.x86_64
php-pear-1.9.4-4.el6.noarch
kernel-devel-2.6.32-279.el6.x86_64
perl-Task-Weaken-1.02-7.el6.noarch
nagios-plugins-perl-1.4.16-10.el6.x86_64
pkgconfig-0.23-9.1.el6.x86_64
libcurl-7.19.7-26.el6_1.2.x86_64
perl-OLE-Storage_Lite-0.19-2.el6.noarch
samba-common-3.6.9-167.el6_5.x86_64
libpcap-1.0.0-6.20091201git117cb5.el6.x86_64
dejavu-sans-mono-fonts-2.30-2.el6.noarch
fipscheck-lib-1.2.0-7.el6.x86_64
gdbm-1.8.0-36.el6.x86_64
perl-File-ShareDir-1.00-4.el6.noarch
dhclient-4.1.1-31.P1.el6.x86_64
yum-metadata-parser-1.1.2-16.el6.x86_64
perl-Package-Stash-0.32-1.el6.noarch
perl-Compress-Raw-Bzip2-2.052-1.el6.rf.x86_64
python-pycurl-7.19.0-8.el6.x86_64
rsyslog-relp-5.8.10-6.el6.x86_64
perl-devel-5.10.1-129.el6.x86_64
swatch-3.2.3-7.el6.noarch
perl-XML-Parser-2.40-1.el6.rfx.x86_64
boost-python-1.41.0-11.el6_1.2.x86_64
libgcrypt-1.4.5-9.el6_2.2.x86_64
perl-SQL-Abstract-1.67-1.el6.noarch
perl-Apache-DBI-1.09-1.el6.noarch
newt-0.52.11-3.el6.x86_64
qt-sqlite-4.6.2-25.el6.x86_64
perl-Class-Trigger-0.13-2.1.el6.noarch
gettext-0.17-16.el6.x86_64
monitor-edid-3.0-2.el6.x86_64
centos-release-6-2.el6.centos.7.x86_64
librsvg2-2.26.0-5.el6_1.1.0.1.centos.x86_64
perl-B-Hooks-EndOfScope-0.10-1.el6.noarch
pciutils-3.1.4-11.el6.x86_64
libcgroup-0.37-7.1.el6.x86_64
udev-147-2.40.el6.x86_64
cdparanoia-libs-10.2-5.1.el6.x86_64
perl-namespace-clean-0.23-1.el6.noarch
tree-1.5.3-2.el6.x86_64
lzo-2.06-1.el6.rfx.x86_64
matahari-agent-lib-0.4.4-11.el6.x86_64
perl-Scope-Guard-0.12-1.el6.noarch
ebtables-2.0.9-6.el6.x86_64
policycoreutils-2.0.83-19.18.el6.x86_64
perl-Readonly-1.03-11.el6.noarch
hdparm-9.16-3.4.el6.x86_64
perl-XML-DOM-1.44-7.el6.noarch
matahari-broker-0.4.4-11.el6.x86_64
perl-DBD-Pg-2.15.1-4.el6_3.x86_64
yajl-1.0.7-3.el6.x86_64
vmpsd-1.4.04-1.el6.x86_64
lvm2-libs-2.02.87-6.el6.x86_64
perl-Text-TabularDisplay-1.22-6.el6.noarch
matahari-network-0.4.4-11.el6.x86_64
perl-Lingua-EN-Inflect-Number-1.1-11.el6.noarch
python-sqlalchemy-0.5.5-3.el6_2.noarch
fedora-usermgmt-default-fedora-setup-0.10-1200.el6.noarch
cronie-1.4.4-7.el6.x86_64
libpciaccess-0.13.1-2.el6.x86_64
perl-Class-Data-Inheritable-0.08-3.1.el6.noarch
postgresql-libs-8.4.11-1.el6_2.x86_64
kernel-firmware-2.6.32-220.el6.noarch
perl-Template-Toolkit-2.22-5.el6.x86_64
hsflowd-1.22.2-1.x86_64
dracut-kernel-004-256.el6.noarch
perl-File-Slurp-9999.13-7.el6.noarch
perl-IPC-Run-0.84-2.el6.noarch
matahari-0.4.4-11.el6.x86_64
perl-JSON-Any-1.22-1.el6.noarch
sysstat-9.0.4-20.el6.x86_64
bfa-firmware-3.0.0.0-1.el6.noarch
perl-CPAN-1.9402-129.el6.x86_64
telnet-0.17-47.el6.x86_64
b43-openfwwf-5.2-4.el6.noarch
perl-Class-Container-0.12-9.el6.noarch
ipmitool-1.8.11-13.el6.x86_64
pandorafms_server-4.0.3-130118.noarch
iwl1000-firmware-39.31.5.1-1.el6.noarch
libtidy-0.99.0-19.20070615.1.el6.x86_64
efibootmgr-0.5.4-9.el6.x86_64
mod_perl-2.0.4-10.el6.x86_64
python-setuptools-0.6.10-3.el6.noarch
perl-HTML-Mason-1.42-2.el6.noarch
rtorrent-0.8.6-4.el6.x86_64
pandorafms_console-4.0.3-130118.noarch
iwl5000-firmware-8.83.5.1_1-1.el6_1.1.noarch
perl-HTML-TokeParser-Simple-3.15-3.el6.noarch
flex-2.5.35-8.el6.x86_64
pixman-devel-0.26.2-5.el6_4.x86_64
xorg-x11-drv-ati-firmware-6.14.2-7.el6.noarch
perl-HTML-Table-2.08a-3.el6.noarch
python-pygments-1.4-1.el6.rfx.noarch
iwl4965-firmware-228.61.2.24-2.1.el6.noarch
perl-HTML-Entities-Numbered-0.04-2.el6.noarch
nss-softokn-freebl-3.12.9-11.el6.i686
rt73usb-firmware-1.8-7.el6.noarch
perl-Net-DNS-0.65-4.el6.x86_64
rootfiles-8.1-6.1.el6.noarch
flac-1.2.1-6.1.el6.x86_64
perl-Crypt-OpenSSL-Bignum-0.04-8.1.el6.x86_64
jpackage-utils-1.7.5-3.12.el6.noarch
minicom-2.3-6.1.el6.x86_64
perl-Net-Telnet-3.03-11.el6.noarch
zip-3.0-1.el6.x86_64
sinjdoc-0.5-9.1.el6.x86_64
bluez-libs-4.66-1.el6.x86_64
omd-1.01.20130624-rh61-31.x86_64
xorg-x11-drv-tdfx-1.4.5-2.el6.x86_64
mod_geoip-1.2.7-1.el6.x86_64
xorg-x11-drv-fbdev-0.4.3-2.el6.x86_64
fakeroot-libs-1.12.2-22.2.el6.x86_64
xorg-x11-drv-xgi-1.6.0-18.20121114git.el6.x86_64
readline-6.0-4.el6.x86_64
xorg-x11-drv-mga-1.6.1-7.el6.x86_64
libjpeg-turbo-devel-1.2.1-1.el6.x86_64
tcl-devel-8.5.7-6.el6.x86_64
xorg-x11-drv-rendition-4.2.5-2.el6.x86_64
libxml2-python-2.7.6-12.el6_4.1.x86_64
xorg-x11-drv-elographics-1.4.1-2.el6.x86_64
atomic-release-1.0-16.el6.art.noarch
xorg-x11-drv-r128-6.9.1-1.el6.x86_64
xorg-x11-drv-i740-1.3.4-5.el6.x86_64
xorg-x11-font-utils-7.2-11.el6.x86_64
xorg-x11-drv-ati-6.99.99-1.el6.x86_64
mesa-dri1-drivers-7.11-8.el6.x86_64
avahi-glib-0.6.25-12.el6.x86_64
fltk-1.1.10-1.el6.x86_64
libX11-common-1.5.0-4.el6.noarch
rrdtool-1.4.7-1.el6.rfx.x86_64
libXv-1.0.7-2.el6.x86_64
libdmx-1.1.2-2.el6.x86_64
libXxf86vm-1.1.2-2.el6.x86_64
nss-util-3.14.0.0-2.el6.x86_64
libXau-devel-1.0.6-4.el6.x86_64
texlive-texmf-2007-38.el6.noarch
python-BeautifulSoup-3.0.8.1-1.el6.noarch
wacomexpresskeys-0.4.2-3.el6.x86_64
libgfortran-4.4.7-3.el6.x86_64
openssh-server-5.3p1-84.1.el6.x86_64
spice-vdagent-0.12.0-4.el6.x86_64
atlas-3.8.4-2.el6.x86_64
perl-Net-Jabber-2.0-12.el6.noarch
dmidecode-2.12-0.1.el6.rfx.x86_64
python-mako-0.3.4-1.el6.noarch
openldap-clients-2.4.23-31.el6.x86_64
perl-Net-SMTP-SSL-1.01-4.el6.noarch
sos-2.2-38.el6.centos.2.noarch
monit-5.5-1.el6.rf.x86_64
libyaml-0.1.4-1.el6.rf.x86_64
perl-Net-IPv6Addr-0.2-6.el6.noarch
subversion-1.7.4-0.1.el6.rfx.x86_64
sound-theme-freedesktop-0.7-3.el6.noarch
perl-Net-SSH-Expect-1.09-5.el6.noarch
php-5.4.22-28.el6.art.x86_64
tcplay-0.9-0.5.20111007git97ed5f9.el6.x86_64
texlive-texmf-errata-dvips-2007-7.1.el6.noarch
perl-Net-DNS-Resolver-Programmable-0.003-5.el6.noarch
php-snmp-5.4.22-28.el6.art.x86_64
redhat-menus-14.0.0-3.el6.noarch
pnscan-1.11-1.el6.art.x86_64
python-pybloomfiltermmap-0.3.2-1.el6.art.x86_64
perl-Net-FTP-AutoReconnect-0.3-3.el6.noarch
sgml-common-0.6.3-32.el6.noarch
perl-Net-FTP-RetrHandle-0.2-3.el6.noarch
rpmforge-release-0.5.3-1.el6.rf.x86_64
smp_utils-0.94-4.el6.x86_64
scapy-2.0.0.10-5.el6.art.noarch
perl-Net-Daemon-0.44-7.el6.noarch
lcms-libs-1.19-1.el6.x86_64
perl-Net-SNPP-1.17-8.el6.noarch
mysql-5.1.71-1.el6.x86_64
python-lxml-2.2.3-1.1.el6.x86_64
lynx-2.8.6-27.el6.x86_64
libgomp-4.4.7-4.el6.x86_64
dbus-python-0.83.0-6.1.el6.x86_64
dos2unix-3.1-37.el6.x86_64
mod_python-3.3.1-16.el6.x86_64
libcanberra-gtk2-0.22-1.el6.centos.x86_64
tftp-server-0.49-7.el6.x86_64
openssl-devel-1.0.1e-16.el6_5.x86_64
perl-Carp-Always-0.09-2.el6.noarch
libproxy-0.3.0-2.el6.x86_64
PackageKit-yum-plugin-0.5.8-21.el6.x86_64
numpy-1.4.1-9.el6.x86_64
perl-SNMP-Simple-0.02-2.el6.noarch
python-babel-0.9.4-5.1.el6.noarch
ghostscript-fonts-5.50-23.1.el6.noarch
nsca-client-2.7.2-8.el6.x86_64
nagios-plugins-disk_smb-1.4.16-10.el6.x86_64
openpgm-5.1.118-3.el6.x86_64
poppler-0.12.4-3.el6_0.1.x86_64
selinux-policy-targeted-3.7.19-195.el6.noarch
nagios-plugins-flexlm-1.4.16-10.el6.x86_64
texlive-dvips-2007-57.el6_2.x86_64
nagios-plugins-ircd-1.4.16-10.el6.x86_64
lshw-2.16-1.el6.rf.x86_64
tex-preview-11.85-10.el6.noarch
nagios-plugins-ntp-1.4.16-10.el6.x86_64
nagios-plugins-smtp-1.4.16-10.el6.x86_64
rsyslog-gssapi-5.8.10-6.el6.x86_64
nagios-plugins-by_ssh-1.4.16-10.el6.x86_64
v8-3.14.5.8-1.el6.x86_64
nagios-plugins-cluster-1.4.16-10.el6.x86_64
libuv-devel-0.10.4-1.el6.x86_64
nagios-plugins-real-1.4.16-10.el6.x86_64
nodejs-inherits-1.0.0-8.el6.noarch
nagios-plugins-dig-1.4.16-10.el6.x86_64
iso-codes-3.16-2.el6.noarch
nodejs-rimraf-2.1.4-2.el6.noarch
nagios-plugins-tcp-1.4.16-10.el6.x86_64
libgpg-error-devel-1.7-4.el6.x86_64
nodejs-osenv-0.0.3-4.el6.noarch
qstat-2.11-9.20080912svn311.el6.x86_64
libtheora-1.1.0-2.el6.x86_64
nodejs-block-stream-0.0.6-6.el6.noarch
nagios-plugins-load-1.4.16-10.el6.x86_64
libexif-0.6.21-5.el6_3.x86_64
nodejs-ansi-0.1.2-6.el6.noarch
nagios-plugins-all-1.4.16-10.el6.x86_64
fuse-2.8.3-4.el6.x86_64
nodejs-nopt-2.1.1-2.el6.noarch
autofs-5.0.5-74.el6_4.x86_64
nodejs-sntp-0.2.1-2.el6.noarch
compat-db43-4.3.29-15.el6.x86_64
libselinux-2.0.94-5.3.el6_4.1.x86_64
btparser-0.17-1.el6.x86_64
nodejs-glob-3.1.21-2.el6.noarch
pydf-9-3.el6.noarch
db4-4.7.25-17.el6.i686
libuser-python-0.56.13-5.el6.x86_64
nodejs-fstream-npm-0.1.4-2.el6.noarch
innotop-1.9.0-3.el6.noarch
popt-1.13-7.el6.i686
rarian-compat-0.8.1-5.1.el6.x86_64
nodejs-init-package-json-0.0.7-5.el6.noarch
check_mk-agent-1.2.3i7p2-1.noarch
cyrus-sasl-md5-2.1.23-13.el6_3.1.x86_64
liberation-fonts-common-1.05.1.20090721-5.el6.noarch
nodejs-oauth-sign-0.2.0-2.el6.noarch
salt-master-0.17.5-1.el6.noarch
libselinux-utils-2.0.94-5.3.el6_4.1.x86_64
startup-notification-0.10-2.1.el6.x86_64
nodejs-node-uuid-1.4.0-3.el6.noarch
libreport-python-2.0.9-15.el6.centos.x86_64
nodejs-combined-stream-0.0.4-2.el6.noarch
libreport-plugin-reportuploader-2.0.9-15.el6.centos.x86_64
nodejs-forever-agent-0.2.0-2.el6.noarch
setuptool-1.19.9-3.el6.x86_64
nodejs-proto-list-1.2.2-4.el6.noarch
authconfig-6.1.12-13.el6.x86_64
c-ares19-devel-1.9.1-4.el6.3.x86_64
mcpp-2.7.2-4.1.el6.x86_64
e2fsprogs-libs-1.41.12-14.el6.x86_64
notification-daemon-0.5.0-1.el6.x86_64
python-daemon-1.5.2-1.el6.noarch
cracklib-python-2.8.16-4.el6.x86_64
node-gyp-0.9.5-2.el6.noarch
bcfg2-server-1.3.0-1.el6.noarch
python-webpy-0.37-2.el6.noarch
xorg-x11-drv-evdev-2.7.3-5.el6.x86_64
tzdata-java-2012j-1.el6.noarch
tcping-1.3.5-1.el6.rf.x86_64
xorg-x11-drv-wacom-0.16.1-3.el6.x86_64
rhino-1.7-0.7.r2.2.el6.noarch
hping3-0.0.20051105-16.el6.x86_64
xorg-x11-drv-i128-1.3.6-3.el6.x86_64
nxlog-ce-2.4.1054-1.x86_64
perl-Crypt-DH-0.06-11.el6.noarch
perl-Curses-1.28-1.el6.x86_64
ca-certificates-2010.63-3.el6_1.5.noarch
freetype-2.3.11-6.el6_2.9.x86_64
perl-XML-Filter-BufferText-1.01-8.el6.noarch
nss-softokn-freebl-3.12.9-11.el6.x86_64
libpng-1.2.49-1.el6_2.x86_64
snmptt-1.4-0.6.beta2.el6.noarch
perl-IO-Multiplex-1.13-1.el6.noarch
libattr-2.4.44-7.el6.x86_64
libfontenc-1.0.5-2.el6.x86_64
perl-Sort-Versions-1.5-12.el6.noarch
info-4.13a-8.el6.x86_64
libSM-1.1.0-7.1.el6.x86_64
xorg-x11-server-common-1.13.0-11.el6.centos.x86_64
perl-Glib-1.223-1.el6.x86_64
dbus-libs-1.2.24-5.el6_1.x86_64
perl-Geo-IP-1.38-6.el6.x86_64
libtiff-3.9.4-5.el6_2.x86_64
libxslt-devel-1.1.26-2.el6_3.1.x86_64
perl-Config-Tiny-2.12-7.1.el6.noarch
compat-readline5-5.2-17.1.el6.x86_64
apr-util-ldap-1.3.9-3.el6_0.1.x86_64
elfutils-0.152-1.el6.x86_64
perl-Math-Base85-0.2-6.el6.noarch
bzip2-libs-1.0.5-7.el6_0.x86_64
libXcursor-1.1.10-2.el6.x86_64
expat-2.0.1-11.el6_2.x86_64
perl-Crypt-OpenSSL-Random-0.04-9.1.el6.x86_64
gamin-0.1.10-9.el6.x86_64
libpng-devel-1.2.49-1.el6_2.x86_64
perl-File-Backup-0.07-1.2.el6.rf.noarch
perl-IO-Async-0.29-3.el6.noarch
grep-2.6.3-2.el6.x86_64
libXi-1.3-3.el6.x86_64
libconfuse-devel-2.7-4.el6.x86_64
libXau-1.0.6-4.el6.x86_64
perl-GSSAPI-0.26-6.el6.x86_64
gawk-3.1.7-6.el6.x86_64
pcre-devel-7.8-6.el6.x86_64
libX11-devel-1.5.0-4.el6.x86_64
perl-Class-ErrorHandler-0.01-7.el6.noarch
lua-5.1.4-4.1.el6.x86_64
libXres-1.0.6-2.el6.x86_64
perl-Crypt-Random-1.25-7.el6.noarch
libidn-1.18-2.el6.x86_64
nspr-4.9.2-1.el6.x86_64
libXtst-1.2.1-2.el6.x86_64
perl-File-Which-1.09-2.el6.noarch
elfutils-libelf-0.152-1.el6.x86_64
perl-Crypt-DES-2.05-9.el6.x86_64
hicolor-icon-theme-0.11-1.1.el6.noarch
glibc-devel-2.14.90-14.x86_64
perl-Net-LibIDN-0.12-3.el6.x86_64
boost-date-time-1.41.0-11.el6_1.2.x86_64
xinetd-2.3.14-34.el6.x86_64
mtr-0.75-5.el6.x86_64
perl-Net-XMPP-1.02-8.el6.noarch
tcp_wrappers-libs-7.6-57.el6.x86_64
dialog-1.1-9.20080819.1.el6.x86_64
pth-2.0.7-9.3.el6.x86_64
iproute-2.6.32-17.el6.x86_64
perl-Sys-Statistics-Linux-0.59-3.el6.noarch
eggdbus-0.6-3.el6.x86_64
pango-1.28.1-3.el6_0.5.1.centos.x86_64
lm_sensors-libs-3.1.1-17.el6.x86_64
ocsinventory-agent-1.1.2.1-1.el6.noarch
perl-Net-OAuth-0.19-1.el6.noarch
procps-3.2.8-21.el6.x86_64
uuid-1.6.1-10.el6.x86_64
bitmap-1.0.3-7.el6.x86_64
boost-iostreams-1.41.0-11.el6_1.2.x86_64
xz-lzma-compat-4.999.9-0.3.beta.20091007git.el6.x86_64
memcached-1.4.4-3.el6.x86_64
perl-Net-CIDR-0.14-1.el6.noarch
libnih-1.0.1-7.el6.x86_64
python-carbon-0.9.10-2.el6.noarch
vim-common-7.2.411-1.8.el6.x86_64
binutils-2.20.51.0.2-5.28.el6.x86_64
perl-Email-Find-0.10-4.el6.noarch
gmp-4.3.1-7.el6.x86_64
kernel-headers-2.6.32-279.el6.x86_64
perl-HTML-FromText-2.05-5.el6.noarch
boost-signals-1.41.0-11.el6_1.2.x86_64
perl-libs-5.10.1-129.el6.x86_64
coreutils-libs-8.4-16.el6.x86_64
perl-5.10.1-129.el6.x86_64
coreutils-8.4-16.el6.x86_64
mlocate-0.22.2-3.el6.x86_64
perl-Class-C3-0.22-4.el6.noarch
mbrowse-0.4.3-3.el6.x86_64
plymouth-scripts-0.8.3-24.el6.centos.x86_64
libtirpc-0.2.1-5.el6.x86_64
perl-Sub-Exporter-0.982-4.el6.noarch
ConsoleKit-0.4.1-3.el6.x86_64
nfs-utils-lib-1.1.5-4.el6.x86_64
perl-File-Copy-Recursive-0.38-4.el6.noarch
perl-Class-Accessor-0.31-6.1.el6.noarch
wget-1.12-1.4.el6.x86_64
perl-Clone-0.31-3.1.el6.x86_64
mingetty-1.08-5.el6.x86_64
libtool-2.2.6-15.5.el6.x86_64
perl-Time-HiRes-1.9721-129.el6.x86_64
nagios-plugins-1.4.16-10.el6.x86_64
rpm-libs-4.8.0-32.el6.x86_64
glib-1.2.10-33.el6.x86_64
perl-XML-SAX-0.96-7.el6.noarch
libtdb-1.2.10-1.el6.x86_64
fontpackages-filesystem-1.41-1.1.el6.noarch
libsemanage-2.0.43-4.1.el6.x86_64
dhcp-common-4.1.1-31.P1.el6.x86_64
perl-Data-Page-2.02-1.el6.noarch
perl-Carp-Clan-6.03-2.el6.noarch
perl-Package-Stash-XS-0.25-1.el6.x86_64
perl-YAML-Syck-1.07-4.el6.x86_64
perl-IO-Compress-2.052-1.el6.rfx.noarch
perl-ExtUtils-ParseXS-2.2003.0-129.el6.x86_64
rsyslog-snmp-5.8.10-6.el6.x86_64
yum-3.2.29-22.el6.centos.noarch
qt-4.6.2-25.el6.x86_64
perl-Test-Simple-0.92-129.el6.x86_64
slang-2.2.1-1.el6.x86_64
samba-3.5.10-125.el6.x86_64
perl-XML-Simple-2.18-6.el6.noarch
perl-Class-Base-0.03-7.el6.noarch
kbd-misc-1.15-11.el6.noarch
perl-Proc-ProcessTable-0.45-1.el6.rf.x86_64
perl-Variable-Magic-0.43-1.el6.x86_64
initscripts-9.03.27-1.el6.centos.x86_64
numad-0.5-8.20121015git.el6.x86_64
perl-Sub-Identify-0.04-6.el6.x86_64
qpid-cpp-client-ssl-0.12-6.el6.x86_64
lzop-1.02-0.9.rc1.el6.x86_64
perl-MooseX-Types-Path-Class-0.05-8.el6.noarch
device-mapper-event-libs-1.02.66-6.el6.x86_64
hal-libs-0.5.14-11.el6.x86_64
radvd-1.6-1.el6.x86_64
perl-Readonly-XS-1.05-3.el6.x86_64
qpid-cpp-server-ssl-0.12-6.el6.x86_64
pm-utils-1.2.5-9.el6.x86_64
perl-Log-Log4perl-1.30-1.el6.noarch
perl-Pod-POM-0.25-2.el6.noarch
device-mapper-event-1.02.66-6.el6.x86_64
augeas-libs-0.9.0-4.el6.x86_64
perl-GD-2.44-3.el6.x86_64
matahari-sysconfig-0.4.4-11.el6.x86_64
perl-Lingua-EN-Inflect-1.892-1.el6.noarch
kexec-tools-2.0.0-273.el6.x86_64
cronie-anacron-1.4.4-7.el6.x86_64
Nessus-5.2.1-es6.x86_64
fedora-usermgmt-core-0.10-1200.el6.noarch
perl-Digest-SHA-5.47-129.el6.x86_64
libsmi-devel-0.4.8-4.el6.x86_64
flow-tools-0.68.5.1-1.el6.x86_64
perl-CGI-3.51-129.el6.x86_64
dracut-004-256.el6.noarch
unzip-6.0-1.el6.x86_64
perl-Cache-Simple-TimedExpiry-0.27-6.el6.noarch
freeipmi-0.7.16-3.el6.x86_64
perl-MooseX-Types-JSON-0.02-3.el6.noarch
iwl6000g2b-firmware-17.168.5.2-1.el6.noarch
iotop-0.3.2-3.el6.noarch
perl-DBIx-SearchBuilder-1.56-1.el6.noarch
salt-minion-0.17.5-1.el6.noarch
iwl6050-firmware-41.28.5.1-2.el6.noarch
ipmiutil-2.8.2-1.el6.x86_64
perl-Params-Validate-0.92-3.el6.x86_64
iwl6000-firmware-9.221.4.1-1.el6.noarch
perl-Exception-Class-1.29-1.1.el6.noarch
system-config-firewall-base-1.2.27-5.el6.noarch
perl-BSD-Resource-1.29.03-3.el6.x86_64
libsigc++20-2.2.4.2-1.el6.x86_64
perl-Cache-Cache-1.06-2.el6.noarch
ql2400-firmware-5.06.02-1.el6.noarch
finger-0.17-39.el6.x86_64
perl-HTML-Tidy-1.08-5.el6.x86_64
libertas-usb8388-firmware-5.110.22.p23-3.1.el6.noarch
byacc-1.9.20070509-7.el6.x86_64
zd1211-firmware-1.4-4.el6.noarch
Django-1.3.7-1.el6.noarch
perl-HTML-RewriteAttributes-0.03-3.el6.noarch
ql2200-firmware-2.02.08-3.1.el6.noarch
perl-Net-SSLeay-1.35-9.el6.x86_64
ipw2200-firmware-3.1-4.el6.noarch
perl-Crypt-CBC-2.29-3.el6.noarch
lockdev-1.0.1-18.el6.x86_64
perl-BDB-1.86-3.el6.x86_64
libedit-2.11-4.20080712cvs.1.el6.x86_64
libgcj-4.4.7-3.el6.x86_64
perl-IO-AIO-3.71-2.el6.x86_64
splunk-5.0.2-149561.x86_64
perl-Convert-ASN1-0.22-1.el6.noarch
GeoIP-devel-1.4.8-1.el6.x86_64
xorg-x11-drv-sisusb-0.9.6-2.el6.x86_64
xorg-x11-proto-devel-7.6-25.el6.noarch
xorg-x11-drv-hyperpen-1.4.1-4.el6.x86_64
xorg-x11-drv-synaptics-1.6.2-11.el6.x86_64
db4-cxx-4.7.25-17.el6.x86_64
gd-2.0.35-11.el6.x86_64
xorg-x11-drv-v4l-0.2.0-6.el6.x86_64
libyaml-devel-0.1.4-1.el6.rf.x86_64
libdbi-devel-0.8.3-4.el6.x86_64
xorg-x11-drv-nv-2.1.20-4.el6.x86_64
libxml2-2.7.6-12.el6_4.1.x86_64
xorg-x11-drv-sis-0.10.7-2.el6.x86_64
xorg-x11-drv-cirrus-1.5.1-2.el6.x86_64
dejavu-sans-fonts-2.30-2.el6.noarch
xorg-x11-drv-ast-0.97.0-2.el6.x86_64
xorg-x11-drv-acecad-1.5.0-6.el6.x86_64
mesa-libGLU-9.0-0.7.el6.x86_64
perl-rrdtool-1.4.7-1.el6.rfx.x86_64
htmldoc-1.8.27-13.el6.x86_64
texlive-texmf-errata-2007-7.1.el6.noarch
psacct-6.3.2-63.el6_3.3.x86_64
tk-8.5.7-5.el6.x86_64
MySQL-python-1.2.3-0.3.c1.1.el6.x86_64
pygobject2-2.20.0-5.el6.x86_64
xorg-x11-xinit-1.0.9-13.el6.x86_64
openssh-5.3p1-84.1.el6.x86_64
python-fpconst-0.7.3-6.1.el6.noarch
glx-utils-9.0-0.7.el6.x86_64
sgpio-1.2.0.10-5.el6.x86_64
tix-8.4.3-5.el6.x86_64
python-cherrypy-3.2.2-3.el6.noarch
cpufrequtils-007-6.el6.x86_64
openldap-2.4.23-31.el6.x86_64
xenwebmanager-0.9.9-1.el6.rf.noarch
mdadm-3.2.5-4.el6_4.3.x86_64
python-dateutil-1.4.1-6.el6.noarch
denyhosts-2.6-24.el6.art.noarch
doxygen-1.6.1-6.el6.x86_64
subversion-perl-1.7.4-0.1.el6.rfx.x86_64
php-cli-5.4.22-28.el6.art.x86_64
ncrack-0.4-0.1.ALPHA.el6.x86_64
xapi-xe-0.2-3307.i686
php-ldap-5.4.22-28.el6.art.x86_64
wapiti-2.2.1-4.el6.art.noarch
perl-Net-Pcap-0.16-2.el6.x86_64
libcanberra-0.22-1.el6.centos.x86_64
perl-Net-IP-1.25-13.el6.noarch
nmap-6.25-5.el6.art.x86_64
perl-Net-IRC-0.79-3.el6.noarch
nikto-2.1.5-8.el6.art.noarch
sg3_utils-libs-1.28-4.el6.x86_64
libgcc-4.4.7-4.el6.x86_64
perl-Net-Whois-IP-1.10-1.el6.noarch
psutils-1.17-34.el6.x86_64
libatasmart-0.17-4.el6_2.x86_64
mysql-libs-5.1.71-1.el6.x86_64
perl-Net-OpenSSH-0.57-4.el6.noarch
SOAPpy-0.11.6-11.el6.noarch
httpd-2.2.15-29.el6.centos.x86_64
mingw32-nsis-2.46-3.el6.x86_64
genisoimage-1.1.9-12.el6.x86_64
gcc-c++-4.4.7-4.el6.x86_64
tcl-8.5.7-6.el6.x86_64
GConf2-2.28.0-6.el6.x86_64
tkinter-2.6.6-51.el6.x86_64
tcsh-6.17-14.el6.x86_64
perl-Taint-Runtime-0.03-9.el6.x86_64
kernel-devel-2.6.32-431.1.2.0.1.el6.x86_64
libproxy-python-0.3.0-2.el6.x86_64
PackageKit-glib-0.5.8-21.el6.x86_64
perl-Class-Singleton-1.4-6.el6.noarch
python-nose-0.10.4-3.1.el6.noarch
spawn-fcgi-1.6.3-1.el6.x86_64
net-snmp-5.5-44.el6.x86_64
w3af-1.1-2.el6.art.x86_64
python-jinja2-2.2.1-1.el6.rf.x86_64
samba-client-3.6.9-167.el6_5.x86_64
bind-libs-9.8.2-0.17.rc1.el6.x86_64
openjpeg-libs-1.3-9.el6_3.x86_64
zeromq3-3.2.2-2.el6.x86_64
nagios-plugins-mailq-1.4.16-10.el6.x86_64
rsyslog-5.8.10-6.el6.x86_64
texlive-2007-57.el6_2.x86_64
sshpass-1.05-1.el6.rf.x86_64
nagios-plugins-rpc-1.4.16-10.el6.x86_64
texlive-latex-2007-57.el6_2.x86_64
hwdata-0.233-7.9.el6.noarch
nagios-plugins-sensors-1.4.16-10.el6.x86_64
nagios-plugins-disk-1.4.16-10.el6.x86_64
nagios-plugins-icmp-1.4.16-10.el6.x86_64
epel-release-6-8.noarch
liboil-0.3.16-4.1.el6.x86_64
nagios-plugins-ldap-1.4.16-10.el6.x86_64
c-ares19-1.9.1-4.el6.3.x86_64
libgsf-1.14.15-5.el6.x86_64
nagios-plugins-oracle-1.4.16-10.el6.x86_64
krb5-libs-1.10.3-10.el6.x86_64
gsm-1.0.13-4.el6.x86_64
nagios-plugins-ssh-1.4.16-10.el6.x86_64
nodejs-semver-1.1.4-2.el6.noarch
xml-common-0.6.3-32.el6.noarch
nagios-plugins-swap-1.4.16-10.el6.x86_64
nodejs-fstream-0.1.22-2.el6.noarch
libgudev1-147-2.46.el6.x86_64
nagios-plugins-fping-1.4.16-10.el6.x86_64
nodejs-lru-cache-2.3.0-2.el6.noarch
libmpcdec-1.2.6-6.1.el6.x86_64
nagios-plugins-nwstat-1.4.16-10.el6.x86_64
nodejs-tar-0.1.17-2.el6.noarch
qt-x11-4.6.2-25.el6.x86_64
nagios-plugins-ping-1.4.16-10.el6.x86_64
nodejs-npmlog-0.0.2-4.el6.noarch
qtwebkit-2.1.1-1.el6.art.x86_64
fuse-libs-2.8.3-4.el6.x86_64
nodejs-retry-0.6.0-4.el6.noarch
axel-2.4-1.el6.rf.x86_64
nodejs-hawk-0.12.1-2.el6.noarch
xmlrpc-c-client-1.16.24-1209.1840.el6.x86_64
db4-4.7.25-17.el6.x86_64
partimage-0.6.9-1.el6.x86_64
nodejs-read-package-json-0.3.0-4.el6.noarch
usermode-1.102-3.el6.x86_64
cracklib-2.8.16-4.el6.i686
tcptrack-1.4.0-1.el6.rf.x86_64
nodejs-mute-stream-0.0.3-5.el6.noarch
rarian-0.8.1-5.1.el6.x86_64
libselinux-2.0.94-5.3.el6_4.1.i686
rex-0.44.0-1.x86_64
nodejs-tobi-cookie-0.2.0-2.el6.noarch
libtar-1.2.11-17.el6.x86_64
audit-2.2-2.el6.x86_64
nodejs-uid-number-0.0.3-6.el6.noarch
xcb-util-0.3.6-1.el6.x86_64
libselinux-python-2.0.94-5.3.el6_4.1.x86_64
nodejs-archy-0.0.2-7.el6.noarch
liberation-sans-fonts-1.05.1.20090721-5.el6.noarch
nodejs-form-data-0.0.7-2.el6.noarch
libreport-2.0.9-15.el6.centos.x86_64
nodejs-request-2.16.6-3.el6.noarch
nodejs-config-chain-1.1.5-2.el6.noarch
plymouth-theme-rings-0.8.3-27.el6.centos.noarch
tigervnc-server-1.1.0-5.el6_4.1.x86_64
v8-devel-3.14.5.8-1.el6.x86_64
libmcpp-2.7.2-4.1.el6.x86_64
btrfs-progs-0.20-0.2.git91d9eec.el6.x86_64
gyp-0.1-0.6.1010svn.el6.noarch
libwnck-2.28.0-3.el6.x86_64
krb5-devel-1.10.3-10.el6.x86_64
mozilla-filesystem-1.9-5.1.el6.x86_64
python-markdown-2.0.1-3.1.el6.noarch
npm-1.2.17-5.el6.noarch
bcfg2-web-1.3.0-1.el6.noarch
libvorbis-1.2.3-4.el6_2.1.x86_64
system-setup-keyboard-0.7-4.el6.x86_64
python-netaddr-0.7.10-1.el6.rfx.noarch
libasyncns-0.8-1.1.el6.x86_64
xorg-x11-server-Xorg-1.13.0-11.el6.centos.x86_64
daemontools-0.76-1.el6.art.x86_64
java-1.7.0-openjdk-1.7.0.9-2.3.4.1.el6_3.x86_64
xorg-x11-drv-qxl-0.1.0-4.el6.x86_64
traceroute-2.0.14-2.el6.x86_64
kpartx-0.4.9-64.el6.x86_64
xorg-x11-drv-mach64-6.9.3-4.el6.x86_64
basesystem-10.0-4.el6.noarch
fontconfig-2.8.0-3.el6.x86_64
perl-Config-IniFiles-2.72-2.el6.noarch
xorg-x11-drv-vmmouse-12.9.0-10.el6.x86_64
bash-4.1.2-8.el6.centos.x86_64
perl-Net-Server-0.97-7.el6.noarch
db4-devel-4.7.25-17.el6.x86_64
libICE-1.0.6-1.el6.x86_64
gd-devel-2.0.35-11.el6.x86_64
xorg-x11-xkb-utils-7.7-4.el6.x86_64
xorg-x11-drv-modesetting-0.5.0-1.el6.x86_64
chkconfig-1.3.47-1.el6.x86_64
perl-Text-Iconv-1.7-6.el6.x86_64
libxslt-1.1.26-2.el6_3.1.x86_64
mesa-dri-filesystem-9.0-0.7.el6.x86_64
elfutils-libs-0.152-1.el6.x86_64
xorg-x11-drv-dummy-0.3.6-2.el6.x86_64
ttf2pt1-3.4.4-9.el6.x86_64
zlib-devel-1.2.3-29.el6.x86_64
xorg-x11-drv-trident-1.3.6-4.el6.x86_64
sigar-1.6.5-0.4.git58097d9.el6.x86_64
proftpd-1.3.4a-1.el6.rf.x86_64
jasper-libs-1.900.1-15.el6_1.1.x86_64
xorg-x11-fonts-Type1-7.2-9.1.el6.noarch
apr-devel-1.3.9-5.el6_2.x86_64
control-center-filesystem-2.28.1-38.el6.x86_64
dbus-glib-0.86-5.el6.x86_64
perl-Convert-PEM-0.07-8.el6.noarch
libXpm-devel-3.5.10-2.el6.x86_64
perl-Digest-SHA1-2.12-2.el6.x86_64
gpg-pubkey-5ebd2744-418ffac9
boost-filesystem-1.41.0-11.el6_1.2.x86_64
perl-Crypt-DSA-1.17-1.el6.noarch
libXfont-1.4.5-2.el6.x86_64
perl-Net-SNMP-5.2.0-4.el6.noarch
kpathsea-2007-57.el6_2.x86_64
glibc-headers-2.14.90-14.x86_64
xorg-x11-utils-7.5-6.el6.x86_64
cpio-2.10-9.el6.x86_64
perl-IO-Socket-SSL-1.31-2.el6.noarch
cloudstack-cli-4.2.0-1.el6.x86_64
libmcrypt-2.5.8-9.el6.x86_64
libarchive-2.8.3-4.el6_2.x86_64
xvattr-1.3-18.el6.x86_64
sysvinit-tools-2.87-4.dsf.el6.x86_64
ntp-4.2.4p8-3.el6.centos.x86_64
cairo-1.8.8-3.1.el6.x86_64
nss-tools-3.14.0.0-12.el6.x86_64
mailx-12.4-6.el6.x86_64
nss-softokn-3.12.9-11.el6.x86_64
perl-Net-DNS-SEC-0.16-9.el6.noarch
gtk2-2.18.9-10.el6.x86_64
dirb-203-1.el6.art.x86_64
xorg-x11-xbitmaps-1.0.1-9.1.el6.x86_64
perl-Git-1.7.11.3-1.el6.rfx.x86_64
tar-1.23-3.el6.x86_64
perl-Net-Telnet-Cisco-1.10-4.el6.noarch
php-gd-5.4.22-28.el6.art.x86_64
python-httplib2-0.7.7-1.el6.noarch
python-twisted-core-8.2.0-4.el6.x86_64
unique-1.1.4-2.el6.x86_64
diffutils-2.8.1-28.el6.x86_64
perl-Net-Whois-1.9-2.el6.noarch
nmap-ncat-6.25-5.el6.art.x86_64
perl-Exporter-Lite-0.02-5.el6.noarch
boost-test-1.41.0-11.el6_1.2.x86_64
perl-Net-SSH-0.09-3.el6.noarch
openssl-1.0.1e-16.el6_5.x86_64
pygtksourceview-2.8.0-1.el6.x86_64
perl-Pod-Simple-3.13-129.el6.x86_64
dosfstools-3.0.9-4.el6.x86_64
cracklib-dicts-2.8.16-4.el6.x86_64
perl-Net-CUPS-0.61-3.el6.x86_64
httpd-tools-2.2.15-29.el6.centos.x86_64
ncdu-1.7-1.el6.x86_64
pysvn-1.7.6-1.el6.x86_64
perl-Data-OptList-0.104-4.el6.noarch
polkit-0.96-2.el6_0.1.x86_64
python-devel-2.6.6-51.el6.x86_64
nfs-utils-1.2.3-26.el6.x86_64
perl-Class-Accessor-Grouped-0.09005-1.el6.noarch
perl-XML-RegExp-0.03-7.el6.noarch
ethtool-2.6.33-0.3.el6.x86_64
pakchois-0.4-3.2.el6.x86_64
libsysfs-2.1.0-6.1.el6.x86_64
PackageKit-0.5.8-21.el6.x86_64
perl-XML-LibXML-1.70-5.el6.x86_64
munin-cgi-2.0.12-2.el6.noarch
curl-7.19.7-26.el6_1.2.x86_64
net-snmp-utils-5.5-44.el6.x86_64
samba-winbind-3.6.9-167.el6_5.x86_64
dejavu-fonts-common-2.30-2.el6.noarch
netpbm-progs-10.47.05-11.el6.x86_64
python-zmq-2.2.0.1-1.el6.x86_64
ustr-1.0.4-9.1.el6.x86_64
rsyslog-mysql-5.8.10-6.el6.x86_64
nagios-plugins-file_age-1.4.16-10.el6.x86_64
portreserve-0.0.4-9.el6.x86_64
texlive-texmf-latex-2007-38.el6.noarch
perl-AppConfig-1.66-6.el6.noarch
remi-release-6-2.el6.remi.noarch
pygpgme-0.1-18.20090824bzr68.el6.x86_64
nagios-plugins-http-1.4.16-10.el6.x86_64
perl-Date-Manip-6.24-1.el6.noarch
glib2-2.22.5-7.el6.x86_64
perl-ExtUtils-MakeMaker-6.55-129.el6.x86_64
perl-DBI-1.622-1.el6.rfx.x86_64
dash-0.5.5.1-3.1.el6.x86_64
libcom_err-1.41.12-14.el6.x86_64
nagios-plugins-dns-1.4.16-10.el6.x86_64
glib2-devel-2.22.5-7.el6.x86_64
perl-Module-Find-0.08-3.el6.noarch
perl-Proc-Daemon-0.06-1.el6.noarch
util-linux-ng-2.17.2-12.4.el6.x86_64
nagios-plugins-snmp-1.4.16-10.el6.x86_64
exempi-2.1.0-5.el6.x86_64
perl-namespace-autoclean-0.11-1.el6.noarch
iscsi-initiator-utils-6.2.0.873-2.el6.x86_64
device-mapper-1.02.66-6.el6.x86_64
nodejs-slide-1.1.3-6.el6.noarch
nagios-plugins-ups-1.4.16-10.el6.x86_64
cryptsetup-luks-libs-1.2.0-7.el6.x86_64
gnutls-devel-2.8.5-10.el6.x86_64
perl-Hash-Merge-0.12-1.el6.noarch
nodejs-which-1.0.5-6.el6.noarch
nagios-plugins-dhcp-1.4.16-10.el6.x86_64
netcf-libs-0.1.9-2.el6.x86_64
qt-mobility-1.1.3-2.el6.art.x86_64
perl-Jcode-2.07-1.el6.noarch
fuse-curlftpfs-0.9.1-1.el6.rf.x86_64
nodejs-chownr-0.0.1-8.el6.noarch
libsmi-0.4.8-4.el6.x86_64
fedora-usermgmt-shadow-utils-0.10-1200.el6.noarch
plymouth-core-libs-0.8.3-27.el6.centos.x86_64
perl-YAML-0.70-4.el6.noarch
audit-libs-2.2-2.el6.x86_64
nodejs-read-installed-0.1.1-2.el6.noarch
agedu-0-2.r9153.el6.x86_64
hesiod-3.1.0-19.el6.x86_64
perl-JSON-XS-2.27-2.el6.x86_64
audit-libs-2.2-2.el6.i686
nodejs-tunnel-agent-0.2.0-2.el6.noarch
salt-0.17.5-1.el6.noarch
iftop-1.0-0.1.pre2.el6.x86_64
pygtk2-libglade-2.16.0-3.el6.x86_64
perl-DBIx-Safe-1.2.5-6.el6.noarch
pam-1.1.1-13.el6.i686
aic94xx-firmware-30-2.el6.noarch
nodejs-json-stringify-safe-4.0.0-3.el6.noarch
libreport-plugin-rhtsupport-2.0.9-15.el6.centos.x86_64
perl-Error-0.17015-4.el6.noarch
sudo-1.7.4p5-7.el6.x86_64
nodejs-couch-login-0.1.15-4.el6.noarch
libtorrent-0.12.6-2.el6.x86_64
plymouth-plugin-two-step-0.8.3-27.el6.centos.x86_64
perl-HTML-Format-2.04-11.1.el6.noarch
xrdp-0.5.0-0.13.el6.x86_64
ivtv-firmware-20080701-20.2.noarch
libss-1.41.12-14.el6.x86_64
ncurses-devel-5.7-3.20090208.el6.x86_64
perl-HTML-Lint-2.06-4.el6.noarch
python-genshi-0.6-2.el6.rfx.noarch
iwl3945-firmware-15.32.2.9-4.el6.noarch
perl-IO-Tty-1.08-4.el6.x86_64
bcfg2-examples-1.3.0-1.el6.noarch
lrzsz-0.12.20-27.1.el6.x86_64
libsndfile-1.0.20-5.el6.x86_64
libart_lgpl-2.3.20-5.1.el6.x86_64
xorg-x11-drv-vesa-2.3.2-4.el6.x86_64
perl-Data-Buffer-0.04-8.el6.noarch
supervise-scripts-4.0-5.el6.art.noarch
libical-0.43-5.1.el6.x86_64
redis-2.4.10-1.el6.x86_64
