1 : 生产系统资源域/TEST-Z2POD201/test-z2p201c1/test/xstest1.gdcloud.com/W2K8R2-2
2 : 生产系统资源域/生产系统-POD2/gdupc-cluster1/gdupc/xs226.gdcloud.com/SJZX37
3 : 生产系统资源域/生产系统-POD2/gdupc-cluster1/gdupc/xs226.gdcloud.com/SJZX36
4 : 生产系统资源域/TEST-Z2POD201/test-z2p201c1/test/xstest1.gdcloud.com/W2K8R2-1
5 : 生产系统资源域/TEST-Z2POD201/test-z2p201c1/test/xstest1.gdcloud.com/wxp3-2
6 : 生产系统资源域/TEST-Z2POD201/test-z2p201c1/test/xstest1.gdcloud.com/wxp3-1
7 : 信息系统域/信息系统-POD1/z3p1c3/caigoupingtai/xs224.gdcloud.com/OSP
8 : 信息系统域/信息系统-POD1/z3p1c3/caigoupingtai/xs224.gdcloud.com/WDP
9 : 信息系统域/信息系统-POD1/z3p1c3/caigoupingtai/xs222.gdcloud.com/EPP
10 : 信息系统域/信息系统-POD1/z3p1c3/caigoupingtai/xs223.gdcloud.com/WFP
11 : 信息系统域/信息系统-POD1/z3p1c3/caigoupingtai/xs223.gdcloud.com/PIP
12 : 信息系统域/信息系统-POD1/z3p1c3/caigoupingtai/xs221.gdcloud.com/SRP
13 : 信息系统域/信息系统-POD1/z3p1c3/caigoupingtai/xs224.gdcloud.com/PRD
14 : 生产系统资源域/TEST-Z2POD201/test-z2p201c1/test/xstest1.gdcloud.com/SCADA2
15 : 生产系统资源域/生产系统-POD/生产系统集群/xenvip/xs04/GDUPC-ftpserver-vip
16 : 生产系统资源域/TEST-Z2POD201/test-z2p201c1/test/xstest1.gdcloud.com/SCADA1
17 : 生产系统资源域/生产系统-POD/生产系统集群/fengce/xs06.gdcloud.com/RealTimeDataServer
18 : 信息系统域/信息系统-POD1/z3p1c1/isinternal/xs201.gdcloud.com/mis-hamijijian
19 : 信息系统域/信息系统-POD1/z3p1c1/isinternal/xs202.gdcloud.com/EPT4WIN
20 : 生产系统资源域/生产系统-POD2/gdupc-cluster1/gdupc/xs53.gdcloud.com/rdp-demo
21 : 信息系统域/信息系统-POD1/z3p1c1/erp/xs202.gdcloud.com/PIQ
22 : 信息系统域/信息系统-POD1/z3p1c1/erp/xs202.gdcloud.com/EPT
23 : 生产系统资源域/生产系统-POD2/gdupc-cluster1/gdupc/xs53.gdcloud.com/SJZX35
24 : 生产系统资源域/生产系统-POD2/gdupc-cluster1/gdupc/xs51.gdcloud.com/SJZX28
25 : 信息系统域/信息系统-POD1/z3p1c1/erp/xs202.gdcloud.com/ERP01
26 : 信息系统域/信息系统-POD1/z3p1c2/isinternal/xs213.gdcloud.com/EPT
27 : 信息系统域/信息系统-POD1/z3p1c2/isinternal/xs213.gdcloud.com/QAS
28 : 生产系统资源域/生产系统-POD2/gdupc-cluster1/gdupc/xs53.gdcloud.com/gdupc-ftp
29 : 信息系统域/信息系统-POD1/z3p1c2/isinternal/xs212.gdcloud.com/SAPBW
30 : 信息系统域/信息系统-POD1/z3p1c2/isinternal/xs213.gdcloud.com/SAPBO
31 : 信息系统域/信息系统-POD1/z3p1c1/erp/xs204.gdcloud.com/SRMQAS
32 : 信息系统域/信息系统-POD1/z3p1c1/erp/xs202.gdcloud.com/ERPQAS
33 : 信息系统域/信息系统-POD1/z3p1c1/isinternal/xs201.gdcloud.com/GDHR-EP
34 : 信息系统域/信息系统-POD1/z3p1c1/dangyuanzhijia/xs202.gdcloud.com/win7-M-test
35 : 信息系统域/信息系统-POD1/z3p1c2/erp/xs211.gdcloud.com/EPC-DEMO
36 : 信息系统域/信息系统-POD1/z3p1c2/isinternal/xs211.gdcloud.com/SAPHCMT
37 : 信息系统域/信息系统-POD1/z3p1c2/xenvip/xs211.gdcloud.com/DC2
38 : 信息系统域/信息系统-POD1/z3p1c2/isinternal/xs211.gdcloud.com/win7-1
39 : 信息系统域/信息系统-POD1/z3p1c2/isinternal/xs212.gdcloud.com/win7-2
40 : 信息系统域/信息系统-POD1/z3p1c2/xenvip/xs213.gdcloud.com/AD
41 : 生产系统资源域/生产系统-POD/生产系统集群/dianzhan/xs06.gdcloud.com/HD-WEB
42 : 信息系统域/信息系统-POD1/z3p1c2/isinternal/xs212.gdcloud.com/ERP-HCM-DEV
43 : 信息系统域/信息系统-POD1/z3p1c2/isinternal/xs213.gdcloud.com/filemanage
44 : 生产系统资源域/生产系统-POD2/gdupc-cluster1/gdupc/xs53.gdcloud.com/data-transmit1
45 : 生产系统资源域/生产系统-POD2/gdupc-cluster1/gdupc/xs226.gdcloud.com/(no)SJZX34
46 : 生产系统资源域/生产系统-POD2/gdupc-cluster1/gdupc/xs53.gdcloud.com/(no)SJZX33
47 : 生产系统资源域/生产系统-POD2/gdupc-cluster1/gdupc/xs53.gdcloud.com/(no)SJZX32
48 : 生产系统资源域/生产系统-POD2/gdupc-cluster1/gdupc/xs52.gdcloud.com/(no)SJZX31
49 : 生产系统资源域/生产系统-POD2/gdupc-cluster1/gdupc/xs53.gdcloud.com/(no)SJZX30
50 : 信息系统域/信息系统-POD1/z3p1c1/jituanoamis/xs203.gdcloud.com/风电场生产管理系统
51 : 生产系统资源域/生产系统-POD/生产系统集群/dianzhan/xs06.gdcloud.com/HD-TREN
52 : 信息系统域/信息系统-POD1/z3p1c1/erp/xs201.gdcloud.com/SAPPIT
53 : 信息系统域/信息系统-POD1/z3p1c1/erp/xs202.gdcloud.com/SAPPT
54 : 信息系统域/信息系统-POD1/z3p1c1/erp/xs202.gdcloud.com/SAPERPT
55 : 信息系统域/信息系统-POD1/z3p1c1/erp/xs203.gdcloud.com/SAPSRMT
56 : 信息系统域/信息系统-POD1/z3p1c1/erp/xs204.gdcloud.com/SAPPI
57 : 信息系统域/信息系统-POD1/z3p1c1/erp/xs203.gdcloud.com/saped
58 : 信息系统域/信息系统-POD1/z3p1c1/erp/xs201.gdcloud.com/SAPSD
59 : 信息系统域/信息系统-POD1/z3p1c1/dangyuanzhijia/xs202.gdcloud.com/webportal
60 : 信息系统域/信息系统-POD1/z3p1c1/erp/xs204.gdcloud.com/SAPIDES
61 : 生产系统资源域/生产系统-POD2/gdupc-cluster1/gdupc/xs53.gdcloud.com/SJZX29
62 : 生产系统资源域/生产系统-POD2/gdupc-cluster1/gdupc/xs51.gdcloud.com/SJZX27
63 : 生产系统资源域/生产系统-POD2/gdupc-cluster1/gdupc/xs53.gdcloud.com/SJZX26
64 : 生产系统资源域/生产系统-POD2/gdupc-cluster1/gdupc/xs226.gdcloud.com/SJZX16
65 : 生产系统资源域/生产系统-POD2/gdupc-cluster1/gdupc/xs51.gdcloud.com/SJZX15
66 : 生产系统资源域/生产系统-POD2/gdupc-cluster1/gdupc/xs51.gdcloud.com/SJZX25
67 : 生产系统资源域/生产系统-POD2/gdupc-cluster1/gdupc/xs53.gdcloud.com/SJZX24
68 : 生产系统资源域/生产系统-POD2/gdupc-cluster1/gdupc/xs226.gdcloud.com/SJZX23
69 : 生产系统资源域/生产系统-POD2/gdupc-cluster1/gdupc/xs53.gdcloud.com/SJZX22
70 : 生产系统资源域/生产系统-POD2/gdupc-cluster1/gdupc/xs53.gdcloud.com/SJZX21
71 : 生产系统资源域/生产系统-POD2/gdupc-cluster1/gdupc/xs52.gdcloud.com/SJZX20
72 : 生产系统资源域/生产系统-POD2/gdupc-cluster1/gdupc/xs52.gdcloud.com/SJZX19
73 : 生产系统资源域/生产系统-POD2/gdupc-cluster1/gdupc/xs52.gdcloud.com/SJZX18
74 : 生产系统资源域/生产系统-POD2/gdupc-cluster1/gdupc/xs226.gdcloud.com/SJZX17
75 : 生产系统资源域/生产系统-POD/生产系统集群/ruanjianyanfa/xs06.gdcloud.com/nagios02
76 : 生产系统资源域/生产系统-POD/生产系统集群/gdupc/xs06.gdcloud.com/modbus2
77 : 生产系统资源域/生产系统-POD/生产系统集群/gdupc/xs04/modbus1
78 : 生产系统资源域/生产系统-POD2/gdupc-cluster1/gdupc/xs51.gdcloud.com/data-transmit
79 : 信息系统域/信息系统-POD1/z3p1c1/jituanoamis/xs201.gdcloud.com/oarelease-is
80 : 信息系统域/信息系统-POD1/z3p1c1/erp/xs203.gdcloud.com/is-SVN
81 : 生产系统资源域/生产系统-POD2/gdupc-cluster1/gdupc/xs52.gdcloud.com/data-receive
82 : 生产系统资源域/生产系统-POD2/gdupc-cluster1/gdupc/xs226.gdcloud.com/SJZX-14
83 : 生产系统资源域/生产系统-POD2/gdupc-cluster1/gdupc/xs226.gdcloud.com/SJZX-13
84 : 生产系统资源域/生产系统-POD2/gdupc-cluster1/gdupc/xs226.gdcloud.com/SJZX-12
85 : 生产系统资源域/生产系统-POD2/gdupc-cluster1/gdupc/xs53.gdcloud.com/SJZX-11
86 : 生产系统资源域/生产系统-POD2/gdupc-cluster1/gdupc/xs53.gdcloud.com/SJZX-10
87 : 生产系统资源域/生产系统-POD2/gdupc-cluster1/gdupc/xs51.gdcloud.com/SJZX-09
88 : 生产系统资源域/生产系统-POD2/gdupc-cluster1/gdupc/xs53.gdcloud.com/SJZX-08
89 : 生产系统资源域/生产系统-POD2/gdupc-cluster1/gdupc/xs51.gdcloud.com/SJZX-07
90 : 生产系统资源域/生产系统-POD2/gdupc-cluster1/gdupc/xs226.gdcloud.com/SJZX-06
91 : 生产系统资源域/生产系统-POD2/gdupc-cluster1/gdupc/xs226.gdcloud.com/SJZX-05
92 : 生产系统资源域/生产系统-POD2/gdupc-cluster1/gdupc/xs51.gdcloud.com/SJZX-04
93 : 生产系统资源域/生产系统-POD2/gdupc-cluster1/gdupc/xs51.gdcloud.com/SJZX03
94 : 生产系统资源域/生产系统-POD2/gdupc-cluster1/gdupc/xs51.gdcloud.com/SJZX02
95 : 生产系统资源域/生产系统-POD2/gdupc-cluster1/gdupc/xs226.gdcloud.com/SJZX01
96 : 信息系统域/信息系统-POD1/z3p1c1/dangyuanzhijia/xs201.gdcloud.com/tianren-web-db-is
97 : 信息系统域/信息系统-POD1/z3p1c1/dangyuanzhijia/xs201.gdcloud.com/tianren-web-is
98 : 信息系统域/信息系统-POD1/z3p1c1/isinternal/xs204.gdcloud.com/depmanage
99 : 生产系统资源域/生产系统-POD/生产系统集群/fengce/xs07/TAIQI-WEB-SERVER
100 : 生产系统资源域/生产系统-POD/生产系统集群/fengce/xs07/TAIQI-FILE-UPLOAD
101 : 生产系统资源域/生产系统-POD/生产系统集群/fengce/xs04/TAIQI-LOCALPRED
102 : 信息系统域/信息系统-POD1/z3p1c1/dangyuanzhijia/xs201.gdcloud.com/tianren-forum
103 : 生产系统资源域/生产系统-POD/生产系统集群/fengce/xs07/WPFVeStore2
104 : 信息系统域/信息系统-POD1/z3p1c1/xenvip/xs201.gdcloud.com/email
105 : 信息系统域/信息系统-POD1/z3p1c1/jituanoamis/xs204.gdcloud.com/jituanmis-is3
106 : 信息系统域/信息系统-POD1/z3p1c1/jituanoamis/xs204.gdcloud.com/Jituanmis1-xs
107 : 生产系统资源域/生产系统-POD/生产系统集群/gdupc/xs03/GDUPC-DBTEST
108 : 生产系统资源域/生产系统-POD/生产系统集群/fengce/xs04/DIAOBINGSHAN-LOCALPRED2
109 : 生产系统资源域/生产系统-POD/生产系统集群/fengce/xs06.gdcloud.com/JIAOQU-LOCALPRED
110 : 生产系统资源域/生产系统-POD/生产系统集群/fengce/xs04/QINGLONG-DATA-COLLECT
111 : 生产系统资源域/生产系统-POD/生产系统集群/fengce/xs06.gdcloud.com/QINGLONG-FILE-UPLOAD
112 : 生产系统资源域/生产系统-POD/生产系统集群/fengce/xs04/WULIJI-LOCALPRED
113 : 生产系统资源域/生产系统-POD/生产系统集群/fengce/xs04/QINGLONG-LOCALPRED
114 : 生产系统资源域/生产系统-POD/生产系统集群/fengce/xs03/WULIJI-DATA-COLLECT
115 : 生产系统资源域/生产系统-POD/生产系统集群/fengce/xs07/WULIJI-WEB-SERVER
116 : 生产系统资源域/生产系统-POD/生产系统集群/fengce/xs04/WULIJI-FILE-UPLOAD
117 : 生产系统资源域/生产系统-POD/生产系统集群/fengce/xs07/JIAOQU-DATA-COLLECT
118 : 生产系统资源域/生产系统-POD/生产系统集群/fengce/xs04/JIAOQU-WEB-SERVER
119 : 生产系统资源域/生产系统-POD/生产系统集群/fengce/xs06.gdcloud.com/JIAOQU-FILE-UPLOAD
120 : 生产系统资源域/生产系统-POD/生产系统集群/fengce/xs04/BAOSHAN-DATA-COLLECT
121 : 生产系统资源域/生产系统-POD/生产系统集群/fengce/xs04/BAOSHAN-FILE-UPLOAD
122 : 生产系统资源域/生产系统-POD/生产系统集群/fengce/xs04/BAOSHAN-LOCALPRED
123 : 生产系统资源域/生产系统-POD/生产系统集群/fengce/xs04/CHONGLI-DATA-COLLECT
124 : 生产系统资源域/生产系统-POD/生产系统集群/fengce/xs03/CHONGLI-WEB-SERVER
125 : 生产系统资源域/生产系统-POD/生产系统集群/fengce/xs03/CHONGLI-FILE-UPLOAD
126 : 生产系统资源域/生产系统-POD/生产系统集群/fengce/xs07/DIAOBINGSHAN-FILE-UPLOAD
127 : 生产系统资源域/生产系统-POD/生产系统集群/fengce/xs06.gdcloud.com/CHONGLI-LOCALPRED
128 : 生产系统资源域/生产系统-POD/生产系统集群/weiwang/xs03/weiwang-HMI
129 : 生产系统资源域/生产系统-POD/生产系统集群/weiwang/xs05/weiwang-VeStoreDB
130 : 生产系统资源域/生产系统-POD/生产系统集群/weiwang/xs05/weiwang-Alarm
131 : 生产系统资源域/生产系统-POD/生产系统集群/weiwang/xs05/weiwang-HistoryDB
132 : 生产系统资源域/生产系统-POD/生产系统集群/fengce/xs03/DIAOBINGSHAN-DATA-COLLECT
133 : 生产系统资源域/生产系统-POD/生产系统集群/weiwang/xs07/weiwang-Config
134 : 生产系统资源域/生产系统-POD/生产系统集群/fengce/xs07/DIAOBINGSHAN-WEB-SERVER
135 : 生产系统资源域/生产系统-POD/生产系统集群/fengce/xs06.gdcloud.com/DIAOBINGSHAN-VESTORE-DB
136 : 生产系统资源域/生产系统-POD/生产系统集群/weiwang/xs03/weiwang-IOServer
137 : 生产系统资源域/生产系统-POD/生产系统集群/weiwang/xs05/weiwang-Picture
138 : 生产系统资源域/生产系统-POD/生产系统集群/weiwang/xs05/weiwang-RealDB
139 : 生产系统资源域/生产系统-POD/生产系统集群/ranshaoyouhua/xs03/ranshaoyouhua
140 : 生产系统资源域/生产系统-POD/生产系统集群/fengce/xs04/wpfs-web-dev2
141 : 生产系统资源域/生产系统-POD/生产系统集群/fengce/xs06.gdcloud.com/WPFRTInterfaceTest
142 : 生产系统资源域/生产系统-POD/生产系统集群/fengce/xs05/WPFRTInterface
143 : 生产系统资源域/生产系统-POD/生产系统集群/dianzhan/xs04/Taian-p6
144 : 生产系统资源域/生产系统-POD/生产系统集群/dianzhan/xs05/Taian-Mis
145 : 生产系统资源域/生产系统-POD/生产系统集群/dianzhan/xs05/Taian-oracle
146 : 信息系统域/信息系统-POD1/z3p1c2/xenvip/xs213.gdcloud.com/nano-techweb
147 : 生产系统资源域/生产系统-POD2/gdupc-cluster1/gdupc/xs52.gdcloud.com/modbus3
148 : 信息系统域/信息系统-POD1/z3p1c2/isinternal/xs212.gdcloud.com/ERPR3LOAD1
149 : 生产系统资源域/生产系统-POD/生产系统集群/dianzhan/xs05/rtsystem-win7
150 : 生产系统资源域/生产系统-POD2/gdupc-cluster1/gdupc/xs53.gdcloud.com/SJZX39
151 : 生产系统资源域/生产系统-POD/生产系统集群/fengce/xs04/beizhen-localpred
152 : 生产系统资源域/生产系统-POD/生产系统集群/fengce/xs07/webfigures2
153 : 信息系统域/信息系统-POD1/z3p1c2/isinternal/xs212.gdcloud.com/jijianmis-xs
154 : 生产系统资源域/生产系统-POD/khjtz2p1c2/jituanmenhu/xs227.gdcloud.com/khSVN-xs
155 : 生产系统资源域/生产系统-POD/khjtz2p1c2/jituanmenhu/xs227.gdcloud.com/appbackup-xs
156 : 生产系统资源域/生产系统-POD/khjtz2p1c2/jituanmenhu/xs228.gdcloud.com/ReportRelease-xs
157 : 信息系统域/信息系统-POD1/z3p1c1/dangyuanzhijia/xs201.gdcloud.com/TRneiwang-web
158 : 生产系统资源域/生产系统-POD/生产系统集群/ruanjianyanfa/xs05/mgmt-swdev
159 : 信息系统域/信息系统-POD1/z3p1c3/caigoupingtai/xs225.gdcloud.com/KHDOC2
160 : 信息系统域/信息系统-POD1/z3p1c3/caigoupingtai/xs221.gdcloud.com/KHDOC1
161 : 信息系统域/信息系统-POD1/z3p1c3/caigoupingtai/xs221.gdcloud.com/GDSXMIS
162 : 生产系统资源域/生产系统-POD/khjtz2p1c2/jituanmenhu/xs228.gdcloud.com/ldap-server-xs
163 : 生产系统资源域/生产系统-POD/khjtz2p1c2/jituanmenhu/xs227.gdcloud.com/portal-server-xs
164 : 生产系统资源域/生产系统-POD/生产系统集群/ranshaoyouhua/xs07/RSYHCLOUD4
165 : 生产系统资源域/生产系统-POD/生产系统集群/ranshaoyouhua/xs04/RSYHCLOUD3
166 : 生产系统资源域/生产系统-POD/生产系统集群/ranshaoyouhua/xs03/RSYHCLOUD2
167 : 信息系统域/信息系统-POD1/z3p1c4/prodgdhr/xs236.gdcloud.com/HRCSQ
168 : 信息系统域/信息系统-POD1/z3p1c4/prodgdhr/xs236.gdcloud.com/HRCSD
169 : 信息系统域/信息系统-POD1/z3p1c4/prodgdhr/xs234.gdcloud.com/HRDOCQ
170 : 信息系统域/信息系统-POD1/z3p1c4/prodgdhr/xs235.gdcloud.com/HRTRQ
171 : 信息系统域/信息系统-POD1/z3p1c4/prodgdhr/xs234.gdcloud.com/HRTRD
172 : 信息系统域/信息系统-POD1/z3p1c4/prodgdhr/xs231.gdcloud.com/HRBOQ
173 : 信息系统域/信息系统-POD1/z3p1c4/prodgdhr/xs231.gdcloud.com/HRCSP
174 : 信息系统域/信息系统-POD1/z3p1c4/prodgdhr/xs233.gdcloud.com/HRTRP
175 : 信息系统域/信息系统-POD1/z3p1c4/prodgdhr/xs233.gdcloud.com/HRDOCP
176 : 信息系统域/信息系统-POD1/z3p1c4/prodgdhr/xs234.gdcloud.com/HRAFP
177 : 信息系统域/信息系统-POD1/z3p1c4/prodgdhr/xs232.gdcloud.com/HRBOP
178 : 信息系统域/信息系统-POD1/z3p1c4/prodgdhr/xs234.gdcloud.com/HREPP
179 : 信息系统域/信息系统-POD1/z3p1c4/prodgdhr/xs233.gdcloud.com/HRBWP
180 : 信息系统域/信息系统-POD1/z3p1c4/prodgdhr/xs235.gdcloud.com/HRPRD
181 : 生产系统资源域/生产系统-POD2/gdupc-cluster1/gdupc/xs52.gdcloud.com/(no)SJZX38
182 : 生产系统资源域/TEST-Z2POD201/test-z2p201c1/test/xstest1.gdcloud.com/SVMS
