                              stree                 mble   src        
,vlan,type,admin,oper,1x1,flat,auth,ip,tag,lrn,name
,1,std,on,on,on,on,off,off,off,on,VLAN,1,
,9,std,on,on,on,on,off,on,off,on,fw,
,10,std,on,on,on,on,off,on,off,on,ipmi,
,11,std,on,on,on,on,off,on,off,on,mgmtVlan,
,12,std,on,on,on,on,off,on,off,on,skiron_cluster,
,13,std,on,on,on,on,off,on,off,on,mgmtVlan,
,14,std,on,on,on,on,off,on,off,on,mgmtVlan,
,17,std,on,on,on,on,off,on,off,on,publicVlan17,
,31,std,on,on,on,on,off,on,off,on,jituan,
,32,std,on,on,on,on,off,on,off,on,product,
,201,std,on,on,on,on,off,on,off,on,z3pod201-test,
,251,std,on,on,on,on,off,on,off,on,HA-to-SW02,
1000,std,on,on,on,on,off,off,off,on,VLAN,1000,
1001,std,on,on,on,on,off,off,off,on,VLAN,1001,
1002,std,on,on,on,on,off,off,off,on,VLAN,1002,
1003,std,on,on,on,on,off,off,off,on,VLAN,1003,
1004,std,on,on,on,on,off,off,off,on,VLAN,1004,
1005,std,on,on,on,on,off,off,off,on,VLAN,1005,
1006,std,on,on,on,on,off,off,off,on,VLAN,1006,
1007,std,on,on,on,on,off,off,off,on,VLAN,1007,
1008,std,on,on,on,on,off,off,off,on,VLAN,1008,
1009,std,on,on,on,on,off,off,off,on,VLAN,1009,
1010,std,on,on,on,on,off,off,off,on,VLAN,1010,
1011,std,on,on,on,on,off,on,off,on,VLAN,1011,
1012,std,on,on,on,on,off,off,off,on,VLAN,1012,
1013,std,on,on,on,on,off,off,off,on,VLAN,1013,
1014,std,on,on,on,on,off,off,off,on,VLAN,1014,
1015,std,on,on,on,on,off,off,off,on,VLAN,1015,
1016,std,on,on,on,on,off,off,off,on,VLAN,1016,
1017,std,on,on,on,on,off,off,off,on,VLAN,1017,
1018,std,on,on,on,on,off,off,off,on,VLAN,1018,
1019,std,on,on,on,on,off,off,off,on,VLAN,1019,
1020,std,on,on,on,on,off,off,off,on,VLAN,1020,
1021,std,on,on,on,on,off,off,off,on,VLAN,1021,
1022,std,on,on,on,on,off,off,off,on,VLAN,1022,
1023,std,on,on,on,on,off,off,off,on,VLAN,1023,
1024,std,on,on,on,on,off,off,off,on,VLAN,1024,
1025,std,on,on,on,on,off,off,off,on,VLAN,1025,
1026,std,on,on,on,on,off,off,off,on,VLAN,1026,
1027,std,on,on,on,on,off,off,off,on,VLAN,1027,
1028,std,on,on,on,on,off,off,off,on,VLAN,1028,
1029,std,on,on,on,on,off,off,off,on,VLAN,1029,
1030,std,on,on,on,on,off,off,off,on,VLAN,1030,
1051,std,on,on,on,on,off,off,off,on,VLAN,1051,
1052,std,on,on,on,on,off,off,off,on,VLAN,1052,
1053,std,on,on,on,on,off,off,off,on,VLAN,1053,
1054,std,on,on,on,on,off,off,off,on,VLAN,1054,
1055,std,on,on,on,on,off,off,off,on,VLAN,1055,
1056,std,on,on,on,on,off,off,off,on,VLAN,1056,
1057,std,on,on,on,on,off,off,off,on,VLAN,1057,
1058,std,on,on,on,on,off,off,off,on,VLAN,1058,
1059,std,on,on,on,on,off,off,off,on,VLAN,1059,
1060,std,on,on,on,on,off,off,off,on,VLAN,1060,
3001,std,on,on,on,on,off,off,off,on,VLAN,3001,

