Slot/    Admin     Link    Violations  Recovery   Recovery      WTR            Alias
Port     Status   Status                 Time       Max        (sec)
,1/1,enable,up,none,300,10,0,"xsm01-e0"
,1/2,enable,up,none,300,10,0,"xs202-e0"
,1/3,enable,up,none,300,10,0,"xsm02-e0"
,1/4,enable,up,none,300,10,0,"xs51-e0"
,1/5,enable,up,none,300,10,0,"xs03-e0"
,1/6,enable,up,none,300,10,0,"xs52-e0"
,1/7,enable,up,none,300,10,0,"xs04-e0"
,1/8,enable,up,none,300,10,0,"xs53-e0"
,1/9,enable,up,none,300,10,0,"xs05-e0"
,1/10,enable,up,none,300,10,0,"xs213-e0"
,1/11,enable,up,none,300,10,0,"kvm01-e0"
,1/12,enable,up,none,300,10,0,"xs203-e0"
,1/13,enable,up,none,300,10,0,"kvm02-e0"
,1/14,enable,up,none,300,10,0,"xs204-e0"
,1/15,enable,up,none,300,10,0,"XSTEST1-E0"
,1/16,enable,up,none,300,10,0,"xs212-e0"
,1/17,enable,up,none,300,10,0,"xs07-e0"
,1/18,enable,up,none,300,10,0,"xs211-e0"
,1/19,enable,up,none,300,10,0,"xs201-e0"
,1/20,enable,down,none,300,10,0,""
,1/21,enable,up,none,300,10,0,"report-jiashunjie"
,1/22,enable,up,none,300,10,0,"oracle-jiashunjie"
,1/23,enable,down,none,300,10,0,""
,1/24,enable,down,none,300,10,0,""
,1/25,enable,up,none,300,10,0,"skiron-node1-eth0"
,1/26,enable,down,none,300,10,0,""
,1/27,enable,down,none,300,10,0,""
,1/28,enable,down,none,300,10,0,""
,1/29,enable,up,none,300,10,0,""
,1/30,enable,down,none,300,10,0,""
,1/31,enable,up,none,300,10,0,"XS231-E0"
,1/32,enable,up,none,300,10,0,"XS232-E0"
,1/33,enable,up,none,300,10,0,"XS233-E0"
,1/34,enable,up,none,300,10,0,"XS234-E0"
,1/35,enable,up,none,300,10,0,"XS235-E0"
,1/36,enable,up,none,300,10,0,"XS236-E0"
,1/37,enable,up,none,300,10,0,"XS221-E0"
,1/38,enable,up,none,300,10,0,"XS222-E0"
,1/39,enable,up,none,300,10,0,"XS223-E0"
,1/40,enable,up,none,300,10,0,"XS224-E0"
,1/41,enable,up,none,300,10,0,"XS225-E0"
,1/42,enable,up,none,300,10,0,"XS226-E0"
,1/43,enable,up,none,300,10,0,"XS227-E0"
,1/44,enable,up,none,300,10,0,"XS228-E0"
,1/45,enable,up,none,300,10,0,"hillstone-fw2-e0/2"
,1/46,enable,up,none,300,10,0,"nagios01.gdcloud"
,1/47,enable,up,none,300,10,0,"huawei-fw"
,1/48,enable,up,none,300,10,0,"hillstone-fw1-e0/2"
,1/49,enable,up,none,300,10,0,"sw2-heatbeat"
,1/50,enable,up,none,300,10,0,"sw2-heatbeat"
,1/51,enable,up,none,0,0,0,""
,1/52,enable,down,none,0,0,0,""
,2/1,enable,up,none,300,10,0,"xsm01-e1"
,2/2,enable,up,none,300,10,0,"xs202-e1"
,2/3,enable,up,none,300,10,0,"xsm02-e1"
,2/4,enable,up,none,300,10,0,"xs51-e1"
,2/5,enable,up,none,300,10,0,"xs03-e1"
,2/6,enable,up,none,300,10,0,"xs52-e1"
,2/7,enable,up,none,300,10,0,"xs04-e1"
,2/8,enable,up,none,300,10,0,"xs53-e1"
,2/9,enable,up,none,300,10,0,"xs05-e1"
,2/10,enable,up,none,300,10,0,"xs213-e1"
,2/11,enable,up,none,300,10,0,"kvm01-e1"
,2/12,enable,up,none,300,10,0,"xs203-e1"
,2/13,enable,down,none,300,10,0,"kvm02-e1"
,2/14,enable,up,none,300,10,0,"xs204-e1"
,2/15,enable,up,none,300,10,0,"xstest1-e1"
,2/16,enable,up,none,300,10,0,"xs212-e1"
,2/17,enable,up,none,300,10,0,"xs07-e1"
,2/18,enable,up,none,300,10,0,"xs211-e1"
,2/19,enable,up,none,300,10,0,"xs201-e1"
,2/20,enable,down,none,300,10,0,""
,2/21,enable,down,none,300,10,0,""
,2/22,enable,down,none,300,10,0,""
,2/23,enable,down,none,300,10,0,""
,2/24,enable,down,none,300,10,0,""
,2/25,enable,down,none,300,10,0,""
,2/26,enable,down,none,300,10,0,""
,2/27,enable,up,none,300,10,0,"skiron2-eth1"
,2/28,enable,down,none,300,10,0,""
,2/29,enable,down,none,300,10,0,""
,2/30,enable,down,none,300,10,0,""
,2/31,enable,up,none,300,10,0,"XS231-E1"
,2/32,enable,up,none,300,10,0,"XS232-E1"
,2/33,enable,up,none,300,10,0,"XS233-E1"
,2/34,enable,up,none,300,10,0,"XS234-E1"
,2/35,enable,up,none,300,10,0,"XS235-E1"
,2/36,enable,up,none,300,10,0,"XS236-E1"
,2/37,enable,up,none,300,10,0,"XS221-E1"
,2/38,enable,up,none,300,10,0,"XS222-E1"
,2/39,enable,up,none,300,10,0,"XS223-E1"
,2/40,enable,up,none,300,10,0,"XS224-E1"
,2/41,enable,up,none,300,10,0,"XS225-E1"
,2/42,enable,up,none,300,10,0,"XS226-E1"
,2/43,enable,up,none,300,10,0,"XS227-E1"
,2/44,enable,up,none,300,10,0,"XS228-E1"
,2/45,enable,up,none,300,10,0,"cloud-fw2"
,2/46,enable,up,none,300,10,0,"trunk-to-ipmiswitch"
,2/47,enable,up,none,300,10,0,"sw03-mgmt"
,2/48,enable,up,none,300,10,0,"cloud-fw2"
,2/49,enable,up,none,300,10,0,"linkagg1-sw2"
,2/50,enable,up,none,300,10,0,"linkagg1-sw2"
,2/51,enable,down,none,0,0,0,"linkagg2-sw2"
,2/52,enable,up,none,0,0,0,"linkagg2-sw2"

