Installing libgcc-4.4.6-3.el6.x86_64
warning: libgcc-4.4.6-3.el6.x86_64: Header V3 RSA/SHA1 Signature, key ID c105b9de: NOKEY
Installing setup-2.8.14-13.el6.noarch
Installing filesystem-2.4.30-3.el6.x86_64
Installing basesystem-10.0-4.el6.noarch
Installing ca-certificates-2010.63-3.el6_1.5.noarch
Installing ncurses-base-5.7-3.20090208.el6.x86_64
Installing tzdata-2011l-4.el6.noarch
Installing glibc-common-2.12-1.47.el6.x86_64
Installing nss-softokn-freebl-3.12.9-11.el6.x86_64
Installing glibc-2.12-1.47.el6.x86_64
Installing ncurses-libs-5.7-3.20090208.el6.x86_64
Installing bash-4.1.2-8.el6.centos.x86_64
Installing libattr-2.4.44-7.el6.x86_64
Installing libcap-2.16-5.5.el6.x86_64
Installing libstdc++-4.4.6-3.el6.x86_64
Installing zlib-1.2.3-27.el6.x86_64
Installing info-4.13a-8.el6.x86_64
Installing audit-libs-2.1.3-3.el6.x86_64
Installing popt-1.13-7.el6.x86_64
Installing chkconfig-1.3.47-1.el6.x86_64
Installing dbus-libs-1.2.24-5.el6_1.x86_64
Installing nspr-4.8.8-3.el6.x86_64
Installing libcom_err-1.41.12-11.el6.x86_64
Installing libuuid-2.17.2-12.4.el6.x86_64
Installing db4-4.7.25-16.el6.x86_64
Installing pcre-7.8-3.1.el6.x86_64
Installing libacl-2.2.49-6.el6.x86_64
Installing cyrus-sasl-lib-2.1.23-13.el6.x86_64
Installing bzip2-libs-1.0.5-7.el6_0.x86_64
Installing libsepol-2.0.41-4.el6.x86_64
Installing libselinux-2.0.94-5.2.el6.x86_64
Installing glib2-2.22.5-6.el6.x86_64
Installing gamin-0.1.10-9.el6.x86_64
Installing shadow-utils-4.1.4.2-13.el6.x86_64
Installing sed-4.2.1-7.el6.x86_64
Installing sigar-1.6.5-0.4.git58097d9.el6.x86_64
Installing grep-2.6.3-2.el6.x86_64
Installing nss-util-3.12.10-2.el6.x86_64
Installing boost-program-options-1.41.0-11.el6_1.2.x86_64
Installing readline-6.0-3.el6.x86_64
Installing gawk-3.1.7-6.el6.x86_64
Installing libudev-147-2.40.el6.x86_64
Installing expat-2.0.1-9.1.el6.x86_64
Installing dbus-glib-0.86-5.el6.x86_64
Installing lua-5.1.4-4.1.el6.x86_64
Installing sqlite-3.6.20-1.el6.x86_64
Installing libblkid-2.17.2-12.4.el6.x86_64
Installing iptables-1.4.7-4.el6.x86_64
Installing libidn-1.18-2.el6.x86_64
Installing file-libs-5.04-11.el6.x86_64
Installing boost-system-1.41.0-11.el6_1.2.x86_64
Installing boost-filesystem-1.41.0-11.el6_1.2.x86_64
Installing elfutils-libelf-0.152-1.el6.x86_64
Installing xz-libs-4.999.9-0.3.beta.20091007git.el6.x86_64
Installing libgpg-error-1.7-4.el6.x86_64
Installing findutils-4.4.2-6.el6.x86_64
Installing libselinux-utils-2.0.94-5.2.el6.x86_64
Installing checkpolicy-2.0.22-1.el6.x86_64
Installing bzip2-1.0.5-7.el6_0.x86_64
Installing cpio-2.10-9.el6.x86_64
Installing boost-date-time-1.41.0-11.el6_1.2.x86_64
Installing boost-thread-1.41.0-11.el6_1.2.x86_64
Installing libicu-4.2.1-9.el6.x86_64
Installing boost-regex-1.41.0-11.el6_1.2.x86_64
Installing tcp_wrappers-libs-7.6-57.el6.x86_64
Installing libcap-ng-0.6.4-3.el6_0.1.x86_64
Installing dbus-1.2.24-5.el6_1.x86_64
Installing sysvinit-tools-2.87-4.dsf.el6.x86_64
Installing pth-2.0.7-9.3.el6.x86_64
Installing boost-graph-1.41.0-11.el6_1.2.x86_64
Installing boost-wave-1.41.0-11.el6_1.2.x86_64
Installing libgcrypt-1.4.5-9.el6.x86_64
Installing iproute-2.6.32-17.el6.x86_64
Installing iptables-ipv6-1.4.7-4.el6.x86_64
Installing grubby-7.0.15-2.el6.x86_64
Installing nss-softokn-3.12.9-11.el6.x86_64
Installing eggdbus-0.6-3.el6.x86_64
Installing libutempter-1.1.5-4.1.el6.x86_64
Installing MAKEDEV-3.24-6.el6.x86_64
Installing vim-minimal-7.2.411-1.6.el6.x86_64
Installing procps-3.2.8-21.el6.x86_64
Installing psmisc-22.6-15.el6_0.1.x86_64
Installing net-tools-1.60-109.el6.x86_64
Installing tar-1.23-3.el6.x86_64
Installing boost-iostreams-1.41.0-11.el6_1.2.x86_64
Installing db4-utils-4.7.25-16.el6.x86_64
Installing e2fsprogs-libs-1.41.12-11.el6.x86_64
Installing libss-1.41.12-11.el6.x86_64
Installing libnih-1.0.1-7.el6.x86_64
Installing upstart-0.6.5-10.el6.x86_64
Installing pinentry-0.7.6-6.el6.x86_64
Installing diffutils-2.8.1-28.el6.x86_64
Installing binutils-2.20.51.0.2-5.28.el6.x86_64
Installing m4-1.4.13-5.el6.x86_64
Installing which-2.19-6.el6.x86_64
Installing libxml2-2.7.6-4.el6.x86_64
Installing gmp-4.3.1-7.el6.x86_64
Installing libusb-0.1.12-23.el6.x86_64
Installing boost-serialization-1.41.0-11.el6_1.2.x86_64
Installing boost-test-1.41.0-11.el6_1.2.x86_64
Installing boost-signals-1.41.0-11.el6_1.2.x86_64
Installing ncurses-5.7-3.20090208.el6.x86_64
Installing groff-1.18.1.4-21.el6.x86_64
Installing less-436-10.el6.x86_64
Installing coreutils-libs-8.4-16.el6.x86_64
Installing gzip-1.3.12-18.el6.x86_64
Installing cracklib-2.8.16-4.el6.x86_64
Installing cracklib-dicts-2.8.16-4.el6.x86_64
Installing coreutils-8.4-16.el6.x86_64
Installing pam-1.1.1-10.el6.x86_64
Installing module-init-tools-3.9-17.el6.x86_64
Installing redhat-logos-60.0.14-10.el6.centos.noarch
Installing plymouth-scripts-0.8.3-24.el6.centos.x86_64
Installing hwdata-0.233-7.6.el6.noarch
Installing ConsoleKit-libs-0.4.1-3.el6.x86_64
Installing polkit-0.96-2.el6_0.1.x86_64
Installing ConsoleKit-0.4.1-3.el6.x86_64
Installing logrotate-3.7.8-12.el6_0.1.x86_64
Installing nss-3.12.10-16.el6.x86_64
Installing nss-sysinit-3.12.10-16.el6.x86_64
Installing openldap-2.4.23-20.el6.x86_64
Installing libuser-0.56.13-4.el6_0.1.x86_64
Installing pciutils-libs-3.1.4-11.el6.x86_64
Installing ethtool-2.6.33-0.3.el6.x86_64
Installing mingetty-1.08-5.el6.x86_64
Installing keyutils-libs-1.4-3.el6.x86_64
Installing krb5-libs-1.9-22.el6.x86_64
Installing openssl-1.0.0-20.el6.x86_64
Installing libssh2-1.2.2-7.el6_1.1.x86_64
Installing libcurl-7.19.7-26.el6_1.2.x86_64
Installing matahari-lib-0.4.4-11.el6.x86_64
Installing curl-7.19.7-26.el6_1.2.x86_64
Installing rpm-libs-4.8.0-19.el6.x86_64
Installing rpm-4.8.0-19.el6.x86_64
Installing gnupg2-2.0.14-4.el6.x86_64
Installing gpgme-1.1.8-3.el6.x86_64
Installing mysql-libs-5.1.52-1.el6_0.1.x86_64
Installing fipscheck-lib-1.2.0-7.el6.x86_64
Installing fipscheck-1.2.0-7.el6.x86_64
Installing ustr-1.0.4-9.1.el6.x86_64
Installing libsemanage-2.0.43-4.1.el6.x86_64
Installing gdbm-1.8.0-36.el6.x86_64
Installing libffi-3.0.5-3.2.el6.x86_64
Installing python-libs-2.6.6-29.el6.x86_64
Installing python-2.6.6-29.el6.x86_64
Installing yum-metadata-parser-1.1.2-16.el6.x86_64
Installing python-iniparse-0.3.1-2.1.el6.noarch
Installing pygpgme-0.1-18.20090824bzr68.el6.x86_64
Installing rpm-python-4.8.0-19.el6.x86_64
Installing python-pycurl-7.19.0-8.el6.x86_64
Installing python-urlgrabber-3.9.1-8.el6.noarch
Installing yum-plugin-fastestmirror-1.1.30-10.el6.noarch
Installing yum-3.2.29-22.el6.centos.noarch
Installing boost-python-1.41.0-11.el6_1.2.x86_64
Installing boost-1.41.0-11.el6_1.2.x86_64
Installing dash-0.5.5.1-3.1.el6.x86_64
Installing slang-2.2.1-1.el6.x86_64
Installing newt-0.52.11-3.el6.x86_64
Installing newt-python-0.52.11-3.el6.x86_64
Installing plymouth-core-libs-0.8.3-24.el6.centos.x86_64
Installing kbd-misc-1.15-11.el6.noarch
Installing centos-release-6-2.el6.centos.7.x86_64
Installing iputils-20071127-16.el6.x86_64
Installing util-linux-ng-2.17.2-12.4.el6.x86_64
Installing initscripts-9.03.27-1.el6.centos.x86_64
Installing udev-147-2.40.el6.x86_64
Installing qpid-cpp-client-0.12-6.el6.x86_64
Installing qpid-qmf-0.12-6.el6.x86_64
Installing qpid-cpp-client-ssl-0.12-6.el6.x86_64
Installing matahari-agent-lib-0.4.4-11.el6.x86_64
Installing device-mapper-libs-1.02.66-6.el6.x86_64
Installing device-mapper-1.02.66-6.el6.x86_64
Installing device-mapper-event-libs-1.02.66-6.el6.x86_64
Installing policycoreutils-2.0.83-19.18.el6.x86_64
Installing cyrus-sasl-2.1.23-13.el6.x86_64
Installing qpid-cpp-server-0.12-6.el6.x86_64
Installing qpid-cpp-server-ssl-0.12-6.el6.x86_64
Installing matahari-broker-0.4.4-11.el6.x86_64
Installing postfix-2.6.6-2.2.el6_1.x86_64
Installing selinux-policy-3.7.19-126.el6.noarch
Installing device-mapper-event-1.02.66-6.el6.x86_64
Installing lvm2-libs-2.02.87-6.el6.x86_64
Installing matahari-host-0.4.4-11.el6.x86_64
Installing matahari-service-0.4.4-11.el6.x86_64
Installing matahari-sysconfig-0.4.4-11.el6.x86_64
Installing matahari-network-0.4.4-11.el6.x86_64
Installing kbd-1.15-11.el6.x86_64
Installing rsyslog-4.6.2-12.el6.x86_64
Installing cronie-anacron-1.4.4-7.el6.x86_64
Installing cronie-1.4.4-7.el6.x86_64
Installing crontabs-1.10-33.el6.noarch
Installing openssh-5.3p1-70.el6.x86_64
Installing dhcp-common-4.1.1-25.P1.el6.x86_64
Installing kernel-firmware-2.6.32-220.el6.noarch
Installing libdrm-2.4.25-2.el6.x86_64
Installing plymouth-0.8.3-24.el6.centos.x86_64
Installing dracut-004-256.el6.noarch
Installing dracut-kernel-004-256.el6.noarch
Installing kernel-2.6.32-220.el6.x86_64
Installing dhclient-4.1.1-25.P1.el6.x86_64
Installing openssh-server-5.3p1-70.el6.x86_64
Installing matahari-0.4.4-11.el6.x86_64
Installing lvm2-2.02.87-6.el6.x86_64
Installing selinux-policy-targeted-3.7.19-126.el6.noarch
Installing iwl6000g2b-firmware-17.168.5.2-1.el6.noarch
Installing bfa-firmware-3.0.0.0-1.el6.noarch
Installing iwl5150-firmware-8.24.2.2-1.el6.noarch
Installing iwl100-firmware-39.31.5.1-1.el6.noarch
Installing iwl6050-firmware-41.28.5.1-2.el6.noarch
Installing b43-openfwwf-5.2-4.el6.noarch
Installing iwl6000g2a-firmware-17.168.5.3-1.el6.noarch
Installing aic94xx-firmware-30-2.el6.noarch
Installing iwl6000-firmware-9.221.4.1-1.el6.noarch
Installing iwl1000-firmware-39.31.5.1-1.el6.noarch
Installing authconfig-6.1.12-5.el6.x86_64
Installing grub-0.97-75.el6.x86_64
Installing system-config-firewall-base-1.2.27-5.el6.noarch
Installing efibootmgr-0.5.4-9.el6.x86_64
Installing passwd-0.77-4.el6.x86_64
Installing sudo-1.7.4p5-7.el6.x86_64
Installing audit-2.1.3-3.el6.x86_64
Installing e2fsprogs-1.41.12-11.el6.x86_64
Installing acl-2.2.49-6.el6.x86_64
Installing attr-2.4.44-7.el6.x86_64
Installing ql2400-firmware-5.06.02-1.el6.noarch
Installing iwl5000-firmware-8.83.5.1_1-1.el6_1.1.noarch
Installing ql2100-firmware-1.19.38-3.1.el6.noarch
Installing ivtv-firmware-20080701-20.2.noarch
Installing libertas-usb8388-firmware-5.110.22.p23-3.1.el6.noarch
Installing xorg-x11-drv-ati-firmware-6.14.2-7.el6.noarch
Installing ql2500-firmware-5.06.02-1.el6.noarch
Installing atmel-firmware-1.3-7.el6.noarch
Installing zd1211-firmware-1.4-4.el6.noarch
Installing iwl4965-firmware-228.61.2.24-2.1.el6.noarch
Installing rt61pci-firmware-1.2-7.el6.noarch
Installing iwl3945-firmware-15.32.2.9-4.el6.noarch
Installing ql2200-firmware-2.02.08-3.1.el6.noarch
Installing rt73usb-firmware-1.8-7.el6.noarch
Installing ipw2100-firmware-1.3-11.el6.noarch
Installing ql23xx-firmware-3.03.27-3.1.el6.noarch
Installing ipw2200-firmware-3.1-4.el6.noarch
Installing rootfiles-8.1-6.1.el6.noarch
*** FINISHED INSTALLING PACKAGES ***