0 info it worked if it ends with ok
1 verbose cli [ 'node', '/usr/bin/npm', 'help', 'cloudstack' ]
2 info using npm@1.3.6
3 info using node@v0.10.29
4 error TypeError: Cannot call method 'map' of undefined
4 error     at formatResults (/usr/lib/node_modules/npm/lib/help-search.js:162:21)
4 error     at /usr/lib/node_modules/npm/lib/help-search.js:32:9
4 error     at searchFiles (/usr/lib/node_modules/npm/lib/help-search.js:141:12)
4 error     at /usr/lib/node_modules/npm/lib/help-search.js:29:7
4 error     at /usr/lib/node_modules/npm/lib/help-search.js:46:12
4 error     at asyncMap (/usr/lib/node_modules/slide/lib/async-map.js:27:18)
4 error     at readFiles (/usr/lib/node_modules/npm/lib/help-search.js:40:3)
4 error     at /usr/lib/node_modules/npm/lib/help-search.js:26:5
4 error     at Glob.<anonymous> (/usr/lib/node_modules/glob/glob.js:90:7)
4 error     at Glob.emit (events.js:95:17)
5 error If you need help, you may report this log at:
5 error     <http://github.com/isaacs/npm/issues>
5 error or email it to:
5 error     <npm-@googlegroups.com>
6 error System Linux 2.6.32-220.el6.x86_64
7 error command "node" "/usr/bin/npm" "help" "cloudstack"
8 error cwd /srv/scripts/cloudstack
9 error node -v v0.10.29
10 error npm -v 1.3.6
11 error type non_object_property_call
12 verbose exit [ 1, true ]
