+-----+--------------------------+---------+--------------+--------------------------------------+-----------------------------------+----------------+----------+-----------+--------+
|  id | created                  | state   | instancename | name                                 | displayname                       | account        | haenable | cpunumber | memory |
+-----+--------------------------+---------+--------------+--------------------------------------+-----------------------------------+----------------+----------+-----------+--------+
|  1  | 2014-08-13T15:34:51+0800 | Running | i-21-2294-VM | base-win2008                         | base-win2008                      | test           |  False   |     4     | 7.9GB  |
|  2  | 2014-08-13T15:31:20+0800 | Running | i-21-2293-VM | base-centos4                         | base-centos4                      | test           |  False   |     4     | 7.9GB  |
|  3  | 2014-08-13T15:29:33+0800 | Running | i-21-2292-VM | base-centos3                         | base-centos3                      | test           |  False   |     4     | 7.9GB  |
|  4  | 2014-08-13T15:06:42+0800 | Running | i-21-2291-VM | base-centos2                         | base-centos2                      | test           |  False   |     4     | 7.9GB  |
|  5  | 2014-08-13T14:26:23+0800 | Running | i-21-2290-VM | base-centos1                         | base-centos1                      | test           |  False   |     4     | 7.9GB  |
|  6  | 2014-07-25T17:59:18+0800 | Running | i-21-2289-VM | hadoop3                              | hadoop3                           | test           |  False   |     4     | 7.9GB  |
|  7  | 2013-10-29T17:05:10+0800 | Stopped | i-21-1906-VM | W2K8R2-2                             | W2K8R2-2                          | test           |  False   |     2     | 4.0GB  |
|  8  | 2014-07-25T17:54:43+0800 | Running | i-21-2288-VM | hadoop2                              | hadoop2                           | test           |  False   |     4     | 7.9GB  |
|  9  | 2014-07-25T17:49:26+0800 | Running | i-21-2287-VM | hadoop1                              | hadoop1                           | test           |  False   |     4     | 7.9GB  |
|  10 | 2014-07-15T10:36:07+0800 | Running | i-21-2286-VM | Jianbi-SIS                           | Jianbi-SIS                        | test           |  False   |     4     | 8.0GB  |
|  11 | 2013-10-24T09:36:20+0800 | Running | i-15-1901-VM | SJZX37                               | stop-tmp-SJZX37                   | gdupc          |  False   |     4     | 4.0GB  |
|  12 | 2013-10-23T16:33:29+0800 | Running | i-15-1900-VM | SJZX36                               | SJZX36                            | gdupc          |  False   |     2     | 4.0GB  |
|  13 | 2014-07-08T10:05:43+0800 | Running | i-21-2282-VM | slave2-hadoop                        | slave2-hadoop                     | test           |  False   |     4     | 8.0GB  |
|  14 | 2013-10-23T09:44:12+0800 | Stopped | i-21-1899-VM | W2K8R2-1                             | W2K8R2-1                          | test           |  False   |     2     | 4.0GB  |
|  15 | 2013-10-23T09:15:47+0800 | Stopped | i-21-1898-VM | wxp3-2                               | wxp3-2                            | test           |  False   |     2     | 4.0GB  |
|  16 | 2014-07-07T20:02:06+0800 | Running | i-21-2279-VM | slave2-hadoop                        | slave1-hadoop                     | test           |  False   |     4     | 8.0GB  |
|  17 | 2013-10-22T17:24:46+0800 | Stopped | i-21-1896-VM | wxp3-1                               | wxp3-1                            | test           |  False   |     2     | 4.0GB  |
|  18 | 2013-10-21T16:38:29+0800 | Running | i-22-1895-VM | OSP                                  | OSP                               | caigoupingtai  |   True   |     8     | 16.0GB |
|  19 | 2013-10-21T16:36:58+0800 | Running | i-22-1894-VM | WDP                                  | WDP                               | caigoupingtai  |   True   |     16    | 32.0GB |
|  20 | 2013-10-21T16:21:40+0800 | Running | i-22-1893-VM | EPP                                  | EPP                               | caigoupingtai  |   True   |     16    | 32.0GB |
|  21 | 2013-10-21T15:43:16+0800 | Running | i-22-1892-VM | WFP                                  | WFP                               | caigoupingtai  |   True   |     8     | 16.0GB |
|  22 | 2013-10-21T14:17:01+0800 | Running | i-22-1891-VM | PIP                                  | PIP                               | caigoupingtai  |   True   |     16    | 32.0GB |
|  23 | 2013-10-21T14:14:46+0800 | Running | i-22-1890-VM | SRP                                  | SRP                               | caigoupingtai  |   True   |     32    | 64.0GB |
|  24 | 2013-10-21T13:55:28+0800 | Running | i-22-1888-VM | PRD                                  | PRD                               | caigoupingtai  |   True   |     32    | 64.0GB |
|  25 | 2013-10-15T17:41:30+0800 | Running | i-21-1887-VM | SCADA2                               | SCADA2                            | test           |  False   |     2     | 4.0GB  |
|  26 | 2014-07-07T18:34:28+0800 | Running | i-21-2269-VM | master2-hadoop                       | master2-hadoop                    | test           |  False   |     4     | 8.0GB  |
|  27 | 2013-04-28T10:46:59+0800 | Running | i-17-1503-VM | GDUPC-ftpserver-vip                  | GDUPC-ftpserver-vip               | xenvip         |   True   |     4     | 4.0GB  |
|  28 | 2014-07-07T18:31:41+0800 | Running | i-21-2268-VM | master1-hadoop                       | master1-hadoop                    | test           |  False   |     4     | 8.0GB  |
|  29 | 2013-10-15T15:47:28+0800 | Running | i-7-1881-VM  | RealTimeDataServer                   | RealTimeDataServer                | fengce         |   True   |     2     | 4.0GB  |
|  30 | 2014-07-01T12:11:39+0800 | Stopped | i-13-2263-VM | RSYHEDNA1                            | RSYHEDNA1                         | ranshaoyouhua  |  False   |     2     | 4.0GB  |
|  31 | 2014-06-25T13:54:28+0800 | Running | i-19-2262-VM | DaWuKou-Mis                          | DaWuKou-Mis                       | dianzhan       |   True   |     4     | 7.9GB  |
|  32 | 2014-06-25T00:42:56+0800 | Running | i-21-2261-VM | gdlongyuantest                       | gdlongyuantest                    | test           |  False   |     4     | 8.0GB  |
|  33 | 2014-06-23T15:21:17+0800 | Running | i-7-2260-VM  | jiaonan-localpred                    | jiaonan-localpred                 | fengce         |   True   |     4     | 7.9GB  |
|  34 | 2013-10-15T12:34:54+0800 | Stopped | i-18-1877-VM | mis-hamijijian                       | (no)mis-hamijijian                | isinternal     |  False   |     4     | 8.0GB  |
|  35 | 2014-06-23T15:20:08+0800 | Running | i-7-2259-VM  | jiaonan-data-collect                 | jiaonan-data-collect              | fengce         |   True   |     2     | 4.0GB  |
|  36 | 2014-06-23T15:18:32+0800 | Running | i-7-2258-VM  | jiaonan-file-upload                  | jiaonan-file-upload               | fengce         |   True   |     4     | 7.9GB  |
|  37 | 2013-10-10T15:36:17+0800 | Running | i-18-1870-VM | EPT4WIN                              | EPT4WIN                           | isinternal     |  False   |     8     | 16.0GB |
|  38 | 2013-09-27T20:43:43+0800 | Running | i-15-1867-VM | zsltest                              | rdp-demo                          | gdupc          |  False   |     4     | 4.0GB  |
|  39 | 2013-09-25T14:39:25+0800 | Running | i-14-1866-VM | PIQ                                  | PIQ                               | erp            |  False   |     8     | 16.0GB |
|  40 | 2013-09-25T14:23:14+0800 | Running | i-14-1865-VM | EPT                                  | EPT                               | erp            |  False   |     8     | 16.0GB |
|  41 | 2013-09-24T10:34:38+0800 | Running | i-15-1864-VM | SJZX35                               | SJZX35                            | gdupc          |  False   |     2     | 4.0GB  |
|  42 | 2013-09-24T10:30:29+0800 | Running | i-15-1863-VM | SJZX28                               | SJZX28                            | gdupc          |  False   |     2     | 4.0GB  |
|  43 | 2013-09-18T15:06:01+0800 | Running | i-14-1862-VM | ERP01                                | ERP01                             | erp            |  False   |     4     | 8.0GB  |
|  44 | 2014-06-18T14:28:26+0800 | Stopped | i-19-2244-VM | GDLD-4                               | GDLD-4                            | dianzhan       |   True   |     4     | 7.9GB  |
|  45 | 2013-09-18T14:30:37+0800 | Running | i-18-1861-VM | EPT                                  | EPT                               | isinternal     |  False   |     8     | 16.0GB |
|  46 | 2014-06-18T14:27:42+0800 | Stopped | i-19-2243-VM | GDLD-3                               | GDLD-3                            | dianzhan       |   True   |     4     | 7.9GB  |
|  47 | 2013-09-18T13:44:59+0800 | Running | i-18-1860-VM | QAS                                  | QAS                               | isinternal     |  False   |     8     | 16.0GB |
|  48 | 2014-06-18T14:18:30+0800 | Running | i-19-2242-VM | GDLD-2                               | GDLD-2                            | dianzhan       |   True   |     4     | 7.9GB  |
|  49 | 2014-06-18T12:50:08+0800 | Running | i-19-2241-VM | GDLD-1                               | GDLD-1                            | dianzhan       |   True   |     4     | 7.9GB  |
|  50 | 2014-06-17T10:37:26+0800 | Running | i-14-2240-VM | f58b6664-e683-4bb6-a84c-9113c269bc6e | ERPBWP                            | erp            |  False   |     8     | 16.0GB |
|  51 | 2014-06-09T13:24:35+0800 | Running | i-14-2239-VM | ERPBOD                               | ERPBOD                            | erp            |  False   |     8     | 16.0GB |
|  52 | 2014-06-06T10:51:18+0800 | Running | i-14-2237-VM | ERPBWD                               | ERPBWD                            | erp            |  False   |     8     | 16.0GB |
|  53 | 2013-09-06T15:04:30+0800 | Running | i-15-1854-VM | gdupc-ftp                            | gdupc-ftp                         | gdupc          |  False   |     4     | 4.0GB  |
|  54 | 2013-09-02T10:03:54+0800 | Running | i-18-1853-VM | SAPBW                                | SAPBW                             | isinternal     |  False   |     8     | 16.0GB |
|  55 | 2013-09-02T09:59:25+0800 | Running | i-18-1852-VM | SAPBO                                | SAPBO                             | isinternal     |  False   |     8     | 16.0GB |
|  56 | 2013-08-23T14:34:35+0800 | Running | i-14-1846-VM | SRMQAS                               | SRMQAS                            | erp            |  False   |     8     | 16.0GB |
|  57 | 2013-08-23T13:31:11+0800 | Running | i-14-1845-VM | ERPQAS                               | ERPQAS                            | erp            |  False   |     8     | 16.0GB |
|  58 | 2013-08-21T14:11:01+0800 | Running | i-18-1844-VM | GDHR-EP                              | GDHR-EP                           | isinternal     |  False   |     8     | 16.0GB |
|  59 | 2013-08-13T10:42:29+0800 | Running | i-14-1841-VM | EPC-DEMO                             | EPC-DEMO                          | erp            |  False   |     16    | 32.0GB |
|  60 | 2013-08-13T09:47:12+0800 | Running | i-18-1840-VM | SAPHCMT                              | SAPHCMT                           | isinternal     |  False   |     16    | 32.0GB |
|  61 | 2013-08-08T14:20:32+0800 | Stopped | i-17-1838-VM | DC2                                  | stop-tmp-DC2                      | xenvip         |   True   |     6     | 8.0GB  |
|  62 | 2013-08-06T10:00:13+0800 | Stopped | i-17-1832-VM | AD                                   | stop-tmp-AD                       | xenvip         |   True   |     6     | 8.0GB  |
|  63 | 2013-08-05T13:40:04+0800 | Stopped | i-19-1831-VM | HD-WEB                               | stoptmp-HD-WEB                    | dianzhan       |   True   |     4     | 7.9GB  |
|  64 | 2013-08-02T18:04:11+0800 | Running | i-18-1829-VM | ERP-HCM-DEV                          | ERP-HCM-DEV                       | isinternal     |  False   |     16    | 32.0GB |
|  65 | 2013-08-02T17:48:58+0800 | Running | i-18-1828-VM | filemanage                           | filemanage                        | isinternal     |  False   |     8     | 16.0GB |
|  66 | 2013-07-26T11:00:47+0800 | Running | i-15-1827-VM | data-transmit1                       | data-transmit1                    | gdupc          |  False   |     4     | 8.0GB  |
|  67 | 2013-07-25T17:10:07+0800 | Running | i-15-1825-VM | SJZX34                               | sjzx34                            | gdupc          |  False   |     2     | 4.0GB  |
|  68 | 2013-07-25T17:09:23+0800 | Running | i-15-1824-VM | SJZX33                               | (no)SJZX33                        | gdupc          |  False   |     2     | 4.0GB  |
|  69 | 2013-07-25T16:26:22+0800 | Running | i-15-1823-VM | SJZX32                               | (no)SJZX32                        | gdupc          |  False   |     2     | 4.0GB  |
|  70 | 2013-07-25T16:25:19+0800 | Running | i-15-1822-VM | SJZX31                               | (no)SJZX31                        | gdupc          |  False   |     2     | 4.0GB  |
|  71 | 2013-07-25T16:10:08+0800 | Running | i-15-1821-VM | SJZX30                               | (no)SJZX30                        | gdupc          |  False   |     2     | 4.0GB  |
|  72 | 2013-07-24T14:41:48+0800 | Running | i-16-1819-VM | test01-1month                        | 风电场生产管理系统                | jituanoamis    |  False   |     4     | 4.0GB  |
|  73 | 2013-07-23T17:39:59+0800 | Running | i-19-1817-VM | HD-TREN                              | HD-TREN                           | dianzhan       |   True   |     2     | 4.0GB  |
|  74 | 2013-07-16T12:45:43+0800 | Running | i-14-1816-VM | SAPPIT                               | SAPPIT                            | erp            |  False   |     8     | 16.0GB |
|  75 | 2013-07-16T12:32:37+0800 | Running | i-14-1815-VM | SAPPT                                | SAPPT                             | erp            |  False   |     8     | 16.0GB |
|  76 | 2013-07-16T10:33:10+0800 | Running | i-14-1814-VM | SAPERPT                              | SAPERPT                           | erp            |  False   |     8     | 16.0GB |
|  77 | 2013-07-16T10:11:28+0800 | Running | i-14-1813-VM | SAPSRMT                              | SAPSRMT                           | erp            |  False   |     8     | 16.0GB |
|  78 | 2013-07-15T14:23:41+0800 | Running | i-14-1812-VM | SAPPI                                | SAPPI                             | erp            |  False   |     4     | 8.0GB  |
|  79 | 2013-07-11T10:51:05+0800 | Running | i-14-1809-VM | saped                                | saped                             | erp            |  False   |     8     | 16.0GB |
|  80 | 2013-07-11T09:39:43+0800 | Running | i-14-1808-VM | SAPSD                                | SAPSD                             | erp            |  False   |     8     | 32.0GB |
|  81 | 2013-07-08T16:31:00+0800 | Running | i-10-1807-VM | webportal                            | webportal                         | dangyuanzhijia |  False   |     6     | 8.0GB  |
|  82 | 2014-05-27T15:47:07+0800 | Running | i-7-2185-VM  | juxian-file-upload                   | juxian-file-upload                | fengce         |   True   |     4     | 4.0GB  |
|  83 | 2014-05-27T15:45:48+0800 | Running | i-7-2184-VM  | wulian-file-upload                   | wulian-file-upload                | fengce         |   True   |     4     | 4.0GB  |
|  84 | 2014-05-27T15:44:11+0800 | Running | i-7-2183-VM  | xinqu-file-upload                    | xinqu-file-upload                 | fengce         |   True   |     4     | 4.0GB  |
|  85 | 2014-05-27T15:42:16+0800 | Running | i-7-2182-VM  | juxian-data-collect                  | juxian-data-collect               | fengce         |  False   |     2     | 4.0GB  |
|  86 | 2014-05-27T15:40:48+0800 | Running | i-7-2181-VM  | wulian-data-collect                  | wulian-data-collect               | fengce         |  False   |     2     | 4.0GB  |
|  87 | 2014-05-27T15:38:58+0800 | Running | i-7-2180-VM  | xinqu-data-collect                   | xinqu-data-collect                | fengce         |  False   |     2     | 4.0GB  |
|  88 | 2013-06-21T16:18:00+0800 | Running | i-15-1797-VM | SJZX29                               | SJZX29                            | gdupc          |  False   |     2     | 4.0GB  |
|  89 | 2014-05-27T15:35:16+0800 | Running | i-7-2179-VM  | juxian-localpred                     | juxian-localpred                  | fengce         |   True   |     4     | 7.9GB  |
|  90 | 2014-05-27T15:24:40+0800 | Running | i-7-2178-VM  | xinqu-localpred                      | xinqu-localpred                   | fengce         |  False   |     4     | 8.0GB  |
|  91 | 2013-06-21T16:14:46+0800 | Running | i-15-1795-VM | SJZX27                               | SJZX27                            | gdupc          |  False   |     2     | 4.0GB  |
|  92 | 2014-05-27T15:22:18+0800 | Running | i-7-2177-VM  | wulian-localpred                     | wulian-localpred                  | fengce         |  False   |     4     | 8.0GB  |
|  93 | 2013-06-21T16:13:32+0800 | Running | i-15-1794-VM | SJZX26                               | SJZX26                            | gdupc          |  False   |     2     | 4.0GB  |
|  94 | 2013-06-21T16:03:32+0800 | Running | i-15-1793-VM | SJZX16                               | SJZX16                            | gdupc          |  False   |     4     | 4.0GB  |
|  95 | 2013-06-21T15:31:18+0800 | Running | i-15-1792-VM | SJZX15                               | SJZX15                            | gdupc          |  False   |     4     | 4.0GB  |
|  96 | 2013-06-21T10:51:27+0800 | Running | i-15-1791-VM | SJZX25                               | SJZX25                            | gdupc          |  False   |     2     | 4.0GB  |
|  97 | 2014-05-22T14:11:50+0800 | Running | i-10-2173-VM | M-test                               | tianren-vote                      | dangyuanzhijia |  False   |     4     | 8.0GB  |
|  98 | 2013-06-21T10:50:23+0800 | Running | i-15-1790-VM | SJZX24                               | SJZX24                            | gdupc          |  False   |     2     | 4.0GB  |
|  99 | 2013-06-21T10:49:25+0800 | Running | i-15-1789-VM | SJZX23                               | SJZX23                            | gdupc          |  False   |     4     | 8.0GB  |
| 100 | 2014-05-15T10:42:59+0800 | Running | i-13-2171-VM | RSYHCLOUD5                           | RSYHCLOUD5                        | ranshaoyouhua  |   True   |     4     | 4.0GB  |
| 101 | 2013-06-21T10:48:55+0800 | Running | i-15-1788-VM | SJZX22                               | SJZX22                            | gdupc          |  False   |     2     | 4.0GB  |
| 102 | 2014-05-12T14:55:00+0800 | Running | i-7-2170-VM  | wpfs-web-sdxny                       | wpfs-web-sdxny                    | fengce         |  False   |     4     | 16.0GB |
| 103 | 2013-06-21T10:32:18+0800 | Running | i-15-1787-VM | SJZX21                               | SJZX21                            | gdupc          |  False   |     4     | 4.0GB  |
| 104 | 2013-06-21T09:29:12+0800 | Running | i-15-1786-VM | SJZX20                               | SJZX20                            | gdupc          |  False   |     4     | 4.0GB  |
| 105 | 2013-06-21T09:28:35+0800 | Running | i-15-1785-VM | SJZX19                               | SJZX19                            | gdupc          |  False   |     4     | 4.0GB  |
| 106 | 2014-05-04T10:42:23+0800 | Stopped | i-24-2167-VM | caiwu-app01-win2008                  | caiwu-app01-win2008               | jituancaiwu    |   True   |     8     | 32.0GB |
| 107 | 2013-06-21T09:27:56+0800 | Running | i-15-1784-VM | SJZX18                               | SJZX18                            | gdupc          |  False   |     4     | 4.0GB  |
| 108 | 2014-04-30T11:31:47+0800 | Running | i-7-2166-VM  | beizhen-localpred2                   | jiaoqu-localpred2                 | fengce         |   True   |     2     | 4.0GB  |
| 109 | 2013-06-20T17:33:42+0800 | Running | i-15-1783-VM | SJZX17                               | SJZX17                            | gdupc          |  False   |     4     | 4.0GB  |
| 110 | 2014-04-28T15:42:40+0800 | Stopped | i-24-2164-VM | caiwu-test03                         | caiwu-test03                      | jituancaiwu    |   True   |     8     | 32.0GB |
| 111 | 2013-04-16T14:23:28+0800 | Running | i-15-1397-VM | modbus2                              | modbus2                           | gdupc          |   True   |     4     | 7.9GB  |
| 112 | 2013-06-17T13:49:49+0800 | Stopped | i-2-1780-VM  | digitalpw                            | (no)digitalpw                     | admin          |  False   |     2     | 4.0GB  |
| 113 | 2013-04-16T14:20:02+0800 | Running | i-15-1396-VM | modbus1                              | modbus1                           | gdupc          |  False   |     2     | 8.0GB  |
| 114 | 2013-06-17T10:44:46+0800 | Running | i-15-1779-VM | data-transmit                        | data-transmit                     | gdupc          |  False   |     4     | 4.0GB  |
| 115 | 2014-04-25T09:58:12+0800 | Running | i-19-2161-VM | HD-web                               | HD-web                            | dianzhan       |   True   |     4     | 7.9GB  |
| 116 | 2013-06-14T10:24:16+0800 | Stopped | i-18-1778-VM | mobilOA                              | (tetst)mobilOA                    | isinternal     |  False   |     4     | 4.0GB  |
| 117 | 2014-04-24T13:43:17+0800 | Stopped | i-24-2160-VM | caiwu-test02                         | caiwu-test02                      | jituancaiwu    |  False   |     2     | 4.0GB  |
| 118 | 2013-06-13T16:49:37+0800 | Running | i-16-1777-VM | vm001                                | oarelease-is                      | jituanoamis    |  False   |     4     | 6.0GB  |
| 119 | 2014-04-23T18:29:29+0800 | Running | i-17-2158-VM | gdupc-dangan-orcaledb                | hdtr-dangan-orcaledb              | xenvip         |   True   |     4     | 8.0GB  |
| 120 | 2014-04-23T16:51:32+0800 | Running | i-17-2157-VM | gdupcfile-server                     | hdtr-dangan-fileserver            | xenvip         |   True   |     4     | 8.0GB  |
| 121 | 2014-04-23T14:59:47+0800 | Stopped | i-24-2156-VM | caiwu-test1                          | caiwu-test1                       | jituancaiwu    |   True   |     4     | 12.0GB |
| 122 | 2014-04-11T17:07:14+0800 | Running | i-22-2154-VM | ERPWD2                               | ERPWD2                            | caigoupingtai  |  False   |     8     | 16.0GB |
| 123 | 2014-04-11T16:41:38+0800 | Running | i-22-2153-VM | ERPWD1                               | ERPWD1                            | caigoupingtai  |  False   |     8     | 16.0GB |
| 124 | 2013-06-07T13:04:42+0800 | Running | i-15-1770-VM | data-receive                         | data-receive                      | gdupc          |  False   |     4     | 4.0GB  |
| 125 | 2014-04-09T14:44:26+0800 | Running | i-15-2152-VM | gdzs-winddata                        | gdzs-winddata                     | gdupc          |  False   |     2     | 4.0GB  |
| 126 | 2014-04-08T18:36:30+0800 | Running | i-19-2151-VM | Taian-OA                             | Taian-OA                          | dianzhan       |   True   |     4     | 7.9GB  |
| 127 | 2013-06-07T11:49:06+0800 | Running | i-15-1768-VM | SJZX-14                              | SJZX-14                           | gdupc          |  False   |     4     | 4.0GB  |
| 128 | 2013-06-07T11:48:17+0800 | Running | i-15-1767-VM | SJZX-13                              | SJZX-13                           | gdupc          |  False   |     4     | 4.0GB  |
| 129 | 2013-06-07T11:47:28+0800 | Running | i-15-1766-VM | SJZX-12                              | SJZX-12                           | gdupc          |  False   |     2     | 4.0GB  |
| 130 | 2013-06-07T11:46:17+0800 | Running | i-15-1765-VM | SJZX-11                              | SJZX-11                           | gdupc          |  False   |     4     | 4.0GB  |
| 131 | 2013-06-07T11:45:38+0800 | Running | i-15-1764-VM | SJZX-10                              | SJZX-10                           | gdupc          |  False   |     4     | 4.0GB  |
| 132 | 2013-06-07T11:44:41+0800 | Running | i-15-1763-VM | SJZX-09                              | SJZX-09                           | gdupc          |  False   |     4     | 4.0GB  |
| 133 | 2013-06-07T11:43:41+0800 | Running | i-15-1762-VM | SJZX-08                              | SJZX-08                           | gdupc          |  False   |     4     | 4.0GB  |
| 134 | 2013-06-07T11:42:20+0800 | Running | i-15-1761-VM | SJZX-07                              | SJZX-07                           | gdupc          |  False   |     2     | 4.0GB  |
| 135 | 2013-06-07T11:41:04+0800 | Running | i-15-1760-VM | SJZX-06                              | SJZX-06                           | gdupc          |  False   |     2     | 4.0GB  |
| 136 | 2013-06-07T11:40:21+0800 | Running | i-15-1759-VM | SJZX-05                              | SJZX-05                           | gdupc          |  False   |     4     | 4.0GB  |
| 137 | 2013-06-07T11:38:29+0800 | Running | i-15-1758-VM | SJZX-04                              | SJZX-04                           | gdupc          |  False   |     4     | 8.0GB  |
| 138 | 2013-06-07T10:03:46+0800 | Running | i-15-1757-VM | SJZX03                               | SJZX03                            | gdupc          |  False   |     4     | 8.0GB  |
| 139 | 2013-06-06T16:10:11+0800 | Running | i-15-1752-VM | SJZX02                               | SJZX02                            | gdupc          |  False   |     4     | 8.0GB  |
| 140 | 2013-06-06T15:43:19+0800 | Running | i-15-1751-VM | SJZX01                               | SJZX01                            | gdupc          |  False   |     2     | 4.0GB  |
| 141 | 2013-06-05T10:15:21+0800 | Running | i-10-1748-VM | tianren-web-db-is                    | tianren-web-db-is                 | dangyuanzhijia |  False   |     4     | 6.0GB  |
| 142 | 2013-06-05T10:14:18+0800 | Running | i-10-1747-VM | tianren-web-is                       | tianren-web-is                    | dangyuanzhijia |  False   |     4     | 6.0GB  |
| 143 | 2013-05-31T16:40:56+0800 | Stopped | i-18-1737-VM | depmanage                            | stoptmp-depmanage                 | isinternal     |  False   |     4     | 4.0GB  |
| 144 | 2013-04-03T13:40:56+0800 | Stopped | i-7-1352-VM  | TAIQI-DATA-COLLECT                   | (stop-tmp)TAIQI-DATA-COLLECT      | fengce         |  False   |     2     | 2.0GB  |
| 145 | 2013-04-03T13:40:01+0800 | Stopped | i-7-1351-VM  | TAIQI-WEB-SERVER                     | (stoped-tmp)TAIQI-WEB-SERVER      | fengce         |  False   |     2     | 2.0GB  |
| 146 | 2013-04-03T13:38:54+0800 | Stopped | i-7-1350-VM  | TAIQI-FILE-UPLOAD                    | (stoped-tmp)TAIQI-FILE-UPLOAD     | fengce         |   True   |     2     | 3.0GB  |
| 147 | 2013-04-03T13:37:44+0800 | Stopped | i-7-1349-VM  | TAIQI-LOCALPRED                      | (stoped-tmp)TAIQI-LOCALPRED       | fengce         |   True   |     2     | 4.0GB  |
| 148 | 2013-05-27T12:59:40+0800 | Running | i-10-1722-VM | videoserver-is1                      | tianren-forum                     | dangyuanzhijia |  False   |     8     | 8.0GB  |
| 149 | 2013-05-24T14:17:11+0800 | Running | i-7-1720-VM  | WPFVeStore2                          | WPFVeStore2                       | fengce         |  False   |     2     | 3.0GB  |
| 150 | 2013-05-21T09:34:16+0800 | Running | i-17-1715-VM | email                                | email                             | xenvip         |  False   |     4     | 4.0GB  |
| 151 | 2013-05-17T10:25:46+0800 | Stopped | i-16-1709-VM | jituanmis-is3                        | (no)jituanmis-is3                 | jituanoamis    |  False   |     2     | 4.0GB  |
| 152 | 2013-03-20T17:47:59+0800 | Running | i-15-1315-VM | GDUPC-DBTEST                         | GDUPC-DBTEST                      | gdupc          |  False   |     4     | 3.9GB  |
| 153 | 2013-03-14T15:37:54+0800 | Running | i-7-1311-VM  | DIAOBINSHAN-LOCALPRED2               | DIAOBINGSHAN-LOCALPRED2           | fengce         |   True   |     2     | 4.0GB  |
| 154 | 2013-03-12T17:20:46+0800 | Running | i-7-1310-VM  | JIAOQU-LOCALPRED                     | stop-tmp-JIAOQU-LOCALPRED         | fengce         |   True   |     2     | 4.0GB  |
| 155 | 2013-03-07T17:00:01+0800 | Stopped | i-7-1309-VM  | QINGLONG-DATA-COLLECT                | (stoped-tmp)QINGLONG-DATA-COLLECT | fengce         |  False   |     2     | 2.0GB  |
| 156 | 2013-03-07T16:59:24+0800 | Stopped | i-7-1308-VM  | QINGLONG-WEB-SERVER                  | (stop-tmp)QINGLONG-WEB-SERVER     | fengce         |  False   |     2     | 2.0GB  |
| 157 | 2013-03-07T16:58:57+0800 | Stopped | i-7-1307-VM  | QINGLONG-FILE-UPLOAD                 | (stop-tmp)QINGLONG-FILE-UPLOAD    | fengce         |   True   |     2     | 3.0GB  |
| 158 | 2013-03-07T16:58:13+0800 | Running | i-7-1306-VM  | WULIJI-LOCALPRED                     | WULIJI-LOCALPRED                  | fengce         |   True   |     2     | 4.0GB  |
| 159 | 2013-03-07T16:56:52+0800 | Running | i-7-1305-VM  | QINGLONG-LOCALPRED                   | QINGLONG-LOCALPRED                | fengce         |   True   |     2     | 4.0GB  |
| 160 | 2013-03-07T16:56:07+0800 | Stopped | i-7-1304-VM  | WULIJI-DATA-COLLECT                  | (stoped-tmp)WULIJI-DATA-COLLECT   | fengce         |  False   |     2     | 2.0GB  |
| 161 | 2013-03-07T16:55:34+0800 | Stopped | i-7-1303-VM  | WULIJI-WEB-SERVER                    | (stoped-tmp)WULIJI-WEB-SERVER     | fengce         |  False   |     2     | 2.0GB  |
| 162 | 2013-03-07T16:54:44+0800 | Stopped | i-7-1302-VM  | WULIJI-FILE-UPLOAD                   | (stoped-tmp)WULIJI-FILE-UPLOAD    | fengce         |   True   |     2     | 3.0GB  |
| 163 | 2013-03-07T16:53:31+0800 | Running | i-7-1300-VM  | JIAOQU-DATA-COLLECT                  | wpfs-vestore                      | fengce         |  False   |     2     | 2.0GB  |
| 164 | 2013-03-07T16:52:46+0800 | Stopped | i-7-1299-VM  | JIAOQU-WEB-SERVER                    | (stop-tmp)JIAOQU-WEB-SERVER       | fengce         |  False   |     2     | 2.0GB  |
| 165 | 2013-03-07T16:48:25+0800 | Stopped | i-7-1298-VM  | JIAOQU-FILE-UPLOAD                   | (stop-tmp)JIAOQU-FILE-UPLOAD      | fengce         |   True   |     2     | 3.0GB  |
| 166 | 2013-03-07T16:46:58+0800 | Stopped | i-7-1296-VM  | BAOSHAN-DATA-COLLECT                 | (stop-tmp)BAOSHAN-DATA-COLLECT    | fengce         |  False   |     2     | 2.0GB  |
| 167 | 2013-03-07T16:46:14+0800 | Stopped | i-7-1295-VM  | BAOSHAN-WEB-SERVER                   | (stop-tmp)BAOSHAN-WEB-SERVER      | fengce         |  False   |     2     | 2.0GB  |
| 168 | 2013-03-07T16:45:39+0800 | Stopped | i-7-1294-VM  | BAOSHAN-FILE-UPLOAD                  | (stop-tmp)BAOSHAN-FILE-UPLOAD     | fengce         |   True   |     2     | 3.0GB  |
| 169 | 2013-03-07T16:44:47+0800 | Running | i-7-1293-VM  | BAOSHAN-LOCALPRED                    | BAOSHAN-LOCALPRED                 | fengce         |   True   |     2     | 4.0GB  |
| 170 | 2013-03-07T16:43:55+0800 | Running | i-7-1292-VM  | CHONGLI-DATA-COLLECT                 | CHONGLI-DATA-COLLECT              | fengce         |  False   |     2     | 2.0GB  |
| 171 | 2013-03-07T16:43:09+0800 | Running | i-7-1291-VM  | CHONGLI-WEB-SERVER                   | CHONGLI-WEB-SERVER                | fengce         |  False   |     2     | 2.0GB  |
| 172 | 2013-03-07T16:41:51+0800 | Running | i-7-1290-VM  | CHONGLI-FILE-UPLOAD                  | CHONGLI-FILE-UPLOAD               | fengce         |   True   |     2     | 3.0GB  |
| 173 | 2013-03-07T16:37:36+0800 | Running | i-7-1289-VM  | DIAOBINGSHAN-FILE-UPLOAD             | DIAOBINGSHAN-FILE-UPLOAD          | fengce         |   True   |     2     | 3.0GB  |
| 174 | 2013-03-07T15:29:51+0800 | Running | i-7-1287-VM  | DIAOBINGSHAN-LOCALPRED               | CHONGLI-LOCALPRED                 | fengce         |   True   |     2     | 8.0GB  |
| 175 | 2012-11-01T23:03:54+0800 | Running | i-6-137-VM   | weiwang-HMI                          | weiwang-HMI                       | weiwang        |  False   |     4     | 3.0GB  |
| 176 | 2012-11-01T22:06:07+0800 | Stopped | i-6-136-VM   | weiwang-VeStoreDB                    | weiwang-VeStoreDB                 | weiwang        |  False   |     2     | 3.0GB  |
| 177 | 2012-11-01T22:02:38+0800 | Stopped | i-6-135-VM   | weiwang-Alarm                        | weiwang-Alarm                     | weiwang        |  False   |     2     | 3.0GB  |
| 178 | 2012-11-01T19:40:06+0800 | Stopped | i-6-134-VM   | weiwang-HistoryDB                    | weiwang-HistoryDB                 | weiwang        |   True   |     2     | 3.0GB  |
| 179 | 2013-03-07T10:13:30+0800 | Running | i-7-1283-VM  | DIAOBINGSHAN-DATA-COLLECT            | DIAOBINGSHAN-DATA-COLLECT         | fengce         |  False   |     2     | 2.0GB  |
| 180 | 2012-11-01T19:25:52+0800 | Stopped | i-6-133-VM   | weiwang-Config                       | weiwang-Config                    | weiwang        |  False   |     2     | 3.0GB  |
| 181 | 2013-03-07T09:59:38+0800 | Running | i-7-1282-VM  | DIAOBINGSHAN-WEB-SERVER              | DIAOBINGSHAN-WEB-SERVER           | fengce         |  False   |     2     | 2.0GB  |
| 182 | 2013-03-07T09:56:40+0800 | Running | i-7-1281-VM  | DIAOBINGSHAN-VESTORE-DB              | DIAOBINGSHAN-VESTORE-DB           | fengce         |   True   |     4     | 3.0GB  |
| 183 | 2012-10-31T23:01:49+0800 | Stopped | i-6-131-VM   | weiwang-RealDB                       | weiwang-IOServer                  | weiwang        |   True   |     2     | 3.0GB  |
| 184 | 2012-10-31T22:57:48+0800 | Stopped | i-6-129-VM   | weiwang-io-4                         | weiwang-Picture                   | weiwang        |   True   |     2     | 3.0GB  |
| 185 | 2012-10-31T22:50:02+0800 | Stopped | i-6-128-VM   | weiwang-io-1                         | weiwang-RealDB                    | weiwang        |   True   |     2     | 3.0GB  |
| 186 | 2013-02-22T11:00:06+0800 | Running | i-13-1270-VM | ranshaoyouhua                        | ranshaoyouhua                     | ranshaoyouhua  |  False   |     2     | 4.0GB  |
| 187 | 2012-10-31T18:10:30+0800 | Running | i-7-116-VM   | wpfs-web-dev2                        | wpfs-web-dev2                     | fengce         |  False   |     4     | 16.0GB |
| 188 | 2012-12-24T17:37:35+0800 | Running | i-7-1262-VM  | WPFRTInterfaceTest                   | WPFRTInterfaceTest                | fengce         |   True   |     2     | 4.0GB  |
| 189 | 2012-12-24T16:50:22+0800 | Running | i-7-1261-VM  | WPFRTInterface                       | WPFRTInterface                    | fengce         |  False   |     2     | 3.0GB  |
| 190 | 2014-03-25T14:28:37+0800 | Stopped | i-21-2015-VM | test01                               | test01                            | test           |  False   |     2     | 4.0GB  |
| 191 | 2014-03-25T14:19:59+0800 | Running | i-15-2013-VM | SJZX42                               | SJZX42                            | gdupc          |  False   |     4     | 4.0GB  |
| 192 | 2014-03-25T14:18:33+0800 | Running | i-15-2012-VM | SJZX41                               | SJZX41                            | gdupc          |  False   |     2     | 4.0GB  |
| 193 | 2014-03-21T14:41:12+0800 | Running | i-15-2011-VM | SJZX40                               | SJZX40                            | gdupc          |  False   |     4     | 8.0GB  |
| 194 | 2014-03-18T15:11:40+0800 | Running | i-21-2010-VM | qiaoshanhetest1                      | qiaoshanhetest1                   | test           |  False   |     4     | 8.0GB  |
| 195 | 2014-03-13T14:31:27+0800 | Running | i-7-2009-VM  | zijinshan-file-upload                | zijinshan-file-upload             | fengce         |   True   |     4     | 4.0GB  |
| 196 | 2014-03-13T14:30:24+0800 | Running | i-7-2008-VM  | jingle-file-upload                   | jingle-file-upload                | fengce         |   True   |     4     | 4.0GB  |
| 197 | 2014-03-13T14:28:28+0800 | Running | i-7-2007-VM  | beizhen-file-upload                  | beizhen-file-upload               | fengce         |   True   |     4     | 4.0GB  |
| 198 | 2014-03-13T14:19:01+0800 | Running | i-7-2006-VM  | zijinshan-data-collect               | zijinshan-data-collect            | fengce         |  False   |     2     | 4.0GB  |
| 199 | 2014-03-13T14:17:18+0800 | Running | i-7-2005-VM  | jingle-data-collect                  | jingle-data-collect               | fengce         |  False   |     2     | 4.0GB  |
| 200 | 2014-03-13T14:15:12+0800 | Running | i-7-2004-VM  | beizhen-data-collect                 | beizhen-data-collect              | fengce         |  False   |     2     | 4.0GB  |
| 201 | 2014-03-13T11:21:09+0800 | Running | i-18-2003-VM | ERPR3LOAD2                           | ERPR3LOAD2                        | isinternal     |   True   |     6     | 8.0GB  |
| 202 | 2014-03-11T19:42:20+0800 | Running | i-24-2002-VM | caiwuApp-3                           | caiwuApp-3                        | jituancaiwu    |   True   |     8     | 32.0GB |
| 203 | 2014-03-11T19:32:06+0800 | Running | i-24-2001-VM | caiwuapp-2                           | caiwuapp-2                        | jituancaiwu    |   True   |     8     | 32.0GB |
| 204 | 2014-03-11T13:07:10+0800 | Running | i-24-2000-VM | caiwuapp-1                           | caiwuapp-1                        | jituancaiwu    |   True   |     8     | 32.0GB |
| 205 | 2014-03-06T14:04:32+0800 | Running | i-7-1999-VM  | jiaonanziluo-localpred               | zijinshan-localpred               | fengce         |  False   |     4     | 8.0GB  |
| 206 | 2014-03-06T13:47:20+0800 | Running | i-7-1998-VM  | jingle-localpred                     | jingle-localpred                  | fengce         |  False   |     4     | 8.0GB  |
| 207 | 2014-03-05T10:37:19+0800 | Running | i-15-1996-VM | modbus03                             | modbus03                          | gdupc          |  False   |     4     | 4.0GB  |
| 208 | 2014-02-14T10:59:46+0800 | Running | i-25-1988-VM | jtcaiwudbbackup                      | jtcaiwudbbackup                   | jtcaiwuback    |  False   |     4     | 7.9GB  |
| 209 | 2014-02-13T10:28:38+0800 | Running | i-21-1987-VM | SCADA1                               | SCADA1                            | test           |  False   |     2     | 4.0GB  |
| 210 | 2014-01-09T08:24:06+0800 | Running | i-19-1982-VM | Taian-p6                             | Taian-p6                          | dianzhan       |   True   |     4     | 7.9GB  |
| 211 | 2014-01-09T08:18:04+0800 | Running | i-19-1981-VM | Taian-Mis                            | Taian-Mis                         | dianzhan       |   True   |     4     | 7.9GB  |
| 212 | 2014-01-09T08:07:52+0800 | Running | i-19-1980-VM | Taian-oracle                         | Taian-oracle                      | dianzhan       |   True   |     4     | 7.9GB  |
| 213 | 2013-12-27T09:21:05+0800 | Running | i-17-1976-VM | nano-techweb                         | nano-techweb                      | xenvip         |   True   |     4     | 4.0GB  |
| 214 | 2013-12-23T09:37:49+0800 | Stopped | i-19-1973-VM | rtsystem-win7                        | rtsystem-win7-stopped             | dianzhan       |   True   |     4     | 4.0GB  |
| 215 | 2013-12-17T11:12:30+0800 | Running | i-15-1967-VM | SJZX39                               | SJZX39                            | gdupc          |  False   |     2     | 4.0GB  |
| 216 | 2013-12-13T14:23:47+0800 | Running | i-7-1964-VM  | beizhen-localpred                    | beizhen-localpred                 | fengce         |   True   |     2     | 4.0GB  |
| 217 | 2013-12-09T10:36:06+0800 | Running | i-7-1958-VM  | webfigures2                          | webfigures2                       | fengce         |  False   |     8     | 10.0GB |
| 218 | 2013-12-09T10:27:01+0800 | Running | i-7-1957-VM  | webfigures1                          | webfigures1                       | fengce         |  False   |     8     | 10.0GB |
| 219 | 2013-12-03T16:44:18+0800 | Running | i-9-1955-VM  | khSVN-xs                             | khSVN-xs                          | jituanmenhu    |  False   |     2     | 4.0GB  |
| 220 | 2013-12-03T15:48:32+0800 | Stopped | i-9-1954-VM  | appbackup-xs                         | stop-tmp-appbackup-xs             | jituanmenhu    |  False   |     2     | 4.0GB  |
| 221 | 2013-12-03T15:37:49+0800 | Running | i-9-1953-VM  | ReportRelease-xs                     | ReportRelease-xs                  | jituanmenhu    |   True   |     4     | 12.0GB |
| 222 | 2013-11-26T15:08:08+0800 | Running | i-10-1952-VM | TRneiwang-web                        | TRneiwang-web                     | dangyuanzhijia |  False   |     4     | 8.0GB  |
| 223 | 2013-11-26T11:01:34+0800 | Running | i-12-1950-VM | mgmt-swdev                           | mgmt-swdev                        | ruanjianyanfa  |  False   |     4     | 6.0GB  |
| 224 | 2013-11-25T16:01:25+0800 | Running | i-22-1949-VM | KHDOC2                               | KHDOC2                            | caigoupingtai  |   True   |     8     | 16.0GB |
| 225 | 2013-11-25T16:00:50+0800 | Running | i-22-1948-VM | KHDOC1                               | KHDOC1                            | caigoupingtai  |   True   |     8     | 16.0GB |
| 226 | 2013-11-25T14:59:53+0800 | Running | i-22-1947-VM | GDSXMIS                              | GDSXMIS                           | caigoupingtai  |   True   |     8     | 16.0GB |
| 227 | 2013-11-22T16:17:34+0800 | Running | i-9-1945-VM  | ldap-server-xs                       | ldap-server-xs                    | jituanmenhu    |   True   |     4     | 12.0GB |
| 228 | 2013-11-22T14:32:03+0800 | Running | i-9-1944-VM  | portal-server-xs                     | portal-server-xs                  | jituanmenhu    |   True   |     8     | 32.0GB |
| 229 | 2013-11-19T12:01:21+0800 | Running | i-13-1939-VM | RSYHCLOUD4                           | RSYHCLOUD4                        | ranshaoyouhua  |  False   |     2     | 4.0GB  |
| 230 | 2013-11-19T12:00:14+0800 | Running | i-13-1938-VM | RSYHCLOUD3                           | RSYHCLOUD3                        | ranshaoyouhua  |  False   |     2     | 4.0GB  |
| 231 | 2013-11-19T11:59:05+0800 | Running | i-13-1937-VM | RSYHCLOUD2                           | RSYHCLOUD2                        | ranshaoyouhua  |  False   |     2     | 4.0GB  |
| 232 | 2013-11-14T16:36:10+0800 | Running | i-23-1936-VM | HRCSQ                                | HRCSQ                             | prodgdhr       |  False   |     4     | 8.0GB  |
| 233 | 2013-11-14T16:35:46+0800 | Running | i-23-1935-VM | HRCSD                                | HRCSD                             | prodgdhr       |  False   |     4     | 8.0GB  |
| 234 | 2013-11-14T16:35:18+0800 | Running | i-23-1934-VM | HRDOCQ                               | HRDOCQ                            | prodgdhr       |  False   |     4     | 8.0GB  |
| 235 | 2013-11-14T16:33:44+0800 | Running | i-23-1931-VM | HRTRD                                | HRTRD                             | prodgdhr       |  False   |     4     | 8.0GB  |
| 236 | 2013-11-14T15:34:38+0800 | Running | i-23-1930-VM | HRBOQ                                | HRBOQ                             | prodgdhr       |   True   |     8     | 16.0GB |
| 237 | 2013-11-13T16:56:21+0800 | Running | i-23-1929-VM | HRCSP                                | HRCSP                             | prodgdhr       |   True   |     8     | 16.0GB |
| 238 | 2013-11-13T16:55:37+0800 | Running | i-23-1928-VM | HRTRP                                | HRTRP                             | prodgdhr       |   True   |     8     | 16.0GB |
| 239 | 2013-11-13T16:51:06+0800 | Running | i-23-1927-VM | HRDOCP                               | HRDOCP                            | prodgdhr       |   True   |     8     | 16.0GB |
| 240 | 2013-11-13T16:37:14+0800 | Running | i-23-1926-VM | HRAFP                                | HRAFP                             | prodgdhr       |   True   |     16    | 32.0GB |
| 241 | 2013-11-13T16:22:34+0800 | Running | i-23-1925-VM | HRBOP                                | HRBOP                             | prodgdhr       |   True   |     32    | 64.0GB |
| 242 | 2013-11-13T16:13:53+0800 | Running | i-23-1924-VM | HREPP                                | HREPP                             | prodgdhr       |   True   |     32    | 64.0GB |
| 243 | 2013-11-13T16:11:30+0800 | Running | i-23-1923-VM | HRBWP                                | HRBWP                             | prodgdhr       |   True   |     32    | 64.0GB |
| 244 | 2013-11-13T16:01:51+0800 | Running | i-23-1921-VM | HRPRD                                | HRPRD                             | prodgdhr       |   True   |     32    | 64.0GB |
| 245 | 2013-11-11T14:11:02+0800 | Running | i-15-1918-VM | SJZX38                               | (no)SJZX38                        | gdupc          |  False   |     4     | 8.0GB  |
| 246 | 2013-11-08T15:51:30+0800 | Stopped | i-21-1917-VM | SVMS                                 | SVMS                              | test           |  False   |     2     | 4.0GB  |
+-----+--------------------------+---------+--------------+--------------------------------------+-----------------------------------+----------------+----------+-----------+--------+
