Options:
TopN option = n
TopN = 5
Max depth = 5
Show files = off
Indent size = 4
Follow links = off
Units = k
261266024.7 100% /
+---202433923.8  77% mnt
|   +---93667139.4   46% sdb2
|   |   +---61683003.0   66% backup
|   |   |   +---58719102.1   95% log
|   |   |   |   +---31909631.4   54% mkeventd
|   |   |   +---2771258.3     4% sql
|   |   |   +---192642.6      0% network
|   |   |   |   +---192642.6    100% cfgadmin
|   |   +---29722484.7   32% windows
|   |   |   +---22509903.1   76% x86_64
|   |   |   +---4277287.5    14% i386
|   +---78129151.2   39% isos
|   |   +---44463358.1   57% linux
|   |   |   +---43672746.0   98% x86_64
|   |   |   +---721131.5      2% i386
|   |   |   +---69476.5       0% ubuntu
|   |   |   |   +---69472.4     100% lucid
|   |   +---29159242.2   37% tools
|   |   |   +---9072803.8    31% security
|   |   |   +---7008487.4    24% citrix
|   |   |   +---4624599.4    16% system_rescue
|   |   |   +---1846327.3     6% backup
|   |   |   +---1785491.5     6% livecd
|   |   +---3287879.7     4% hypervisor
|   |   +---748888.6      1% updates
|   |   |   +---748884.5    100% xs_patcher
|   |   |   |   +---654963.5     87% cache
|   |   |   |   +---93898.4      13% new_patch
|   |   |   |   +---15.7          0% patches
|   |   +---16.4          0% lost+found
|   +---23451136.3   12% os
|   |   +---4615361.0    20% ubuntu1004-64-dvd
|   |   |   +---3212470.2    70% pool
|   |   |   |   +---3107401.6    97% main
|   |   |   |   +---105066.5      3% restricted
|   |   |   +---1342021.4    29% casper
|   |   |   +---53308.4       1% install
|   |   |   |   +---26630.0      50% oneiric
|   |   |   |   +---14027.8      26% netboot
|   |   |   +---2178.7        0% dists
|   |   |   |   +---2172.6      100% lucid
|   |   |   +---808.6         0% isolinux
|   |   +---4422245.1    19% centos62-64
|   |   |   +---4155459.7    94% Packages
|   |   |   +---205437.8      5% images
|   |   |   |   +---34695.1      17% pxeboot
|   |   |   +---35196.8       1% isolinux
|   |   |   +---25861.1       1% repodata
|   |   |   +---255.3         0% EFI
|   |   |   |   +---253.1        99% BOOT
|   |   +---4352544.5    19% centos64-64
|   |   |   +---4082019.4    94% Packages
|   |   |   +---207132.8      5% images
|   |   |   |   +---36541.7      18% pxeboot
|   |   |   +---37047.2       1% isolinux
|   |   |   +---26052.8       1% repodata
|   |   |   +---258.0         0% EFI
|   |   |   |   +---255.7        99% BOOT
|   |   +---4320167.4    18% centos63-64
|   |   |   +---4049095.3    94% Packages
|   |   |   +---208544.3      5% images
|   |   |   |   +---35585.7      17% pxeboot
|   |   |   +---36094.6       1% isolinux
|   |   |   +---26143.0       1% repodata
|   |   |   +---255.8         0% EFI
|   |   |   |   +---253.6        99% BOOT
|   |   +---3674064.4    16% rhels63-64
|   |   |   +---3386477.7    92% Packages
|   |   |   +---214171.5      6% images
|   |   |   |   +---34432.2      16% pxeboot
|   |   |   +---36026.0       1% isolinux
|   |   |   +---17217.9       0% Server
|   |   |   |   +---17080.5      99% repodata
|   |   |   +---17082.4       0% repodata
|   +---7055583.9     3% tools
|   |   +---1784283.6    25% OSSIM
|   |   |   +---862326.3     48% offscan-10
|   |   |   +---76911.4       4% Nessus
|   |   |   +---3407.4        0% 微软基准安全扫描工具
|   |   |   +---628.8         0% lynis-1.3.0
|   |   |   |   +---472.4        75% include
|   |   |   |   +---19.9          3% dev
|   |   |   |   +---7.6           1% plugins
|   |   |   |   +---6.2           1% db
|   |   +---746663.6     11% windows
|   |   |   +---14749.7       2% virtio-win-0.1-52
|   |   |   +---5071.1        1% iscsi_win
|   |   +---701427.4     10% 模板工具
|   |   |   +---559.1         0% sysprep
|   |   |   +---120.3         0% xentools
|   |   +---662202.0      9% vmware
|   |   +---466538.7      7% sflow
|   |   |   +---36470.1       8% NetFlowAnalyzer_7 服务器
|   |   |   +---8341.8        2% sflow-rt
|   |   |   |   +---4856.4       58% extras
|   |   |   |   +---2827.4       34% lib
|   |   |   |   +---653.7         8% resources
|   +---75967.1       0% tmp
|   |   +---43610.4      57% ldap-server-2-2013112211181385090321
|   |   |   +---27075.1      62% etc
|   |   |   |   +---16543.6      61% selinux
|   |   |   |   +---9604.9       35% rc.d
|   |   |   |   +---456.6         2% openldap
|   |   |   |   +---176.0         1% sysconfig
|   |   |   |   +---44.7          0% lvm
|   |   |   +---14589.7      33% var
|   |   |   |   +---14585.6     100% log
|   |   |   +---516.6         1% proc
|   |   |   |   +---248.7        48% sys
|   |   |   |   +---91.2         18% irq
|   |   |   |   +---62.1         12% net
|   |   |   |   +---35.7          7% bus
|   |   |   |   +---12.9          2% scsi
|   |   |   +---481.7         1% sos_commands
|   |   |   |   +---101.2        21% devicemapper
|   |   |   |   +---56.6         12% process
|   |   |   |   +---47.9         10% general
|   |   |   |   +---47.0         10% kernel
|   |   |   |   +---44.3          9% rpm
|   |   |   +---402.0         1% sys
|   |   |   |   +---365.1        91% module
|   |   |   |   +---16.4          4% devices
|   |   |   |   +---16.4          4% bus
|   |   +---32348.5      43% portal-server3-2013112211171385090248
|   |   |   +---18298.6      57% etc
|   |   |   |   +---16543.6      90% selinux
|   |   |   |   +---956.6         5% rc.d
|   |   |   |   +---312.2         2% openldap
|   |   |   |   +---190.8         1% sysconfig
|   |   |   |   +---44.7          0% lvm
|   |   |   +---11935.1      37% var
|   |   |   |   +---11931.1     100% log
|   |   |   +---605.6         2% proc
|   |   |   |   +---285.8        47% sys
|   |   |   |   +---99.6         16% irq
|   |   |   |   +---84.8         14% net
|   |   |   |   +---36.2          6% bus
|   |   |   |   +---12.9          2% scsi
|   |   |   +---531.2         2% sos_commands
|   |   |   |   +---107.8        20% devicemapper
|   |   |   |   +---81.9         15% process
|   |   |   |   +---52.0         10% general
|   |   |   |   +---51.0         10% kernel
|   |   |   |   +---41.8          8% rpm
|   |   |   +---410.2         1% sys
|   |   |   |   +---373.3        91% module
|   |   |   |   +---16.4          4% devices
|   |   |   |   +---16.4          4% bus
|   |   +---4.1           0% network-scripts
+---23535640.1    9% var
|   +---16587503.5   70% lib
|   |   +---12869124.1   78% mysql
|   |   |   +---12837614.5  100% Syslog
|   |   |   +---1232.6        0% ocsweb
|   |   |   +---865.5         0% mysql
|   |   |   +---34.5          0% pxe
|   |   |   +---12.8          0% todo
|   |   +---1815816.4    11% ganglia
|   |   |   +---1815812.3   100% rrds
|   |   |   |   +---1815804.1   100% __SummaryInfo__
|   |   |   |   +---4.1           0% gdcloud
|   |   +---962359.0      6% openvas
|   |   |   +---729033.8     76% scap-data
|   |   |   |   +---102856.8     14% oval
|   |   |   +---183263.5     19% plugins
|   |   |   |   +---18725.9      10% 2013
|   |   |   |   +---3272.8        2% GSHB
|   |   |   |   +---857.1         0% nmap_net
|   |   |   |   +---798.9         0% nmap_nse
|   |   |   |   +---298.5         0% Policy
|   |   |   +---48673.9       5% mgr
|   |   |   +---20.6          0% users
|   |   |   |   +---8.3          40% zhanghu
|   |   |   |   +---8.2          40% om
|   |   |   +---14.3          0% CA
|   |   +---792772.6      5% ntop
|   |   |   +---785735.2     99% rrd
|   |   |   |   +---785710.6    100% interfaces
|   |   |   |   +---16.4          0% flows
|   |   |   |   +---4.1           0% graphics
|   |   +---85786.6       1% rpm
|   +---4304989.5    18% www
|   |   +---4300656.0   100% html
|   |   |   +---3443223.3    80% os
|   |   |   |   +---2769706.6    80% linux
|   |   |   |   +---673512.6     20% xs602
|   |   |   +---731234.1     17% ub1004-64-alt
|   |   |   |   +---699067.3     96% pool
|   |   |   |   +---26690.7       4% install
|   |   |   |   +---3761.7        1% dists
|   |   |   |   +---795.1         0% isolinux
|   |   |   |   +---718.7         0% doc
|   |   |   +---60938.2       1% exports
|   |   |   |   +---60934.1     100% xstools
|   |   |   +---48634.8       1% sosreport
|   |   |   |   +---16228.2      33% nagios01-2013030422221362406937
|   |   |   |   +---16216.6      33% nagios01-2013030422201362406834
|   |   |   |   +---16185.9      33% nagios01-2013030422111362406315
|   |   |   +---16598.6       0% plugin
|   |   |   |   +---4904.0       30% Windows
|   |   |   |   +---4147.9       25% Solaris
|   |   |   |   +---3939.9       24% MacOSX
|   |   |   |   +---3409.3       21% Linux
|   |   |   |   +---92.7          1% images
|   |   +---2718.2        0% usage
|   |   +---923.1         0% manual
|   |   |   +---919.0       100% mod
|   |   |   |   +---914.9       100% mod_python
|   |   +---278.5         0% webpy-app
|   |   |   +---242.9        87% simple-todo-read-only
|   |   |   |   +---172.3        71% .svn
|   |   |   |   +---37.4         15% static
|   |   |   |   +---12.0          5% templates
|   |   |   |   +---10.3          4% controllers
|   |   |   |   +---6.2           3% config
|   |   |   +---16.4          6% static
|   |   |   |   +---4.1          25% sql
|   |   |   |   +---4.1          25% images
|   |   |   |   +---4.1          25% css
|   |   |   +---4.8           2% templates
|   |   |   +---4.1           1% controllers
|   |   |   +---4.1           1% config
|   |   +---170.0         0% error
|   |   |   +---5.4           3% include
|   +---2020907.1     9% log
|   |   +---975150.0     48% remote
|   |   |   +---283998.6     29% 192.168.11.15
|   |   |   +---272005.0     28% 192.168.11.14
|   |   |   +---235500.4     24% 192.168.11.18
|   |   |   +---68428.4       7% 192.168.11.2
|   |   |   +---48287.0       5% 192.168.9.7
|   |   +---25664.9       1% audit
|   |   +---7581.8        0% salt
|   |   +---7274.1        0% sa
|   |   +---4485.0        0% xenwebmanager
|   +---505550.7      2% cache
|   |   +---421680.8     83% yum
|   |   |   +---421676.7    100% x86_64
|   |   |   |   +---421672.6    100% 6
|   |   +---79771.0      16% openvas
|   |   |   +---9834.7       12% 2013
|   |   |   +---655.6         1% GSHB
|   |   |   |   +---206.3        31% EL11
|   |   |   |   +---176.3        27% EL10
|   |   |   |   +---167.5        26% EL12
|   |   |   +---436.5         1% nmap_net
|   |   |   +---351.1         0% nmap_nse
|   |   |   +---11.1          0% Policy
|   |   +---3216.7        1% man
|   |   |   +---80.7          3% cat1
|   |   |   +---45.1          1% local
|   |   |   |   +---4.1           9% catn
|   |   |   |   +---4.1           9% cat9
|   |   |   |   +---4.1           9% cat8
|   |   |   |   +---4.1           9% cat7
|   |   |   |   +---4.1           9% cat6
|   |   |   +---45.1          1% X11R6
|   |   |   |   +---4.1           9% catn
|   |   |   |   +---4.1           9% cat9
|   |   |   |   +---4.1           9% cat8
|   |   |   |   +---4.1           9% cat7
|   |   |   |   +---4.1           9% cat6
|   |   |   +---33.3          1% cat8
|   |   |   +---17.0          1% cat5
|   |   +---321.8         0% hald
|   |   +---260.1         0% salt
|   |   |   +---243.8        94% master
|   |   |   |   +---151.6        62% jobs
|   |   |   |   +---52.7         22% roots
|   |   |   |   +---27.2         11% minions
|   |   |   |   +---4.1           2% tokens
|   |   |   |   +---4.1           2% proc
|   |   |   +---12.3          5% minion
|   |   |   |   +---4.1          33% proc
|   |   |   |   +---4.1          33% extmods
|   +---71519.6       0% spool
|   |   +---70736.4      99% mail
|   |   +---307.2         0% clientmqueue
|   |   +---266.2         0% mqueue
|   |   +---110.6         0% postfix
|   |   |   +---28.7         26% deferred
|   |   |   |   +---4.1          14% F
|   |   |   |   +---4.1          14% E
|   |   |   |   +---4.1          14% C
|   |   |   |   +---4.1          14% A
|   |   |   |   +---4.1          14% 2
|   |   |   +---28.7         26% defer
|   |   |   |   +---4.1          14% F
|   |   |   |   +---4.1          14% E
|   |   |   |   +---4.1          14% C
|   |   |   |   +---4.1          14% A
|   |   |   |   +---4.1          14% 2
|   |   |   +---4.1           4% pid
|   |   |   +---4.1           4% trace
|   |   |   +---4.1           4% saved
|   |   +---28.4          0% sms
|   |   |   +---7.8          28% incoming
|   |   |   +---4.2          15% outgoing
|   |   |   +---4.1          14% sent
|   |   |   +---4.1          14% failed
|   |   |   +---4.1          14% checked
+---14332858.5    5% opt
|   +---12102407.5   84% omd
|   |   +---11781381.6   97% sites
|   |   |   +---10909052.2   93% site01
|   |   |   |   +---10855682.2  100% var
|   |   |   |   +---45511.8       0% local
|   |   |   |   +---5228.9        0% tmp
|   |   |   |   +---2503.1        0% etc
|   |   |   |   +---54.0          0% updates
|   |   |   +---872325.3      7% test01
|   |   |   |   +---856028.0     98% var
|   |   |   |   +---14656.6       2% local
|   |   |   |   +---1154.7        0% etc
|   |   |   |   +---407.3         0% tmp
|   |   |   |   +---24.9          0% ~
|   |   +---321017.6      3% versions
|   |   |   +---321009.4    100% 1.01.20130624
|   |   |   |   +---182966.6     57% lib
|   |   |   |   +---89845.1      28% share
|   |   |   |   +---44850.7      14% bin
|   |   |   |   +---1621.3        1% sbin
|   |   |   |   +---1460.7        0% skel
|   |   +---4.2           0% apache
|   +---2229268.8    16% splunk
|   |   +---1783844.8    80% var
|   |   |   +---1723080.3    97% lib
|   |   |   |   +---1723076.2   100% splunk
|   |   |   +---57065.5       3% log
|   |   |   |   +---57061.4     100% splunk
|   |   |   +---3682.6        0% run
|   |   |   |   +---3674.4      100% splunk
|   |   |   |   +---4.1           0% searchpeers
|   |   |   +---12.3          0% spool
|   |   |   |   +---4.1          33% splunk
|   |   |   |   +---4.1          33% dirmoncache
|   |   +---321844.1     14% etc
|   |   |   +---318916.6     99% apps
|   |   |   |   +---225479.9     71% pdfserver
|   |   |   |   +---31641.3      10% GeoASN
|   |   |   |   +---27943.1       9% MAXMIND
|   |   |   |   +---18790.7       6% maps
|   |   |   |   +---8314.0        3% sample_app
|   |   |   +---1791.4        1% system
|   |   |   |   +---904.3        50% default
|   |   |   |   +---570.5        32% README
|   |   |   |   +---206.5        12% static
|   |   |   |   +---91.7          5% bin
|   |   |   |   +---5.3           0% local
|   |   |   +---464.6         0% anonymizer
|   |   |   +---445.0         0% users
|   |   |   |   +---300.4        67% admin
|   |   |   |   +---54.0         12% zhanghu
|   |   |   |   +---53.5         12% splunk-system-user
|   |   |   |   +---16.6          4% zhoushuliang
|   |   |   |   +---16.5          4% zhangjiachen
|   |   |   +---75.1          0% modules
|   |   |   |   +---37.8         50% input
|   |   |   |   +---17.9         24% distributedDeployment
|   |   |   |   +---8.5          11% internal
|   |   |   |   +---6.8           9% parsing
|   |   +---59302.9       3% lib
|   |   |   +---42460.0      72% python2.7
|   |   |   |   +---28103.3      66% site-packages
|   |   |   |   +---2162.8        5% lib-dynload
|   |   |   |   +---1405.8        3% encodings
|   |   |   |   +---724.6         2% xml
|   |   |   |   +---510.5         1% distutils
|   |   |   +---1735.2        3% node_modules
|   |   |   |   +---770.0        44% pdfkit
|   |   |   |   +---394.4        23% jsdom
|   |   |   |   +---285.2        16% coffee-script
|   |   |   |   +---127.5         7% contextify
|   |   |   |   +---58.5          3% request
|   |   |   +---425.8         1% with_stats
|   |   |   +---174.2         0% engines
|   |   +---54202.3       2% bin
|   |   |   +---4.4           0% scripts
|   |   +---9552.4        0% share
|   |   |   +---9548.3      100% splunk
|   |   |   |   +---8670.2       91% search_mrsparkle
|   |   |   |   +---395.1         4% migration
|   |   |   |   +---287.6         3% 3rdparty
|   |   |   |   +---147.5         2% app_templates
|   |   |   |   +---27.5          0% authScriptSamples
|   +---1173.2        0% xensource
|   |   +---1169.1      100% bin
+---12029184.2    5% proc
|   +---6149808.5    51% 1192
|   |   +---5882426.6    96% task
|   |   |   +---267386.0      5% 32693
|   |   |   |   +---248323.8     93% fd
|   |   |   |   +---0.0           0% fdinfo
|   |   |   |   +---0.0           0% attr
|   |   |   +---267386.0      5% 32691
|   |   |   |   +---248323.8     93% fd
|   |   |   |   +---0.0           0% fdinfo
|   |   |   |   +---0.0           0% attr
|   |   |   +---267386.0      5% 32690
|   |   |   |   +---248323.8     93% fd
|   |   |   |   +---0.0           0% fdinfo
|   |   |   |   +---0.0           0% attr
|   |   |   +---267386.0      5% 32689
|   |   |   |   +---248323.8     93% fd
|   |   |   |   +---0.0           0% fdinfo
|   |   |   |   +---0.0           0% attr
|   |   |   +---267386.0      5% 32688
|   |   |   |   +---248323.8     93% fd
|   |   |   |   +---0.0           0% fdinfo
|   |   |   |   +---0.0           0% attr
|   |   +---248319.7      4% fd
|   |   +---0.0           0% net
|   |   |   +---0.0           0% stat
|   |   |   +---0.0           0% rpc
|   |   |   |   +---0.0           0% nfsd.fh
|   |   |   |   +---0.0           0% nfsd.export
|   |   |   |   +---0.0           0% nfs4.nametoid
|   |   |   |   +---0.0           0% nfs4.idtoname
|   |   |   |   +---0.0           0% auth.unix.ip
|   |   |   +---0.0           0% netfilter
|   |   +---0.0           0% fdinfo
|   |   +---0.0           0% attr
|   +---2631445.6    22% 8815
|   |   +---1973584.2    75% task
|   |   |   +---657861.4     33% 8817
|   |   |   |   +---657843.7    100% fd
|   |   |   |   +---0.0           0% fdinfo
|   |   |   |   +---0.0           0% attr
|   |   |   +---657861.4     33% 8816
|   |   |   |   +---657843.7    100% fd
|   |   |   |   +---0.0           0% fdinfo
|   |   |   |   +---0.0           0% attr
|   |   |   +---657861.4     33% 8815
|   |   |   |   +---657843.7    100% fd
|   |   |   |   +---0.0           0% fdinfo
|   |   |   |   +---0.0           0% attr
|   |   +---657843.7     25% fd
|   |   +---0.0           0% net
|   |   |   +---0.0           0% stat
|   |   |   +---0.0           0% rpc
|   |   |   |   +---0.0           0% nfsd.fh
|   |   |   |   +---0.0           0% nfsd.export
|   |   |   |   +---0.0           0% nfs4.nametoid
|   |   |   |   +---0.0           0% nfs4.idtoname
|   |   |   |   +---0.0           0% auth.unix.ip
|   |   |   +---0.0           0% netfilter
|   |   +---0.0           0% fdinfo
|   |   +---0.0           0% attr
|   +---1831669.7    15% 17160
|   |   +---1526391.4    83% task
|   |   |   +---305278.3     20% 17164
|   |   |   |   +---304878.1    100% fd
|   |   |   |   +---0.0           0% fdinfo
|   |   |   |   +---0.0           0% attr
|   |   |   +---305278.3     20% 17163
|   |   |   |   +---304878.1    100% fd
|   |   |   |   +---0.0           0% fdinfo
|   |   |   |   +---0.0           0% attr
|   |   |   +---305278.3     20% 17162
|   |   |   |   +---304878.1    100% fd
|   |   |   |   +---0.0           0% fdinfo
|   |   |   |   +---0.0           0% attr
|   |   |   +---305278.3     20% 17161
|   |   |   |   +---304878.1    100% fd
|   |   |   |   +---0.0           0% fdinfo
|   |   |   |   +---0.0           0% attr
|   |   |   +---305278.3     20% 17160
|   |   |   |   +---304878.1    100% fd
|   |   |   |   +---0.0           0% fdinfo
|   |   |   |   +---0.0           0% attr
|   |   +---304878.1     17% fd
|   |   +---0.0           0% net
|   |   |   +---0.0           0% stat
|   |   |   +---0.0           0% rpc
|   |   |   |   +---0.0           0% nfsd.fh
|   |   |   |   +---0.0           0% nfsd.export
|   |   |   |   +---0.0           0% nfs4.nametoid
|   |   |   |   +---0.0           0% nfs4.idtoname
|   |   |   |   +---0.0           0% auth.unix.ip
|   |   |   +---0.0           0% netfilter
|   |   +---0.0           0% fdinfo
|   |   +---0.0           0% attr
|   +---413480.0      3% 27828
|   |   +---375890.9     91% task
|   |   |   +---37589.1      10% 27839
|   |   |   |   +---29489.3      78% fd
|   |   |   |   +---0.0           0% fdinfo
|   |   |   |   +---0.0           0% attr
|   |   |   +---37589.1      10% 27838
|   |   |   |   +---29489.3      78% fd
|   |   |   |   +---0.0           0% fdinfo
|   |   |   |   +---0.0           0% attr
|   |   |   +---37589.1      10% 27837
|   |   |   |   +---29489.3      78% fd
|   |   |   |   +---0.0           0% fdinfo
|   |   |   |   +---0.0           0% attr
|   |   |   +---37589.1      10% 27836
|   |   |   |   +---29489.3      78% fd
|   |   |   |   +---0.0           0% fdinfo
|   |   |   |   +---0.0           0% attr
|   |   |   +---37589.1      10% 27835
|   |   |   |   +---29489.3      78% fd
|   |   |   |   +---0.0           0% fdinfo
|   |   |   |   +---0.0           0% attr
|   |   +---29489.3       7% fd
|   |   +---0.0           0% net
|   |   |   +---0.0           0% stat
|   |   |   +---0.0           0% rpc
|   |   |   |   +---0.0           0% nfsd.fh
|   |   |   |   +---0.0           0% nfsd.export
|   |   |   |   +---0.0           0% nfs4.nametoid
|   |   |   |   +---0.0           0% nfs4.idtoname
|   |   |   |   +---0.0           0% auth.unix.ip
|   |   |   +---0.0           0% netfilter
|   |   +---0.0           0% fdinfo
|   |   +---0.0           0% attr
|   +---155678.9      1% 8859
|   |   +---133439.1     86% task
|   |   |   +---22239.8      17% 8970
|   |   |   |   +---22097.9      99% fd
|   |   |   |   +---0.0           0% fdinfo
|   |   |   |   +---0.0           0% attr
|   |   |   +---22239.8      17% 8969
|   |   |   |   +---22097.9      99% fd
|   |   |   |   +---0.0           0% fdinfo
|   |   |   |   +---0.0           0% attr
|   |   |   +---22239.8      17% 8968
|   |   |   |   +---22097.9      99% fd
|   |   |   |   +---0.0           0% fdinfo
|   |   |   |   +---0.0           0% attr
|   |   |   +---22239.8      17% 8967
|   |   |   |   +---22097.9      99% fd
|   |   |   |   +---0.0           0% fdinfo
|   |   |   |   +---0.0           0% attr
|   |   |   +---22239.8      17% 8966
|   |   |   |   +---22097.9      99% fd
|   |   |   |   +---0.0           0% fdinfo
|   |   |   |   +---0.0           0% attr
|   |   +---22097.9      14% fd
|   |   +---0.0           0% net
|   |   |   +---0.0           0% stat
|   |   |   +---0.0           0% rpc
|   |   |   |   +---0.0           0% nfsd.fh
|   |   |   |   +---0.0           0% nfsd.export
|   |   |   |   +---0.0           0% nfs4.nametoid
|   |   |   |   +---0.0           0% nfs4.idtoname
|   |   |   |   +---0.0           0% auth.unix.ip
|   |   |   +---0.0           0% netfilter
|   |   +---0.0           0% fdinfo
|   |   +---0.0           0% attr
+---5233828.1     2% usr
|   +---2299527.5    44% lib
|   |   +---1784991.2    78% jvm-exports
|   |   |   +---1480647.9    83% java-1.7.0-openjdk-1.7.0.9.x86_64
|   |   |   +---304310.5     17% java-1.5.0-gcj-1.5.0.0
|   |   +---205230.9      9% jvm
|   |   |   +---111764.3     54% java-1.5.0-gcj-1.5.0.0
|   |   |   |   +---111760.2    100% jre
|   |   |   +---93433.8      46% java-1.7.0-openjdk-1.7.0.9.x86_64
|   |   |   |   +---93429.7     100% jre
|   |   +---118944.5      5% python2.6
|   |   |   +---118940.4    100% site-packages
|   |   |   |   +---27443.1      23% django
|   |   |   |   +---10707.9       9% nltk
|   |   |   |   +---10457.6       9% salt
|   |   |   |   +---6969.8        6% libcloud
|   |   |   |   +---5750.9        5% sqlalchemy
|   |   +---105001.6      5% locale
|   |   +---35486.5       2% ruby
|   |   |   +---35482.4     100% gems
|   |   |   |   +---35478.3     100% 1.8
|   +---1080541.4    21% lib64
|   |   +---107108.2     10% python2.6
|   |   |   +---78262.1      73% site-packages
|   |   |   |   +---13409.1      17% numpy
|   |   |   |   +---13230.2      17% twisted
|   |   |   |   +---11155.9      14% matplotlib
|   |   |   |   +---10290.5      13% libsvn
|   |   |   |   +---5509.7        7% _xmlplus
|   |   |   +---3277.6        3% lib-dynload
|   |   |   +---2294.8        2% distutils
|   |   |   |   +---1262.4       55% command
|   |   |   +---2167.3        2% encodings
|   |   |   +---1882.2        2% idlelib
|   |   |   |   +---62.2          3% Icons
|   |   +---73228.8       7% ruby
|   |   |   +---57638.1      79% gems
|   |   |   |   +---57634.0     100% 1.9.1
|   |   |   +---15553.8      21% 1.9.1
|   |   |   |   +---11276.5      72% x86_64-linux
|   |   |   |   +---602.9         4% rdoc
|   |   |   |   +---491.4         3% rubygems
|   |   |   |   +---325.0         2% net
|   |   |   |   +---300.6         2% rexml
|   |   |   +---12.3          0% vendor_ruby
|   |   |   |   +---8.2          67% 1.9.1
|   |   |   +---12.3          0% site_ruby
|   |   |   |   +---8.2          67% 1.9.1
|   |   |   +---8.2           0% 1.8
|   |   |   |   +---4.1          50% x86_64-linux
|   |   +---52698.2       5% perl5
|   |   |   +---23312.9      44% vendor_perl
|   |   |   |   +---18934.2      81% auto
|   |   |   |   +---690.8         3% DBI
|   |   |   |   +---624.8         3% DBD
|   |   |   |   +---479.6         2% Math
|   |   |   |   +---346.5         1% XML
|   |   |   +---18386.8      35% auto
|   |   |   |   +---11487.6      62% Encode
|   |   |   |   +---599.4         3% Net
|   |   |   |   +---536.9         3% Unicode
|   |   |   |   +---528.7         3% Apache2
|   |   |   |   +---402.0         2% Glib
|   |   |   +---3426.3        7% CORE
|   |   |   +---1500.8        3% 5.10.0
|   |   |   |   +---1496.7      100% x86_64-linux-thread-multi
|   |   |   +---1015.4        2% Template
|   |   |   |   +---257.5        25% Manual
|   |   |   |   +---136.8        13% Plugin
|   |   |   |   +---45.4          4% Tutorial
|   |   |   |   +---34.8          3% Stash
|   |   |   |   +---15.9          2% Tools
|   |   +---25183.2       2% dri
|   |   +---21019.0       2% atlas
|   +---1064158.4    20% share
|   |   +---214459.7     20% doc
|   |   |   +---25536.1      12% db4-devel-4.7.25
|   |   |   |   +---9653.6       38% java
|   |   |   |   +---3470.8       14% gsg_txn
|   |   |   |   +---2933.5       11% gsg
|   |   |   |   +---2711.0       11% ref
|   |   |   |   +---1933.1        8% gsg_db_rep
|   |   |   +---20441.3      10% python-lxml-2.2.3
|   |   |   |   +---20370.4     100% doc
|   |   |   +---7682.2        4% bcfg2-doc-1.3.0
|   |   |   |   +---1492.4       19% _images
|   |   |   |   +---1454.7       19% server
|   |   |   |   +---1361.2       18% _modules
|   |   |   |   +---910.3        12% development
|   |   |   |   +---830.1        11% _sources
|   |   |   +---5933.6        3% libxml2-devel-2.7.6
|   |   |   |   +---2461.5       41% html
|   |   |   |   +---178.5         3% tutorial
|   |   |   |   +---171.5         3% examples
|   |   |   +---5489.4        3% proftpd-1.3.4a
|   |   |   |   +---575.6        10% contrib
|   |   |   |   +---549.9        10% rfc
|   |   |   |   +---514.7         9% howto
|   |   |   |   +---144.2         3% modules
|   |   |   |   +---53.2          1% utils
|   |   +---172572.2     16% texmf
|   |   |   +---125484.6     73% fonts
|   |   |   |   +---43798.3      35% type1
|   |   |   |   +---25846.7      21% tfm
|   |   |   |   +---16983.1      14% vf
|   |   |   |   +---15328.1      12% source
|   |   |   |   +---12260.8      10% opentype
|   |   |   +---40327.0      23% tex
|   |   |   |   +---30731.6      76% latex
|   |   |   |   +---6585.4       16% generic
|   |   |   |   +---1103.7        3% fontinst
|   |   |   |   +---965.0         2% plain
|   |   |   |   +---299.7         1% lambda
|   |   |   +---3099.5        2% bibtex
|   |   |   |   +---2387.5       77% bst
|   |   |   |   +---575.5        19% bib
|   |   |   |   +---132.4         4% csf
|   |   |   +---1017.9        1% omega
|   |   |   |   +---522.3        51% otp
|   |   |   |   +---491.5        48% ocp
|   |   |   +---514.3         0% dvips
|   |   |   |   +---65.0         13% geomsty
|   |   |   |   +---61.1         12% pst-vue3d
|   |   |   |   +---47.2          9% pstricks
|   |   |   |   +---40.3          8% pstricks-add
|   |   |   |   +---31.5          6% base
|   |   +---128566.4     12% locale
|   |   |   +---5322.9        4% fr
|   |   |   |   +---4986.0       94% LC_MESSAGES
|   |   |   |   +---332.8         6% LC_TIME
|   |   |   +---4718.5        4% es
|   |   |   |   +---4596.9       97% LC_MESSAGES
|   |   |   |   +---117.4         2% LC_TIME
|   |   |   +---4632.0        4% de
|   |   |   |   +---4341.6       94% LC_MESSAGES
|   |   |   |   +---286.3         6% LC_TIME
|   |   |   +---4550.0        4% ru
|   |   |   |   +---4131.8       91% LC_MESSAGES
|   |   |   |   +---414.0         9% LC_TIME
|   |   |   +---4438.3        3% sv
|   |   |   |   +---4126.1       93% LC_MESSAGES
|   |   |   |   +---308.2         7% LC_TIME
|   |   +---53732.0       5% perl5
|   |   |   +---9121.3       17% Date
|   |   |   |   +---8504.4       93% Manip
|   |   |   |   +---212.3         2% Calendar
|   |   |   |   +---194.9         2% Calc
|   |   |   |   +---33.0          0% Language
|   |   |   +---7898.1       15% DateTime
|   |   |   |   +---5398.9       68% Locale
|   |   |   |   +---2444.4       31% TimeZone
|   |   |   +---7411.0       14% vendor_perl
|   |   |   |   +---1219.6       16% SNMP
|   |   |   |   +---884.9        12% Rex
|   |   |   |   +---834.3        11% IO
|   |   |   |   +---786.9        11% Net
|   |   |   |   +---652.0         9% Class
|   |   |   +---5987.3       11% pod
|   |   |   +---5585.0       10% unicore
|   |   |   |   +---480.3         9% lib
|   |   |   |   +---65.2          1% To
|   |   +---45065.8       4% w3af
|   |   |   +---34425.9      76% plugins
|   |   |   |   +---30927.2      90% discovery
|   |   |   |   +---1308.6        4% attack
|   |   |   |   +---989.0         3% grep
|   |   |   |   +---737.3         2% audit
|   |   |   |   +---202.7         1% output
|   |   |   +---6425.3       14% core
|   |   |   |   +---2317.9       36% ui
|   |   |   |   +---2135.8       33% data
|   |   |   |   +---1966.9       31% controllers
|   |   |   +---4058.3        9% extlib
|   |   |   |   +---2258.3       56% SOAPpy
|   |   |   |   +---560.6        14% yaml
|   |   |   |   +---275.3         7% xdot
|   |   |   |   +---259.1         6% cluster
|   |   |   |   +---209.6         5% pyPdf
|   |   |   +---101.7         0% scripts
|   |   |   +---23.0          0% tools
|   +---320790.9      6% bin
|   +---219973.4      4% libexec
|   |   +---177562.5     81% git-core
|   |   |   +---10.9          0% mergetools
|   |   +---19845.4       9% gcc
|   |   |   +---19841.3     100% x86_64-redhat-linux
|   |   |   |   +---19833.1     100% 4.4.4
|   |   +---7207.8        3% postfix
|   |   +---996.5         0% nxlog
|   |   |   +---992.4       100% modules
|   |   |   |   +---356.0        36% extension
|   |   |   |   +---238.2        24% processor
|   |   |   |   +---201.3        20% input
|   |   |   |   +---192.8        19% output
|   |   +---983.6         0% rancid
