xs52.gdcloud.com:
    - biosreleasedate
    - biosversion
    - cpu_flags
    - cpu_model
    - cpuarch
    - defaultencoding
    - defaultlanguage
    - domain
    - fqdn
    - fqdn_ip4
    - fqdn_ip6
    - gpus
    - host
    - id
    - ip_interfaces
    - ipv4
    - ipv6
    - kernel
    - kernelrelease
    - localhost
    - manufacturer
    - master
    - mem_total
    - nodename
    - num_cpus
    - num_gpus
    - os
    - os_family
    - osarch
    - oscodename
    - osfinger
    - osfullname
    - osmajorrelease
    - osrelease
    - path
    - productname
    - ps
    - pythonpath
    - pythonversion
    - saltpath
    - saltversion
    - saltversioninfo
    - serialnumber
    - server_id
    - shell
    - virtual
    - virtual_subtype
