stor01.gdcloud.com: ['Too many functions declared in state "pkg" in sls pkg', 'Too many functions declared in state "pkg" in sls pkg']
ntp.gdcloud.com: ['Too many functions declared in state "pkg" in sls pkg', 'Too many functions declared in state "pkg" in sls pkg']
squid.gdcloud.com: ['Too many functions declared in state "pkg" in sls pkg', 'Too many functions declared in state "pkg" in sls pkg']
cacti: ['Too many functions declared in state "pkg" in sls pkg', 'Too many functions declared in state "pkg" in sls pkg']
backup01.gdcloud.com: ['Too many functions declared in state "pkg" in sls pkg', 'Too many functions declared in state "pkg" in sls pkg']
xen204.gdcloud.com: ['Too many functions declared in state "pkg" in sls pkg', 'Too many functions declared in state "pkg" in sls pkg']
xenserver-p1: ['Too many functions declared in state "pkg" in sls pkg', 'Too many functions declared in state "pkg" in sls pkg']
syslog: ['Too many functions declared in state "pkg" in sls pkg', 'Too many functions declared in state "pkg" in sls pkg']
localhost.localdomain: ['Too many functions declared in state "pkg" in sls pkg', 'Too many functions declared in state "pkg" in sls pkg']
DB-1.gdcloud.com: ['Too many functions declared in state "pkg" in sls pkg', 'Too many functions declared in state "pkg" in sls pkg']
xen211.gdcloud.com: ['Too many functions declared in state "pkg" in sls pkg', 'Too many functions declared in state "pkg" in sls pkg']
Master-1-1.gdcloud.com: ['Too many functions declared in state "pkg" in sls pkg', 'Too many functions declared in state "pkg" in sls pkg']
xen213.gdcloud.com: ['Too many functions declared in state "pkg" in sls pkg', 'Too many functions declared in state "pkg" in sls pkg']
xen203.gdcloud.com: ['Too many functions declared in state "pkg" in sls pkg', 'Too many functions declared in state "pkg" in sls pkg']
xen212.gdcloud.com: ['Too many functions declared in state "pkg" in sls pkg', 'Too many functions declared in state "pkg" in sls pkg']
xs225.gdcloud.com: ['Too many functions declared in state "pkg" in sls pkg', 'Too many functions declared in state "pkg" in sls pkg']
ftp01.gdcloud.com: ['Too many functions declared in state "pkg" in sls pkg', 'Too many functions declared in state "pkg" in sls pkg']
master-2.gdcloud.com: ['Too many functions declared in state "pkg" in sls pkg', 'Too many functions declared in state "pkg" in sls pkg']
xs227.gdcloud.com: ['Too many functions declared in state "pkg" in sls pkg', 'Too many functions declared in state "pkg" in sls pkg']
xenserver-p2: ['Too many functions declared in state "pkg" in sls pkg', 'Too many functions declared in state "pkg" in sls pkg']
xs233.gdcloud.com: ['Too many functions declared in state "pkg" in sls pkg', 'Too many functions declared in state "pkg" in sls pkg']
xs231.gdcloud.com: ['Too many functions declared in state "pkg" in sls pkg', 'Too many functions declared in state "pkg" in sls pkg']
xs232.gdcloud.com: ['Too many functions declared in state "pkg" in sls pkg', 'Too many functions declared in state "pkg" in sls pkg']
xen51.gdcloud.com: ['Too many functions declared in state "pkg" in sls pkg', 'Too many functions declared in state "pkg" in sls pkg']
xenserver-h3: ['Too many functions declared in state "pkg" in sls pkg', 'Too many functions declared in state "pkg" in sls pkg']
xs224.gdcloud.com: ['Too many functions declared in state "pkg" in sls pkg', 'Too many functions declared in state "pkg" in sls pkg']
xs223.gdcloud.com: ['Too many functions declared in state "pkg" in sls pkg', 'Too many functions declared in state "pkg" in sls pkg']
xs222.gdcloud.coom: ['Too many functions declared in state "pkg" in sls pkg', 'Too many functions declared in state "pkg" in sls pkg']
xs236.gdcloud.com: ['Too many functions declared in state "pkg" in sls pkg', 'Too many functions declared in state "pkg" in sls pkg']
