<?xml version="1.0" ?>
<listvirtualmachinesresponse cloud-stack-version="3.0.4.20120717230217">
	<count>
		1
	</count>
	<virtualmachine>
		<id>
			c6440298-b50d-4d99-ab36-120ceb4f0382
		</id>
		<name>
			digitalpw
		</name>
		<displayname>
			(no)digitalpw
		</displayname>
		<account>
			admin
		</account>
		<domainid>
			9b832394-f254-4f6d-ba67-ed3979ac9fc6
		</domainid>
		<domain>
			ROOT
		</domain>
		<created>
			2013-06-17T13:49:49+0800
		</created>
		<state>
			Stopped
		</state>
		<haenable>
			false
		</haenable>
		<groupid>
			d815269a-2352-440b-a6b3-27312976e0db
		</groupid>
		<group/>
		<zoneid>
			8e19be3a-c953-4dec-aa74-857226de927c
		</zoneid>
		<zonename>
			生产系统资源域
		</zonename>
		<hostid>
			0
		</hostid>
		<templateid>
			7bb9e165-e5eb-4fde-a036-012591c9fb46
		</templateid>
		<templatename>
			win2k3-withsoftware
		</templatename>
		<templatedisplaytext>
			win2k3-withsoftware
		</templatedisplaytext>
		<passwordenabled>
			true
		</passwordenabled>
		<serviceofferingid>
			d4ae76fd-f100-49de-b140-f5e7d3200a67
		</serviceofferingid>
		<serviceofferingname>
			2CPU-4G-gdupc-nfs-slow
		</serviceofferingname>
		<cpunumber>
			2
		</cpunumber>
		<cpuspeed>
			2600
		</cpuspeed>
		<memory>
			4096
		</memory>
		<guestosid>
			061b0588-7e94-46df-9c32-33f11bf35ab9
		</guestosid>
		<rootdeviceid>
			0
		</rootdeviceid>
		<rootdevicetype>
			NetworkFilesystem
		</rootdevicetype>
		<nic>
			<id>
				7b7a3c24-123e-4795-bc65-85bb8262a0ca
			</id>
			<networkid>
				26c1571e-be76-44d4-af8a-efb110429739
			</networkid>
			<netmask>
				255.255.255.0
			</netmask>
			<gateway>
				10.1.1.1
			</gateway>
			<ipaddress>
				10.1.1.169
			</ipaddress>
			<traffictype>
				Guest
			</traffictype>
			<type>
				Isolated
			</type>
			<isdefault>
				true
			</isdefault>
			<macaddress>
				02:00:62:27:00:0b
			</macaddress>
		</nic>
		<hypervisor>
			XenServer
		</hypervisor>
		<publicipid>
			456719f7-1528-4cff-a98b-c91ca65e2b09
		</publicipid>
		<publicip>
			192.168.31.151
		</publicip>
		<instancename>
			i-2-1780-VM
		</instancename>
	</virtualmachine>
</listvirtualmachinesresponse>

