Feb 25 09:24:41 Installed: lrzsz-0.12.20-27.1.el6.x86_64
Feb 25 09:24:42 Installed: lockdev-1.0.1-18.el6.x86_64
Feb 25 09:24:43 Installed: minicom-2.3-6.1.el6.x86_64
Feb 25 09:30:53 Updated: openssh-5.3p1-81.el6.x86_64
Feb 25 09:30:54 Updated: openssh-server-5.3p1-81.el6.x86_64
Feb 25 09:31:25 Installed: libedit-2.11-4.20080712cvs.1.el6.x86_64
Feb 25 09:31:25 Installed: openssh-clients-5.3p1-81.el6.x86_64
Feb 25 09:35:12 Installed: libical-0.43-5.1.el6.x86_64
Feb 25 09:35:13 Installed: libX11-common-1.3-2.el6.noarch
Feb 25 09:35:13 Installed: bluez-libs-4.66-1.el6.x86_64
Feb 25 09:35:13 Installed: libXau-1.0.5-1.el6.x86_64
Feb 25 09:35:14 Installed: libxcb-1.5-1.el6.x86_64
Feb 25 09:35:14 Installed: libX11-1.3-2.el6.x86_64
Feb 25 09:35:14 Installed: libXpm-3.5.8-2.el6.x86_64
Feb 25 09:35:15 Installed: pcsc-lite-libs-1.5.2-7.el6.x86_64
Feb 25 09:35:16 Installed: gnokii-0.6.30-1.el6.x86_64
Feb 25 09:35:36 Installed: smstools-3.1.15-3.el6.x86_64
Feb 25 09:43:32 Installed: freetype-2.3.11-6.el6_2.9.x86_64
Feb 25 09:43:34 Installed: fontconfig-2.8.0-3.el6.x86_64
Feb 25 09:43:35 Installed: libjpeg-6b-46.el6.x86_64
Feb 25 09:43:35 Installed: libXext-1.1-3.el6.x86_64
Feb 25 09:43:36 Installed: 2:libpng-1.2.49-1.el6_2.x86_64
Feb 25 09:43:36 Installed: libXrender-0.9.5-1.el6.x86_64
Feb 25 09:43:37 Installed: php-common-5.3.3-3.el6_2.8.x86_64
Feb 25 09:43:37 Installed: libXfixes-4.0.4-1.el6.x86_64
Feb 25 09:43:38 Updated: mysql-libs-5.1.61-4.el6.x86_64
Feb 25 09:43:38 Installed: libICE-1.0.6-1.el6.x86_64
Feb 25 09:43:39 Installed: apr-1.3.9-3.el6_1.2.x86_64
Feb 25 09:43:39 Installed: apr-util-1.3.9-3.el6_0.1.x86_64
Feb 25 09:43:39 Installed: libSM-1.1.0-7.1.el6.x86_64
Feb 25 09:43:40 Installed: libXt-1.0.7-1.el6.x86_64
Feb 25 09:43:40 Installed: libXmu-1.0.5-1.el6.x86_64
Feb 25 09:43:40 Installed: gd-2.0.35-10.el6.x86_64
Feb 25 09:43:41 Installed: libtiff-3.9.4-5.el6_2.x86_64
Feb 25 09:43:41 Installed: lm_sensors-libs-3.1.1-10.el6.x86_64
Feb 25 09:43:42 Installed: atk-1.28.0-2.el6.x86_64
Feb 25 09:43:42 Installed: libXaw-1.0.6-4.1.el6.x86_64
Feb 25 09:43:43 Installed: apr-util-ldap-1.3.9-3.el6_0.1.x86_64
Feb 25 09:43:43 Installed: httpd-tools-2.2.15-15.el6.centos.1.x86_64
Feb 25 09:43:43 Installed: libXcomposite-0.4.1-2.el6.x86_64
Feb 25 09:43:44 Installed: libXdamage-1.1.2-1.el6.x86_64
Feb 25 09:43:44 Installed: libXcursor-1.1.10-2.el6.x86_64
Feb 25 09:43:44 Installed: php-gd-5.3.3-3.el6_2.8.x86_64
Feb 25 09:43:45 Installed: php-cli-5.3.3-3.el6_2.8.x86_64
Feb 25 09:43:46 Installed: php-mbstring-5.3.3-3.el6_2.8.x86_64
Feb 25 09:43:46 Installed: php-pdo-5.3.3-3.el6_2.8.x86_64
Feb 25 09:43:46 Installed: libXft-2.1.13-4.1.el6.x86_64
Feb 25 09:43:47 Installed: libXrandr-1.3.0-4.el6.x86_64
Feb 25 09:43:47 Installed: libXinerama-1.1-1.el6.x86_64
Feb 25 09:43:47 Installed: libXi-1.3-3.el6.x86_64
Feb 25 09:43:48 Installed: jasper-libs-1.900.1-15.el6_1.1.x86_64
Feb 25 09:43:51 Installed: urw-fonts-2.4-10.el6.noarch
Feb 25 09:43:52 Installed: 1:perl-Pod-Escapes-1.04-127.el6.x86_64
Feb 25 09:43:52 Installed: 1:perl-Module-Pluggable-3.90-127.el6.x86_64
Feb 25 09:43:53 Installed: 4:perl-libs-5.10.1-127.el6.x86_64
Feb 25 09:43:53 Installed: 3:perl-version-0.77-127.el6.x86_64
Feb 25 09:43:53 Installed: 1:perl-Pod-Simple-3.13-127.el6.x86_64
Feb 25 09:43:57 Installed: 4:perl-5.10.1-127.el6.x86_64
Feb 25 09:43:57 Installed: perl-Digest-SHA1-2.12-2.el6.x86_64
Feb 25 09:43:58 Installed: 1:net-snmp-libs-5.5-41.el6.x86_64
Feb 25 09:43:59 Installed: perl-DBI-1.609-4.el6.x86_64
Feb 25 09:43:59 Installed: perl-DBD-MySQL-4.013-3.el6.x86_64
Feb 25 09:44:00 Installed: 1:net-snmp-5.5-41.el6.x86_64
Feb 25 09:44:00 Installed: 1:net-snmp-utils-5.5-41.el6.x86_64
Feb 25 09:44:01 Installed: perl-Digest-HMAC-1.01-22.el6.noarch
Feb 25 09:44:01 Installed: perl-Crypt-DES-2.05-9.el6.x86_64
Feb 25 09:44:02 Installed: perl-Net-SNMP-5.2.0-4.el6.noarch
Feb 25 09:44:02 Installed: mysql-5.1.61-4.el6.x86_64
Feb 25 09:44:05 Installed: mysql-server-5.1.61-4.el6.x86_64
Feb 25 09:44:05 Installed: hicolor-icon-theme-0.11-1.1.el6.noarch
Feb 25 09:44:06 Installed: avahi-libs-0.6.25-11.el6.x86_64
Feb 25 09:44:06 Installed: patch-2.6-6.el6.x86_64
Feb 25 09:44:07 Installed: rsync-3.0.6-9.el6.x86_64
Feb 25 09:44:07 Installed: 2:xinetd-2.3.14-34.el6.x86_64
Feb 25 09:44:07 Installed: libmcrypt-2.5.8-9.el6.x86_64
Feb 25 09:44:08 Installed: libtool-ltdl-2.2.6-15.5.el6.x86_64
Feb 25 09:44:08 Installed: fping-2.4b2-10.el6.x86_64
Feb 25 09:44:09 Installed: dialog-1.1-9.20080819.1.el6.x86_64
Feb 25 09:44:09 Installed: libtasn1-2.3-3.el6_2.1.x86_64
Feb 25 09:44:10 Installed: gnutls-2.8.5-4.el6_2.2.x86_64
Feb 25 09:44:10 Installed: 1:cups-libs-1.4.2-48.el6.x86_64
Feb 25 09:44:10 Installed: pixman-0.18.4-1.el6_0.1.x86_64
Feb 25 09:44:11 Installed: cairo-1.8.8-3.1.el6.x86_64
Feb 25 09:44:11 Installed: libevent-1.4.13-4.el6.x86_64
Feb 25 09:44:11 Installed: mailcap-2.1.31-2.el6.noarch
Feb 25 09:44:13 Installed: httpd-2.2.15-15.el6.centos.1.x86_64
Feb 25 09:44:13 Installed: php-5.3.3-3.el6_2.8.x86_64
Feb 25 09:44:14 Installed: mod_fcgid-2.3.7-1.el6.x86_64
Feb 25 09:44:14 Installed: libthai-0.1.12-3.el6.x86_64
Feb 25 09:44:15 Installed: pango-1.28.1-3.el6_0.5.1.centos.x86_64
Feb 25 09:44:16 Installed: gtk2-2.18.9-10.el6.x86_64
Feb 25 09:44:17 Installed: graphviz-2.26.0-7.el6.x86_64
Feb 25 09:44:17 Installed: graphviz-gd-2.26.0-7.el6.x86_64
Feb 25 09:44:18 Installed: uuid-1.6.1-10.el6.x86_64
Feb 25 09:44:18 Installed: python-ldap-2.3.10-1.el6.x86_64
Feb 25 09:44:35 Installed: omd-0.57.20121217-rh60-30.x86_64
Feb 25 09:46:19 Installed: xz-4.999.9-0.3.beta.20091007git.el6.x86_64
Feb 25 09:46:19 Installed: xz-lzma-compat-4.999.9-0.3.beta.20091007git.el6.x86_64
Feb 25 09:46:19 Installed: man-1.6f-30.el6.x86_64
Feb 25 09:47:30 Updated: file-libs-5.04-13.el6.x86_64
Feb 25 09:47:30 Installed: file-5.04-13.el6.x86_64
Feb 26 14:38:11 Updated: libgcc-4.4.6-4.el6.x86_64
Feb 26 14:38:21 Updated: glibc-common-2.12-1.80.el6.x86_64
Feb 26 14:38:26 Updated: glibc-2.12-1.80.el6.x86_64
Feb 26 14:38:27 Installed: mpfr-2.4.1-6.el6.x86_64
Feb 26 14:38:28 Installed: cpp-4.4.6-4.el6.x86_64
Feb 26 14:38:29 Installed: libgomp-4.4.6-4.el6.x86_64
Feb 26 14:38:29 Installed: ppl-0.10.2-11.el6.x86_64
Feb 26 14:38:30 Installed: cloog-ppl-0.15.7-1.2.el6.x86_64
Feb 26 14:38:31 Installed: kernel-headers-2.6.32-279.el6.x86_64
Feb 26 14:38:32 Installed: glibc-headers-2.12-1.80.el6.x86_64
Feb 26 14:38:32 Installed: glibc-devel-2.12-1.80.el6.x86_64
Feb 26 14:38:34 Installed: gcc-4.4.6-4.el6.x86_64
Feb 26 14:38:59 Updated: libstdc++-4.4.6-4.el6.x86_64
Feb 26 14:39:01 Installed: libstdc++-devel-4.4.6-4.el6.x86_64
Feb 26 14:39:02 Installed: gcc-c++-4.4.6-4.el6.x86_64
Feb 26 14:41:26 Installed: 1:make-3.81-20.el6.x86_64
Feb 27 11:59:36 Updated: libselinux-2.0.94-5.3.el6.x86_64
Feb 27 11:59:37 Installed: libselinux-python-2.0.94-5.3.el6.x86_64
Feb 27 11:59:38 Installed: denyhosts-2.6-19.el6.noarch
Feb 27 11:59:39 Updated: libselinux-utils-2.0.94-5.3.el6.x86_64
Feb 27 12:02:13 Installed: mlocate-0.22.2-3.el6.x86_64
Feb 27 12:41:05 Installed: ncdu-1.7-1.el6.x86_64
Feb 27 12:55:51 Installed: parted-2.1-18.el6.x86_64
Feb 27 12:59:35 Installed: libgssglue-0.1-11.el6.x86_64
Feb 27 12:59:36 Installed: libtirpc-0.2.1-5.el6.x86_64
Feb 27 12:59:36 Updated: keyutils-libs-1.4-4.el6.x86_64
Feb 27 12:59:37 Installed: keyutils-1.4-4.el6.x86_64
Feb 27 12:59:37 Installed: rpcbind-0.2.0-9.el6.x86_64
Feb 27 12:59:38 Installed: nfs-utils-lib-1.1.5-4.el6.x86_64
Feb 27 12:59:39 Installed: 1:nfs-utils-1.2.3-26.el6.x86_64
Feb 27 14:55:38 Installed: ntpdate-4.2.4p8-2.el6.centos.x86_64
Feb 27 15:21:30 Installed: lsof-4.82-4.el6.x86_64
Feb 28 10:58:08 Installed: wget-1.12-1.4.el6.x86_64
Feb 28 12:35:58 Installed: autoconf-2.63-5.1.el6.noarch
Feb 28 12:35:59 Installed: automake-1.11.1-1.2.el6.noarch
Feb 28 12:36:46 Installed: kernel-devel-2.6.32-279.el6.x86_64
Feb 28 12:39:51 Installed: libtool-2.2.6-15.5.el6.x86_64
Feb 28 12:41:00 Installed: libsysfs-2.1.0-6.1.el6.x86_64
Feb 28 12:41:06 Installed: libsysfs-devel-2.1.0-6.1.el6.x86_64
Feb 28 12:42:13 Installed: 1:pkgconfig-0.23-9.1.el6.x86_64
Feb 28 12:42:13 Installed: 1:glib-1.2.10-33.el6.x86_64
Feb 28 12:42:13 Installed: 1:glib-devel-1.2.10-33.el6.x86_64
Mar 01 12:07:48 Installed: GeoIP-1.4.8-1.el6.x86_64
Mar 01 12:07:48 Installed: 14:libpcap-1.0.0-6.20091201git117cb5.el6.x86_64
Mar 01 12:07:48 Installed: fontpackages-filesystem-1.41-1.1.el6.noarch
Mar 01 12:07:49 Installed: dejavu-fonts-common-2.30-2.el6.noarch
Mar 01 12:07:51 Installed: dejavu-lgc-sans-mono-fonts-2.30-2.el6.noarch
Mar 01 12:07:54 Installed: dejavu-sans-mono-fonts-2.30-2.el6.noarch
Mar 01 12:07:55 Installed: rrdtool-1.3.8-6.el6.x86_64
Mar 01 12:07:58 Installed: ntop-5.0-5.el6.x86_64
Mar 01 13:34:15 Installed: webmin-1.620-1.noarch
Mar 01 13:41:00 Installed: dnsmasq-2.48-6.el6.x86_64
Mar 01 13:43:11 Updated: 12:dhcp-common-4.1.1-31.P1.el6.x86_64
Mar 01 13:43:12 Installed: portreserve-0.0.4-9.el6.x86_64
Mar 01 13:43:13 Installed: 12:dhcp-4.1.1-31.P1.el6.x86_64
Mar 01 13:43:13 Updated: 12:dhclient-4.1.1-31.P1.el6.x86_64
Mar 01 16:36:03 Installed: perl-Carp-Clan-6.03-2.el6.noarch
Mar 01 16:36:04 Installed: perl-Bit-Vector-7.1-2.el6.x86_64
Mar 01 16:36:04 Installed: perl-Date-Calc-6.3-2.el6.noarch
Mar 01 16:36:05 Installed: 4:perl-Time-HiRes-1.9721-127.el6.x86_64
Mar 01 16:36:05 Installed: perl-YAML-Syck-1.07-4.el6.x86_64
Mar 01 16:36:07 Installed: perl-Date-Manip-6.24-1.el6.noarch
Mar 01 16:36:08 Installed: 1:perl-TimeDate-1.16-11.1.el6.noarch
Mar 01 16:36:08 Installed: swatch-3.2.3-7.el6.noarch
Mar 01 18:26:40 Installed: libtdb-1.2.1-3.el6.x86_64
Mar 01 18:26:41 Installed: libtalloc-2.0.1-1.1.el6.x86_64
Mar 01 18:26:41 Installed: samba-winbind-clients-3.5.10-125.el6.x86_64
Mar 01 18:26:45 Installed: samba-common-3.5.10-125.el6.x86_64
Mar 01 18:26:47 Installed: samba-3.5.10-125.el6.x86_64
Mar 04 16:10:06 Installed: cvs-1.11.23-11.el6_2.1.x86_64
Mar 04 16:10:09 Installed: gettext-0.17-16.el6.x86_64
Mar 04 21:50:45 Installed: 1:dmidecode-2.11-2.el6.x86_64
Mar 04 21:51:06 Installed: libusb1-1.0.9-0.5.rc1.el6.x86_64
Mar 04 21:51:06 Installed: usbutils-003-4.el6.x86_64
Mar 04 21:51:31 Installed: pciutils-3.1.4-11.el6.x86_64
Mar 04 21:54:14 Updated: libxml2-2.7.6-4.el6_2.4.x86_64
Mar 04 21:54:15 Installed: libxml2-python-2.7.6-4.el6_2.4.x86_64
Mar 04 21:54:16 Installed: sos-2.2-29.el6.noarch
