<<<vm-list>>>
xsm01:
5c551576-57ee-46e6-8f93-579583c6b3e7
ed3c8c92-b1ad-0b24-627d-3b13bfc741bc
c5f06c9b-edb1-efd3-d34a-722753c3f091
be6ad68c-587f-de1f-38f4-29fe0578d420
xstest1:
e5b4ec5f-61e2-5a35-cd36-849d1ec0a5d1
68f6ec03-2aa4-10a8-0379-e7b09529f987
ae366532-7111-81cf-3811-cb50029b2380
0e9af314-c0df-180f-e001-8214aec42591
3db6d2ba-3724-e0b3-5893-ec943ed1bf19
51031b9d-69de-4fd2-bfae-0820bae7c7bd
6067f3b2-44fc-4f81-ab72-67ed7e7d2f8e
2a49861e-8434-fc45-0b3e-13c9961392f0
ef599dba-2e49-905a-37eb-09393b232b07
86e8caa3-a8c2-31aa-7720-9c22d450c099
f1531ae3-5711-f02e-3f00-db8b048075ee
4649ecbd-e112-992a-b667-7da912ed3d76
xs224:
a3f749fe-0056-7c72-a98d-2a6717e77eef
a978cee3-f27a-717b-c599-276b5a7b4b72
e54c2c5f-5ec7-22e4-279a-24e8bf6987d9
d6c43069-bb26-d1c7-8383-666e029f4dcb
39ebaee0-0ee8-4d94-b3de-6af6b3300ed7
a660d10b-a1e6-c44f-2b44-a6fdd9e8e930
4646d396-611d-a007-8a9d-b54766dd47ac
c45b637f-ec91-49a7-86fd-d9282c6b5d95
5e03a99b-e092-e3f3-72a1-1c0c81e5f070
936158d1-0e05-f063-95ee-c6ba86efffe4
33a7b194-43c9-75d6-01c9-f454046659b4
90925933-a114-4bd8-b2d4-d494a9886eb8
6fbf7757-24fe-4f4a-4c37-1eed8650110d
6d8967b9-a00c-19c6-5d84-570ebc4d4df2
bce37c21-63a0-4798-b282-fc2d194c60e5
9d074694-b69d-000c-09a8-1166472d5235
f61f3019-2965-574e-4dd2-117c411347b3
8a1a3dbb-f897-4059-ae0a-09956c2d032a
xs212:
022d952e-3ca3-c82d-162d-24b6e9665820
e129f419-6b1f-0e4d-c538-7638e3f6b233
eb9a214d-6810-0a43-fbe1-9e063658ea13
8ef05ec6-b8c5-4896-2e32-8bf7e153cdf1
fec39999-c58b-c5f3-d633-2be5ade56589
62d3e96a-5d45-5e3c-e286-50b86571de4c
f015b679-7a23-422e-9cbe-07f1c6ccdd93
201b0726-3bf4-4847-b53e-fe997bafcf5b
bb6620bb-2cf7-0ac8-b5f8-591d6b570ec5
0e95bc29-d39c-adc5-5f67-147d9de565a1
fc54e17a-7f14-9b4f-5c48-df6b4f8ef0c4
e2098af8-d198-1738-3610-98d25f9fa4df
c77d3391-25d0-b43e-3a6f-2e107cec89ea
218dc1ca-d999-4473-9fd0-4ebb5d527655
d3186964-0b40-7f48-94a6-a2cccfa873c0
775fe6b2-a699-f7e4-c18d-63f6f5c7cfaa
3a658c57-3183-6d62-e810-c5cabf533f75
fab20e53-4db5-1bb6-1b7d-3b7dc12db051
f1e98c8e-4a8c-4371-96d6-3602f56a2af3
c5026f2d-d14b-a41d-a47b-04cad729261c
e8bcaa9d-f475-308a-94a8-1f0b03127389
xsm02:
74dc1de5-0a73-795c-688a-42921f2f0341
71752fd1-527e-c22e-b55b-9698f723979f
e1cdb1ba-9993-4a71-9904-1379d66a763e
b6d68717-d03d-585a-790e-5d0c34e4b9da
cb9c271f-9191-e174-6eeb-5ebd52c2e235
eb914f6f-dff0-4701-7877-d36ce2b073c6
500cd4a0-a52f-9b90-a89e-cb14f58b1165
797e8ba0-f8de-3829-5088-203fe1b78301
987c49b2-a489-e286-6bc1-35fb270bc468
64e21142-f2ae-d77b-b601-9acc18832711
6c86a3ef-1fb6-a6dc-ece9-0fd7dbdf7427
d160f67c-8313-08f5-7054-9e882b2c6a63
6a29694a-48e8-19ff-a40a-c5a0c10c67b0
5b751400-04f0-6041-dc58-a9d88e33d29e
d84fc64c-c739-1775-1d45-cfcf9e0be369
5d136a8f-44f9-d82e-1323-50593042518b
547c69ab-a707-2f62-b53c-5d5257b3f0cf
ea9eb4a2-7ce2-5a58-7a24-18e6dade49cc
90814db0-95ee-0241-5f18-21308fb842d5
b7743f0c-0a04-24da-0540-ec8ad635b6a1
88d34f13-f970-f7c8-347f-f0fcd89678b3
432b05d0-8204-2f86-0da3-e82950364799
72d89be9-7974-7e4d-e956-d414ee13de5e
a33ad335-9ba7-1ec4-5c21-7f2f3f0e1031
1018b3b6-3da9-9ef6-56c2-5400e0bc5f3e
570b9dfa-0bc2-0907-5777-c0ab5749327d
xs228:
eebfe517-749a-4f9c-a728-7f6412f75061
6e372237-2c47-41f5-164d-457ee7047207
99a63d37-8068-aa25-da16-01f255130a21
3803afc8-1aef-e36a-7e13-fb058ea907af
5d7f6b0f-fb61-7af8-69db-ce88b7508f2d
7cec9861-fb68-b102-7e70-116f2577157a
932db989-84ff-5d8f-4ebb-d2e01106a3da
79adfb01-ef30-54df-b747-00bf31173389
f075b950-0133-5d01-a8e2-4182460d29a6
f5cf7fbe-bc76-1017-aadc-47c69c4945f0
baa3d462-5826-66d4-6cc4-a6f138f3cbdc
5e08d0c3-1438-456a-acaf-1a98d9f812e1
34c3ba48-d16e-4a78-834d-3ae9b037bef6
7d82ba9e-8487-4906-2f22-3d875b0dafd0
66a14c0c-ada9-169e-fe73-8169464569d1
xs236:
891e2293-2aaf-43f8-812c-aaff72876213
219e9558-4830-4a4d-ad60-33808e05fb8e
75f267f2-3b48-842c-95c2-1a79cbc38ed0
604ab479-464f-43ab-a78f-9bc38c2d847e
b3a14d15-5e71-0337-8c9f-3ca0b5bea9d5
6233d6b6-2e83-b1b8-997a-948428083dee
581c766d-546c-c31d-b46d-a840ed73eedf
438dadf9-3a9c-4cc8-cb9e-4fd778634dd8
7327d4a0-a96f-453f-b30a-70f819f44b02
233830b1-76c3-2865-8c1d-0a8dd1bd47f4
d31df152-2cee-4be7-beca-a4cb94bb9872
8d947fa3-f6e2-6a52-92df-7c866d18cfb6
17205d60-8b73-da35-841b-e0387538b5d4
0c0bed9f-468e-5b00-772e-89e30d9bc9ba
b744bbd2-23c1-7c1d-05d6-d232f1b1c9c9
44574351-462c-474d-8be4-42189196adcd
51f09743-02ab-98a2-9244-15ea50abbb8a
79346b10-1af8-cc30-5a5a-026c28a7dbf1
9b0c847a-e24f-4963-9ac1-377c233a7b06
06e236aa-48db-c83c-2b97-81975718990f
xs226:
70b91d63-fc82-ef32-c58b-2f94bdea9765
cd03dc36-850a-61dc-5def-b78daa6c430c
b449feca-c294-ed30-abf3-5316d982f3e6
08b45bbb-5399-0414-360e-6684a8ce1000
481ccfde-c31c-0d80-4352-9570c6b24783
c3f2b80b-c1ab-494f-99b2-106420c6aa75
d410b876-7f6d-0e22-6b58-0deb65d044ac
3c9b3608-5cc2-5ee6-385a-648c67edacb3
4a5e45ea-08a2-450f-ab36-8be11522f217
cf35900f-87f7-4341-8e8a-e0d1b535cd79
08cee12b-7408-2278-e06d-4cd6c5320b2f
6d2b12d9-029f-3544-c51d-94b7f3dd5fc9
347cf044-44ce-c13b-2111-5975768c5ec4
be62228a-ca58-d497-95be-039767bacedd
94f3c4ad-9059-9a60-bc8c-6981c20359a1
182e78a5-385f-ecfa-ea6f-ff2ff7f2a0eb
89c0a5c6-4ddf-5743-02c0-28cb65ef146c
42faccf6-076d-ac28-8310-8eb4827595da
cd966736-f781-1f8d-7c1e-238cf9a55c2c
7f2edf26-821e-3dd0-d52b-f42af4e4478f
a1092b92-761a-5316-7d62-bb07f0973c3b
f678d3fd-d8c2-f9d0-4695-a5bd9beb7343
6c713691-4084-7e28-9eee-7bf586fad80d
ea891bd2-327c-d928-54fd-d1f43a36b96f
8ca2ca50-aadb-bb65-06e1-018dcd8c5e87
9746a033-5c35-03c1-17b6-f667799ec302
d96ecc6b-f26b-e8a7-e9e3-8ef888083ec2
9cd907ac-5875-3f01-2b0f-4a19630c9eaf
b5aad358-d682-d3d5-dd69-9ad811b9c2da
7e93b0e0-e6db-c50e-ee86-5250574e4bcf
cc6b2fe5-44f5-e4e0-bb03-9f53406fea17
f1e89794-529a-5ba2-9b5b-64afd08ce6dc
3eac60cd-a06e-972b-aca0-75a8fe8d0fb3
8eaa4ae6-df0d-e733-3a59-d0080968e148
a24b3b7c-33de-1646-7fa0-b787ce6c5b6c
2ece7498-7ef2-4d18-a944-fa63464120b0
3a9bdbb5-0f65-cf24-d8ec-877293fb3db6
2aaaad23-b52c-6d22-a4cc-4aedd20e6fbe
a0d8561d-96cf-9d3d-b8cd-19bc75613ac8
9b5e6de6-8345-da51-a09d-a8a0f9c74d71
b07f4d63-ad37-6510-0055-243f25d8481a
1bada81a-5433-6e96-745d-a9d568dc9434
e961e078-8f26-42c5-4c7c-82778e71bfac
41ee0eb4-6284-9a76-3828-2c4ae4c1f722
7151c5a1-6e0c-ab4d-7834-e00b14bf2c02
6b4211cb-270e-687a-971f-57dd7db6c760
87baa652-7bef-5bcc-9f2e-07824a59095e
508e005b-5fce-b561-06ac-6fc03b863a6b
3959af4b-08ca-3d88-1b9e-fc507d208785
8f69be37-7bed-332e-f892-a0fcd9c073be
6a58a917-c922-371f-6974-2e289778af3a
873a9eb9-3118-88f5-8dd5-3572b7fbc900
4286977f-f1f5-bc97-b161-c421eeaf3775
fa6e7096-de68-adcb-b143-4a3b2116507e
1a7cc3e4-cb41-416c-b97b-6f5f84ad6401
f5f1af26-33a0-c541-cbe1-66e45b4c3726
xs204:
1c438f9c-8817-c60c-49a3-c49593b89101
e1fac081-5b28-192b-7066-2a5295560ebb
f228e6ab-7155-1c6b-fa3d-96ddacfd55f5
88824627-f889-6093-fd3a-c97cb61136b3
2391bced-c494-5e86-8973-cd7eb02d7f42
b667596b-619a-a46b-7a97-0d7702cf0dae
05c6df7c-000d-dd82-023e-9d856668ff15
beeaefab-a08f-4fc5-8815-ddd4e9599267
b71645fd-d8d7-11ab-942f-d3f9d7722b4f
eee9f3ab-c098-7afa-269b-dc9c445478e8
cf283475-969a-3c14-9978-34ebbe3fb7dc
9856a7f9-8297-430f-b7d0-3b1bdf1ca0b4
800a0696-fab9-af6b-4a6b-e26ece36c767
8ac205a4-2498-4113-86a4-85efdc5471c0
ec073cc0-b23c-41d7-b1fe-b2c562a0f41f
9fac18f6-a3b5-3ef7-8abd-0a7eb00c11ae
e46ac4b2-f258-acb4-9f31-3fb20cbb5bf6
421be1d6-fd2b-3eeb-f8b9-e74d280b4402
aa49ce75-8176-8c15-e2a7-5142598edb75
d75cd52c-b296-57da-421a-4774aad134e7
c5917042-af5d-5a09-4ba3-3500255c4e5d
07e6e6d5-09f3-e776-2179-f18f2dcce3d7
f81594b5-785a-0037-40bb-5ecf4d1a1a26
b430c475-519a-1bb4-6f52-7b4769292137
4f8284bd-19b1-ae23-31f0-9ed600e2b704
3d046ad6-e150-492b-89a8-868b931d15ea
7da2813e-132f-b623-b030-01f5ddd834ce
e28d76d0-02df-9abd-65e4-97b71150777f
830f2dc7-c851-8fb2-21f4-46eecb0d5d9f
7d2297c5-81e4-bc2f-d739-efeaf76f2e55
28225a1e-1cfa-1df9-1943-ddad73edc488
8a531ceb-6fc2-112f-9889-faa668c92d6d
b73ecb15-1d26-e8d8-ca7a-a1bbfb849828
xs229:
eebfe517-749a-4f9c-a728-7f6412f75061
6e372237-2c47-41f5-164d-457ee7047207
99a63d37-8068-aa25-da16-01f255130a21
3803afc8-1aef-e36a-7e13-fb058ea907af
5d7f6b0f-fb61-7af8-69db-ce88b7508f2d
7cec9861-fb68-b102-7e70-116f2577157a
932db989-84ff-5d8f-4ebb-d2e01106a3da
79adfb01-ef30-54df-b747-00bf31173389
f075b950-0133-5d01-a8e2-4182460d29a6
f5cf7fbe-bc76-1017-aadc-47c69c4945f0
baa3d462-5826-66d4-6cc4-a6f138f3cbdc
5e08d0c3-1438-456a-acaf-1a98d9f812e1
34c3ba48-d16e-4a78-834d-3ae9b037bef6
7d82ba9e-8487-4906-2f22-3d875b0dafd0
66a14c0c-ada9-169e-fe73-8169464569d1
xstest2:
e5b4ec5f-61e2-5a35-cd36-849d1ec0a5d1
68f6ec03-2aa4-10a8-0379-e7b09529f987
ae366532-7111-81cf-3811-cb50029b2380
0e9af314-c0df-180f-e001-8214aec42591
3db6d2ba-3724-e0b3-5893-ec943ed1bf19
51031b9d-69de-4fd2-bfae-0820bae7c7bd
6067f3b2-44fc-4f81-ab72-67ed7e7d2f8e
2a49861e-8434-fc45-0b3e-13c9961392f0
ef599dba-2e49-905a-37eb-09393b232b07
86e8caa3-a8c2-31aa-7720-9c22d450c099
f1531ae3-5711-f02e-3f00-db8b048075ee
4649ecbd-e112-992a-b667-7da912ed3d76
xs211:
022d952e-3ca3-c82d-162d-24b6e9665820
e129f419-6b1f-0e4d-c538-7638e3f6b233
eb9a214d-6810-0a43-fbe1-9e063658ea13
8ef05ec6-b8c5-4896-2e32-8bf7e153cdf1
fec39999-c58b-c5f3-d633-2be5ade56589
62d3e96a-5d45-5e3c-e286-50b86571de4c
f015b679-7a23-422e-9cbe-07f1c6ccdd93
201b0726-3bf4-4847-b53e-fe997bafcf5b
bb6620bb-2cf7-0ac8-b5f8-591d6b570ec5
0e95bc29-d39c-adc5-5f67-147d9de565a1
fc54e17a-7f14-9b4f-5c48-df6b4f8ef0c4
e2098af8-d198-1738-3610-98d25f9fa4df
c77d3391-25d0-b43e-3a6f-2e107cec89ea
218dc1ca-d999-4473-9fd0-4ebb5d527655
d3186964-0b40-7f48-94a6-a2cccfa873c0
775fe6b2-a699-f7e4-c18d-63f6f5c7cfaa
3a658c57-3183-6d62-e810-c5cabf533f75
fab20e53-4db5-1bb6-1b7d-3b7dc12db051
f1e98c8e-4a8c-4371-96d6-3602f56a2af3
c5026f2d-d14b-a41d-a47b-04cad729261c
e8bcaa9d-f475-308a-94a8-1f0b03127389
xs225:
a3f749fe-0056-7c72-a98d-2a6717e77eef
a978cee3-f27a-717b-c599-276b5a7b4b72
e54c2c5f-5ec7-22e4-279a-24e8bf6987d9
d6c43069-bb26-d1c7-8383-666e029f4dcb
39ebaee0-0ee8-4d94-b3de-6af6b3300ed7
a660d10b-a1e6-c44f-2b44-a6fdd9e8e930
4646d396-611d-a007-8a9d-b54766dd47ac
c45b637f-ec91-49a7-86fd-d9282c6b5d95
5e03a99b-e092-e3f3-72a1-1c0c81e5f070
936158d1-0e05-f063-95ee-c6ba86efffe4
33a7b194-43c9-75d6-01c9-f454046659b4
90925933-a114-4bd8-b2d4-d494a9886eb8
6fbf7757-24fe-4f4a-4c37-1eed8650110d
6d8967b9-a00c-19c6-5d84-570ebc4d4df2
bce37c21-63a0-4798-b282-fc2d194c60e5
9d074694-b69d-000c-09a8-1166472d5235
f61f3019-2965-574e-4dd2-117c411347b3
8a1a3dbb-f897-4059-ae0a-09956c2d032a
xs07:
e13f5abf-77f8-ddc1-64b9-ebe7d65c0c42
f442225f-154d-149c-6493-7f15e71a9472
750d9d7a-e941-4fc2-8d7c-b572b978ef97
b885f827-1e1a-87f1-061f-2300874ff3d7
c6e6b6e7-614a-f8ff-9304-1b602bef103d
ad5ac54e-5b14-8359-1d6f-9928704464d7
2d9393e1-de91-3b40-d861-fe941dc8553e
7e88653b-b146-18bb-a913-df89fa6dfa3d
9bd77adc-b4ed-6631-66cd-7a67d8cbe370
8c6f11ac-057f-4cf2-0260-22d49594c555
16b25aff-42b2-9de7-cb55-877e0628f181
53f79b4e-c2a8-a295-86d7-0addd4d16649
170b0bd4-fc27-4f55-bb2a-844d5694c2a1
5e4251c8-08da-e035-1771-c71ef50b33f7
937ee9e6-7f30-9ca7-8199-820de33a1db1
5308e540-7b63-bf52-27a2-034e692ed8e3
fe3c4dcf-1b47-4361-adc1-a6ba1c62bb04
00b5ab8c-ba72-ecdc-8438-6d01a416dd5d
43ef9537-bfee-4993-7444-572fc7cb12fa
c8194571-d0c0-9705-ef78-78e89cb5cad8
d5537fc5-ddd6-f40b-3cd8-d8f16de6f419
65b7c58d-bb70-0c2c-59ae-833ed9f4d48c
6a9efd54-0858-e646-bff9-895238b57c51
8a64bfa8-a219-8933-39ba-a77eae3c0fa9
b53739e5-4b76-9942-05a9-0a48b35c935c
2e4b181d-7499-5b92-445b-48c6a10686e1
c3463641-20d0-3545-b03c-37f1efca7163
e74231a1-1abd-2d10-9bc5-0ab7d0edcd08
ad8b0e3b-c128-4763-8130-fd98b9585e07
5be66565-f90f-e4d5-6924-49cfcdef795a
8a0a9951-6d90-55aa-354f-d591602d1965
614b5624-c886-ad8c-79aa-6daff87e890b
5679587c-c067-f9e6-4a88-bb81dfb81b00
ed3ccccd-91a5-df1d-ecaa-6f7b2712f712
849d6619-1c02-23a5-46e4-63db49861fdc
ee9ee4d1-37f0-1ac9-6404-6163d50f1e89
dbc514f4-abde-62ab-5745-ea8b0668ba6a
20e17cf1-f74c-57e5-8d66-9d63af5332c9
6b7e7b82-a971-9551-6c57-841675bcace3
338d9eea-5efd-12f2-b5f5-9ea7eebecb43
fee8f619-c36c-e82b-365c-0c402c05bef1
29a7c0c6-680f-92cf-36a6-89ed59db1606
3d5cf811-42ed-52e2-2af5-543f3433e25a
d8000f01-abd2-816f-355d-2dc7bc616847
d1855fb9-7572-b38e-379f-b133d5c3f62d
37371ee3-17ef-9691-b6d0-31b0f778aaa6
5adf81a0-2d96-632d-d6bb-5d47bbde9274
9a0dea6f-2d3f-7e49-a5fa-c9c180a0ec72
b959551e-66e2-146b-9210-e38d5b950ad0
ce998524-3250-dfe7-4025-e0fa5ebc77d0
2551499f-46c0-a14b-15bf-53b0be4ac9a7
491e803a-2508-4930-ab57-780059566dcc
0a42b4f4-c666-4b63-94ef-3a7739130b04
a3f57b8c-8767-7d53-dc5b-05745363a5cf
cdd0e6c2-ce1f-f235-053e-33143b5c500e
cd7b98fe-8213-f0af-97bf-ad0ffe353ec4
85949600-d247-4a3d-aaaf-8164c95cadb8
777a2dfc-bc3d-4cf3-b61e-2c40c19c971b
d15c908a-b460-6e9b-e6a8-b5e2e71e9796
a691dfb7-7de3-9225-47b5-d49c83af0c71
dcf3fc32-7938-bf96-f2c3-4480fe1cc57b
4a0379a5-d3a1-7a2b-cc9f-511cbb1ad94a
4a1584b3-ddcb-81ed-4f3f-6369bf2068d2
606c49e8-077b-03f6-9bc6-6b7f61ede067
10da592c-da3c-4c65-90ab-d54a9cb53fe9
8aeaa868-c711-1495-920e-fc97578e2c96
82f730a7-231f-a3b8-5af8-54ca388d5212
aa44b994-1343-ca5e-bcc6-597d1d008dda
8653853b-a350-a014-4e4f-90a568e386d9
c10b9c16-f8d2-67a1-ec85-d524417b6287
e82a76e5-761d-316d-2597-658c1a166b1d
4d4d4630-5355-3889-b63e-542b37c9a2cd
0e02f478-8f48-ba83-7b3e-29c3f6c65bad
0d5aaeeb-2eb7-c96a-78fb-efa0cc75f340
db789044-e96d-096b-8e1a-716ee6414464
ab3d4614-09dc-31e6-4d69-ed704cbc6694
8f6853fd-b381-34b2-dd95-cf223322b82d
b2766053-08ed-6e6f-1ad6-1948ad51860e
xs233:
891e2293-2aaf-43f8-812c-aaff72876213
219e9558-4830-4a4d-ad60-33808e05fb8e
75f267f2-3b48-842c-95c2-1a79cbc38ed0
604ab479-464f-43ab-a78f-9bc38c2d847e
b3a14d15-5e71-0337-8c9f-3ca0b5bea9d5
6233d6b6-2e83-b1b8-997a-948428083dee
581c766d-546c-c31d-b46d-a840ed73eedf
438dadf9-3a9c-4cc8-cb9e-4fd778634dd8
7327d4a0-a96f-453f-b30a-70f819f44b02
233830b1-76c3-2865-8c1d-0a8dd1bd47f4
d31df152-2cee-4be7-beca-a4cb94bb9872
8d947fa3-f6e2-6a52-92df-7c866d18cfb6
17205d60-8b73-da35-841b-e0387538b5d4
0c0bed9f-468e-5b00-772e-89e30d9bc9ba
b744bbd2-23c1-7c1d-05d6-d232f1b1c9c9
44574351-462c-474d-8be4-42189196adcd
51f09743-02ab-98a2-9244-15ea50abbb8a
79346b10-1af8-cc30-5a5a-026c28a7dbf1
9b0c847a-e24f-4963-9ac1-377c233a7b06
06e236aa-48db-c83c-2b97-81975718990f
xs227:
eebfe517-749a-4f9c-a728-7f6412f75061
6e372237-2c47-41f5-164d-457ee7047207
99a63d37-8068-aa25-da16-01f255130a21
3803afc8-1aef-e36a-7e13-fb058ea907af
5d7f6b0f-fb61-7af8-69db-ce88b7508f2d
7cec9861-fb68-b102-7e70-116f2577157a
932db989-84ff-5d8f-4ebb-d2e01106a3da
79adfb01-ef30-54df-b747-00bf31173389
f075b950-0133-5d01-a8e2-4182460d29a6
f5cf7fbe-bc76-1017-aadc-47c69c4945f0
baa3d462-5826-66d4-6cc4-a6f138f3cbdc
5e08d0c3-1438-456a-acaf-1a98d9f812e1
34c3ba48-d16e-4a78-834d-3ae9b037bef6
7d82ba9e-8487-4906-2f22-3d875b0dafd0
66a14c0c-ada9-169e-fe73-8169464569d1
xs213:
022d952e-3ca3-c82d-162d-24b6e9665820
e129f419-6b1f-0e4d-c538-7638e3f6b233
eb9a214d-6810-0a43-fbe1-9e063658ea13
8ef05ec6-b8c5-4896-2e32-8bf7e153cdf1
fec39999-c58b-c5f3-d633-2be5ade56589
62d3e96a-5d45-5e3c-e286-50b86571de4c
f015b679-7a23-422e-9cbe-07f1c6ccdd93
201b0726-3bf4-4847-b53e-fe997bafcf5b
bb6620bb-2cf7-0ac8-b5f8-591d6b570ec5
0e95bc29-d39c-adc5-5f67-147d9de565a1
fc54e17a-7f14-9b4f-5c48-df6b4f8ef0c4
e2098af8-d198-1738-3610-98d25f9fa4df
c77d3391-25d0-b43e-3a6f-2e107cec89ea
218dc1ca-d999-4473-9fd0-4ebb5d527655
d3186964-0b40-7f48-94a6-a2cccfa873c0
775fe6b2-a699-f7e4-c18d-63f6f5c7cfaa
3a658c57-3183-6d62-e810-c5cabf533f75
fab20e53-4db5-1bb6-1b7d-3b7dc12db051
f1e98c8e-4a8c-4371-96d6-3602f56a2af3
c5026f2d-d14b-a41d-a47b-04cad729261c
e8bcaa9d-f475-308a-94a8-1f0b03127389
xs202:
1c438f9c-8817-c60c-49a3-c49593b89101
e1fac081-5b28-192b-7066-2a5295560ebb
f228e6ab-7155-1c6b-fa3d-96ddacfd55f5
88824627-f889-6093-fd3a-c97cb61136b3
2391bced-c494-5e86-8973-cd7eb02d7f42
b667596b-619a-a46b-7a97-0d7702cf0dae
05c6df7c-000d-dd82-023e-9d856668ff15
beeaefab-a08f-4fc5-8815-ddd4e9599267
b71645fd-d8d7-11ab-942f-d3f9d7722b4f
eee9f3ab-c098-7afa-269b-dc9c445478e8
cf283475-969a-3c14-9978-34ebbe3fb7dc
9856a7f9-8297-430f-b7d0-3b1bdf1ca0b4
800a0696-fab9-af6b-4a6b-e26ece36c767
8ac205a4-2498-4113-86a4-85efdc5471c0
ec073cc0-b23c-41d7-b1fe-b2c562a0f41f
9fac18f6-a3b5-3ef7-8abd-0a7eb00c11ae
e46ac4b2-f258-acb4-9f31-3fb20cbb5bf6
421be1d6-fd2b-3eeb-f8b9-e74d280b4402
aa49ce75-8176-8c15-e2a7-5142598edb75
d75cd52c-b296-57da-421a-4774aad134e7
c5917042-af5d-5a09-4ba3-3500255c4e5d
07e6e6d5-09f3-e776-2179-f18f2dcce3d7
f81594b5-785a-0037-40bb-5ecf4d1a1a26
b430c475-519a-1bb4-6f52-7b4769292137
4f8284bd-19b1-ae23-31f0-9ed600e2b704
3d046ad6-e150-492b-89a8-868b931d15ea
7da2813e-132f-b623-b030-01f5ddd834ce
e28d76d0-02df-9abd-65e4-97b71150777f
830f2dc7-c851-8fb2-21f4-46eecb0d5d9f
7d2297c5-81e4-bc2f-d739-efeaf76f2e55
28225a1e-1cfa-1df9-1943-ddad73edc488
8a531ceb-6fc2-112f-9889-faa668c92d6d
b73ecb15-1d26-e8d8-ca7a-a1bbfb849828
xs52:
70b91d63-fc82-ef32-c58b-2f94bdea9765
cd03dc36-850a-61dc-5def-b78daa6c430c
b449feca-c294-ed30-abf3-5316d982f3e6
08b45bbb-5399-0414-360e-6684a8ce1000
481ccfde-c31c-0d80-4352-9570c6b24783
c3f2b80b-c1ab-494f-99b2-106420c6aa75
d410b876-7f6d-0e22-6b58-0deb65d044ac
3c9b3608-5cc2-5ee6-385a-648c67edacb3
4a5e45ea-08a2-450f-ab36-8be11522f217
cf35900f-87f7-4341-8e8a-e0d1b535cd79
08cee12b-7408-2278-e06d-4cd6c5320b2f
6d2b12d9-029f-3544-c51d-94b7f3dd5fc9
347cf044-44ce-c13b-2111-5975768c5ec4
be62228a-ca58-d497-95be-039767bacedd
94f3c4ad-9059-9a60-bc8c-6981c20359a1
182e78a5-385f-ecfa-ea6f-ff2ff7f2a0eb
89c0a5c6-4ddf-5743-02c0-28cb65ef146c
42faccf6-076d-ac28-8310-8eb4827595da
cd966736-f781-1f8d-7c1e-238cf9a55c2c
7f2edf26-821e-3dd0-d52b-f42af4e4478f
a1092b92-761a-5316-7d62-bb07f0973c3b
f678d3fd-d8c2-f9d0-4695-a5bd9beb7343
6c713691-4084-7e28-9eee-7bf586fad80d
ea891bd2-327c-d928-54fd-d1f43a36b96f
8ca2ca50-aadb-bb65-06e1-018dcd8c5e87
9746a033-5c35-03c1-17b6-f667799ec302
d96ecc6b-f26b-e8a7-e9e3-8ef888083ec2
9cd907ac-5875-3f01-2b0f-4a19630c9eaf
b5aad358-d682-d3d5-dd69-9ad811b9c2da
7e93b0e0-e6db-c50e-ee86-5250574e4bcf
cc6b2fe5-44f5-e4e0-bb03-9f53406fea17
f1e89794-529a-5ba2-9b5b-64afd08ce6dc
3eac60cd-a06e-972b-aca0-75a8fe8d0fb3
8eaa4ae6-df0d-e733-3a59-d0080968e148
a24b3b7c-33de-1646-7fa0-b787ce6c5b6c
2ece7498-7ef2-4d18-a944-fa63464120b0
3a9bdbb5-0f65-cf24-d8ec-877293fb3db6
2aaaad23-b52c-6d22-a4cc-4aedd20e6fbe
a0d8561d-96cf-9d3d-b8cd-19bc75613ac8
9b5e6de6-8345-da51-a09d-a8a0f9c74d71
b07f4d63-ad37-6510-0055-243f25d8481a
1bada81a-5433-6e96-745d-a9d568dc9434
e961e078-8f26-42c5-4c7c-82778e71bfac
41ee0eb4-6284-9a76-3828-2c4ae4c1f722
7151c5a1-6e0c-ab4d-7834-e00b14bf2c02
6b4211cb-270e-687a-971f-57dd7db6c760
87baa652-7bef-5bcc-9f2e-07824a59095e
508e005b-5fce-b561-06ac-6fc03b863a6b
3959af4b-08ca-3d88-1b9e-fc507d208785
8f69be37-7bed-332e-f892-a0fcd9c073be
6a58a917-c922-371f-6974-2e289778af3a
873a9eb9-3118-88f5-8dd5-3572b7fbc900
4286977f-f1f5-bc97-b161-c421eeaf3775
fa6e7096-de68-adcb-b143-4a3b2116507e
1a7cc3e4-cb41-416c-b97b-6f5f84ad6401
f5f1af26-33a0-c541-cbe1-66e45b4c3726
xs231:
891e2293-2aaf-43f8-812c-aaff72876213
219e9558-4830-4a4d-ad60-33808e05fb8e
75f267f2-3b48-842c-95c2-1a79cbc38ed0
604ab479-464f-43ab-a78f-9bc38c2d847e
b3a14d15-5e71-0337-8c9f-3ca0b5bea9d5
6233d6b6-2e83-b1b8-997a-948428083dee
581c766d-546c-c31d-b46d-a840ed73eedf
438dadf9-3a9c-4cc8-cb9e-4fd778634dd8
7327d4a0-a96f-453f-b30a-70f819f44b02
233830b1-76c3-2865-8c1d-0a8dd1bd47f4
d31df152-2cee-4be7-beca-a4cb94bb9872
8d947fa3-f6e2-6a52-92df-7c866d18cfb6
17205d60-8b73-da35-841b-e0387538b5d4
0c0bed9f-468e-5b00-772e-89e30d9bc9ba
b744bbd2-23c1-7c1d-05d6-d232f1b1c9c9
44574351-462c-474d-8be4-42189196adcd
51f09743-02ab-98a2-9244-15ea50abbb8a
79346b10-1af8-cc30-5a5a-026c28a7dbf1
9b0c847a-e24f-4963-9ac1-377c233a7b06
06e236aa-48db-c83c-2b97-81975718990f
xs203:
1c438f9c-8817-c60c-49a3-c49593b89101
e1fac081-5b28-192b-7066-2a5295560ebb
f228e6ab-7155-1c6b-fa3d-96ddacfd55f5
88824627-f889-6093-fd3a-c97cb61136b3
2391bced-c494-5e86-8973-cd7eb02d7f42
b667596b-619a-a46b-7a97-0d7702cf0dae
05c6df7c-000d-dd82-023e-9d856668ff15
beeaefab-a08f-4fc5-8815-ddd4e9599267
b71645fd-d8d7-11ab-942f-d3f9d7722b4f
eee9f3ab-c098-7afa-269b-dc9c445478e8
cf283475-969a-3c14-9978-34ebbe3fb7dc
9856a7f9-8297-430f-b7d0-3b1bdf1ca0b4
800a0696-fab9-af6b-4a6b-e26ece36c767
8ac205a4-2498-4113-86a4-85efdc5471c0
ec073cc0-b23c-41d7-b1fe-b2c562a0f41f
9fac18f6-a3b5-3ef7-8abd-0a7eb00c11ae
e46ac4b2-f258-acb4-9f31-3fb20cbb5bf6
421be1d6-fd2b-3eeb-f8b9-e74d280b4402
aa49ce75-8176-8c15-e2a7-5142598edb75
d75cd52c-b296-57da-421a-4774aad134e7
c5917042-af5d-5a09-4ba3-3500255c4e5d
07e6e6d5-09f3-e776-2179-f18f2dcce3d7
f81594b5-785a-0037-40bb-5ecf4d1a1a26
b430c475-519a-1bb4-6f52-7b4769292137
4f8284bd-19b1-ae23-31f0-9ed600e2b704
3d046ad6-e150-492b-89a8-868b931d15ea
7da2813e-132f-b623-b030-01f5ddd834ce
e28d76d0-02df-9abd-65e4-97b71150777f
830f2dc7-c851-8fb2-21f4-46eecb0d5d9f
7d2297c5-81e4-bc2f-d739-efeaf76f2e55
28225a1e-1cfa-1df9-1943-ddad73edc488
8a531ceb-6fc2-112f-9889-faa668c92d6d
b73ecb15-1d26-e8d8-ca7a-a1bbfb849828
xs51:
70b91d63-fc82-ef32-c58b-2f94bdea9765
cd03dc36-850a-61dc-5def-b78daa6c430c
b449feca-c294-ed30-abf3-5316d982f3e6
08b45bbb-5399-0414-360e-6684a8ce1000
481ccfde-c31c-0d80-4352-9570c6b24783
c3f2b80b-c1ab-494f-99b2-106420c6aa75
d410b876-7f6d-0e22-6b58-0deb65d044ac
3c9b3608-5cc2-5ee6-385a-648c67edacb3
4a5e45ea-08a2-450f-ab36-8be11522f217
cf35900f-87f7-4341-8e8a-e0d1b535cd79
08cee12b-7408-2278-e06d-4cd6c5320b2f
6d2b12d9-029f-3544-c51d-94b7f3dd5fc9
347cf044-44ce-c13b-2111-5975768c5ec4
be62228a-ca58-d497-95be-039767bacedd
94f3c4ad-9059-9a60-bc8c-6981c20359a1
182e78a5-385f-ecfa-ea6f-ff2ff7f2a0eb
89c0a5c6-4ddf-5743-02c0-28cb65ef146c
42faccf6-076d-ac28-8310-8eb4827595da
cd966736-f781-1f8d-7c1e-238cf9a55c2c
7f2edf26-821e-3dd0-d52b-f42af4e4478f
a1092b92-761a-5316-7d62-bb07f0973c3b
f678d3fd-d8c2-f9d0-4695-a5bd9beb7343
6c713691-4084-7e28-9eee-7bf586fad80d
ea891bd2-327c-d928-54fd-d1f43a36b96f
8ca2ca50-aadb-bb65-06e1-018dcd8c5e87
9746a033-5c35-03c1-17b6-f667799ec302
d96ecc6b-f26b-e8a7-e9e3-8ef888083ec2
9cd907ac-5875-3f01-2b0f-4a19630c9eaf
b5aad358-d682-d3d5-dd69-9ad811b9c2da
7e93b0e0-e6db-c50e-ee86-5250574e4bcf
cc6b2fe5-44f5-e4e0-bb03-9f53406fea17
f1e89794-529a-5ba2-9b5b-64afd08ce6dc
3eac60cd-a06e-972b-aca0-75a8fe8d0fb3
8eaa4ae6-df0d-e733-3a59-d0080968e148
a24b3b7c-33de-1646-7fa0-b787ce6c5b6c
2ece7498-7ef2-4d18-a944-fa63464120b0
3a9bdbb5-0f65-cf24-d8ec-877293fb3db6
2aaaad23-b52c-6d22-a4cc-4aedd20e6fbe
a0d8561d-96cf-9d3d-b8cd-19bc75613ac8
9b5e6de6-8345-da51-a09d-a8a0f9c74d71
b07f4d63-ad37-6510-0055-243f25d8481a
1bada81a-5433-6e96-745d-a9d568dc9434
e961e078-8f26-42c5-4c7c-82778e71bfac
41ee0eb4-6284-9a76-3828-2c4ae4c1f722
7151c5a1-6e0c-ab4d-7834-e00b14bf2c02
6b4211cb-270e-687a-971f-57dd7db6c760
87baa652-7bef-5bcc-9f2e-07824a59095e
508e005b-5fce-b561-06ac-6fc03b863a6b
3959af4b-08ca-3d88-1b9e-fc507d208785
8f69be37-7bed-332e-f892-a0fcd9c073be
6a58a917-c922-371f-6974-2e289778af3a
873a9eb9-3118-88f5-8dd5-3572b7fbc900
4286977f-f1f5-bc97-b161-c421eeaf3775
fa6e7096-de68-adcb-b143-4a3b2116507e
1a7cc3e4-cb41-416c-b97b-6f5f84ad6401
f5f1af26-33a0-c541-cbe1-66e45b4c3726
xs222:
a3f749fe-0056-7c72-a98d-2a6717e77eef
a978cee3-f27a-717b-c599-276b5a7b4b72
e54c2c5f-5ec7-22e4-279a-24e8bf6987d9
d6c43069-bb26-d1c7-8383-666e029f4dcb
39ebaee0-0ee8-4d94-b3de-6af6b3300ed7
a660d10b-a1e6-c44f-2b44-a6fdd9e8e930
4646d396-611d-a007-8a9d-b54766dd47ac
c45b637f-ec91-49a7-86fd-d9282c6b5d95
5e03a99b-e092-e3f3-72a1-1c0c81e5f070
936158d1-0e05-f063-95ee-c6ba86efffe4
33a7b194-43c9-75d6-01c9-f454046659b4
90925933-a114-4bd8-b2d4-d494a9886eb8
6fbf7757-24fe-4f4a-4c37-1eed8650110d
6d8967b9-a00c-19c6-5d84-570ebc4d4df2
bce37c21-63a0-4798-b282-fc2d194c60e5
9d074694-b69d-000c-09a8-1166472d5235
f61f3019-2965-574e-4dd2-117c411347b3
8a1a3dbb-f897-4059-ae0a-09956c2d032a
xs223:
a3f749fe-0056-7c72-a98d-2a6717e77eef
a978cee3-f27a-717b-c599-276b5a7b4b72
e54c2c5f-5ec7-22e4-279a-24e8bf6987d9
d6c43069-bb26-d1c7-8383-666e029f4dcb
39ebaee0-0ee8-4d94-b3de-6af6b3300ed7
a660d10b-a1e6-c44f-2b44-a6fdd9e8e930
4646d396-611d-a007-8a9d-b54766dd47ac
c45b637f-ec91-49a7-86fd-d9282c6b5d95
5e03a99b-e092-e3f3-72a1-1c0c81e5f070
936158d1-0e05-f063-95ee-c6ba86efffe4
33a7b194-43c9-75d6-01c9-f454046659b4
90925933-a114-4bd8-b2d4-d494a9886eb8
6fbf7757-24fe-4f4a-4c37-1eed8650110d
6d8967b9-a00c-19c6-5d84-570ebc4d4df2
bce37c21-63a0-4798-b282-fc2d194c60e5
9d074694-b69d-000c-09a8-1166472d5235
f61f3019-2965-574e-4dd2-117c411347b3
8a1a3dbb-f897-4059-ae0a-09956c2d032a
xs221:
a3f749fe-0056-7c72-a98d-2a6717e77eef
a978cee3-f27a-717b-c599-276b5a7b4b72
e54c2c5f-5ec7-22e4-279a-24e8bf6987d9
d6c43069-bb26-d1c7-8383-666e029f4dcb
39ebaee0-0ee8-4d94-b3de-6af6b3300ed7
a660d10b-a1e6-c44f-2b44-a6fdd9e8e930
4646d396-611d-a007-8a9d-b54766dd47ac
c45b637f-ec91-49a7-86fd-d9282c6b5d95
5e03a99b-e092-e3f3-72a1-1c0c81e5f070
936158d1-0e05-f063-95ee-c6ba86efffe4
33a7b194-43c9-75d6-01c9-f454046659b4
90925933-a114-4bd8-b2d4-d494a9886eb8
6fbf7757-24fe-4f4a-4c37-1eed8650110d
6d8967b9-a00c-19c6-5d84-570ebc4d4df2
bce37c21-63a0-4798-b282-fc2d194c60e5
9d074694-b69d-000c-09a8-1166472d5235
f61f3019-2965-574e-4dd2-117c411347b3
8a1a3dbb-f897-4059-ae0a-09956c2d032a
xs234:
891e2293-2aaf-43f8-812c-aaff72876213
219e9558-4830-4a4d-ad60-33808e05fb8e
75f267f2-3b48-842c-95c2-1a79cbc38ed0
604ab479-464f-43ab-a78f-9bc38c2d847e
b3a14d15-5e71-0337-8c9f-3ca0b5bea9d5
6233d6b6-2e83-b1b8-997a-948428083dee
581c766d-546c-c31d-b46d-a840ed73eedf
438dadf9-3a9c-4cc8-cb9e-4fd778634dd8
7327d4a0-a96f-453f-b30a-70f819f44b02
233830b1-76c3-2865-8c1d-0a8dd1bd47f4
d31df152-2cee-4be7-beca-a4cb94bb9872
8d947fa3-f6e2-6a52-92df-7c866d18cfb6
17205d60-8b73-da35-841b-e0387538b5d4
0c0bed9f-468e-5b00-772e-89e30d9bc9ba
b744bbd2-23c1-7c1d-05d6-d232f1b1c9c9
44574351-462c-474d-8be4-42189196adcd
51f09743-02ab-98a2-9244-15ea50abbb8a
79346b10-1af8-cc30-5a5a-026c28a7dbf1
9b0c847a-e24f-4963-9ac1-377c233a7b06
06e236aa-48db-c83c-2b97-81975718990f
xs02:
e13f5abf-77f8-ddc1-64b9-ebe7d65c0c42
f442225f-154d-149c-6493-7f15e71a9472
750d9d7a-e941-4fc2-8d7c-b572b978ef97
b885f827-1e1a-87f1-061f-2300874ff3d7
c6e6b6e7-614a-f8ff-9304-1b602bef103d
ad5ac54e-5b14-8359-1d6f-9928704464d7
2d9393e1-de91-3b40-d861-fe941dc8553e
7e88653b-b146-18bb-a913-df89fa6dfa3d
9bd77adc-b4ed-6631-66cd-7a67d8cbe370
8c6f11ac-057f-4cf2-0260-22d49594c555
16b25aff-42b2-9de7-cb55-877e0628f181
53f79b4e-c2a8-a295-86d7-0addd4d16649
170b0bd4-fc27-4f55-bb2a-844d5694c2a1
5e4251c8-08da-e035-1771-c71ef50b33f7
937ee9e6-7f30-9ca7-8199-820de33a1db1
5308e540-7b63-bf52-27a2-034e692ed8e3
fe3c4dcf-1b47-4361-adc1-a6ba1c62bb04
00b5ab8c-ba72-ecdc-8438-6d01a416dd5d
43ef9537-bfee-4993-7444-572fc7cb12fa
c8194571-d0c0-9705-ef78-78e89cb5cad8
d5537fc5-ddd6-f40b-3cd8-d8f16de6f419
65b7c58d-bb70-0c2c-59ae-833ed9f4d48c
6a9efd54-0858-e646-bff9-895238b57c51
8a64bfa8-a219-8933-39ba-a77eae3c0fa9
b53739e5-4b76-9942-05a9-0a48b35c935c
2e4b181d-7499-5b92-445b-48c6a10686e1
c3463641-20d0-3545-b03c-37f1efca7163
e74231a1-1abd-2d10-9bc5-0ab7d0edcd08
ad8b0e3b-c128-4763-8130-fd98b9585e07
5be66565-f90f-e4d5-6924-49cfcdef795a
8a0a9951-6d90-55aa-354f-d591602d1965
614b5624-c886-ad8c-79aa-6daff87e890b
5679587c-c067-f9e6-4a88-bb81dfb81b00
ed3ccccd-91a5-df1d-ecaa-6f7b2712f712
849d6619-1c02-23a5-46e4-63db49861fdc
ee9ee4d1-37f0-1ac9-6404-6163d50f1e89
dbc514f4-abde-62ab-5745-ea8b0668ba6a
20e17cf1-f74c-57e5-8d66-9d63af5332c9
6b7e7b82-a971-9551-6c57-841675bcace3
338d9eea-5efd-12f2-b5f5-9ea7eebecb43
fee8f619-c36c-e82b-365c-0c402c05bef1
29a7c0c6-680f-92cf-36a6-89ed59db1606
3d5cf811-42ed-52e2-2af5-543f3433e25a
d8000f01-abd2-816f-355d-2dc7bc616847
d1855fb9-7572-b38e-379f-b133d5c3f62d
37371ee3-17ef-9691-b6d0-31b0f778aaa6
5adf81a0-2d96-632d-d6bb-5d47bbde9274
9a0dea6f-2d3f-7e49-a5fa-c9c180a0ec72
b959551e-66e2-146b-9210-e38d5b950ad0
ce998524-3250-dfe7-4025-e0fa5ebc77d0
2551499f-46c0-a14b-15bf-53b0be4ac9a7
491e803a-2508-4930-ab57-780059566dcc
0a42b4f4-c666-4b63-94ef-3a7739130b04
a3f57b8c-8767-7d53-dc5b-05745363a5cf
cdd0e6c2-ce1f-f235-053e-33143b5c500e
cd7b98fe-8213-f0af-97bf-ad0ffe353ec4
85949600-d247-4a3d-aaaf-8164c95cadb8
777a2dfc-bc3d-4cf3-b61e-2c40c19c971b
d15c908a-b460-6e9b-e6a8-b5e2e71e9796
a691dfb7-7de3-9225-47b5-d49c83af0c71
dcf3fc32-7938-bf96-f2c3-4480fe1cc57b
4a0379a5-d3a1-7a2b-cc9f-511cbb1ad94a
4a1584b3-ddcb-81ed-4f3f-6369bf2068d2
606c49e8-077b-03f6-9bc6-6b7f61ede067
10da592c-da3c-4c65-90ab-d54a9cb53fe9
8aeaa868-c711-1495-920e-fc97578e2c96
82f730a7-231f-a3b8-5af8-54ca388d5212
aa44b994-1343-ca5e-bcc6-597d1d008dda
8653853b-a350-a014-4e4f-90a568e386d9
c10b9c16-f8d2-67a1-ec85-d524417b6287
e82a76e5-761d-316d-2597-658c1a166b1d
4d4d4630-5355-3889-b63e-542b37c9a2cd
0e02f478-8f48-ba83-7b3e-29c3f6c65bad
0d5aaeeb-2eb7-c96a-78fb-efa0cc75f340
db789044-e96d-096b-8e1a-716ee6414464
ab3d4614-09dc-31e6-4d69-ed704cbc6694
8f6853fd-b381-34b2-dd95-cf223322b82d
b2766053-08ed-6e6f-1ad6-1948ad51860e
xs06:
e13f5abf-77f8-ddc1-64b9-ebe7d65c0c42
f442225f-154d-149c-6493-7f15e71a9472
750d9d7a-e941-4fc2-8d7c-b572b978ef97
b885f827-1e1a-87f1-061f-2300874ff3d7
c6e6b6e7-614a-f8ff-9304-1b602bef103d
ad5ac54e-5b14-8359-1d6f-9928704464d7
2d9393e1-de91-3b40-d861-fe941dc8553e
7e88653b-b146-18bb-a913-df89fa6dfa3d
9bd77adc-b4ed-6631-66cd-7a67d8cbe370
8c6f11ac-057f-4cf2-0260-22d49594c555
16b25aff-42b2-9de7-cb55-877e0628f181
53f79b4e-c2a8-a295-86d7-0addd4d16649
170b0bd4-fc27-4f55-bb2a-844d5694c2a1
5e4251c8-08da-e035-1771-c71ef50b33f7
937ee9e6-7f30-9ca7-8199-820de33a1db1
5308e540-7b63-bf52-27a2-034e692ed8e3
fe3c4dcf-1b47-4361-adc1-a6ba1c62bb04
00b5ab8c-ba72-ecdc-8438-6d01a416dd5d
43ef9537-bfee-4993-7444-572fc7cb12fa
c8194571-d0c0-9705-ef78-78e89cb5cad8
d5537fc5-ddd6-f40b-3cd8-d8f16de6f419
65b7c58d-bb70-0c2c-59ae-833ed9f4d48c
6a9efd54-0858-e646-bff9-895238b57c51
8a64bfa8-a219-8933-39ba-a77eae3c0fa9
b53739e5-4b76-9942-05a9-0a48b35c935c
2e4b181d-7499-5b92-445b-48c6a10686e1
c3463641-20d0-3545-b03c-37f1efca7163
e74231a1-1abd-2d10-9bc5-0ab7d0edcd08
ad8b0e3b-c128-4763-8130-fd98b9585e07
5be66565-f90f-e4d5-6924-49cfcdef795a
8a0a9951-6d90-55aa-354f-d591602d1965
614b5624-c886-ad8c-79aa-6daff87e890b
5679587c-c067-f9e6-4a88-bb81dfb81b00
ed3ccccd-91a5-df1d-ecaa-6f7b2712f712
849d6619-1c02-23a5-46e4-63db49861fdc
ee9ee4d1-37f0-1ac9-6404-6163d50f1e89
dbc514f4-abde-62ab-5745-ea8b0668ba6a
20e17cf1-f74c-57e5-8d66-9d63af5332c9
6b7e7b82-a971-9551-6c57-841675bcace3
338d9eea-5efd-12f2-b5f5-9ea7eebecb43
fee8f619-c36c-e82b-365c-0c402c05bef1
29a7c0c6-680f-92cf-36a6-89ed59db1606
3d5cf811-42ed-52e2-2af5-543f3433e25a
d8000f01-abd2-816f-355d-2dc7bc616847
d1855fb9-7572-b38e-379f-b133d5c3f62d
37371ee3-17ef-9691-b6d0-31b0f778aaa6
5adf81a0-2d96-632d-d6bb-5d47bbde9274
9a0dea6f-2d3f-7e49-a5fa-c9c180a0ec72
b959551e-66e2-146b-9210-e38d5b950ad0
ce998524-3250-dfe7-4025-e0fa5ebc77d0
2551499f-46c0-a14b-15bf-53b0be4ac9a7
491e803a-2508-4930-ab57-780059566dcc
0a42b4f4-c666-4b63-94ef-3a7739130b04
a3f57b8c-8767-7d53-dc5b-05745363a5cf
cdd0e6c2-ce1f-f235-053e-33143b5c500e
cd7b98fe-8213-f0af-97bf-ad0ffe353ec4
85949600-d247-4a3d-aaaf-8164c95cadb8
777a2dfc-bc3d-4cf3-b61e-2c40c19c971b
d15c908a-b460-6e9b-e6a8-b5e2e71e9796
a691dfb7-7de3-9225-47b5-d49c83af0c71
dcf3fc32-7938-bf96-f2c3-4480fe1cc57b
4a0379a5-d3a1-7a2b-cc9f-511cbb1ad94a
4a1584b3-ddcb-81ed-4f3f-6369bf2068d2
606c49e8-077b-03f6-9bc6-6b7f61ede067
10da592c-da3c-4c65-90ab-d54a9cb53fe9
8aeaa868-c711-1495-920e-fc97578e2c96
82f730a7-231f-a3b8-5af8-54ca388d5212
aa44b994-1343-ca5e-bcc6-597d1d008dda
8653853b-a350-a014-4e4f-90a568e386d9
c10b9c16-f8d2-67a1-ec85-d524417b6287
e82a76e5-761d-316d-2597-658c1a166b1d
4d4d4630-5355-3889-b63e-542b37c9a2cd
0e02f478-8f48-ba83-7b3e-29c3f6c65bad
0d5aaeeb-2eb7-c96a-78fb-efa0cc75f340
db789044-e96d-096b-8e1a-716ee6414464
ab3d4614-09dc-31e6-4d69-ed704cbc6694
8f6853fd-b381-34b2-dd95-cf223322b82d
b2766053-08ed-6e6f-1ad6-1948ad51860e
xs235:
891e2293-2aaf-43f8-812c-aaff72876213
219e9558-4830-4a4d-ad60-33808e05fb8e
75f267f2-3b48-842c-95c2-1a79cbc38ed0
604ab479-464f-43ab-a78f-9bc38c2d847e
b3a14d15-5e71-0337-8c9f-3ca0b5bea9d5
6233d6b6-2e83-b1b8-997a-948428083dee
581c766d-546c-c31d-b46d-a840ed73eedf
438dadf9-3a9c-4cc8-cb9e-4fd778634dd8
7327d4a0-a96f-453f-b30a-70f819f44b02
233830b1-76c3-2865-8c1d-0a8dd1bd47f4
d31df152-2cee-4be7-beca-a4cb94bb9872
8d947fa3-f6e2-6a52-92df-7c866d18cfb6
17205d60-8b73-da35-841b-e0387538b5d4
0c0bed9f-468e-5b00-772e-89e30d9bc9ba
b744bbd2-23c1-7c1d-05d6-d232f1b1c9c9
44574351-462c-474d-8be4-42189196adcd
51f09743-02ab-98a2-9244-15ea50abbb8a
79346b10-1af8-cc30-5a5a-026c28a7dbf1
9b0c847a-e24f-4963-9ac1-377c233a7b06
06e236aa-48db-c83c-2b97-81975718990f
xs232:
891e2293-2aaf-43f8-812c-aaff72876213
219e9558-4830-4a4d-ad60-33808e05fb8e
75f267f2-3b48-842c-95c2-1a79cbc38ed0
604ab479-464f-43ab-a78f-9bc38c2d847e
b3a14d15-5e71-0337-8c9f-3ca0b5bea9d5
6233d6b6-2e83-b1b8-997a-948428083dee
581c766d-546c-c31d-b46d-a840ed73eedf
438dadf9-3a9c-4cc8-cb9e-4fd778634dd8
7327d4a0-a96f-453f-b30a-70f819f44b02
233830b1-76c3-2865-8c1d-0a8dd1bd47f4
d31df152-2cee-4be7-beca-a4cb94bb9872
8d947fa3-f6e2-6a52-92df-7c866d18cfb6
17205d60-8b73-da35-841b-e0387538b5d4
0c0bed9f-468e-5b00-772e-89e30d9bc9ba
b744bbd2-23c1-7c1d-05d6-d232f1b1c9c9
44574351-462c-474d-8be4-42189196adcd
51f09743-02ab-98a2-9244-15ea50abbb8a
79346b10-1af8-cc30-5a5a-026c28a7dbf1
9b0c847a-e24f-4963-9ac1-377c233a7b06
06e236aa-48db-c83c-2b97-81975718990f
xs53:
70b91d63-fc82-ef32-c58b-2f94bdea9765
cd03dc36-850a-61dc-5def-b78daa6c430c
b449feca-c294-ed30-abf3-5316d982f3e6
08b45bbb-5399-0414-360e-6684a8ce1000
481ccfde-c31c-0d80-4352-9570c6b24783
c3f2b80b-c1ab-494f-99b2-106420c6aa75
d410b876-7f6d-0e22-6b58-0deb65d044ac
3c9b3608-5cc2-5ee6-385a-648c67edacb3
4a5e45ea-08a2-450f-ab36-8be11522f217
cf35900f-87f7-4341-8e8a-e0d1b535cd79
08cee12b-7408-2278-e06d-4cd6c5320b2f
6d2b12d9-029f-3544-c51d-94b7f3dd5fc9
347cf044-44ce-c13b-2111-5975768c5ec4
be62228a-ca58-d497-95be-039767bacedd
94f3c4ad-9059-9a60-bc8c-6981c20359a1
182e78a5-385f-ecfa-ea6f-ff2ff7f2a0eb
89c0a5c6-4ddf-5743-02c0-28cb65ef146c
42faccf6-076d-ac28-8310-8eb4827595da
cd966736-f781-1f8d-7c1e-238cf9a55c2c
7f2edf26-821e-3dd0-d52b-f42af4e4478f
a1092b92-761a-5316-7d62-bb07f0973c3b
f678d3fd-d8c2-f9d0-4695-a5bd9beb7343
6c713691-4084-7e28-9eee-7bf586fad80d
ea891bd2-327c-d928-54fd-d1f43a36b96f
8ca2ca50-aadb-bb65-06e1-018dcd8c5e87
9746a033-5c35-03c1-17b6-f667799ec302
d96ecc6b-f26b-e8a7-e9e3-8ef888083ec2
9cd907ac-5875-3f01-2b0f-4a19630c9eaf
b5aad358-d682-d3d5-dd69-9ad811b9c2da
7e93b0e0-e6db-c50e-ee86-5250574e4bcf
cc6b2fe5-44f5-e4e0-bb03-9f53406fea17
f1e89794-529a-5ba2-9b5b-64afd08ce6dc
3eac60cd-a06e-972b-aca0-75a8fe8d0fb3
8eaa4ae6-df0d-e733-3a59-d0080968e148
a24b3b7c-33de-1646-7fa0-b787ce6c5b6c
2ece7498-7ef2-4d18-a944-fa63464120b0
3a9bdbb5-0f65-cf24-d8ec-877293fb3db6
2aaaad23-b52c-6d22-a4cc-4aedd20e6fbe
a0d8561d-96cf-9d3d-b8cd-19bc75613ac8
9b5e6de6-8345-da51-a09d-a8a0f9c74d71
b07f4d63-ad37-6510-0055-243f25d8481a
1bada81a-5433-6e96-745d-a9d568dc9434
e961e078-8f26-42c5-4c7c-82778e71bfac
41ee0eb4-6284-9a76-3828-2c4ae4c1f722
7151c5a1-6e0c-ab4d-7834-e00b14bf2c02
6b4211cb-270e-687a-971f-57dd7db6c760
87baa652-7bef-5bcc-9f2e-07824a59095e
508e005b-5fce-b561-06ac-6fc03b863a6b
3959af4b-08ca-3d88-1b9e-fc507d208785
8f69be37-7bed-332e-f892-a0fcd9c073be
6a58a917-c922-371f-6974-2e289778af3a
873a9eb9-3118-88f5-8dd5-3572b7fbc900
4286977f-f1f5-bc97-b161-c421eeaf3775
fa6e7096-de68-adcb-b143-4a3b2116507e
1a7cc3e4-cb41-416c-b97b-6f5f84ad6401
f5f1af26-33a0-c541-cbe1-66e45b4c3726
xs05:
e13f5abf-77f8-ddc1-64b9-ebe7d65c0c42
f442225f-154d-149c-6493-7f15e71a9472
750d9d7a-e941-4fc2-8d7c-b572b978ef97
b885f827-1e1a-87f1-061f-2300874ff3d7
c6e6b6e7-614a-f8ff-9304-1b602bef103d
ad5ac54e-5b14-8359-1d6f-9928704464d7
2d9393e1-de91-3b40-d861-fe941dc8553e
7e88653b-b146-18bb-a913-df89fa6dfa3d
9bd77adc-b4ed-6631-66cd-7a67d8cbe370
8c6f11ac-057f-4cf2-0260-22d49594c555
16b25aff-42b2-9de7-cb55-877e0628f181
53f79b4e-c2a8-a295-86d7-0addd4d16649
170b0bd4-fc27-4f55-bb2a-844d5694c2a1
5e4251c8-08da-e035-1771-c71ef50b33f7
937ee9e6-7f30-9ca7-8199-820de33a1db1
5308e540-7b63-bf52-27a2-034e692ed8e3
fe3c4dcf-1b47-4361-adc1-a6ba1c62bb04
00b5ab8c-ba72-ecdc-8438-6d01a416dd5d
43ef9537-bfee-4993-7444-572fc7cb12fa
c8194571-d0c0-9705-ef78-78e89cb5cad8
d5537fc5-ddd6-f40b-3cd8-d8f16de6f419
65b7c58d-bb70-0c2c-59ae-833ed9f4d48c
6a9efd54-0858-e646-bff9-895238b57c51
8a64bfa8-a219-8933-39ba-a77eae3c0fa9
b53739e5-4b76-9942-05a9-0a48b35c935c
2e4b181d-7499-5b92-445b-48c6a10686e1
c3463641-20d0-3545-b03c-37f1efca7163
e74231a1-1abd-2d10-9bc5-0ab7d0edcd08
ad8b0e3b-c128-4763-8130-fd98b9585e07
5be66565-f90f-e4d5-6924-49cfcdef795a
8a0a9951-6d90-55aa-354f-d591602d1965
614b5624-c886-ad8c-79aa-6daff87e890b
5679587c-c067-f9e6-4a88-bb81dfb81b00
ed3ccccd-91a5-df1d-ecaa-6f7b2712f712
849d6619-1c02-23a5-46e4-63db49861fdc
ee9ee4d1-37f0-1ac9-6404-6163d50f1e89
dbc514f4-abde-62ab-5745-ea8b0668ba6a
20e17cf1-f74c-57e5-8d66-9d63af5332c9
6b7e7b82-a971-9551-6c57-841675bcace3
338d9eea-5efd-12f2-b5f5-9ea7eebecb43
fee8f619-c36c-e82b-365c-0c402c05bef1
29a7c0c6-680f-92cf-36a6-89ed59db1606
3d5cf811-42ed-52e2-2af5-543f3433e25a
d8000f01-abd2-816f-355d-2dc7bc616847
d1855fb9-7572-b38e-379f-b133d5c3f62d
37371ee3-17ef-9691-b6d0-31b0f778aaa6
5adf81a0-2d96-632d-d6bb-5d47bbde9274
9a0dea6f-2d3f-7e49-a5fa-c9c180a0ec72
b959551e-66e2-146b-9210-e38d5b950ad0
ce998524-3250-dfe7-4025-e0fa5ebc77d0
2551499f-46c0-a14b-15bf-53b0be4ac9a7
491e803a-2508-4930-ab57-780059566dcc
0a42b4f4-c666-4b63-94ef-3a7739130b04
a3f57b8c-8767-7d53-dc5b-05745363a5cf
cdd0e6c2-ce1f-f235-053e-33143b5c500e
cd7b98fe-8213-f0af-97bf-ad0ffe353ec4
85949600-d247-4a3d-aaaf-8164c95cadb8
777a2dfc-bc3d-4cf3-b61e-2c40c19c971b
d15c908a-b460-6e9b-e6a8-b5e2e71e9796
a691dfb7-7de3-9225-47b5-d49c83af0c71
dcf3fc32-7938-bf96-f2c3-4480fe1cc57b
4a0379a5-d3a1-7a2b-cc9f-511cbb1ad94a
4a1584b3-ddcb-81ed-4f3f-6369bf2068d2
606c49e8-077b-03f6-9bc6-6b7f61ede067
10da592c-da3c-4c65-90ab-d54a9cb53fe9
8aeaa868-c711-1495-920e-fc97578e2c96
82f730a7-231f-a3b8-5af8-54ca388d5212
aa44b994-1343-ca5e-bcc6-597d1d008dda
8653853b-a350-a014-4e4f-90a568e386d9
c10b9c16-f8d2-67a1-ec85-d524417b6287
e82a76e5-761d-316d-2597-658c1a166b1d
4d4d4630-5355-3889-b63e-542b37c9a2cd
0e02f478-8f48-ba83-7b3e-29c3f6c65bad
0d5aaeeb-2eb7-c96a-78fb-efa0cc75f340
db789044-e96d-096b-8e1a-716ee6414464
ab3d4614-09dc-31e6-4d69-ed704cbc6694
8f6853fd-b381-34b2-dd95-cf223322b82d
b2766053-08ed-6e6f-1ad6-1948ad51860e
